Log file open, 04/12/17 13:34:55
LogInit:Display: Running engine for game: AI2
LogPlatformFile: Not using cached read wrapper
LogInit:Display: RandInit(1792775525) SRandInit(1792775525).
LogTaskGraph: Started task graph with 5 named threads and 8 total threads with 1 sets of task threads.
LogStats: Stats thread started at 0.081369
LogInit: Using libcurl 7.47.1
LogInit:  - built for x86_64-pc-win32
LogInit:  - supports SSL with OpenSSL/1.0.2g
LogInit:  - supports HTTP deflate (compression) using libz 1.2.8
LogInit:  - other features:
LogInit:      CURL_VERSION_SSL
LogInit:      CURL_VERSION_LIBZ
LogInit:      CURL_VERSION_IPV6
LogInit:      CURL_VERSION_ASYNCHDNS
LogInit:      CURL_VERSION_LARGEFILE
LogInit:      CURL_VERSION_IDN
LogInit:  CurlRequestOptions (configurable via config and command line):
LogInit:  - bVerifyPeer = false  - Libcurl will NOT verify peer certificate
LogInit:  - bUseHttpProxy = false  - Libcurl will NOT use HTTP proxy
LogInit:  - bDontReuseConnections = false  - Libcurl will reuse connections
LogInit:  - CertBundlePath = nullptr  - Libcurl will use whatever was configured at build time.
LogInit: Build: ++UE4+Release-4.15-CL-3299760
LogInit: Engine Version: 4.15.0-3299760+++UE4+Release-4.15
LogInit: Compatible Engine Version: 4.15.0-3299760+++UE4+Release-4.15
LogInit: Net CL: 3299760
LogDevObjectVersion: Number of dev versions registered: 14
LogDevObjectVersion:   Dev-Blueprints (B0D832E4-1F89-4F0D-ACCF-7EB736FD4AA2): 8
LogDevObjectVersion:   Dev-Build (E1C64328-A22C-4D53-A36C-8E866417BD8C): 0
LogDevObjectVersion:   Dev-Core (375EC13C-06E4-48FB-B500-84F0262A717E): 2
LogDevObjectVersion:   Dev-Editor (E4B068ED-F494-42E9-A231-DA0B2E46BB41): 14
LogDevObjectVersion:   Dev-Framework (CFFC743F-43B0-4480-9391-14DF171D2073): 22
LogDevObjectVersion:   Dev-Mobile (B02B49B5-BB20-44E9-A304-32B752E40360): 0
LogDevObjectVersion:   Dev-Networking (A4E4105C-59A1-49B5-A7C5-40C4547EDFEE): 0
LogDevObjectVersion:   Dev-Online (39C831C9-5AE6-47DC-9A44-9C173E1C8E7C): 0
LogDevObjectVersion:   Dev-Physics (78F01B33-EBEA-4F98-B9B4-84EACCB95AA2): 0
LogDevObjectVersion:   Dev-Platform (6631380F-2D4D-43E0-8009-CF276956A95A): 0
LogDevObjectVersion:   Dev-Rendering (12F88B9F-8875-4AFC-A67C-D90C383ABD29): 12
LogDevObjectVersion:   Dev-Sequencer (7B5AE74C-D270-4C10-A958-57980B212A5A): 3
LogDevObjectVersion:   Dev-VR (D7296918-1DD6-4BDD-9DE2-64A83CC13884): 0
LogDevObjectVersion:   Dev-LoadTimes (C2A15278-BFE7-4AFE-6C17-90FF531DF755): 1
LogInit: Compiled (64-bit): Feb 14 2017 02:04:14
LogInit: Compiled with Visual C++: 19.00.23026.00
LogInit: Build Configuration: Development
LogInit: Branch Name: ++UE4+Release-4.15
LogInit: Command line:  
LogInit: Base directory: C:/Program Files/Epic Games/UE_4.15/Engine/Binaries/Win64/
LogInit: Installed Engine Build: 1
LogInit: Presizing for max 8388607 objects, including 0 objects not considered by GC, pre-allocating 0 bytes for permanent pool.
LogInit: Object subsystem initialized
[2017.04.12-10.34.56:146][  0]LogInit: Selected Device Profile: [Windows]
[2017.04.12-10.34.56:146][  0]LogInit: Applying CVar settings loaded from the selected device profile: [Windows]
[2017.04.12-10.34.56:164][  0]LogInit: Computer: TEO
[2017.04.12-10.34.56:164][  0]LogInit: User: User
[2017.04.12-10.34.56:164][  0]LogInit: CPU Page size=65536, Cores=4
[2017.04.12-10.34.56:164][  0]LogInit: High frequency timer resolution =3.421875 MHz
[2017.04.12-10.34.56:164][  0]LogMemory: Memory total: Physical=15.9GB (16GB approx)
[2017.04.12-10.34.56:164][  0]LogMemory: Platform Memory Stats for Windows
[2017.04.12-10.34.56:164][  0]LogMemory: Process Physical Memory: 262.05 MB used, 262.05 MB peak
[2017.04.12-10.34.56:164][  0]LogMemory: Process Virtual Memory: 262.41 MB used, 262.41 MB peak
[2017.04.12-10.34.56:164][  0]LogMemory: Physical Memory: 6336.51 MB used,  9975.80 MB free, 16312.32 MB total
[2017.04.12-10.34.56:164][  0]LogMemory: Virtual Memory: 643.64 MB used,  9975.80 MB free, 134217728.00 MB total
[2017.04.12-10.34.56:251][  0]LogTextLocalizationManager: No translations for ('uk-UA') exist, falling back to 'en' for localization and internationalization data.
[2017.04.12-10.34.56:908][  0]LogD3D11RHI: D3D11 adapters:
[2017.04.12-10.34.57:493][  0]LogD3D11RHI:    0. 'NVIDIA GeForce GTX 970' (Feature Level 11_0)
[2017.04.12-10.34.57:493][  0]LogD3D11RHI:       4059/0/8156 MB DedicatedVideo/DedicatedSystem/SharedSystem, Outputs:1, VendorId:0x10de
[2017.04.12-10.34.57:494][  0]LogD3D11RHI:    1. 'Microsoft Basic Render Driver' (Feature Level 11_0)
[2017.04.12-10.34.57:494][  0]LogD3D11RHI:       0/0/8156 MB DedicatedVideo/DedicatedSystem/SharedSystem, Outputs:0, VendorId:0x1414
[2017.04.12-10.34.57:494][  0]LogD3D11RHI: Chosen D3D11 Adapter: 0
[2017.04.12-10.34.57:500][  0]LogD3D11RHI: Creating new Direct3DDevice
[2017.04.12-10.34.57:500][  0]LogD3D11RHI:     GPU DeviceId: 0x13c2 (for the marketing name, search the web for "GPU Device Id")
[2017.04.12-10.34.57:500][  0]LogWindows: EnumDisplayDevices:
[2017.04.12-10.34.57:500][  0]LogWindows:    0. 'NVIDIA GeForce GTX 970' (P:1 D:1)
[2017.04.12-10.34.57:500][  0]LogWindows:    1. 'NVIDIA GeForce GTX 970' (P:0 D:0)
[2017.04.12-10.34.57:501][  0]LogWindows:    2. 'NVIDIA GeForce GTX 970' (P:0 D:0)
[2017.04.12-10.34.57:501][  0]LogWindows:    3. 'NVIDIA GeForce GTX 970' (P:0 D:0)
[2017.04.12-10.34.57:501][  0]LogWindows: DebugString: FoundDriverCount:4 
[2017.04.12-10.34.57:501][  0]LogD3D11RHI:     Adapter Name: NVIDIA GeForce GTX 970
[2017.04.12-10.34.57:501][  0]LogD3D11RHI:   Driver Version: 378.92 (internal:21.21.13.7892, unified:378.92)
[2017.04.12-10.34.57:501][  0]LogD3D11RHI:      Driver Date: 3-16-2017
[2017.04.12-10.34.57:501][  0]LogRHI: Texture pool is 1361 MB (70% of 1945 MB)
[2017.04.12-10.34.58:020][  0]LogD3D11RHI: Async texture creation enabled
[2017.04.12-10.34.58:062][  0]LogD3D11RHI: GPU Timing Frequency: 1000.000000 (Debug: 2 1)
[2017.04.12-10.34.58:106][  0]LogShaderCompilers: Guid format shader working directory is -4 characters bigger than the processId version (../../../../../../Users/User/Documents/repos/AI2/Intermediate/Shaders/WorkingDirectory/11816/).
[2017.04.12-10.34.58:107][  0]LogShaderCompilers: Cleaned the shader compiler working directory 'C:/Users/User/AppData/Local/Temp/UnrealShaderWorkingDir/AF8C8B5A4781DB2D85E911899677CDBA/'.
[2017.04.12-10.34.58:107][  0]LogShaderCompilers:Display: Using Local Shader Compiler.
[2017.04.12-10.34.59:061][  0]LogTemp:Display: Loaded TP AllDesktopTargetPlatform
[2017.04.12-10.34.59:114][  0]LogTemp:Display: Loaded TP MacClientTargetPlatform
[2017.04.12-10.34.59:169][  0]LogTemp:Display: Loaded TP MacNoEditorTargetPlatform
[2017.04.12-10.34.59:225][  0]LogTemp:Display: Loaded TP MacServerTargetPlatform
[2017.04.12-10.34.59:280][  0]LogTemp:Display: Loaded TP MacTargetPlatform
[2017.04.12-10.34.59:333][  0]LogTemp:Display: Loaded TP WindowsClientTargetPlatform
[2017.04.12-10.34.59:389][  0]LogTemp:Display: Loaded TP WindowsNoEditorTargetPlatform
[2017.04.12-10.34.59:443][  0]LogTemp:Display: Loaded TP WindowsServerTargetPlatform
[2017.04.12-10.34.59:486][  0]LogTemp:Display: Loaded TP WindowsTargetPlatform
[2017.04.12-10.34.59:538][  0]LogTemp:Display: Loaded TP AndroidTargetPlatform
[2017.04.12-10.34.59:594][  0]LogTemp:Display: Loaded TP Android_ASTCTargetPlatform
[2017.04.12-10.34.59:646][  0]LogTemp:Display: Loaded TP Android_ATCTargetPlatform
[2017.04.12-10.34.59:698][  0]LogTemp:Display: Loaded TP Android_DXTTargetPlatform
[2017.04.12-10.34.59:752][  0]LogTemp:Display: Loaded TP Android_ETC1TargetPlatform
[2017.04.12-10.34.59:803][  0]LogTemp:Display: Loaded TP Android_ETC2TargetPlatform
[2017.04.12-10.34.59:906][  0]LogTemp:Display: Loaded TP Android_MultiTargetPlatform
[2017.04.12-10.34.59:906][  0]LogTemp:Display: Loaded TP Android_PVRTCTargetPlatform
[2017.04.12-10.34.59:944][  0]LogTemp:Display: Loaded TP HTML5TargetPlatform
[2017.04.12-10.35.00:042][  0]LogTemp:Display: Loaded TP IOSTargetPlatform
[2017.04.12-10.35.00:076][  0]LogTemp:Display: Loaded TP TVOSTargetPlatform
[2017.04.12-10.35.00:127][  0]LogTemp:Display: Loaded TP LinuxClientTargetPlatform
[2017.04.12-10.35.00:180][  0]LogTemp:Display: Loaded TP LinuxNoEditorTargetPlatform
[2017.04.12-10.35.00:235][  0]LogTemp:Display: Loaded TP LinuxServerTargetPlatform
[2017.04.12-10.35.00:287][  0]LogTemp:Display: Loaded TP LinuxTargetPlatform
[2017.04.12-10.35.00:287][  0]LogTargetPlatformManager:Display: Building Assets For Windows
[2017.04.12-10.35.00:717][  0]LogDerivedDataCache:Display: Max Cache Size: 512 MB
[2017.04.12-10.35.00:815][  0]LogDerivedDataCache: Loaded boot cache 0.10s 74MB C:/Users/User/AppData/Local/UnrealEngine/4.15/DerivedDataCache/Boot.ddc.
[2017.04.12-10.35.00:815][  0]LogDerivedDataCache:Display: Loaded Boot cache: C:/Users/User/AppData/Local/UnrealEngine/4.15/DerivedDataCache/Boot.ddc
[2017.04.12-10.35.00:816][  0]LogDerivedDataCache: FDerivedDataBackendGraph:  Pak pak cache file ../../../../../../Users/User/Documents/repos/AI2/DerivedDataCache/DDC.ddp not found, will not use a pak cache.
[2017.04.12-10.35.00:816][  0]LogDerivedDataCache: Unable to find inner node Pak for hierarchical cache Hierarchy.
[2017.04.12-10.35.00:816][  0]LogDerivedDataCache: FDerivedDataBackendGraph:  CompressedPak pak cache file ../../../../../../Users/User/Documents/repos/AI2/DerivedDataCache/Compressed.ddp not found, will not use a pak cache.
[2017.04.12-10.35.00:816][  0]LogDerivedDataCache: Unable to find inner node CompressedPak for hierarchical cache Hierarchy.
[2017.04.12-10.35.00:832][  0]LogDerivedDataCache:Display: Pak cache opened for reading ../../../Engine/DerivedDataCache/Compressed.ddp.
[2017.04.12-10.35.00:845][  0]LogDerivedDataCache: Using Local data cache path C:/Users/User/AppData/Local/UnrealEngine/Common/DerivedDataCache: Writable
[2017.04.12-10.35.00:853][  0]LogSlate: Using Freetype 2.6.0
[2017.04.12-10.35.00:854][  0]LogSlate: SlateFontCache - WITH_FREETYPE: 1, WITH_HARFBUZZ: 1
[2017.04.12-10.35.00:854][  0]LogSlate: SlateFontCache - WITH_FREETYPE: 1, WITH_HARFBUZZ: 1
[2017.04.12-10.35.01:114][  0]LogInit: Selected Device Profile: [Windows]
[2017.04.12-10.35.01:117][  0]LogContentStreaming: Texture pool size is 0.00 MB
[2017.04.12-10.35.01:314][  0]LogMeshUtilities: Using QuadricMeshReduction for automatic static mesh reduction
[2017.04.12-10.35.01:355][  0]LogSimplygon: Simplygon DLL not present - disabling.
[2017.04.12-10.35.01:398][  0]LogMeshUtilities: Using SimplygonSwarm for distributed automatic mesh merging
[2017.04.12-10.35.01:398][  0]LogMeshUtilities: No automatic skeletal mesh reduction module available
[2017.04.12-10.35.01:398][  0]LogMeshUtilities: No automatic mesh merging module available
[2017.04.12-10.35.01:985][  0]LogNetVersion: GetLocalNetworkVersion: CL: 3299760, ProjectName: ai2, ProjectVersion: , EngineNetworkVersion: 2, GameNetworkVersion: 0, NetworkChecksum: 2085093951
[2017.04.12-10.35.02:033][  0]LogAssetRegistry: FAssetRegistry took 0.0227 seconds to start up
[2017.04.12-10.35.02:085][  0]LogPackageLocalizationCache: Processed 3 localized package path(s) for 1 prioritized culture(s) in 0.027360 seconds
[2017.04.12-10.35.02:094][  0]LogUObjectArray: 32475 objects as part of root set at end of initial load.
[2017.04.12-10.35.02:094][  0]LogUObjectAllocator: 7073360 out of 0 bytes used by permanent object pool.
[2017.04.12-10.35.02:094][  0]LogUObjectArray: CloseDisregardForGC: 0/0 objects in disregard for GC pool
[2017.04.12-10.35.02:158][  0]LogInit: WinSock: version 1.1 (2.2), MaxSocks=32767, MaxUdp=65467
[2017.04.12-10.35.03:696][  0]LogTcpMessaging: Initializing TcpMessaging bridge
[2017.04.12-10.35.03:734][  0]LogUdpMessaging: Initializing bridge on interface 0.0.0.0:0 to multicast group 230.0.0.1:6666.
[2017.04.12-10.35.04:203][  0]LogMaterial: Uniform references updated for custom material expression Custom.
[2017.04.12-10.35.04:608][  0]SourceControl: Info Source control is disabled
[2017.04.12-10.35.04:662][  0]SourceControl: Info Source control is disabled
[2017.04.12-10.35.04:712][  0]SourceControl: Info Source control is disabled
[2017.04.12-10.35.04:764][  0]SourceControl: Info Source control is disabled
[2017.04.12-10.35.06:137][  0]LogEngine: Initializing Engine...
[2017.04.12-10.35.06:384][  0]LogHMD: Failed to initialize OpenVR with code 108
[2017.04.12-10.35.06:683][  0]LogAIModule: Creating AISystem for world Untitled
[2017.04.12-10.35.06:705][  0]LogInit: XAudio2 using 'Speakers (3- High Definition Audio Device)' : 2 channels at 44.1 kHz using 16 bits per sample (channel mask 0x3)
[2017.04.12-10.35.06:724][  0]LogInit: FAudioDevice initialized.
[2017.04.12-10.35.06:799][  0]LogDerivedDataCache: Saved boot cache 0.07s 74MB C:/Users/User/AppData/Local/UnrealEngine/4.15/DerivedDataCache/Boot.ddc.
[2017.04.12-10.35.06:840][  0]LogInit: Texture streaming: Enabled
[2017.04.12-10.35.06:984][  0]LogEngineSessionManager: EngineSessionManager initialized
[2017.04.12-10.35.07:100][  0]LogInit: Transaction tracking system initialized
[2017.04.12-10.35.07:551][  0]BlueprintLog: New page: Editor Load
[2017.04.12-10.35.08:598][  0]LocalizationService: Info Localization service is disabled
[2017.04.12-10.35.09:315][  0]LogConsoleResponse:Display: 
[2017.04.12-10.35.09:547][  0]LogCook:Display: Max memory allowance for cook 16384mb min free memory 0mb
[2017.04.12-10.35.09:548][  0]LogCook:Display: Mobile HDR setting 1
[2017.04.12-10.35.10:608][  0]LogFileCache: Scanning file cache for directory 'C:/Users/User/Documents/repos/AI2/Content/' took 0.06s
[2017.04.12-10.35.10:996][  0]SourceControl: Info Source control is disabled
[2017.04.12-10.35.10:996][  0]Cmd: MAP LOAD FILE="../../../../../../Users/User/Documents/repos/AI2/Content/TopDownBP/Maps/TopDownExampleMap.umap" TEMPLATE=0 SHOWPROGRESS=1 FEATURELEVEL=3
[2017.04.12-10.35.10:997][  0]LightingResults: New page: Lighting Build
[2017.04.12-10.35.11:039][  0]MapCheck: New page: Map Check
[2017.04.12-10.35.11:039][  0]LightingResults: New page: Lighting Build
[2017.04.12-10.35.12:547][  0]LogAIModule: Creating AISystem for world TopDownExampleMap
[2017.04.12-10.35.12:578][  0]LogEditorServer: Finished looking for orphan Actors (0.000 secs)
[2017.04.12-10.35.12:579][  0]Cmd: MAP CHECKDEP NOCLEARLOG
[2017.04.12-10.35.12:634][  0]MapCheck: Info Map check complete: 0 Error(s), 0 Warning(s), took 54.792ms to complete.
[2017.04.12-10.35.12:634][  0]LogFileHelpers: Loading map 'TopDownExampleMap' took 1.638
[2017.04.12-10.35.12:694][  0]LogWindowsTextInputMethodSystem:Display: IME system now deactivated.
[2017.04.12-10.35.12:817][  0]LogCollectionManager: Loaded 0 collections in 0.001612 seconds
[2017.04.12-10.35.12:914][  0]LogFileCache: Scanning file cache for directory 'C:/Users/User/Documents/repos/AI2/Saved/Collections/' took 0.01s
[2017.04.12-10.35.12:914][  0]LogFileCache: Scanning file cache for directory 'C:/Users/User/Documents/repos/AI2/Content/Developers/User/Collections/' took 0.01s
[2017.04.12-10.35.12:914][  0]LogFileCache: Scanning file cache for directory 'C:/Users/User/Documents/repos/AI2/Content/Collections/' took 0.01s
[2017.04.12-10.35.12:914][  0]LogCollectionManager: Rebuilt the GUID cache for 0 collections in 0.000002 seconds
[2017.04.12-10.35.12:925][  0]LogContentBrowser: Native class hierarchy populated in 0.0107 seconds. Added 2244 classes and 450 folders.
[2017.04.12-10.35.12:930][  0]LogStats: UGameplayTagsManager::ConstructGameplayTagTree: Construct from data asset -  0.000 s
[2017.04.12-10.35.12:930][  0]LogStats: UGameplayTagsManager::ConstructGameplayTagTree: GameplayTagTreeChangedEvent.Broadcast -  0.000 s
[2017.04.12-10.35.12:996][  0]LogContentBrowser: Native class hierarchy updated for 'WidgetCarousel' in 0.0006 seconds. Added 0 classes and 0 folders.
[2017.04.12-10.35.13:034][  0]LogContentBrowser: Native class hierarchy updated for 'AddContentDialog' in 0.0005 seconds. Added 0 classes and 0 folders.
[2017.04.12-10.35.13:079][  0]LogContentBrowser: Native class hierarchy updated for 'SceneOutliner' in 0.0005 seconds. Added 1 classes and 2 folders.
[2017.04.12-10.35.13:136][  0]LogCrashTracker: Crashtracker disabled due to settings.
[2017.04.12-10.35.13:146][  0]LogUObjectGlobals:Warning: Failed to find object 'Class None.'
[2017.04.12-10.35.13:217][  0]LogContentBrowser: Native class hierarchy updated for 'HierarchicalLODOutliner' in 0.0006 seconds. Added 1 classes and 2 folders.
[2017.04.12-10.35.13:218][  0]LogLoad: (Engine Initialization) Total time: 18.96 seconds
[2017.04.12-10.35.13:218][  0]LogLoad: (Engine Initialization) Total Blueprint compile time: 0.37 seconds
[2017.04.12-10.35.13:218][  0]LogExternalProfiler: Found external profiler: VSPerf
[2017.04.12-10.35.13:218][  0]LogExternalProfiler: Using external profiler: VSPerf
[2017.04.12-10.35.13:227][  0]LogOcInput: OculusInput pre-init called
[2017.04.12-10.35.13:248][  0]LogContentStreaming: Texture pool size now 1000 MB
[2017.04.12-10.35.13:250][  0]LogSlate: Took 0.000290 seconds to synchronously load lazily loaded font '../../../Engine/Content/Slate/Fonts/Roboto-Regular.ttf' (155K)
[2017.04.12-10.35.13:253][  0]LogSlate: Took 0.000448 seconds to synchronously load lazily loaded font '../../../Engine/Content/Slate/Fonts/Roboto-Bold.ttf' (160K)
[2017.04.12-10.35.13:259][  0]LogSlate: Took 0.000347 seconds to synchronously load lazily loaded font '../../../Engine/Content/Editor/Slate/Fonts/FontAwesome.ttf' (139K)
[2017.04.12-10.35.13:386][  0]LogSlate: Took 0.000277 seconds to synchronously load lazily loaded font '../../../Engine/Content/Slate/Fonts/Roboto-Light.ttf' (159K)
[2017.04.12-10.35.13:430][  0]LogRenderer: Reallocating scene render targets to support 1092x672 NumSamples 1 (Frame:2).
[2017.04.12-10.35.13:565][  1]LogAssetRegistry: Asset discovery search completed in 11.5545 seconds
[2017.04.12-10.35.13:565][  1]LogCollectionManager: Rebuilt the object cache for 0 collections in 0.000020 seconds (found 0 objects)
[2017.04.12-10.35.13:565][  1]LogCollectionManager: Fixed up redirectors for 0 collections in 0.000051 seconds (updated 0 objects)
[2017.04.12-10.35.14:263][ 42]LogBlueprint:Error: [Compiler RunAwayDecor] Error This blueprint (self) is not a BTTask_BlueprintBase, therefore ' Target ' must have a connection.
[2017.04.12-10.35.14:266][ 42]LogBlueprint:Warning: [Compiler RunAwayDecor] Warning [0020.00] Compile of RunAwayDecor failed. 1 Fatal Issue(s) 0 Warning(s) [in 7 ms] (/Game/AI/Wanderer/RunAwayDecor.RunAwayDecor)
[2017.04.12-10.35.14:267][ 42]LogBlueprint:Warning: [Compiler RunAwayDecor] Warning [0020.00] Compile of RunAwayDecor failed. 1 Fatal Issue(s) 1 Warning(s) [in 0 ms] (/Game/AI/Wanderer/RunAwayDecor.RunAwayDecor)
[2017.04.12-10.35.14:267][ 42]LogBlueprint:Warning: [Compiler RunAwayDecor] Warning [0020.00] Compile of RunAwayDecor failed. 1 Fatal Issue(s) 2 Warning(s) [in 0 ms] (/Game/AI/Wanderer/RunAwayDecor.RunAwayDecor)
[2017.04.12-10.35.14:276][ 42]LogSlate: Took 0.000251 seconds to synchronously load lazily loaded font '../../../Engine/Content/Slate/Fonts/Roboto-Light.ttf' (159K)
[2017.04.12-10.35.14:759][ 42]LogContentBrowser: Native class hierarchy updated for 'BlueprintGraph' in 0.0009 seconds. Added 112 classes and 0 folders.
[2017.04.12-10.35.15:561][ 42]LogSlate: Took 0.000414 seconds to synchronously load lazily loaded font '../../../Engine/Content/Editor/Slate/Fonts/Roboto-BoldCondensed.ttf' (158K)
[2017.04.12-10.35.15:702][ 43]LogSlate: Took 0.000608 seconds to synchronously load lazily loaded font '../../../Engine/Content/Editor/Slate/Fonts/Roboto-Italic.ttf' (157K)
[2017.04.12-10.35.49:210][392]LogSlate: Took 0.000196 seconds to synchronously load lazily loaded font '../../../Engine/Content/Slate/Fonts/Roboto-Light.ttf' (159K)
[2017.04.12-10.36.13:610][746]LogEditorViewport: Clicking on Actor (LMB): StaticMeshActor (Floor)
[2017.04.12-10.36.13:966][750]LogEditorViewport: Clicking on Actor (LMB): StaticMeshActor (Floor)
[2017.04.12-10.36.14:354][762]LogEditorViewport: Clicking on Actor (LMB): BP_Wanderer_C (BP_Wanderer)
[2017.04.12-10.36.27:872][762]LogEditorViewport: Clicking on Actor (LMB): StaticMeshActor (Floor)
[2017.04.12-10.36.28:389][796]LogEditorViewport: Clicking on Actor (LMB): EnemyHuman_C (EnemyHuman)
[2017.04.12-10.44.20:446][654]BlueprintLog: New page: Compile TopDownCharacter
[2017.04.12-10.44.21:132][702]Cmd: OBJ SAVEPACKAGE PACKAGE="/Game/TopDownBP/Blueprints/TopDownCharacter" FILE="../../../../../../Users/User/Documents/repos/AI2/Content/TopDownBP/Blueprints/TopDownCharacter.uasset" SILENT=true
[2017.04.12-10.44.21:217][702]LogSavePackage: Save=49.78ms
[2017.04.12-10.44.21:217][702]LogSavePackage: Moving '../../../../../../Users/User/Documents/repos/AI2/Saved/TopDownCharacterF88C061A48114B3650342886CE728065.tmp' to '../../../../../../Users/User/Documents/repos/AI2/Content/TopDownBP/Blueprints/TopDownCharacter.uasset'
[2017.04.12-10.44.21:220][702]LogSavePackage:Display: Finished SavePackage ../../../../../../Users/User/Documents/repos/AI2/Content/TopDownBP/Blueprints/TopDownCharacter.uasset
[2017.04.12-10.44.24:003][950]LogSavePackage: Save=200.06ms
[2017.04.12-10.44.24:003][950]LogSavePackage: Moving '../../../../../../Users/User/Documents/repos/AI2/Saved/TopDownExampleMap02BDB08C459056E79BD0CDB1C4C883E6.tmp' to '../../../../../../Users/User/Documents/repos/AI2/Content/TopDownBP/Maps/TopDownExampleMap.umap'
[2017.04.12-10.44.24:008][950]LogSavePackage:Display: Finished SavePackage ../../../../../../Users/User/Documents/repos/AI2/Content/TopDownBP/Maps/TopDownExampleMap.umap
[2017.04.12-10.44.24:219][950]LogSavePackage: Save=143.92ms
[2017.04.12-10.44.24:219][950]LogSavePackage: Moving '../../../../../../Users/User/Documents/repos/AI2/Saved/TopDownExampleMap_BuiltData9689A8BF4780387BA671CA8CD1FB04D0.tmp' to '../../../../../../Users/User/Documents/repos/AI2/Content/TopDownBP/Maps/TopDownExampleMap_BuiltData.uasset'
[2017.04.12-10.44.24:221][950]LogSavePackage:Display: Finished SavePackage ../../../../../../Users/User/Documents/repos/AI2/Content/TopDownBP/Maps/TopDownExampleMap_BuiltData.uasset
[2017.04.12-10.44.50:075][697]LogActorComponent: UnregisterComponent: (/Engine/Transient.EditorFloorComp) Not registered. Aborting.
[2017.04.12-10.44.51:283][789]LogActorComponent: UnregisterComponent: (/Engine/Transient.EditorFloorComp) Not registered. Aborting.
[2017.04.12-10.46.00:568][874]LogSlate:Warning: Prevented a slow task dialog from being summoned while a context menu was open
[2017.04.12-10.46.00:832][874]LogPackageName: SearchForPackageOnDisk took   0.000s, but failed to resolve /Game/AI/Enemy/BTTask_BlueprintBase_New.
[2017.04.12-10.46.24:460][549]LogMetaData: Removing '/Game/AI/Enemy/AttackPlayer.SKEL_AttackPlayer_C' ref from Metadata '/Game/AI/Enemy/BTTask_BlueprintBase_New.PackageMetaData'
[2017.04.12-10.46.24:460][549]LogMetaData: Removing '/Game/AI/Enemy/AttackPlayer.AttackPlayer_C' ref from Metadata '/Game/AI/Enemy/BTTask_BlueprintBase_New.PackageMetaData'
[2017.04.12-10.46.24:480][549]Cmd: OBJ SAVEPACKAGE PACKAGE="/Game/AI/Enemy/AttackPlayer" FILE="../../../../../../Users/User/Documents/repos/AI2/Content/AI/Enemy/AttackPlayer.uasset" SILENT=true
[2017.04.12-10.46.24:488][549]LogSavePackage: Save=5.96ms
[2017.04.12-10.46.24:488][549]LogSavePackage: Moving '../../../../../../Users/User/Documents/repos/AI2/Saved/AttackPlayer26378A994898BFB8DF60CFBC124C9F7E.tmp' to '../../../../../../Users/User/Documents/repos/AI2/Content/AI/Enemy/AttackPlayer.uasset'
[2017.04.12-10.46.24:491][549]LogSavePackage:Display: Finished SavePackage ../../../../../../Users/User/Documents/repos/AI2/Content/AI/Enemy/AttackPlayer.uasset
[2017.04.12-10.46.24:638][550]LogPackageName: SearchForPackageOnDisk took   0.000s to resolve /Game/AI/Enemy/AttackPlayer.
[2017.04.12-10.47.03:191][448]LogSlate: Took 0.005211 seconds to synchronously load lazily loaded font '../../../Engine/Content/Editor/Slate/Fonts/Roboto-BoldCondensedItalic.ttf' (160K)
[2017.04.12-10.47.09:064][146]BlueprintLog: New page: Compile AttackPlayer
[2017.04.12-10.48.33:514][947]BlueprintLog: New page: Compile AttackPlayer
[2017.04.12-10.50.03:868][427]BlueprintLog: New page: Compile AttackPlayer
[2017.04.12-10.50.05:020][549]Cmd: OBJ SAVEPACKAGE PACKAGE="/Game/AI/Enemy/AttackPlayer" FILE="../../../../../../Users/User/Documents/repos/AI2/Content/AI/Enemy/AttackPlayer.uasset" SILENT=true
[2017.04.12-10.50.05:050][549]LogSavePackage: Save=15.41ms
[2017.04.12-10.50.05:050][549]LogSavePackage: Moving '../../../../../../Users/User/Documents/repos/AI2/Saved/AttackPlayerD3071E2B4DD432FF9635EFAE389DA2C7.tmp' to '../../../../../../Users/User/Documents/repos/AI2/Content/AI/Enemy/AttackPlayer.uasset'
[2017.04.12-10.50.05:053][549]LogSavePackage:Display: Finished SavePackage ../../../../../../Users/User/Documents/repos/AI2/Content/AI/Enemy/AttackPlayer.uasset
[2017.04.12-10.54.24:454][598]LogFileHelpers: Editor autosave (incl. sublevels) for '/Game/TopDownBP/Maps/TopDownExampleMap' took 0.024
[2017.04.12-10.54.24:457][598]OBJ SavePackage: Generating thumbnails for [0] asset(s) in package [/Game/AI/Enemy/EnemyHumanBT] ([1] browsable assets)...
[2017.04.12-10.54.24:457][598]OBJ SavePackage: Finished generating thumbnails for package [/Game/AI/Enemy/EnemyHumanBT]
[2017.04.12-10.54.24:457][598]Cmd: OBJ SAVEPACKAGE PACKAGE="/Game/AI/Enemy/EnemyHumanBT" FILE="../../../../../../Users/User/Documents/repos/AI2/Saved/Autosaves/Game/AI/Enemy/EnemyHumanBT_Auto1.uasset" SILENT=false AUTOSAVING=true
[2017.04.12-10.54.24:483][598]LogSavePackage: Save=10.46ms
[2017.04.12-10.54.24:483][598]LogSavePackage: Moving '../../../../../../Users/User/Documents/repos/AI2/Saved/EnemyHumanBT_Auto1AE2430964D7F9F1804CABD9E02FACC3F.tmp' to '../../../../../../Users/User/Documents/repos/AI2/Saved/Autosaves/Game/AI/Enemy/EnemyHumanBT_Auto1.uasset'
[2017.04.12-10.54.24:484][598]LogSavePackage:Display: Finished SavePackage ../../../../../../Users/User/Documents/repos/AI2/Saved/Autosaves/Game/AI/Enemy/EnemyHumanBT_Auto1.uasset
[2017.04.12-10.54.24:490][598]LogSavePackage: Save=4.36ms
[2017.04.12-10.54.24:490][598]LogSavePackage: Moving '../../../../../../Users/User/Documents/repos/AI2/Saved/BTTask_BlueprintBase_New_Auto10E76DFDF4B828ACFB7F819AB1E25E0F3.tmp' to '../../../../../../Users/User/Documents/repos/AI2/Saved/Autosaves/Game/AI/Enemy/BTTask_BlueprintBase_New_Auto1.uasset'
[2017.04.12-10.54.24:491][598]LogSavePackage:Display: Finished SavePackage ../../../../../../Users/User/Documents/repos/AI2/Saved/Autosaves/Game/AI/Enemy/BTTask_BlueprintBase_New_Auto1.uasset
[2017.04.12-10.54.24:491][598]LogFileHelpers: Auto-saving content packages took 0.036
[2017.04.12-10.54.34:609][777]Cmd: OBJ SAVEPACKAGE PACKAGE="/Game/AI/Enemy/EnemyHumanBT" FILE="../../../../../../Users/User/Documents/repos/AI2/Content/AI/Enemy/EnemyHumanBT.uasset" SILENT=true
[2017.04.12-10.54.34:626][777]LogSavePackage: Save=7.94ms
[2017.04.12-10.54.34:626][777]LogSavePackage: Moving '../../../../../../Users/User/Documents/repos/AI2/Saved/EnemyHumanBTFA78B7B14995AC8528DCB7B3166AEE46.tmp' to '../../../../../../Users/User/Documents/repos/AI2/Content/AI/Enemy/EnemyHumanBT.uasset'
[2017.04.12-10.54.34:631][777]LogSavePackage:Display: Finished SavePackage ../../../../../../Users/User/Documents/repos/AI2/Content/AI/Enemy/EnemyHumanBT.uasset
[2017.04.12-10.54.38:651][127]LogTemp: Repeting last play command: Selected Viewport
[2017.04.12-10.54.38:675][127]LogBlueprintUserMessages: Early PlayInEditor Detection: Level '/Game/TopDownBP/Maps/TopDownExampleMap.TopDownExampleMap:PersistentLevel' has LevelScriptBlueprint '/Game/TopDownBP/Maps/TopDownExampleMap.TopDownExampleMap:PersistentLevel.TopDownExampleMap' with GeneratedClass '/Game/TopDownBP/Maps/TopDownExampleMap.TopDownExampleMap_C' with ClassGeneratedBy '/Game/TopDownBP/Maps/TopDownExampleMap.TopDownExampleMap:PersistentLevel.TopDownExampleMap'
[2017.04.12-10.54.38:683][127]LogPlayLevel: PlayLevel: No blueprints needed recompiling
[2017.04.12-10.54.38:684][127]PIE: New page: PIE session: TopDownExampleMap (Apr 12, 2017, 4:54:38 PM)
[2017.04.12-10.54.38:684][127]LogPlayLevel: Creating play world package: /Game/TopDownBP/Maps/UEDPIE_0_TopDownExampleMap
[2017.04.12-10.54.38:719][127]LogPlayLevel: PIE: StaticDuplicateObject took: (0.035291s)
[2017.04.12-10.54.38:721][127]LogAIModule: Creating AISystem for world TopDownExampleMap
[2017.04.12-10.54.38:721][127]LogPlayLevel: PIE: World Init took: (0.002032s)
[2017.04.12-10.54.38:722][127]LogPlayLevel: PIE: Created PIE world by copying editor world from /Game/TopDownBP/Maps/TopDownExampleMap.TopDownExampleMap to /Game/TopDownBP/Maps/UEDPIE_0_TopDownExampleMap.TopDownExampleMap (0.037972s)
[2017.04.12-10.54.38:759][127]LogInit: XAudio2 using 'Speakers (3- High Definition Audio Device)' : 2 channels at 44.1 kHz using 16 bits per sample (channel mask 0x3)
[2017.04.12-10.54.38:768][127]LogInit: FAudioDevice initialized.
[2017.04.12-10.54.38:816][127]LogLoad: Game class is 'TopDownGameMode_C'
[2017.04.12-10.54.38:821][127]LogWorld: Bringing World /Game/TopDownBP/Maps/UEDPIE_0_TopDownExampleMap.TopDownExampleMap up for play (max tick rate 0) at 2017.04.12-13.54.38
[2017.04.12-10.54.38:829][127]LogWorld: Bringing up level for play took: 0.011363
[2017.04.12-10.54.38:874][127]LogContentBrowser: Native class hierarchy updated for 'MovieSceneCapture' in 0.0007 seconds. Added 11 classes and 0 folders.
[2017.04.12-10.54.38:880][127]PIE: Info Play in editor start time for /Game/TopDownBP/Maps/UEDPIE_0_TopDownExampleMap -0.281
[2017.04.12-10.54.38:880][127]LogBlueprintUserMessages: Late PlayInEditor Detection: Level '/Game/TopDownBP/Maps/TopDownExampleMap.TopDownExampleMap:PersistentLevel' has LevelScriptBlueprint '/Game/TopDownBP/Maps/TopDownExampleMap.TopDownExampleMap:PersistentLevel.TopDownExampleMap' with GeneratedClass '/Game/TopDownBP/Maps/TopDownExampleMap.TopDownExampleMap_C' with ClassGeneratedBy '/Game/TopDownBP/Maps/TopDownExampleMap.TopDownExampleMap:PersistentLevel.TopDownExampleMap'
[2017.04.12-10.55.22:307][641]LogSavePackage: Save=266.01ms
[2017.04.12-10.55.22:307][641]LogSavePackage: Moving '../../../../../../Users/User/Documents/repos/AI2/Saved/TopDownExampleMapB25A62E94332AFC3FCF6D79E93D8F3F9.tmp' to '../../../../../../Users/User/Documents/repos/AI2/Content/TopDownBP/Maps/TopDownExampleMap.umap'
[2017.04.12-10.55.22:310][641]LogSavePackage:Display: Finished SavePackage ../../../../../../Users/User/Documents/repos/AI2/Content/TopDownBP/Maps/TopDownExampleMap.umap
[2017.04.12-10.55.22:459][641]LogSavePackage: Save=97.67ms
[2017.04.12-10.55.22:459][641]LogSavePackage: Moving '../../../../../../Users/User/Documents/repos/AI2/Saved/TopDownExampleMap_BuiltData4B9EE74C4FF2BAD3A57F1E8BB61B1887.tmp' to '../../../../../../Users/User/Documents/repos/AI2/Content/TopDownBP/Maps/TopDownExampleMap_BuiltData.uasset'
[2017.04.12-10.55.22:461][641]LogSavePackage:Display: Finished SavePackage ../../../../../../Users/User/Documents/repos/AI2/Content/TopDownBP/Maps/TopDownExampleMap_BuiltData.uasset
[2017.04.12-10.55.23:553][746]LogBlueprintUserMessages: Early EndPlayMap Detection: Level '/Game/TopDownBP/Maps/TopDownExampleMap.TopDownExampleMap:PersistentLevel' has LevelScriptBlueprint '/Game/TopDownBP/Maps/TopDownExampleMap.TopDownExampleMap:PersistentLevel.TopDownExampleMap' with GeneratedClass '/Game/TopDownBP/Maps/TopDownExampleMap.TopDownExampleMap_C' with ClassGeneratedBy '/Game/TopDownBP/Maps/TopDownExampleMap.TopDownExampleMap:PersistentLevel.TopDownExampleMap'
[2017.04.12-10.55.23:684][746]LogStats: FPlatformStackWalk::StackWalkAndDump -  0.115 s
[2017.04.12-10.55.23:684][746]LogOutputDevice:Error: === Handled ensure: ===
[2017.04.12-10.55.23:684][746]LogOutputDevice:Error: 
[2017.04.12-10.55.23:684][746]LogOutputDevice:Error: Ensure condition failed: NewObject->IsA(this->GeneratedClass) [File:D:\Build\++UE4+Release-4.15+Compile\Sync\Engine\Source\Runtime\Engine\Private\Blueprint.cpp] [Line: 755]
[2017.04.12-10.55.23:684][746]LogOutputDevice:Error: Type mismatch: Expected TopDownExampleMap_C, Found REINST_TopDownExampleMap_C_172
[2017.04.12-10.55.23:684][746]LogOutputDevice:Error: Stack: 
[2017.04.12-10.55.23:684][746]LogOutputDevice:Error: UE4Editor-Core.dll!0x00000000A0EA95D6
[2017.04.12-10.55.23:684][746]LogOutputDevice:Error: UE4Editor-Core.dll!0x00000000A0C59B72
[2017.04.12-10.55.23:684][746]LogOutputDevice:Error: UE4Editor-Core.dll!0x00000000A0C6B656
[2017.04.12-10.55.23:684][746]LogOutputDevice:Error: UE4Editor-Engine.dll!0x000000009C1BF191
[2017.04.12-10.55.23:684][746]LogOutputDevice:Error: UE4Editor-Engine.dll!0x000000009CF983C1
[2017.04.12-10.55.23:684][746]LogOutputDevice:Error: UE4Editor-UnrealEd.dll!0x000000008E2B271D
[2017.04.12-10.55.23:684][746]LogOutputDevice:Error: UE4Editor-UnrealEd.dll!0x000000008E26E31E
[2017.04.12-10.55.23:684][746]LogOutputDevice:Error: UE4Editor-UnrealEd.dll!0x000000008DD97A9F
[2017.04.12-10.55.23:684][746]LogOutputDevice:Error: UE4Editor-UnrealEd.dll!0x000000008E5A1AD6
[2017.04.12-10.55.23:684][746]LogOutputDevice:Error: UE4Editor.exe!0x00000000D446DEE3
[2017.04.12-10.55.23:684][746]LogOutputDevice:Error: UE4Editor.exe!0x00000000D445EB40
[2017.04.12-10.55.23:684][746]LogOutputDevice:Error: UE4Editor.exe!0x00000000D445EBBA
[2017.04.12-10.55.23:685][746]LogOutputDevice:Error: UE4Editor.exe!0x00000000D4470A29
[2017.04.12-10.55.23:685][746]LogOutputDevice:Error: UE4Editor.exe!0x00000000D44722B6
[2017.04.12-10.55.23:685][746]LogOutputDevice:Error: KERNEL32.DLL!0x00000000D03C8364
[2017.04.12-10.55.23:685][746]LogOutputDevice:Error: ntdll.dll!0x00000000D2D970D1
[2017.04.12-10.55.23:685][746]LogOutputDevice:Error: 
[2017.04.12-10.55.23:690][746]LogStats:                SubmitErrorReport -  0.000 s
