Log file open, 04/23/17 19:20:08
LogInit:Display: Running engine for game: AI2
LogPlatformFile: Not using cached read wrapper
LogInit:Display: RandInit(161245185) SRandInit(161245185).
LogTaskGraph: Started task graph with 5 named threads and 8 total threads with 1 sets of task threads.
LogStats: Stats thread started at 0.066667
LogInit: Using libcurl 7.47.1
LogInit:  - built for x86_64-pc-win32
LogInit:  - supports SSL with OpenSSL/1.0.2g
LogInit:  - supports HTTP deflate (compression) using libz 1.2.8
LogInit:  - other features:
LogInit:      CURL_VERSION_SSL
LogInit:      CURL_VERSION_LIBZ
LogInit:      CURL_VERSION_IPV6
LogInit:      CURL_VERSION_ASYNCHDNS
LogInit:      CURL_VERSION_LARGEFILE
LogInit:      CURL_VERSION_IDN
LogInit:  CurlRequestOptions (configurable via config and command line):
LogInit:  - bVerifyPeer = false  - Libcurl will NOT verify peer certificate
LogInit:  - bUseHttpProxy = false  - Libcurl will NOT use HTTP proxy
LogInit:  - bDontReuseConnections = false  - Libcurl will reuse connections
LogInit:  - CertBundlePath = nullptr  - Libcurl will use whatever was configured at build time.
LogInit: Build: ++UE4+Release-4.15-CL-3348071
LogInit: Engine Version: 4.15.1-3348071+++UE4+Release-4.15
LogInit: Compatible Engine Version: 4.15.0-3299760+++UE4+Release-4.15
LogInit: Net CL: 3299760
LogDevObjectVersion: Number of dev versions registered: 14
LogDevObjectVersion:   Dev-Blueprints (B0D832E4-1F89-4F0D-ACCF-7EB736FD4AA2): 8
LogDevObjectVersion:   Dev-Build (E1C64328-A22C-4D53-A36C-8E866417BD8C): 0
LogDevObjectVersion:   Dev-Core (375EC13C-06E4-48FB-B500-84F0262A717E): 2
LogDevObjectVersion:   Dev-Editor (E4B068ED-F494-42E9-A231-DA0B2E46BB41): 14
LogDevObjectVersion:   Dev-Framework (CFFC743F-43B0-4480-9391-14DF171D2073): 22
LogDevObjectVersion:   Dev-Mobile (B02B49B5-BB20-44E9-A304-32B752E40360): 0
LogDevObjectVersion:   Dev-Networking (A4E4105C-59A1-49B5-A7C5-40C4547EDFEE): 0
LogDevObjectVersion:   Dev-Online (39C831C9-5AE6-47DC-9A44-9C173E1C8E7C): 0
LogDevObjectVersion:   Dev-Physics (78F01B33-EBEA-4F98-B9B4-84EACCB95AA2): 0
LogDevObjectVersion:   Dev-Platform (6631380F-2D4D-43E0-8009-CF276956A95A): 0
LogDevObjectVersion:   Dev-Rendering (12F88B9F-8875-4AFC-A67C-D90C383ABD29): 12
LogDevObjectVersion:   Dev-Sequencer (7B5AE74C-D270-4C10-A958-57980B212A5A): 3
LogDevObjectVersion:   Dev-VR (D7296918-1DD6-4BDD-9DE2-64A83CC13884): 0
LogDevObjectVersion:   Dev-LoadTimes (C2A15278-BFE7-4AFE-6C17-90FF531DF755): 1
LogInit: Compiled (64-bit): Mar 15 2017 16:52:47
LogInit: Compiled with Visual C++: 19.00.23026.00
LogInit: Build Configuration: Development
LogInit: Branch Name: ++UE4+Release-4.15
LogInit: Command line: -EpicPortal 
LogInit: Base directory: D:/UE_4.15/Engine/Binaries/Win64/
LogInit: Installed Engine Build: 1
LogInit: Presizing for max 8388607 objects, including 0 objects not considered by GC, pre-allocating 0 bytes for permanent pool.
LogInit: Object subsystem initialized
[2017.04.23-17.20.08:994][  0]LogInit: Selected Device Profile: [Windows]
[2017.04.23-17.20.08:994][  0]LogInit: Applying CVar settings loaded from the selected device profile: [Windows]
[2017.04.23-17.20.09:007][  0]LogInit: Computer: DESKTOP-PB3B9QB
[2017.04.23-17.20.09:007][  0]LogInit: User: BME
[2017.04.23-17.20.09:007][  0]LogInit: CPU Page size=65536, Cores=4
[2017.04.23-17.20.09:007][  0]LogInit: High frequency timer resolution =3.703125 MHz
[2017.04.23-17.20.09:007][  0]LogMemory: Memory total: Physical=15.9GB (16GB approx)
[2017.04.23-17.20.09:007][  0]LogMemory: Platform Memory Stats for Windows
[2017.04.23-17.20.09:007][  0]LogMemory: Process Physical Memory: 263.50 MB used, 263.50 MB peak
[2017.04.23-17.20.09:007][  0]LogMemory: Process Virtual Memory: 262.46 MB used, 262.46 MB peak
[2017.04.23-17.20.09:007][  0]LogMemory: Physical Memory: 4952.50 MB used,  11362.37 MB free, 16314.88 MB total
[2017.04.23-17.20.09:007][  0]LogMemory: Virtual Memory: 644.02 MB used,  11362.37 MB free, 134217728.00 MB total
[2017.04.23-17.20.09:055][  0]LogTextLocalizationManager: No translations for ('uk-UA') exist, falling back to 'en' for localization and internationalization data.
[2017.04.23-17.20.09:477][  0]LogD3D11RHI: D3D11 adapters:
[2017.04.23-17.20.09:505][  0]LogD3D11RHI:    0. 'NVIDIA GeForce GTX 1060 6GB' (Feature Level 11_0)
[2017.04.23-17.20.09:505][  0]LogD3D11RHI:       6084/0/8157 MB DedicatedVideo/DedicatedSystem/SharedSystem, Outputs:1, VendorId:0x10de
[2017.04.23-17.20.09:506][  0]LogD3D11RHI:    1. 'Microsoft Basic Render Driver' (Feature Level 11_0)
[2017.04.23-17.20.09:506][  0]LogD3D11RHI:       0/0/8157 MB DedicatedVideo/DedicatedSystem/SharedSystem, Outputs:0, VendorId:0x1414
[2017.04.23-17.20.09:506][  0]LogD3D11RHI: Chosen D3D11 Adapter: 0
[2017.04.23-17.20.09:509][  0]LogD3D11RHI: Creating new Direct3DDevice
[2017.04.23-17.20.09:509][  0]LogD3D11RHI:     GPU DeviceId: 0x1c03 (for the marketing name, search the web for "GPU Device Id")
[2017.04.23-17.20.09:509][  0]LogWindows: EnumDisplayDevices:
[2017.04.23-17.20.09:509][  0]LogWindows:    0. 'NVIDIA GeForce GTX 1060 6GB' (P:1 D:1)
[2017.04.23-17.20.09:509][  0]LogWindows:    1. 'NVIDIA GeForce GTX 1060 6GB' (P:0 D:0)
[2017.04.23-17.20.09:509][  0]LogWindows:    2. 'NVIDIA GeForce GTX 1060 6GB' (P:0 D:0)
[2017.04.23-17.20.09:510][  0]LogWindows:    3. 'NVIDIA GeForce GTX 1060 6GB' (P:0 D:0)
[2017.04.23-17.20.09:510][  0]LogWindows: DebugString: FoundDriverCount:4 
[2017.04.23-17.20.09:510][  0]LogD3D11RHI:     Adapter Name: NVIDIA GeForce GTX 1060 6GB
[2017.04.23-17.20.09:510][  0]LogD3D11RHI:   Driver Version: 378.92 (internal:21.21.13.7892, unified:378.92)
[2017.04.23-17.20.09:510][  0]LogD3D11RHI:      Driver Date: 3-16-2017
[2017.04.23-17.20.09:510][  0]LogRHI: Texture pool is 1361 MB (70% of 1945 MB)
[2017.04.23-17.20.09:519][  0]LogD3D11RHI: Async texture creation enabled
[2017.04.23-17.20.09:533][  0]LogD3D11RHI: GPU Timing Frequency: 1000.000000 (Debug: 2 2)
[2017.04.23-17.20.09:581][  0]LogShaderCompilers: Guid format shader working directory is 24 characters bigger than the processId version (../../../../Proj/AI2/Intermediate/Shaders/WorkingDirectory/9200/).
[2017.04.23-17.20.09:581][  0]LogShaderCompilers: Cleaned the shader compiler working directory 'C:/Users/BME/AppData/Local/Temp/UnrealShaderWorkingDir/034A69964CEECC2697C0E7B196B8C53E/'.
[2017.04.23-17.20.09:581][  0]LogShaderCompilers:Display: Using Local Shader Compiler.
[2017.04.23-17.20.10:294][  0]LogTemp:Display: Loaded TP AllDesktopTargetPlatform
[2017.04.23-17.20.10:326][  0]LogTemp:Display: Loaded TP MacClientTargetPlatform
[2017.04.23-17.20.10:357][  0]LogTemp:Display: Loaded TP MacNoEditorTargetPlatform
[2017.04.23-17.20.10:388][  0]LogTemp:Display: Loaded TP MacServerTargetPlatform
[2017.04.23-17.20.10:421][  0]LogTemp:Display: Loaded TP MacTargetPlatform
[2017.04.23-17.20.10:452][  0]LogTemp:Display: Loaded TP WindowsClientTargetPlatform
[2017.04.23-17.20.10:484][  0]LogTemp:Display: Loaded TP WindowsNoEditorTargetPlatform
[2017.04.23-17.20.10:516][  0]LogTemp:Display: Loaded TP WindowsServerTargetPlatform
[2017.04.23-17.20.10:540][  0]LogTemp:Display: Loaded TP WindowsTargetPlatform
[2017.04.23-17.20.10:570][  0]LogTemp:Display: Loaded TP AndroidTargetPlatform
[2017.04.23-17.20.10:601][  0]LogTemp:Display: Loaded TP Android_ASTCTargetPlatform
[2017.04.23-17.20.10:632][  0]LogTemp:Display: Loaded TP Android_ATCTargetPlatform
[2017.04.23-17.20.10:662][  0]LogTemp:Display: Loaded TP Android_DXTTargetPlatform
[2017.04.23-17.20.10:693][  0]LogTemp:Display: Loaded TP Android_ETC1TargetPlatform
[2017.04.23-17.20.10:724][  0]LogTemp:Display: Loaded TP Android_ETC2TargetPlatform
[2017.04.23-17.20.10:786][  0]LogTemp:Display: Loaded TP Android_MultiTargetPlatform
[2017.04.23-17.20.10:786][  0]LogTemp:Display: Loaded TP Android_PVRTCTargetPlatform
[2017.04.23-17.20.10:805][  0]LogTemp:Display: Loaded TP HTML5TargetPlatform
[2017.04.23-17.20.10:867][  0]LogTemp:Display: Loaded TP IOSTargetPlatform
[2017.04.23-17.20.10:889][  0]LogTemp:Display: Loaded TP TVOSTargetPlatform
[2017.04.23-17.20.10:920][  0]LogTemp:Display: Loaded TP LinuxClientTargetPlatform
[2017.04.23-17.20.10:950][  0]LogTemp:Display: Loaded TP LinuxNoEditorTargetPlatform
[2017.04.23-17.20.10:981][  0]LogTemp:Display: Loaded TP LinuxServerTargetPlatform
[2017.04.23-17.20.11:012][  0]LogTemp:Display: Loaded TP LinuxTargetPlatform
[2017.04.23-17.20.11:012][  0]LogTargetPlatformManager:Display: Building Assets For Windows
[2017.04.23-17.20.11:245][  0]LogDerivedDataCache:Display: Max Cache Size: 512 MB
[2017.04.23-17.20.11:294][  0]LogDerivedDataCache: Loaded boot cache 0.05s 50MB C:/Users/BME/AppData/Local/UnrealEngine/4.15/DerivedDataCache/Boot.ddc.
[2017.04.23-17.20.11:294][  0]LogDerivedDataCache:Display: Loaded Boot cache: C:/Users/BME/AppData/Local/UnrealEngine/4.15/DerivedDataCache/Boot.ddc
[2017.04.23-17.20.11:294][  0]LogDerivedDataCache: FDerivedDataBackendGraph:  Pak pak cache file ../../../../Proj/AI2/DerivedDataCache/DDC.ddp not found, will not use a pak cache.
[2017.04.23-17.20.11:294][  0]LogDerivedDataCache: Unable to find inner node Pak for hierarchical cache Hierarchy.
[2017.04.23-17.20.11:294][  0]LogDerivedDataCache: FDerivedDataBackendGraph:  CompressedPak pak cache file ../../../../Proj/AI2/DerivedDataCache/Compressed.ddp not found, will not use a pak cache.
[2017.04.23-17.20.11:294][  0]LogDerivedDataCache: Unable to find inner node CompressedPak for hierarchical cache Hierarchy.
[2017.04.23-17.20.11:308][  0]LogDerivedDataCache:Display: Pak cache opened for reading ../../../Engine/DerivedDataCache/Compressed.ddp.
[2017.04.23-17.20.11:319][  0]LogDerivedDataCache: Using Local data cache path C:/Users/BME/AppData/Local/UnrealEngine/Common/DerivedDataCache: Writable
[2017.04.23-17.20.11:326][  0]LogSlate: Using Freetype 2.6.0
[2017.04.23-17.20.11:327][  0]LogSlate: SlateFontCache - WITH_FREETYPE: 1, WITH_HARFBUZZ: 1
[2017.04.23-17.20.11:327][  0]LogSlate: SlateFontCache - WITH_FREETYPE: 1, WITH_HARFBUZZ: 1
[2017.04.23-17.20.11:507][  0]LogInit: Selected Device Profile: [Windows]
[2017.04.23-17.20.11:509][  0]LogContentStreaming: Texture pool size is 0.00 MB
[2017.04.23-17.20.11:634][  0]LogMeshUtilities: Using QuadricMeshReduction for automatic static mesh reduction
[2017.04.23-17.20.11:656][  0]LogSimplygon: Simplygon DLL not present - disabling.
[2017.04.23-17.20.11:680][  0]LogMeshUtilities: Using SimplygonSwarm for distributed automatic mesh merging
[2017.04.23-17.20.11:680][  0]LogMeshUtilities: No automatic skeletal mesh reduction module available
[2017.04.23-17.20.11:680][  0]LogMeshUtilities: No automatic mesh merging module available
[2017.04.23-17.20.12:037][  0]LogNetVersion: GetLocalNetworkVersion: CL: 3299760, ProjectName: ai2, ProjectVersion: , EngineNetworkVersion: 2, GameNetworkVersion: 0, NetworkChecksum: 2085093951
[2017.04.23-17.20.12:073][  0]LogAssetRegistry: FAssetRegistry took 0.0212 seconds to start up
[2017.04.23-17.20.12:097][  0]LogPackageLocalizationCache: Processed 3 localized package path(s) for 1 prioritized culture(s) in 0.012191 seconds
[2017.04.23-17.20.12:103][  0]LogUObjectArray: 32493 objects as part of root set at end of initial load.
[2017.04.23-17.20.12:103][  0]LogUObjectAllocator: 7077024 out of 0 bytes used by permanent object pool.
[2017.04.23-17.20.12:103][  0]LogUObjectArray: CloseDisregardForGC: 0/0 objects in disregard for GC pool
[2017.04.23-17.20.12:142][  0]LogInit: WinSock: version 1.1 (2.2), MaxSocks=32767, MaxUdp=65467
[2017.04.23-17.20.13:058][  0]LogTcpMessaging: Initializing TcpMessaging bridge
[2017.04.23-17.20.13:084][  0]LogUdpMessaging: Initializing bridge on interface 0.0.0.0:0 to multicast group 230.0.0.1:6666.
[2017.04.23-17.20.13:345][  0]LogMaterial: Uniform references updated for custom material expression Custom.
[2017.04.23-17.20.13:546][  0]SourceControl: Info Source control is disabled
[2017.04.23-17.20.13:546][  0]SourceControl: Info Source control is disabled
[2017.04.23-17.20.13:569][  0]SourceControl: Info Source control is disabled
[2017.04.23-17.20.13:592][  0]SourceControl: Info Source control is disabled
[2017.04.23-17.20.14:221][  0]LogEngine: Initializing Engine...
[2017.04.23-17.20.14:221][  0]LogHMD: Failed to initialize OpenVR with code 110
[2017.04.23-17.20.14:357][  0]LogAIModule: Creating AISystem for world Untitled
[2017.04.23-17.20.14:362][  0]LogInit: XAudio2 using 'Speakers (High Definition Audio Device)' : 2 channels at 44.1 kHz using 16 bits per sample (channel mask 0x3)
[2017.04.23-17.20.14:368][  0]LogInit: FAudioDevice initialized.
[2017.04.23-17.20.14:392][  0]LogDerivedDataCache: Saved boot cache 0.02s 50MB C:/Users/BME/AppData/Local/UnrealEngine/4.15/DerivedDataCache/Boot.ddc.
[2017.04.23-17.20.14:401][  0]LogInit: Texture streaming: Enabled
[2017.04.23-17.20.14:449][  0]LogEngineSessionManager: EngineSessionManager initialized
[2017.04.23-17.20.14:494][  0]LogInit: Transaction tracking system initialized
[2017.04.23-17.20.14:662][  0]BlueprintLog: New page: Editor Load
[2017.04.23-17.20.15:096][  0]LocalizationService: Info Localization service is disabled
[2017.04.23-17.20.15:430][  0]LogConsoleResponse:Display: 
[2017.04.23-17.20.15:515][  0]LogCook:Display: Max memory allowance for cook 16384mb min free memory 0mb
[2017.04.23-17.20.15:515][  0]LogCook:Display: Mobile HDR setting 1
[2017.04.23-17.20.16:003][  0]LogFileCache: Scanning file cache for directory 'D:/Proj/AI2/Content/' took 0.01s
[2017.04.23-17.20.16:025][  0]SourceControl: Info Source control is disabled
[2017.04.23-17.20.16:026][  0]Cmd: MAP LOAD FILE="../../../../Proj/AI2/Content/TopDownBP/Maps/TopDownExampleMap.umap" TEMPLATE=0 SHOWPROGRESS=1 FEATURELEVEL=3
[2017.04.23-17.20.16:029][  0]LightingResults: New page: Lighting Build
[2017.04.23-17.20.16:050][  0]MapCheck: New page: Map Check
[2017.04.23-17.20.16:050][  0]LightingResults: New page: Lighting Build
[2017.04.23-17.20.16:398][  0]LogLinker:Warning: Can't find file '/Game/StarterContent/Materials/M_Tech_Hex_Tile_Pulse'
[2017.04.23-17.20.16:398][  0]LogLinker:Warning: Can't find file for asset '/Game/StarterContent/Materials/M_Tech_Hex_Tile_Pulse' while loading ../../../../Proj/AI2/Content/AI/Rat/BP_Rat.uasset.
[2017.04.23-17.20.16:398][  0]LoadErrors:Error: Error /Game/AI/Rat/BP_Rat : Can't find file for asset. /Game/StarterContent/Materials/M_Tech_Hex_Tile_Pulse
[2017.04.23-17.20.16:398][  0]LogLinker:Warning: Can't find file '/Game/StarterContent/Materials/M_Tech_Hex_Tile_Pulse'
[2017.04.23-17.20.16:398][  0]LogLinker:Warning: Can't find file for asset '/Game/StarterContent/Materials/M_Tech_Hex_Tile_Pulse' while loading ../../../../Proj/AI2/Content/AI/Rat/BP_Rat.uasset.
[2017.04.23-17.20.16:398][  0]LoadErrors:Error: Error /Game/AI/Rat/BP_Rat : Can't find file for asset. /Game/StarterContent/Materials/M_Tech_Hex_Tile_Pulse
[2017.04.23-17.20.16:398][  0]LogLinker:Warning: Can't find file '/Game/StarterContent/Shapes/Shape_NarrowCapsule'
[2017.04.23-17.20.16:398][  0]LogLinker:Warning: Can't find file for asset '/Game/StarterContent/Shapes/Shape_NarrowCapsule' while loading ../../../../Proj/AI2/Content/AI/Rat/BP_Rat.uasset.
[2017.04.23-17.20.16:398][  0]LoadErrors:Error: Error /Game/AI/Rat/BP_Rat : Can't find file for asset. /Game/StarterContent/Shapes/Shape_NarrowCapsule
[2017.04.23-17.20.16:399][  0]LogLinker:Warning: Can't find file '/Game/StarterContent/Shapes/Shape_NarrowCapsule'
[2017.04.23-17.20.16:399][  0]LogLinker:Warning: Can't find file for asset '/Game/StarterContent/Shapes/Shape_NarrowCapsule' while loading ../../../../Proj/AI2/Content/AI/Rat/BP_Rat.uasset.
[2017.04.23-17.20.16:399][  0]LoadErrors:Error: Error /Game/AI/Rat/BP_Rat : Can't find file for asset. /Game/StarterContent/Shapes/Shape_NarrowCapsule
[2017.04.23-17.20.16:399][  0]LogLinker:Warning: Can't find file '/Game/StarterContent/Materials/M_Tech_Hex_Tile_Pulse'
[2017.04.23-17.20.16:399][  0]LogLinker:Warning: Can't find file for asset '/Game/StarterContent/Materials/M_Tech_Hex_Tile_Pulse' while loading ../../../../Proj/AI2/Content/TopDownBP/Maps/TopDownExampleMap.umap.
[2017.04.23-17.20.16:399][  0]LoadErrors:Error: Error /Game/TopDownBP/Maps/TopDownExampleMap : Can't find file for asset. /Game/StarterContent/Materials/M_Tech_Hex_Tile_Pulse
[2017.04.23-17.20.16:399][  0]LogLinker:Warning: Can't find file '/Game/StarterContent/Materials/M_Tech_Hex_Tile_Pulse'
[2017.04.23-17.20.16:399][  0]LogLinker:Warning: Can't find file for asset '/Game/StarterContent/Materials/M_Tech_Hex_Tile_Pulse' while loading ../../../../Proj/AI2/Content/TopDownBP/Maps/TopDownExampleMap.umap.
[2017.04.23-17.20.16:399][  0]LoadErrors:Error: Error /Game/TopDownBP/Maps/TopDownExampleMap : Can't find file for asset. /Game/StarterContent/Materials/M_Tech_Hex_Tile_Pulse
[2017.04.23-17.20.16:399][  0]LogLinker:Warning: Can't find file '/Game/StarterContent/Shapes/Shape_NarrowCapsule'
[2017.04.23-17.20.16:399][  0]LogLinker:Warning: Can't find file for asset '/Game/StarterContent/Shapes/Shape_NarrowCapsule' while loading ../../../../Proj/AI2/Content/TopDownBP/Maps/TopDownExampleMap.umap.
[2017.04.23-17.20.16:399][  0]LoadErrors:Error: Error /Game/TopDownBP/Maps/TopDownExampleMap : Can't find file for asset. /Game/StarterContent/Shapes/Shape_NarrowCapsule
[2017.04.23-17.20.16:399][  0]LogLinker:Warning: Can't find file '/Game/StarterContent/Shapes/Shape_NarrowCapsule'
[2017.04.23-17.20.16:399][  0]LogLinker:Warning: Can't find file for asset '/Game/StarterContent/Shapes/Shape_NarrowCapsule' while loading ../../../../Proj/AI2/Content/TopDownBP/Maps/TopDownExampleMap.umap.
[2017.04.23-17.20.16:399][  0]LoadErrors:Error: Error /Game/TopDownBP/Maps/TopDownExampleMap : Can't find file for asset. /Game/StarterContent/Shapes/Shape_NarrowCapsule
[2017.04.23-17.20.16:400][  0]LogLinker:Warning: Can't find file '/Game/StarterContent/Shapes/Shape_NarrowCapsule'
[2017.04.23-17.20.16:400][  0]LoadErrors: Info Failed to load /Game/StarterContent/Shapes/Shape_NarrowCapsule.Shape_NarrowCapsule Referenced by Shape_NarrowCapsule_GEN_VARIABLE
[2017.04.23-17.20.16:400][  0]LogLinker:Warning: Can't find file for asset '/Game/StarterContent/Shapes/Shape_NarrowCapsule' while loading ../../../../Proj/AI2/Content/TopDownBP/Maps/TopDownExampleMap.umap.
[2017.04.23-17.20.16:400][  0]LoadErrors: Info Failed to load /Game/StarterContent/Shapes/Shape_NarrowCapsule.Shape_NarrowCapsule Referenced by Shape_NarrowCapsule_GEN_VARIABLE
[2017.04.23-17.20.16:400][  0]LoadErrors:Error: Error /Game/TopDownBP/Maps/TopDownExampleMap : Can't find file for asset. /Game/StarterContent/Shapes/Shape_NarrowCapsule
[2017.04.23-17.20.16:400][  0]LogLinker:Warning: Can't find file '/Game/StarterContent/Materials/M_Tech_Hex_Tile_Pulse'
[2017.04.23-17.20.16:400][  0]LoadErrors: Info Failed to load /Game/StarterContent/Materials/M_Tech_Hex_Tile_Pulse.M_Tech_Hex_Tile_Pulse Referenced by Shape_NarrowCapsule_GEN_VARIABLE
[2017.04.23-17.20.16:400][  0]LogLinker:Warning: Can't find file for asset '/Game/StarterContent/Materials/M_Tech_Hex_Tile_Pulse' while loading ../../../../Proj/AI2/Content/TopDownBP/Maps/TopDownExampleMap.umap.
[2017.04.23-17.20.16:400][  0]LoadErrors: Info Failed to load /Game/StarterContent/Materials/M_Tech_Hex_Tile_Pulse.M_Tech_Hex_Tile_Pulse Referenced by Shape_NarrowCapsule_GEN_VARIABLE
[2017.04.23-17.20.16:400][  0]LoadErrors:Error: Error /Game/TopDownBP/Maps/TopDownExampleMap : Can't find file for asset. /Game/StarterContent/Materials/M_Tech_Hex_Tile_Pulse
[2017.04.23-17.20.16:542][  0]LogLinker:Warning: Can't find file '/Game/StarterContent/Props/SM_Door'
[2017.04.23-17.20.16:542][  0]LogLinker:Warning: Can't find file for asset '/Game/StarterContent/Props/SM_Door' while loading ../../../../Proj/AI2/Content/MyMechanics/DoorBP.uasset.
[2017.04.23-17.20.16:542][  0]LoadErrors:Error: Error /Game/MyMechanics/DoorBP : Can't find file for asset. /Game/StarterContent/Props/SM_Door
[2017.04.23-17.20.16:542][  0]LogLinker:Warning: Can't find file '/Game/StarterContent/Props/SM_DoorFrame'
[2017.04.23-17.20.16:542][  0]LogLinker:Warning: Can't find file for asset '/Game/StarterContent/Props/SM_DoorFrame' while loading ../../../../Proj/AI2/Content/MyMechanics/DoorBP.uasset.
[2017.04.23-17.20.16:542][  0]LoadErrors:Error: Error /Game/MyMechanics/DoorBP : Can't find file for asset. /Game/StarterContent/Props/SM_DoorFrame
[2017.04.23-17.20.16:542][  0]LogLinker:Warning: Can't find file '/Game/StarterContent/Props/SM_Door'
[2017.04.23-17.20.16:542][  0]LogLinker:Warning: Can't find file for asset '/Game/StarterContent/Props/SM_Door' while loading ../../../../Proj/AI2/Content/MyMechanics/DoorBP.uasset.
[2017.04.23-17.20.16:542][  0]LoadErrors:Error: Error /Game/MyMechanics/DoorBP : Can't find file for asset. /Game/StarterContent/Props/SM_Door
[2017.04.23-17.20.16:542][  0]LogLinker:Warning: Can't find file '/Game/StarterContent/Props/SM_DoorFrame'
[2017.04.23-17.20.16:542][  0]LogLinker:Warning: Can't find file for asset '/Game/StarterContent/Props/SM_DoorFrame' while loading ../../../../Proj/AI2/Content/MyMechanics/DoorBP.uasset.
[2017.04.23-17.20.16:543][  0]LoadErrors:Error: Error /Game/MyMechanics/DoorBP : Can't find file for asset. /Game/StarterContent/Props/SM_DoorFrame
[2017.04.23-17.20.16:543][  0]LogLinker:Warning: Can't find file '/Game/StarterContent/Props/SM_Door'
[2017.04.23-17.20.16:543][  0]LogLinker:Warning: Can't find file for asset '/Game/StarterContent/Props/SM_Door' while loading ../../../../Proj/AI2/Content/MyMechanics/ButtonBP.uasset.
[2017.04.23-17.20.16:543][  0]LoadErrors:Error: Error /Game/MyMechanics/ButtonBP : Can't find file for asset. /Game/StarterContent/Props/SM_Door
[2017.04.23-17.20.16:544][  0]LogLinker:Warning: Can't find file '/Game/StarterContent/Props/SM_DoorFrame'
[2017.04.23-17.20.16:544][  0]LogLinker:Warning: Can't find file for asset '/Game/StarterContent/Props/SM_DoorFrame' while loading ../../../../Proj/AI2/Content/MyMechanics/ButtonBP.uasset.
[2017.04.23-17.20.16:544][  0]LoadErrors:Error: Error /Game/MyMechanics/ButtonBP : Can't find file for asset. /Game/StarterContent/Props/SM_DoorFrame
[2017.04.23-17.20.16:544][  0]LogLinker:Warning: Can't find file '/Game/StarterContent/Props/SM_Door'
[2017.04.23-17.20.16:544][  0]LogLinker:Warning: Can't find file for asset '/Game/StarterContent/Props/SM_Door' while loading ../../../../Proj/AI2/Content/MyMechanics/ButtonBP.uasset.
[2017.04.23-17.20.16:544][  0]LoadErrors:Error: Error /Game/MyMechanics/ButtonBP : Can't find file for asset. /Game/StarterContent/Props/SM_Door
[2017.04.23-17.20.16:544][  0]LogLinker:Warning: Can't find file '/Game/StarterContent/Props/SM_DoorFrame'
[2017.04.23-17.20.16:544][  0]LogLinker:Warning: Can't find file for asset '/Game/StarterContent/Props/SM_DoorFrame' while loading ../../../../Proj/AI2/Content/MyMechanics/ButtonBP.uasset.
[2017.04.23-17.20.16:544][  0]LoadErrors:Error: Error /Game/MyMechanics/ButtonBP : Can't find file for asset. /Game/StarterContent/Props/SM_DoorFrame
[2017.04.23-17.20.16:545][  0]LogLinker:Warning: Can't find file '/Game/StarterContent/Props/SM_DoorFrame'
[2017.04.23-17.20.16:545][  0]LoadErrors: Info Failed to load /Game/StarterContent/Props/SM_DoorFrame.SM_DoorFrame Referenced by SM_DoorFrame_GEN_VARIABLE
[2017.04.23-17.20.16:545][  0]LogLinker:Warning: Can't find file for asset '/Game/StarterContent/Props/SM_DoorFrame' while loading ../../../../Proj/AI2/Content/MyMechanics/ButtonBP.uasset.
[2017.04.23-17.20.16:545][  0]LoadErrors: Info Failed to load /Game/StarterContent/Props/SM_DoorFrame.SM_DoorFrame Referenced by SM_DoorFrame_GEN_VARIABLE
[2017.04.23-17.20.16:545][  0]LoadErrors:Error: Error /Game/MyMechanics/ButtonBP : Can't find file for asset. /Game/StarterContent/Props/SM_DoorFrame
[2017.04.23-17.20.16:545][  0]LogLinker:Warning: Can't find file '/Game/StarterContent/Props/SM_Door'
[2017.04.23-17.20.16:545][  0]LoadErrors: Info Failed to load /Game/StarterContent/Props/SM_Door.SM_Door Referenced by SM_Door_GEN_VARIABLE
[2017.04.23-17.20.16:545][  0]LogLinker:Warning: Can't find file for asset '/Game/StarterContent/Props/SM_Door' while loading ../../../../Proj/AI2/Content/MyMechanics/ButtonBP.uasset.
[2017.04.23-17.20.16:545][  0]LoadErrors: Info Failed to load /Game/StarterContent/Props/SM_Door.SM_Door Referenced by SM_Door_GEN_VARIABLE
[2017.04.23-17.20.16:545][  0]LoadErrors:Error: Error /Game/MyMechanics/ButtonBP : Can't find file for asset. /Game/StarterContent/Props/SM_Door
[2017.04.23-17.20.16:557][  0]LogLinker:Warning: Can't find file '/Game/StarterContent/Materials/M_Tech_Hex_Tile'
[2017.04.23-17.20.16:557][  0]LogLinker:Warning: Can't find file for asset '/Game/StarterContent/Materials/M_Tech_Hex_Tile' while loading ../../../../Proj/AI2/Content/MyMechanics/ButtonBP.uasset.
[2017.04.23-17.20.16:557][  0]LoadErrors:Error: Error /Game/MyMechanics/ButtonBP : Can't find file for asset. /Game/StarterContent/Materials/M_Tech_Hex_Tile
[2017.04.23-17.20.16:557][  0]LogLinker:Warning: Can't find file '/Game/StarterContent/Materials/M_Tech_Hex_Tile'
[2017.04.23-17.20.16:557][  0]LogLinker:Warning: Can't find file for asset '/Game/StarterContent/Materials/M_Tech_Hex_Tile' while loading ../../../../Proj/AI2/Content/MyMechanics/ButtonBP.uasset.
[2017.04.23-17.20.16:557][  0]LoadErrors:Error: Error /Game/MyMechanics/ButtonBP : Can't find file for asset. /Game/StarterContent/Materials/M_Tech_Hex_Tile
[2017.04.23-17.20.16:558][  0]LogLinker:Warning: Can't find file '/Game/StarterContent/Materials/M_Tech_Hex_Tile'
[2017.04.23-17.20.16:558][  0]LogLinker:Warning: Can't find file for asset '/Game/StarterContent/Materials/M_Tech_Hex_Tile' while loading ../../../../Proj/AI2/Content/TopDownBP/Maps/TopDownExampleMap.umap.
[2017.04.23-17.20.16:558][  0]LoadErrors:Error: Error /Game/TopDownBP/Maps/TopDownExampleMap : Can't find file for asset. /Game/StarterContent/Materials/M_Tech_Hex_Tile
[2017.04.23-17.20.16:558][  0]LogLinker:Warning: Can't find file '/Game/StarterContent/Materials/M_Tech_Hex_Tile'
[2017.04.23-17.20.16:558][  0]LogLinker:Warning: Can't find file for asset '/Game/StarterContent/Materials/M_Tech_Hex_Tile' while loading ../../../../Proj/AI2/Content/TopDownBP/Maps/TopDownExampleMap.umap.
[2017.04.23-17.20.16:558][  0]LoadErrors:Error: Error /Game/TopDownBP/Maps/TopDownExampleMap : Can't find file for asset. /Game/StarterContent/Materials/M_Tech_Hex_Tile
[2017.04.23-17.20.16:559][  0]LogLinker:Warning: Can't find file '/Game/StarterContent/Materials/M_Tech_Hex_Tile'
[2017.04.23-17.20.16:559][  0]LoadErrors: Info Failed to load /Game/StarterContent/Materials/M_Tech_Hex_Tile.M_Tech_Hex_Tile Referenced by SphereButton_GEN_VARIABLE
[2017.04.23-17.20.16:559][  0]LogLinker:Warning: Can't find file for asset '/Game/StarterContent/Materials/M_Tech_Hex_Tile' while loading ../../../../Proj/AI2/Content/TopDownBP/Maps/TopDownExampleMap.umap.
[2017.04.23-17.20.16:559][  0]LoadErrors: Info Failed to load /Game/StarterContent/Materials/M_Tech_Hex_Tile.M_Tech_Hex_Tile Referenced by SphereButton_GEN_VARIABLE
[2017.04.23-17.20.16:559][  0]LoadErrors:Error: Error /Game/TopDownBP/Maps/TopDownExampleMap : Can't find file for asset. /Game/StarterContent/Materials/M_Tech_Hex_Tile
[2017.04.23-17.20.16:878][  0]LogAIModule: Creating AISystem for world TopDownExampleMap
[2017.04.23-17.20.16:906][  0]LogEditorServer: Finished looking for orphan Actors (0.000 secs)
[2017.04.23-17.20.16:907][  0]Cmd: MAP CHECKDEP NOCLEARLOG
[2017.04.23-17.20.16:932][  0]MapCheck: Info Map check complete: 0 Error(s), 0 Warning(s), took 24.356ms to complete.
[2017.04.23-17.20.16:932][  0]LogFileHelpers: Loading map 'TopDownExampleMap' took 0.906
[2017.04.23-17.20.16:995][  0]LogWindowsTextInputMethodSystem:Display: IME system now deactivated.
[2017.04.23-17.20.17:100][  0]LogCollectionManager: Loaded 0 collections in 0.001062 seconds
[2017.04.23-17.20.17:164][  0]LogFileCache: Scanning file cache for directory 'D:/Proj/AI2/Saved/Collections/' took 0.01s
[2017.04.23-17.20.17:164][  0]LogFileCache: Scanning file cache for directory 'D:/Proj/AI2/Content/Developers/BME/Collections/' took 0.01s
[2017.04.23-17.20.17:164][  0]LogFileCache: Scanning file cache for directory 'D:/Proj/AI2/Content/Collections/' took 0.01s
[2017.04.23-17.20.17:164][  0]LogCollectionManager: Rebuilt the GUID cache for 0 collections in 0.000001 seconds
[2017.04.23-17.20.17:173][  0]LogContentBrowser: Native class hierarchy populated in 0.0068 seconds. Added 2245 classes and 453 folders.
[2017.04.23-17.20.17:177][  0]LogStats: UGameplayTagsManager::ConstructGameplayTagTree: Construct from data asset -  0.000 s
[2017.04.23-17.20.17:177][  0]LogStats: UGameplayTagsManager::ConstructGameplayTagTree: GameplayTagTreeChangedEvent.Broadcast -  0.000 s
[2017.04.23-17.20.17:208][  0]LogContentBrowser: Native class hierarchy updated for 'WidgetCarousel' in 0.0003 seconds. Added 0 classes and 0 folders.
[2017.04.23-17.20.17:436][  0]LogContentBrowser: Native class hierarchy updated for 'AddContentDialog' in 0.0004 seconds. Added 0 classes and 0 folders.
[2017.04.23-17.20.17:461][  0]LogContentBrowser: Native class hierarchy updated for 'SceneOutliner' in 0.0004 seconds. Added 1 classes and 2 folders.
[2017.04.23-17.20.17:583][  0]LogCrashTracker: Crashtracker disabled due to settings.
[2017.04.23-17.20.17:589][  0]LogUObjectGlobals:Warning: Failed to find object 'Class None.'
[2017.04.23-17.20.17:633][  0]LogContentBrowser: Native class hierarchy updated for 'HierarchicalLODOutliner' in 0.0004 seconds. Added 1 classes and 2 folders.
[2017.04.23-17.20.17:633][  0]LogLoad: (Engine Initialization) Total time: 10.01 seconds
[2017.04.23-17.20.17:633][  0]LogLoad: (Engine Initialization) Total Blueprint compile time: 0.20 seconds
[2017.04.23-17.20.17:633][  0]LogExternalProfiler: No external profilers were discovered.  External profiling features will not be available.
[2017.04.23-17.20.17:642][  0]LogOcInput: OculusInput pre-init called
[2017.04.23-17.20.17:658][  0]LogAssetRegistry: Asset discovery search completed in 5.6063 seconds
[2017.04.23-17.20.17:658][  0]LogCollectionManager: Rebuilt the object cache for 0 collections in 0.000003 seconds (found 0 objects)
[2017.04.23-17.20.17:658][  0]LogCollectionManager: Fixed up redirectors for 0 collections in 0.000012 seconds (updated 0 objects)
[2017.04.23-17.20.17:663][  0]LogContentStreaming: Texture pool size now 1000 MB
[2017.04.23-17.20.17:677][  0]LogSlate: Took 0.000122 seconds to synchronously load lazily loaded font '../../../Engine/Content/Slate/Fonts/Roboto-Regular.ttf' (155K)
[2017.04.23-17.20.17:681][  0]LogSlate: Took 0.000137 seconds to synchronously load lazily loaded font '../../../Engine/Content/Slate/Fonts/Roboto-Bold.ttf' (160K)
[2017.04.23-17.20.17:687][  0]LogSlate: Took 0.003805 seconds to synchronously load lazily loaded font '../../../Engine/Content/Editor/Slate/Fonts/FontAwesome.ttf' (139K)
[2017.04.23-17.20.17:801][  0]LogSlate: Took 0.003464 seconds to synchronously load lazily loaded font '../../../Engine/Content/Slate/Fonts/Roboto-Light.ttf' (159K)
[2017.04.23-17.20.17:861][  0]LogRenderer: Reallocating scene render targets to support 1344x924 NumSamples 1 (Frame:2).
[2017.04.23-17.20.30:923][528]Cmd: MAP LOAD FILE="../../../../Proj/AI2/Content/StarterContent/Maps/bmetest.umap" TEMPLATE=0 SHOWPROGRESS=1 FEATURELEVEL=3
[2017.04.23-17.20.30:926][528]LogSlate: Took 0.000103 seconds to synchronously load lazily loaded font '../../../Engine/Content/Slate/Fonts/Roboto-Light.ttf' (159K)
[2017.04.23-17.20.30:933][528]LightingResults: New page: Lighting Build
[2017.04.23-17.20.30:934][528]LoadErrors: New page: Loading map: bmetest.umap
[2017.04.23-17.20.30:938][528]MapCheck: New page: Map Check
[2017.04.23-17.20.30:938][528]LightingResults: New page: Lighting Build
[2017.04.23-17.20.30:957][528]LogAIModule: Creating AISystem for world bmetest
[2017.04.23-17.20.31:003][528]LogEditorServer: Finished looking for orphan Actors (0.000 secs)
[2017.04.23-17.20.31:026][528]Cmd: MAP CHECKDEP NOCLEARLOG
[2017.04.23-17.20.31:051][528]MapCheck: Info Map check complete: 0 Error(s), 0 Warning(s), took 24.506ms to complete.
[2017.04.23-17.20.31:051][528]LogFileHelpers: Loading map 'bmetest' took 0.128
[2017.04.23-17.20.49:665][450]LogWindowsTextInputMethodSystem:Display: IME system now deactivated.
[2017.04.23-17.20.49:665][450]LogWindowsTextInputMethodSystem:Display: IME system now deactivated.
[2017.04.23-17.20.49:832][470]LogWindowsTextInputMethodSystem:Display: IME system now deactivated.
[2017.04.23-17.20.49:832][470]LogWindowsTextInputMethodSystem:Display: IME system now deactivated.
[2017.04.23-17.20.50:549][556]LogWindowsTextInputMethodSystem:Display: IME system now deactivated.
[2017.04.23-17.20.50:549][556]LogWindowsTextInputMethodSystem:Display: IME system now deactivated.
[2017.04.23-17.20.51:057][617]LogWindowsTextInputMethodSystem:Display: IME system now deactivated.
[2017.04.23-17.20.51:057][617]LogWindowsTextInputMethodSystem:Display: IME system now deactivated.
[2017.04.23-17.25.21:802][870]LogContentBrowser: Native class hierarchy updated for 'BlueprintGraph' in 0.0006 seconds. Added 112 classes and 0 folders.
[2017.04.23-17.25.22:259][870]LogSlate: Took 0.000156 seconds to synchronously load lazily loaded font '../../../Engine/Content/Slate/Fonts/Roboto-Regular.ttf' (155K)
[2017.04.23-17.25.40:478][976]BlueprintLog: New page: Compile MyGM
[2017.04.23-17.25.44:274][409]LogSlate:Warning: Prevented a slow task dialog from being summoned while a context menu was open
[2017.04.23-17.25.55:428][740]BlueprintLog: New page: Compile MyGM
[2017.04.23-17.25.56:214][816]Cmd: OBJ SAVEPACKAGE PACKAGE="/Game/Character/MyGM" FILE="../../../../Proj/AI2/Content/Character/MyGM.uasset" SILENT=true
[2017.04.23-17.25.56:226][816]LogSavePackage: Save=9.88ms
[2017.04.23-17.25.56:226][816]LogSavePackage: Moving '../../../../Proj/AI2/Saved/MyGM5B7A004C4B77BB92B0164FA1B7EC503D.tmp' to '../../../../Proj/AI2/Content/Character/MyGM.uasset'
[2017.04.23-17.25.56:226][816]LogSavePackage:Display: Finished SavePackage ../../../../Proj/AI2/Content/Character/MyGM.uasset
[2017.04.23-17.25.56:585][858]LogSlate: Took 0.004580 seconds to synchronously load lazily loaded font '../../../Engine/Content/Editor/Slate/Fonts/Roboto-Italic.ttf' (157K)
[2017.04.23-17.26.12:379][734]LogSlate:Warning: Prevented a slow task dialog from being summoned while a context menu was open
[2017.04.23-17.27.00:123][451]LogSlate: Only BGRA pngs, bmps or icos are supported in by External Image Picker
[2017.04.23-17.27.00:159][452]LogTemp:Display: Executing iPhonePackager certificates Engine -bundlename com.YourCompany.AI2

[2017.04.23-17.27.00:159][452]LogTemp:Display: CWD: D:\UE_4.15\Engine\Binaries\DotNET\IOS

[2017.04.23-17.27.00:159][452]LogTemp:Display: Initial Dir: D:\UE_4.15

[2017.04.23-17.27.00:159][452]LogTemp:Display: Env CWD: D:\UE_4.15\Engine\Binaries\DotNET\IOS

[2017.04.23-17.27.00:159][452]LogTemp:Display: BranchPath = DESKTOP-PB3B9QB/D/UE_4.15/Engine/Binaries --- GameBranchPath = DESKTOP-PB3B9QB/D/UE_4.15/Engine/Binaries

[2017.04.23-17.27.00:168][453]LogTemp:Display: IPP ERROR: Application exception: System.IO.DirectoryNotFoundException: Could not find a part of the path 'C:\Users\BME\AppData\Local\Apple Computer\MobileDevice\Provisioning Profiles'.

[2017.04.23-17.27.00:168][453]LogTemp:Display:    at System.IO.__Error.WinIOError(Int32 errorCode, String maybeFullPath)

[2017.04.23-17.27.00:168][453]LogTemp:Display:    at System.IO.FileSystemEnumerableIterator`1.CommonInit()

[2017.04.23-17.27.00:168][453]LogTemp:Display:    at System.IO.Directory.EnumerateFiles(String path, String searchPattern)

[2017.04.23-17.27.00:168][453]LogTemp:Display:    at iPhonePackager.CodeSignatureBuilder.FindProvisions(String CFBundleIdentifier)

[2017.04.23-17.27.00:168][453]LogTemp:Display:    at iPhonePackager.Program.Main(String[] args)

[2017.04.23-17.27.24:246][817]LogTemp: Repeting last play command: Selected Viewport
[2017.04.23-17.27.24:264][817]LogPlayLevel: PlayLevel: No blueprints needed recompiling
[2017.04.23-17.27.24:265][817]PIE: New page: PIE session: bmetest (Apr 23, 2017, 9:27:24 PM)
[2017.04.23-17.27.24:265][817]LogPlayLevel: Creating play world package: /Game/StarterContent/Maps/UEDPIE_0_bmetest
[2017.04.23-17.27.24:267][817]LogPlayLevel: PIE: StaticDuplicateObject took: (0.002064s)
[2017.04.23-17.27.24:268][817]LogAIModule: Creating AISystem for world bmetest
[2017.04.23-17.27.24:268][817]LogPlayLevel: PIE: World Init took: (0.000885s)
[2017.04.23-17.27.24:268][817]LogPlayLevel: PIE: Created PIE world by copying editor world from /Game/StarterContent/Maps/bmetest.bmetest to /Game/StarterContent/Maps/UEDPIE_0_bmetest.bmetest (0.003147s)
[2017.04.23-17.27.24:283][817]LogInit: XAudio2 using 'Speakers (High Definition Audio Device)' : 2 channels at 44.1 kHz using 16 bits per sample (channel mask 0x3)
[2017.04.23-17.27.24:287][817]LogInit: FAudioDevice initialized.
[2017.04.23-17.27.24:351][817]LogLoad: Game class is 'MyGM_C'
[2017.04.23-17.27.24:353][817]LogWorld: Bringing World /Game/StarterContent/Maps/UEDPIE_0_bmetest.bmetest up for play (max tick rate 0) at 2017.04.23-19.27.24
[2017.04.23-17.27.24:354][817]LogWorld: Bringing up level for play took: 0.001110
[2017.04.23-17.27.24:376][817]LogContentBrowser: Native class hierarchy updated for 'MovieSceneCapture' in 0.0004 seconds. Added 11 classes and 0 folders.
[2017.04.23-17.27.24:378][817]PIE: Info Play in editor start time for /Game/StarterContent/Maps/UEDPIE_0_bmetest -0.074
[2017.04.23-17.33.31:074][447]LogSlate: Took 0.003082 seconds to synchronously load lazily loaded font '../../../Engine/Content/Editor/Slate/Fonts/Roboto-BoldCondensed.ttf' (158K)
[2017.04.23-17.34.55:027][727]BlueprintLog: New page: Compile MyCharacter
[2017.04.23-17.34.55:030][727]LogUObjectGlobals:Warning: Guid referenced by CapsuleComponent /Game/StarterContent/Maps/bmetest.bmetest:PersistentLevel.MyCharacter_2.CollisionCylinder is already used by CapsuleComponent /Game/StarterContent/Maps/bmetest.bmetest:PersistentLevel.REINST_MyCharacter_C_0.CollisionCylinder, which should never happen in the editor but could happen at runtime with duplicate level loading or PIE
[2017.04.23-17.34.55:030][727]LogUObjectGlobals:Warning: Guid referenced by ArrowComponent /Game/StarterContent/Maps/bmetest.bmetest:PersistentLevel.MyCharacter_2.Arrow is already used by ArrowComponent /Game/StarterContent/Maps/bmetest.bmetest:PersistentLevel.REINST_MyCharacter_C_0.Arrow, which should never happen in the editor but could happen at runtime with duplicate level loading or PIE
[2017.04.23-17.34.55:030][727]LogUObjectGlobals:Warning: Guid referenced by CharacterMovementComponent /Game/StarterContent/Maps/bmetest.bmetest:PersistentLevel.MyCharacter_2.CharMoveComp is already used by CharacterMovementComponent /Game/StarterContent/Maps/bmetest.bmetest:PersistentLevel.REINST_MyCharacter_C_0.CharMoveComp, which should never happen in the editor but could happen at runtime with duplicate level loading or PIE
[2017.04.23-17.34.55:030][727]LogUObjectGlobals:Warning: Guid referenced by SkeletalMeshComponent /Game/StarterContent/Maps/bmetest.bmetest:PersistentLevel.MyCharacter_2.CharacterMesh0 is already used by SkeletalMeshComponent /Game/StarterContent/Maps/bmetest.bmetest:PersistentLevel.REINST_MyCharacter_C_0.CharacterMesh0, which should never happen in the editor but could happen at runtime with duplicate level loading or PIE
[2017.04.23-17.34.55:691][774]Cmd: OBJ SAVEPACKAGE PACKAGE="/Game/Character/MyCharacter" FILE="../../../../Proj/AI2/Content/Character/MyCharacter.uasset" SILENT=true
[2017.04.23-17.34.55:702][774]LogSavePackage: Save=10.68ms
[2017.04.23-17.34.55:702][774]LogSavePackage: Moving '../../../../Proj/AI2/Saved/MyCharacter7DDC8B6B42AAAFEA109F678D5E4DB75E.tmp' to '../../../../Proj/AI2/Content/Character/MyCharacter.uasset'
[2017.04.23-17.34.55:703][774]LogSavePackage:Display: Finished SavePackage ../../../../Proj/AI2/Content/Character/MyCharacter.uasset
[2017.04.23-17.37.33:140][ 15]LogSlate: Took 0.000214 seconds to synchronously load lazily loaded font '../../../Engine/Content/Slate/Fonts/Roboto-Light.ttf' (159K)
[2017.04.23-17.37.47:807][501]Cmd: OBJ SAVEPACKAGE PACKAGE="/Game/StarterContent/Maps/bmetest" FILE="../../../../Proj/AI2/Saved/Autosaves/Game/StarterContent/Maps/bmetest_Auto1.umap" SILENT=true AUTOSAVING=true KEEPDIRTY=false
[2017.04.23-17.37.47:840][501]LogSavePackage: Save=22.98ms
[2017.04.23-17.37.47:840][501]LogSavePackage: Moving '../../../../Proj/AI2/Saved/bmetest_Auto1BE63678E4B9091CFBD1966BD89F84DBD.tmp' to '../../../../Proj/AI2/Saved/Autosaves/Game/StarterContent/Maps/bmetest_Auto1.umap'
[2017.04.23-17.37.47:840][501]LogSavePackage:Display: Finished SavePackage ../../../../Proj/AI2/Saved/Autosaves/Game/StarterContent/Maps/bmetest_Auto1.umap
[2017.04.23-17.37.47:841][501]LogFileHelpers: Editor autosave (incl. sublevels) for '/Game/StarterContent/Maps/bmetest' took 0.046
[2017.04.23-17.37.47:841][501]LogFileHelpers: Editor autosave (incl. sublevels) for all levels took 0.046
[2017.04.23-17.37.47:842][501]OBJ SavePackage: Generating thumbnails for [0] asset(s) in package [/Game/Character/MyCharacter] ([1] browsable assets)...
[2017.04.23-17.37.47:842][501]OBJ SavePackage: Finished generating thumbnails for package [/Game/Character/MyCharacter]
[2017.04.23-17.37.47:842][501]Cmd: OBJ SAVEPACKAGE PACKAGE="/Game/Character/MyCharacter" FILE="../../../../Proj/AI2/Saved/Autosaves/Game/Character/MyCharacter_Auto1.uasset" SILENT=false AUTOSAVING=true
[2017.04.23-17.37.47:859][501]LogSavePackage: Save=11.94ms
[2017.04.23-17.37.47:859][501]LogSavePackage: Moving '../../../../Proj/AI2/Saved/MyCharacter_Auto12A007F9F49D019185E9FBFA41B125555.tmp' to '../../../../Proj/AI2/Saved/Autosaves/Game/Character/MyCharacter_Auto1.uasset'
[2017.04.23-17.37.47:859][501]LogSavePackage:Display: Finished SavePackage ../../../../Proj/AI2/Saved/Autosaves/Game/Character/MyCharacter_Auto1.uasset
[2017.04.23-17.37.47:859][501]LogFileHelpers: Auto-saving content packages took 0.017
[2017.04.23-17.40.42:756][625]BlueprintLog: New page: Compile MyCharacter
[2017.04.23-17.40.43:376][665]Cmd: OBJ SAVEPACKAGE PACKAGE="/Game/Character/MyCharacter" FILE="../../../../Proj/AI2/Content/Character/MyCharacter.uasset" SILENT=true
[2017.04.23-17.40.43:391][665]LogSavePackage: Save=13.00ms
[2017.04.23-17.40.43:391][665]LogSavePackage: Moving '../../../../Proj/AI2/Saved/MyCharacterABF4BE40488B4947A697859BE354C302.tmp' to '../../../../Proj/AI2/Content/Character/MyCharacter.uasset'
[2017.04.23-17.40.43:398][665]LogSavePackage:Display: Finished SavePackage ../../../../Proj/AI2/Content/Character/MyCharacter.uasset
[2017.04.23-17.41.35:359][547]BlueprintLog: New page: Compile MyCharacter
[2017.04.23-17.41.35:878][593]Cmd: OBJ SAVEPACKAGE PACKAGE="/Game/Character/MyCharacter" FILE="../../../../Proj/AI2/Content/Character/MyCharacter.uasset" SILENT=true
[2017.04.23-17.41.35:894][593]LogSavePackage: Save=13.34ms
[2017.04.23-17.41.35:894][593]LogSavePackage: Moving '../../../../Proj/AI2/Saved/MyCharacter91AA8F0F4E1D5B74E1C4D9A16E6C1702.tmp' to '../../../../Proj/AI2/Content/Character/MyCharacter.uasset'
[2017.04.23-17.41.35:895][593]LogSavePackage:Display: Finished SavePackage ../../../../Proj/AI2/Content/Character/MyCharacter.uasset
[2017.04.23-17.41.39:068][971]LogTemp: Repeting last play command: Selected Viewport
[2017.04.23-17.41.39:081][971]LogPlayLevel: PlayLevel: No blueprints needed recompiling
[2017.04.23-17.41.39:081][971]PIE: New page: PIE session: bmetest (Apr 23, 2017, 9:41:39 PM)
[2017.04.23-17.41.39:081][971]LogPlayLevel: Creating play world package: /Game/StarterContent/Maps/UEDPIE_0_bmetest
[2017.04.23-17.41.39:083][971]LogPlayLevel: PIE: StaticDuplicateObject took: (0.001769s)
[2017.04.23-17.41.39:083][971]LogAIModule: Creating AISystem for world bmetest
[2017.04.23-17.41.39:084][971]LogPlayLevel: PIE: World Init took: (0.000935s)
[2017.04.23-17.41.39:084][971]LogPlayLevel: PIE: Created PIE world by copying editor world from /Game/StarterContent/Maps/bmetest.bmetest to /Game/StarterContent/Maps/UEDPIE_0_bmetest.bmetest (0.002913s)
[2017.04.23-17.41.39:098][971]LogInit: XAudio2 using 'Speakers (High Definition Audio Device)' : 2 channels at 44.1 kHz using 16 bits per sample (channel mask 0x3)
[2017.04.23-17.41.39:103][971]LogInit: FAudioDevice initialized.
[2017.04.23-17.41.39:129][971]LogLoad: Game class is 'MyGM_C'
[2017.04.23-17.41.39:130][971]LogWorld: Bringing World /Game/StarterContent/Maps/UEDPIE_0_bmetest.bmetest up for play (max tick rate 0) at 2017.04.23-19.41.39
[2017.04.23-17.41.39:132][971]LogWorld: Bringing up level for play took: 0.002772
[2017.04.23-17.41.39:133][971]PIE: Info Play in editor start time for /Game/StarterContent/Maps/UEDPIE_0_bmetest 0.681
[2017.04.23-17.44.11:440][342]BlueprintLog: New page: Compile MyCharacter
[2017.04.23-17.44.11:959][388]Cmd: OBJ SAVEPACKAGE PACKAGE="/Game/Character/MyCharacter" FILE="../../../../Proj/AI2/Content/Character/MyCharacter.uasset" SILENT=true
[2017.04.23-17.44.11:979][388]LogSavePackage: Save=13.67ms
[2017.04.23-17.44.11:979][388]LogSavePackage: Moving '../../../../Proj/AI2/Saved/MyCharacter1F64D7C64534B61789EB2E99A3F85BF8.tmp' to '../../../../Proj/AI2/Content/Character/MyCharacter.uasset'
[2017.04.23-17.44.11:980][388]LogSavePackage:Display: Finished SavePackage ../../../../Proj/AI2/Content/Character/MyCharacter.uasset
[2017.04.23-17.44.14:220][656]LogTemp: Repeting last play command: Selected Viewport
[2017.04.23-17.44.14:235][656]LogPlayLevel: PlayLevel: No blueprints needed recompiling
[2017.04.23-17.44.14:235][656]PIE: New page: PIE session: bmetest (Apr 23, 2017, 9:44:14 PM)
[2017.04.23-17.44.14:235][656]LogPlayLevel: Creating play world package: /Game/StarterContent/Maps/UEDPIE_0_bmetest
[2017.04.23-17.44.14:237][656]LogPlayLevel: PIE: StaticDuplicateObject took: (0.001393s)
[2017.04.23-17.44.14:237][656]LogAIModule: Creating AISystem for world bmetest
[2017.04.23-17.44.14:237][656]LogPlayLevel: PIE: World Init took: (0.000661s)
[2017.04.23-17.44.14:238][656]LogPlayLevel: PIE: Created PIE world by copying editor world from /Game/StarterContent/Maps/bmetest.bmetest to /Game/StarterContent/Maps/UEDPIE_0_bmetest.bmetest (0.002214s)
[2017.04.23-17.44.14:252][656]LogInit: XAudio2 using 'Speakers (High Definition Audio Device)' : 2 channels at 44.1 kHz using 16 bits per sample (channel mask 0x3)
[2017.04.23-17.44.14:257][656]LogInit: FAudioDevice initialized.
[2017.04.23-17.44.14:284][656]LogLoad: Game class is 'MyGM_C'
[2017.04.23-17.44.14:285][656]LogWorld: Bringing World /Game/StarterContent/Maps/UEDPIE_0_bmetest.bmetest up for play (max tick rate 0) at 2017.04.23-19.44.14
[2017.04.23-17.44.14:286][656]LogWorld: Bringing up level for play took: 0.001012
[2017.04.23-17.44.14:286][656]PIE: Info Play in editor start time for /Game/StarterContent/Maps/UEDPIE_0_bmetest -0.165
[2017.04.23-17.44.51:529][865]BlueprintLog: New page: Compile MyCharacter
[2017.04.23-17.44.52:009][906]Cmd: OBJ SAVEPACKAGE PACKAGE="/Game/Character/MyCharacter" FILE="../../../../Proj/AI2/Content/Character/MyCharacter.uasset" SILENT=true
[2017.04.23-17.44.52:025][906]LogSavePackage: Save=13.47ms
[2017.04.23-17.44.52:025][906]LogSavePackage: Moving '../../../../Proj/AI2/Saved/MyCharacter0A0931354485CC27A9B428A7A2DBD303.tmp' to '../../../../Proj/AI2/Content/Character/MyCharacter.uasset'
[2017.04.23-17.44.52:025][906]LogSavePackage:Display: Finished SavePackage ../../../../Proj/AI2/Content/Character/MyCharacter.uasset
[2017.04.23-17.45.49:732][ 31]BlueprintLog: New page: Compile MyCharacter
[2017.04.23-17.45.50:518][ 69]Cmd: OBJ SAVEPACKAGE PACKAGE="/Game/Character/MyCharacter" FILE="../../../../Proj/AI2/Content/Character/MyCharacter.uasset" SILENT=true
[2017.04.23-17.45.50:535][ 69]LogSavePackage: Save=14.73ms
[2017.04.23-17.45.50:535][ 69]LogSavePackage: Moving '../../../../Proj/AI2/Saved/MyCharacter6A413D064AE341C4F5A9B0B355DC41F3.tmp' to '../../../../Proj/AI2/Content/Character/MyCharacter.uasset'
[2017.04.23-17.45.50:536][ 69]LogSavePackage:Display: Finished SavePackage ../../../../Proj/AI2/Content/Character/MyCharacter.uasset
[2017.04.23-17.46.41:839][479]BlueprintLog: New page: Compile MyCharacter
[2017.04.23-17.47.10:383][571]BlueprintLog: New page: Compile MyCharacter
[2017.04.23-17.47.11:131][612]Cmd: OBJ SAVEPACKAGE PACKAGE="/Game/Character/MyCharacter" FILE="../../../../Proj/AI2/Content/Character/MyCharacter.uasset" SILENT=true
[2017.04.23-17.47.11:151][612]LogSavePackage: Save=17.39ms
[2017.04.23-17.47.11:151][612]LogSavePackage: Moving '../../../../Proj/AI2/Saved/MyCharacter9F66C927471FEDD037630CA526B288B4.tmp' to '../../../../Proj/AI2/Content/Character/MyCharacter.uasset'
[2017.04.23-17.47.11:152][612]LogSavePackage:Display: Finished SavePackage ../../../../Proj/AI2/Content/Character/MyCharacter.uasset
[2017.04.23-17.48.14:367][219]Cmd: OBJ SAVEPACKAGE PACKAGE="/Game/StarterContent/Maps/bmetest" FILE="../../../../Proj/AI2/Saved/Autosaves/Game/StarterContent/Maps/bmetest_Auto2.umap" SILENT=true AUTOSAVING=true KEEPDIRTY=false
[2017.04.23-17.48.14:398][219]LogSavePackage: Save=24.08ms
[2017.04.23-17.48.14:398][219]LogSavePackage: Moving '../../../../Proj/AI2/Saved/bmetest_Auto2CC34F21A4945B2736C7BA5B312F3CC45.tmp' to '../../../../Proj/AI2/Saved/Autosaves/Game/StarterContent/Maps/bmetest_Auto2.umap'
[2017.04.23-17.48.14:399][219]LogSavePackage:Display: Finished SavePackage ../../../../Proj/AI2/Saved/Autosaves/Game/StarterContent/Maps/bmetest_Auto2.umap
[2017.04.23-17.48.14:400][219]LogFileHelpers: Editor autosave (incl. sublevels) for '/Game/StarterContent/Maps/bmetest' took 0.044
[2017.04.23-17.48.14:400][219]LogFileHelpers: Editor autosave (incl. sublevels) for all levels took 0.044
[2017.04.23-17.48.14:401][219]OBJ SavePackage: Generating thumbnails for [0] asset(s) in package [/Game/Character/MyCharacter] ([1] browsable assets)...
[2017.04.23-17.48.14:401][219]OBJ SavePackage: Finished generating thumbnails for package [/Game/Character/MyCharacter]
[2017.04.23-17.48.14:401][219]Cmd: OBJ SAVEPACKAGE PACKAGE="/Game/Character/MyCharacter" FILE="../../../../Proj/AI2/Saved/Autosaves/Game/Character/MyCharacter_Auto2.uasset" SILENT=false AUTOSAVING=true
[2017.04.23-17.48.14:419][219]LogSavePackage: Save=16.08ms
[2017.04.23-17.48.14:419][219]LogSavePackage: Moving '../../../../Proj/AI2/Saved/MyCharacter_Auto2A81340294AA3E610687E2590C1584516.tmp' to '../../../../Proj/AI2/Saved/Autosaves/Game/Character/MyCharacter_Auto2.uasset'
[2017.04.23-17.48.14:420][219]LogSavePackage:Display: Finished SavePackage ../../../../Proj/AI2/Saved/Autosaves/Game/Character/MyCharacter_Auto2.uasset
[2017.04.23-17.48.14:420][219]LogFileHelpers: Auto-saving content packages took 0.019
[2017.04.23-17.48.21:177][922]BlueprintLog: New page: Compile MyCharacter
[2017.04.23-17.48.21:701][959]Cmd: OBJ SAVEPACKAGE PACKAGE="/Game/Character/MyCharacter" FILE="../../../../Proj/AI2/Content/Character/MyCharacter.uasset" SILENT=true
[2017.04.23-17.48.21:718][959]LogSavePackage: Save=14.98ms
[2017.04.23-17.48.21:718][959]LogSavePackage: Moving '../../../../Proj/AI2/Saved/MyCharacter845FFD5E452CF3C389E45098CBD174AF.tmp' to '../../../../Proj/AI2/Content/Character/MyCharacter.uasset'
[2017.04.23-17.48.21:721][959]LogSavePackage:Display: Finished SavePackage ../../../../Proj/AI2/Content/Character/MyCharacter.uasset
[2017.04.23-17.48.22:763][ 70]LogTemp: Repeting last play command: Selected Viewport
[2017.04.23-17.48.22:778][ 70]LogPlayLevel: PlayLevel: No blueprints needed recompiling
[2017.04.23-17.48.22:778][ 70]PIE: New page: PIE session: bmetest (Apr 23, 2017, 9:48:22 PM)
[2017.04.23-17.48.22:778][ 70]LogPlayLevel: Creating play world package: /Game/StarterContent/Maps/UEDPIE_0_bmetest
[2017.04.23-17.48.22:780][ 70]LogPlayLevel: PIE: StaticDuplicateObject took: (0.001378s)
[2017.04.23-17.48.22:780][ 70]LogAIModule: Creating AISystem for world bmetest
[2017.04.23-17.48.22:780][ 70]LogPlayLevel: PIE: World Init took: (0.000757s)
[2017.04.23-17.48.22:781][ 70]LogPlayLevel: PIE: Created PIE world by copying editor world from /Game/StarterContent/Maps/bmetest.bmetest to /Game/StarterContent/Maps/UEDPIE_0_bmetest.bmetest (0.002333s)
[2017.04.23-17.48.22:822][ 70]LogInit: XAudio2 using 'Speakers (High Definition Audio Device)' : 2 channels at 44.1 kHz using 16 bits per sample (channel mask 0x3)
[2017.04.23-17.48.22:826][ 70]LogInit: FAudioDevice initialized.
[2017.04.23-17.48.22:854][ 70]LogLoad: Game class is 'MyGM_C'
[2017.04.23-17.48.22:855][ 70]LogWorld: Bringing World /Game/StarterContent/Maps/UEDPIE_0_bmetest.bmetest up for play (max tick rate 0) at 2017.04.23-19.48.22
[2017.04.23-17.48.22:855][ 70]LogWorld: Bringing up level for play took: 0.001025
[2017.04.23-17.48.22:856][ 70]PIE: Info Play in editor start time for /Game/StarterContent/Maps/UEDPIE_0_bmetest 0.405
[2017.04.23-17.48.47:003][679]BlueprintLog: New page: Compile MyCharacter
[2017.04.23-17.48.47:586][724]Cmd: OBJ SAVEPACKAGE PACKAGE="/Game/Character/MyCharacter" FILE="../../../../Proj/AI2/Content/Character/MyCharacter.uasset" SILENT=true
[2017.04.23-17.48.47:603][724]LogSavePackage: Save=14.92ms
[2017.04.23-17.48.47:603][724]LogSavePackage: Moving '../../../../Proj/AI2/Saved/MyCharacter187FB4AD42E6F0FAA918E7B031C6EEC8.tmp' to '../../../../Proj/AI2/Content/Character/MyCharacter.uasset'
[2017.04.23-17.48.47:604][724]LogSavePackage:Display: Finished SavePackage ../../../../Proj/AI2/Content/Character/MyCharacter.uasset
[2017.04.23-17.48.50:390][ 42]LogTemp: Repeting last play command: Selected Viewport
[2017.04.23-17.48.50:404][ 42]LogPlayLevel: PlayLevel: No blueprints needed recompiling
[2017.04.23-17.48.50:404][ 42]PIE: New page: PIE session: bmetest (Apr 23, 2017, 9:48:50 PM)
[2017.04.23-17.48.50:404][ 42]LogPlayLevel: Creating play world package: /Game/StarterContent/Maps/UEDPIE_0_bmetest
[2017.04.23-17.48.50:405][ 42]LogPlayLevel: PIE: StaticDuplicateObject took: (0.001233s)
[2017.04.23-17.48.50:406][ 42]LogAIModule: Creating AISystem for world bmetest
[2017.04.23-17.48.50:406][ 42]LogPlayLevel: PIE: World Init took: (0.000727s)
[2017.04.23-17.48.50:406][ 42]LogPlayLevel: PIE: Created PIE world by copying editor world from /Game/StarterContent/Maps/bmetest.bmetest to /Game/StarterContent/Maps/UEDPIE_0_bmetest.bmetest (0.002120s)
[2017.04.23-17.48.50:445][ 42]LogInit: XAudio2 using 'Speakers (High Definition Audio Device)' : 2 channels at 44.1 kHz using 16 bits per sample (channel mask 0x3)
[2017.04.23-17.48.50:450][ 42]LogInit: FAudioDevice initialized.
[2017.04.23-17.48.50:475][ 42]LogLoad: Game class is 'MyGM_C'
[2017.04.23-17.48.50:477][ 42]LogWorld: Bringing World /Game/StarterContent/Maps/UEDPIE_0_bmetest.bmetest up for play (max tick rate 0) at 2017.04.23-19.48.50
[2017.04.23-17.48.50:477][ 42]LogWorld: Bringing up level for play took: 0.000966
[2017.04.23-17.48.50:478][ 42]PIE: Info Play in editor start time for /Game/StarterContent/Maps/UEDPIE_0_bmetest 0.027
[2017.04.23-17.52.32:755][592]BlueprintLog: New page: Compile MyCharacter
[2017.04.23-17.52.33:244][625]Cmd: OBJ SAVEPACKAGE PACKAGE="/Game/Character/MyCharacter" FILE="../../../../Proj/AI2/Content/Character/MyCharacter.uasset" SILENT=true
[2017.04.23-17.52.33:266][625]LogSavePackage: Save=15.77ms
[2017.04.23-17.52.33:266][625]LogSavePackage: Moving '../../../../Proj/AI2/Saved/MyCharacterC02E6B5742D36AFEA4CD6DB2FD838002.tmp' to '../../../../Proj/AI2/Content/Character/MyCharacter.uasset'
[2017.04.23-17.52.33:266][625]LogSavePackage:Display: Finished SavePackage ../../../../Proj/AI2/Content/Character/MyCharacter.uasset
[2017.04.23-17.54.58:720][ 72]BlueprintLog: New page: Compile MyCharacter
[2017.04.23-17.54.59:237][115]Cmd: OBJ SAVEPACKAGE PACKAGE="/Game/Character/MyCharacter" FILE="../../../../Proj/AI2/Content/Character/MyCharacter.uasset" SILENT=true
[2017.04.23-17.54.59:257][115]LogSavePackage: Save=18.31ms
[2017.04.23-17.54.59:257][115]LogSavePackage: Moving '../../../../Proj/AI2/Saved/MyCharacter2049982649E781377EAB5E837E47AB98.tmp' to '../../../../Proj/AI2/Content/Character/MyCharacter.uasset'
[2017.04.23-17.54.59:258][115]LogSavePackage:Display: Finished SavePackage ../../../../Proj/AI2/Content/Character/MyCharacter.uasset
[2017.04.23-17.55.01:504][380]LogTemp: Repeting last play command: Selected Viewport
[2017.04.23-17.55.01:520][380]LogPlayLevel: PlayLevel: No blueprints needed recompiling
[2017.04.23-17.55.01:520][380]PIE: New page: PIE session: bmetest (Apr 23, 2017, 9:55:01 PM)
[2017.04.23-17.55.01:520][380]LogPlayLevel: Creating play world package: /Game/StarterContent/Maps/UEDPIE_0_bmetest
[2017.04.23-17.55.01:521][380]LogPlayLevel: PIE: StaticDuplicateObject took: (0.001461s)
[2017.04.23-17.55.01:522][380]LogAIModule: Creating AISystem for world bmetest
[2017.04.23-17.55.01:522][380]LogPlayLevel: PIE: World Init took: (0.000906s)
[2017.04.23-17.55.01:522][380]LogPlayLevel: PIE: Created PIE world by copying editor world from /Game/StarterContent/Maps/bmetest.bmetest to /Game/StarterContent/Maps/UEDPIE_0_bmetest.bmetest (0.002557s)
[2017.04.23-17.55.01:564][380]LogInit: XAudio2 using 'Speakers (High Definition Audio Device)' : 2 channels at 44.1 kHz using 16 bits per sample (channel mask 0x3)
[2017.04.23-17.55.01:569][380]LogInit: FAudioDevice initialized.
[2017.04.23-17.55.01:594][380]LogLoad: Game class is 'MyGM_C'
[2017.04.23-17.55.01:596][380]LogWorld: Bringing World /Game/StarterContent/Maps/UEDPIE_0_bmetest.bmetest up for play (max tick rate 0) at 2017.04.23-19.55.01
[2017.04.23-17.55.01:596][380]LogWorld: Bringing up level for play took: 0.000983
[2017.04.23-17.55.01:597][380]PIE: Info Play in editor start time for /Game/StarterContent/Maps/UEDPIE_0_bmetest -0.855
[2017.04.23-17.55.43:497][ 65]BlueprintLog: New page: Compile MyCharacter
[2017.04.23-17.55.55:598][540]LogTemp: Repeting last play command: Selected Viewport
[2017.04.23-17.55.55:610][540]LogPlayLevel: PlayLevel: No blueprints needed recompiling
[2017.04.23-17.55.55:610][540]PIE: New page: PIE session: bmetest (Apr 23, 2017, 9:55:55 PM)
[2017.04.23-17.55.55:610][540]LogPlayLevel: Creating play world package: /Game/StarterContent/Maps/UEDPIE_0_bmetest
[2017.04.23-17.55.55:612][540]LogPlayLevel: PIE: StaticDuplicateObject took: (0.001289s)
[2017.04.23-17.55.55:612][540]LogAIModule: Creating AISystem for world bmetest
[2017.04.23-17.55.55:613][540]LogPlayLevel: PIE: World Init took: (0.000992s)
[2017.04.23-17.55.55:613][540]LogPlayLevel: PIE: Created PIE world by copying editor world from /Game/StarterContent/Maps/bmetest.bmetest to /Game/StarterContent/Maps/UEDPIE_0_bmetest.bmetest (0.002483s)
[2017.04.23-17.55.55:653][540]LogInit: XAudio2 using 'Speakers (High Definition Audio Device)' : 2 channels at 44.1 kHz using 16 bits per sample (channel mask 0x3)
[2017.04.23-17.55.55:657][540]LogInit: FAudioDevice initialized.
[2017.04.23-17.55.55:682][540]LogLoad: Game class is 'MyGM_C'
[2017.04.23-17.55.55:683][540]LogWorld: Bringing World /Game/StarterContent/Maps/UEDPIE_0_bmetest.bmetest up for play (max tick rate 0) at 2017.04.23-19.55.55
[2017.04.23-17.55.55:684][540]LogWorld: Bringing up level for play took: 0.000892
[2017.04.23-17.55.55:685][540]PIE: Info Play in editor start time for /Game/StarterContent/Maps/UEDPIE_0_bmetest -0.767
[2017.04.23-17.58.03:972][458]BlueprintLog: New page: Compile MyCharacter
[2017.04.23-17.58.04:592][512]Cmd: OBJ SAVEPACKAGE PACKAGE="/Game/Character/MyCharacter" FILE="../../../../Proj/AI2/Content/Character/MyCharacter.uasset" SILENT=true
[2017.04.23-17.58.04:613][512]LogSavePackage: Save=15.69ms
[2017.04.23-17.58.04:613][512]LogSavePackage: Moving '../../../../Proj/AI2/Saved/MyCharacter86ECA726484D38D4289C4A98227066E8.tmp' to '../../../../Proj/AI2/Content/Character/MyCharacter.uasset'
[2017.04.23-17.58.04:614][512]LogSavePackage:Display: Finished SavePackage ../../../../Proj/AI2/Content/Character/MyCharacter.uasset
[2017.04.23-17.59.27:172][810]Cmd: OBJ SAVEPACKAGE PACKAGE="/Game/StarterContent/Maps/bmetest" FILE="../../../../Proj/AI2/Saved/Autosaves/Game/StarterContent/Maps/bmetest_Auto3.umap" SILENT=true AUTOSAVING=true KEEPDIRTY=false
[2017.04.23-17.59.27:204][810]LogSavePackage: Save=24.71ms
[2017.04.23-17.59.27:204][810]LogSavePackage: Moving '../../../../Proj/AI2/Saved/bmetest_Auto3A06617874455AADA523F97BD1D6C11EB.tmp' to '../../../../Proj/AI2/Saved/Autosaves/Game/StarterContent/Maps/bmetest_Auto3.umap'
[2017.04.23-17.59.27:204][810]LogSavePackage:Display: Finished SavePackage ../../../../Proj/AI2/Saved/Autosaves/Game/StarterContent/Maps/bmetest_Auto3.umap
[2017.04.23-17.59.27:205][810]LogFileHelpers: Editor autosave (incl. sublevels) for '/Game/StarterContent/Maps/bmetest' took 0.046
[2017.04.23-17.59.27:205][810]LogFileHelpers: Editor autosave (incl. sublevels) for all levels took 0.046
[2017.04.23-18.00.23:911][174]BlueprintLog: New page: Compile MyCharacter
[2017.04.23-18.00.24:336][205]Cmd: OBJ SAVEPACKAGE PACKAGE="/Game/Character/MyCharacter" FILE="../../../../Proj/AI2/Content/Character/MyCharacter.uasset" SILENT=true
[2017.04.23-18.00.24:354][205]LogSavePackage: Save=16.45ms
[2017.04.23-18.00.24:354][205]LogSavePackage: Moving '../../../../Proj/AI2/Saved/MyCharacter568E110D4CA33581E29A7D96ED186A7D.tmp' to '../../../../Proj/AI2/Content/Character/MyCharacter.uasset'
[2017.04.23-18.00.24:355][205]LogSavePackage:Display: Finished SavePackage ../../../../Proj/AI2/Content/Character/MyCharacter.uasset
[2017.04.23-18.00.29:832][774]LogSlate: Only BGRA pngs, bmps or icos are supported in by External Image Picker
[2017.04.23-18.00.29:873][775]LogTemp:Display: Executing iPhonePackager certificates Engine -bundlename com.YourCompany.AI2

[2017.04.23-18.00.29:873][775]LogTemp:Display: CWD: D:\UE_4.15\Engine\Binaries\DotNET\IOS

[2017.04.23-18.00.29:873][775]LogTemp:Display: Initial Dir: D:\UE_4.15

[2017.04.23-18.00.29:873][775]LogTemp:Display: Env CWD: D:\UE_4.15\Engine\Binaries\DotNET\IOS

[2017.04.23-18.00.29:873][775]LogTemp:Display: BranchPath = DESKTOP-PB3B9QB/D/UE_4.15/Engine/Binaries --- GameBranchPath = DESKTOP-PB3B9QB/D/UE_4.15/Engine/Binaries

[2017.04.23-18.00.29:873][775]LogTemp:Display: IPP ERROR: Application exception: System.IO.DirectoryNotFoundException: Could not find a part of the path 'C:\Users\BME\AppData\Local\Apple Computer\MobileDevice\Provisioning Profiles'.

[2017.04.23-18.00.29:873][775]LogTemp:Display:    at System.IO.__Error.WinIOError(Int32 errorCode, String maybeFullPath)

[2017.04.23-18.00.29:873][775]LogTemp:Display:    at System.IO.FileSystemEnumerableIterator`1.CommonInit()

[2017.04.23-18.00.29:873][775]LogTemp:Display:    at System.IO.Directory.EnumerateFiles(String path, String searchPattern)

[2017.04.23-18.00.29:873][775]LogTemp:Display:    at iPhonePackager.CodeSignatureBuilder.FindProvisions(String CFBundleIdentifier)

[2017.04.23-18.00.29:873][775]LogTemp:Display:    at iPhonePackager.Program.Main(String[] args)

[2017.04.23-18.00.40:081][140]LogWindowsTextInputMethodSystem:Display: IME system now deactivated.
[2017.04.23-18.00.40:081][140]LogWindowsTextInputMethodSystem:Display: IME system now deactivated.
[2017.04.23-18.00.55:810][ 20]LogTemp: Repeting last play command: Selected Viewport
[2017.04.23-18.00.55:822][ 20]LogPlayLevel: PlayLevel: No blueprints needed recompiling
[2017.04.23-18.00.55:822][ 20]PIE: New page: PIE session: bmetest (Apr 23, 2017, 10:00:55 PM)
[2017.04.23-18.00.55:822][ 20]LogPlayLevel: Creating play world package: /Game/StarterContent/Maps/UEDPIE_0_bmetest
[2017.04.23-18.00.55:824][ 20]LogPlayLevel: PIE: StaticDuplicateObject took: (0.001456s)
[2017.04.23-18.00.55:824][ 20]LogAIModule: Creating AISystem for world bmetest
[2017.04.23-18.00.55:825][ 20]LogPlayLevel: PIE: World Init took: (0.000974s)
[2017.04.23-18.00.55:825][ 20]LogPlayLevel: PIE: Created PIE world by copying editor world from /Game/StarterContent/Maps/bmetest.bmetest to /Game/StarterContent/Maps/UEDPIE_0_bmetest.bmetest (0.002657s)
[2017.04.23-18.00.55:874][ 20]LogInit: XAudio2 using 'Speakers (High Definition Audio Device)' : 2 channels at 44.1 kHz using 16 bits per sample (channel mask 0x3)
[2017.04.23-18.00.55:879][ 20]LogInit: FAudioDevice initialized.
[2017.04.23-18.00.55:906][ 20]LogLoad: Game class is 'MyGM_C'
[2017.04.23-18.00.55:907][ 20]LogWorld: Bringing World /Game/StarterContent/Maps/UEDPIE_0_bmetest.bmetest up for play (max tick rate 0) at 2017.04.23-20.00.55
[2017.04.23-18.00.55:908][ 20]LogWorld: Bringing up level for play took: 0.000958
[2017.04.23-18.00.55:908][ 20]PIE: Info Play in editor start time for /Game/StarterContent/Maps/UEDPIE_0_bmetest -0.543
[2017.04.23-18.02.29:395][172]BlueprintLog: New page: Compile MyCharacter
[2017.04.23-18.02.29:887][205]Cmd: OBJ SAVEPACKAGE PACKAGE="/Game/Character/MyCharacter" FILE="../../../../Proj/AI2/Content/Character/MyCharacter.uasset" SILENT=true
[2017.04.23-18.02.29:907][205]LogSavePackage: Save=16.13ms
[2017.04.23-18.02.29:907][205]LogSavePackage: Moving '../../../../Proj/AI2/Saved/MyCharacter208F09D740F567D3EBAC14883CE6E409.tmp' to '../../../../Proj/AI2/Content/Character/MyCharacter.uasset'
[2017.04.23-18.02.29:908][205]LogSavePackage:Display: Finished SavePackage ../../../../Proj/AI2/Content/Character/MyCharacter.uasset
[2017.04.23-18.02.38:587][154]LogTemp: Repeting last play command: Selected Viewport
[2017.04.23-18.02.38:599][154]LogPlayLevel: PlayLevel: No blueprints needed recompiling
[2017.04.23-18.02.38:599][154]PIE: New page: PIE session: bmetest (Apr 23, 2017, 10:02:38 PM)
[2017.04.23-18.02.38:599][154]LogPlayLevel: Creating play world package: /Game/StarterContent/Maps/UEDPIE_0_bmetest
[2017.04.23-18.02.38:600][154]LogPlayLevel: PIE: StaticDuplicateObject took: (0.001393s)
[2017.04.23-18.02.38:601][154]LogAIModule: Creating AISystem for world bmetest
[2017.04.23-18.02.38:601][154]LogPlayLevel: PIE: World Init took: (0.001090s)
[2017.04.23-18.02.38:602][154]LogPlayLevel: PIE: Created PIE world by copying editor world from /Game/StarterContent/Maps/bmetest.bmetest to /Game/StarterContent/Maps/UEDPIE_0_bmetest.bmetest (0.002675s)
[2017.04.23-18.02.38:642][154]LogInit: XAudio2 using 'Speakers (High Definition Audio Device)' : 2 channels at 44.1 kHz using 16 bits per sample (channel mask 0x3)
[2017.04.23-18.02.38:646][154]LogInit: FAudioDevice initialized.
[2017.04.23-18.02.38:678][154]LogLoad: Game class is 'MyGM_C'
[2017.04.23-18.02.38:679][154]LogWorld: Bringing World /Game/StarterContent/Maps/UEDPIE_0_bmetest.bmetest up for play (max tick rate 0) at 2017.04.23-20.02.38
[2017.04.23-18.02.38:679][154]LogWorld: Bringing up level for play took: 0.000974
[2017.04.23-18.02.38:680][154]PIE: Info Play in editor start time for /Game/StarterContent/Maps/UEDPIE_0_bmetest 0.229
[2017.04.23-18.02.43:049][664]LogEditorViewport: Clicking on Actor (LMB): StaticMeshActor (Floor)
[2017.04.23-18.02.47:166][149]Cmd: SELECT NONE
[2017.04.23-18.02.51:188][587]Cmd: OBJ SAVEPACKAGE PACKAGE="/Game/StarterContent/Maps/bmetest" FILE="../../../../Proj/AI2/Content/StarterContent/Maps/bmetest.umap" SILENT=true AUTOSAVING=false KEEPDIRTY=false
[2017.04.23-18.02.51:229][587]LogSavePackage: Save=25.55ms
[2017.04.23-18.02.51:229][587]LogSavePackage: Moving '../../../../Proj/AI2/Saved/bmetest8FA7020349FE1AB8840B5FA2C7B0D1C2.tmp' to '../../../../Proj/AI2/Content/StarterContent/Maps/bmetest.umap'
[2017.04.23-18.02.51:231][587]LogSavePackage:Display: Finished SavePackage ../../../../Proj/AI2/Content/StarterContent/Maps/bmetest.umap
[2017.04.23-18.03.16:987][490]LogWindowsTextInputMethodSystem:Display: IME system now deactivated.
[2017.04.23-18.03.16:987][490]LogWindowsTextInputMethodSystem:Display: IME system now deactivated.
[2017.04.23-18.03.17:257][501]LogWindowsTextInputMethodSystem:Display: IME system now deactivated.
[2017.04.23-18.03.17:547][502]Cmd: QUIT_EDITOR
[2017.04.23-18.03.17:932][502]LogExit: Preparing to exit.
[2017.04.23-18.03.18:588][502]LogDirectoryWatcher: A directory notification for 'D:/Proj/AI2/Content/' was aborted.
[2017.04.23-18.03.18:619][502]LogExit: Editor shut down
[2017.04.23-18.03.18:620][502]LogExit: Transaction tracking system shut down
[2017.04.23-18.03.18:689][502]LogObj: Freed 0b from 0 cluster array pools.
[2017.04.23-18.03.18:689][502]LogExit: Object subsystem successfully closed.
[2017.04.23-18.03.18:700][502]LogD3D11RHI: Shutdown
[2017.04.23-18.03.18:700][502]LogD3D11RHI: CleanupD3DDevice
[2017.04.23-18.03.18:770][502]LogD3D11RHI: ~FD3D11DynamicRHI
[2017.04.23-18.03.18:778][502]LogModuleManager: Shutting down and abandoning module MovieSceneCapture (506)
[2017.04.23-18.03.18:778][502]LogModuleManager: Shutting down and abandoning module ExternalImagePicker (504)
[2017.04.23-18.03.18:778][502]LogModuleManager: Shutting down and abandoning module BlueprintGraph (502)
[2017.04.23-18.03.18:778][502]LogModuleManager: Shutting down and abandoning module BlueprintProfiler (500)
[2017.04.23-18.03.18:778][502]LogModuleManager: Shutting down and abandoning module HierarchicalLODOutliner (498)
[2017.04.23-18.03.18:778][502]LogModuleManager: Shutting down and abandoning module CrashTracker (496)
[2017.04.23-18.03.18:778][502]LogModuleManager: Shutting down and abandoning module SceneOutliner (494)
[2017.04.23-18.03.18:778][502]LogModuleManager: Shutting down and abandoning module AddContentDialog (492)
[2017.04.23-18.03.18:779][502]LogDirectoryWatcher: A directory notification for 'D:/UE_4.15/FeaturePacks/' was aborted.
[2017.04.23-18.03.18:782][502]LogModuleManager: Shutting down and abandoning module WidgetCarousel (491)
[2017.04.23-18.03.18:782][502]LogModuleManager: Shutting down and abandoning module EditorWidgets (488)
[2017.04.23-18.03.18:782][502]LogModuleManager: Shutting down and abandoning module CollectionManager (486)
[2017.04.23-18.03.18:782][502]LogDirectoryWatcher: A directory notification for 'D:/Proj/AI2/Content/Collections/' was aborted.
[2017.04.23-18.03.18:782][502]LogDirectoryWatcher: A directory notification for 'D:/Proj/AI2/Content/Developers/BME/Collections/' was aborted.
[2017.04.23-18.03.18:782][502]LogDirectoryWatcher: A directory notification for 'D:/Proj/AI2/Saved/Collections/' was aborted.
[2017.04.23-18.03.18:782][502]LogModuleManager: Shutting down and abandoning module StatsViewer (484)
[2017.04.23-18.03.18:782][502]LogModuleManager: Shutting down and abandoning module FoliageEdit (482)
[2017.04.23-18.03.18:782][502]LogModuleManager: Shutting down and abandoning module LandscapeEditor (480)
[2017.04.23-18.03.18:782][502]LogModuleManager: Shutting down and abandoning module SceneDepthPickerMode (478)
[2017.04.23-18.03.18:782][502]LogModuleManager: Shutting down and abandoning module ActorPickerMode (476)
[2017.04.23-18.03.18:782][502]LogModuleManager: Shutting down and abandoning module GeometryMode (474)
[2017.04.23-18.03.18:782][502]LogModuleManager: Shutting down and abandoning module TextureAlignMode (472)
[2017.04.23-18.03.18:782][502]LogModuleManager: Shutting down and abandoning module BspMode (470)
[2017.04.23-18.03.18:782][502]LogModuleManager: Shutting down and abandoning module HardwareSurvey (468)
[2017.04.23-18.03.18:782][502]LogModuleManager: Shutting down and abandoning module SequenceRecorderSections (466)
[2017.04.23-18.03.18:782][502]LogModuleManager: Shutting down and abandoning module AutomationWorker (464)
[2017.04.23-18.03.18:782][502]LogModuleManager: Shutting down and abandoning module MatineeToLevelSequence (462)
[2017.04.23-18.03.18:782][502]LogModuleManager: Shutting down and abandoning module LevelSequenceEditor (460)
[2017.04.23-18.03.18:782][502]LogModuleManager: Shutting down and abandoning module PlacementMode (459)
[2017.04.23-18.03.18:782][502]LogModuleManager: Shutting down and abandoning module WmfMediaFactory (456)
[2017.04.23-18.03.18:782][502]LogModuleManager: Shutting down and abandoning module WmfMediaEditor (454)
[2017.04.23-18.03.18:782][502]LogModuleManager: Shutting down and abandoning module MfMediaFactory (452)
[2017.04.23-18.03.18:782][502]LogModuleManager: Shutting down and abandoning module MfMediaEditor (450)
[2017.04.23-18.03.18:782][502]LogModuleManager: Shutting down and abandoning module AvfMediaFactory (448)
[2017.04.23-18.03.18:782][502]LogModuleManager: Shutting down and abandoning module AvfMediaEditor (446)
[2017.04.23-18.03.18:782][502]LogModuleManager: Shutting down and abandoning module AndroidMediaFactory (444)
[2017.04.23-18.03.18:782][502]LogModuleManager: Shutting down and abandoning module Media (443)
[2017.04.23-18.03.18:782][502]LogModuleManager: Shutting down and abandoning module AndroidMediaEditor (440)
[2017.04.23-18.03.18:782][502]LogModuleManager: Shutting down and abandoning module CharacterAI (438)
[2017.04.23-18.03.18:782][502]LogModuleManager: Shutting down and abandoning module AudioCapture (436)
[2017.04.23-18.03.18:782][502]LogModuleManager: Shutting down and abandoning module SequenceRecorder (435)
[2017.04.23-18.03.18:782][502]LogModuleManager: Shutting down and abandoning module SmartSnapping (432)
[2017.04.23-18.03.18:782][502]LogModuleManager: Shutting down and abandoning module SessionServices (430)
[2017.04.23-18.03.18:782][502]LogModuleManager: Shutting down and abandoning module ViewportSnapping (428)
[2017.04.23-18.03.18:782][502]LogModuleManager: Shutting down and abandoning module ViewportInteraction (426)
[2017.04.23-18.03.18:782][502]LogModuleManager: Shutting down and abandoning module LogVisualizer (424)
[2017.04.23-18.03.18:782][502]LogModuleManager: Shutting down and abandoning module IntroTutorials (422)
[2017.04.23-18.03.18:782][502]LogModuleManager: Shutting down and abandoning module GameProjectGeneration (421)
[2017.04.23-18.03.18:782][502]LogModuleManager: Shutting down and abandoning module EditorLiveStreaming (418)
[2017.04.23-18.03.18:782][502]LogModuleManager: Shutting down and abandoning module IOSPlatformEditor (416)
[2017.04.23-18.03.18:782][502]LogModuleManager: Shutting down and abandoning module HTML5PlatformEditor (414)
[2017.04.23-18.03.18:782][502]LogModuleManager: Shutting down and abandoning module AndroidPlatformEditor (412)
[2017.04.23-18.03.18:782][502]LogModuleManager: Shutting down and abandoning module AndroidDeviceDetection (411)
[2017.04.23-18.03.19:740][502]LogModuleManager: Shutting down and abandoning module IOSRuntimeSettings (408)
[2017.04.23-18.03.19:740][502]LogModuleManager: Shutting down and abandoning module AndroidRuntimeSettings (406)
[2017.04.23-18.03.19:740][502]LogModuleManager: Shutting down and abandoning module InputBindingEditor (404)
[2017.04.23-18.03.19:740][502]LogModuleManager: Shutting down and abandoning module NiagaraEditor (402)
[2017.04.23-18.03.19:740][502]LogModuleManager: Shutting down and abandoning module MergeActors (400)
[2017.04.23-18.03.19:740][502]LogModuleManager: Shutting down and abandoning module SizeMap (398)
[2017.04.23-18.03.19:740][502]LogModuleManager: Shutting down and abandoning module TreeMap (396)
[2017.04.23-18.03.19:740][502]LogModuleManager: Shutting down and abandoning module ReferenceViewer (394)
[2017.04.23-18.03.19:740][502]LogModuleManager: Shutting down and abandoning module LocalizationDashboard (392)
[2017.04.23-18.03.19:740][502]LogModuleManager: Shutting down and abandoning module LocalizationService (391)
[2017.04.23-18.03.19:740][502]LogModuleManager: Shutting down and abandoning module HardwareTargeting (388)
[2017.04.23-18.03.19:740][502]LogModuleManager: Shutting down and abandoning module DeviceProfileEditor (386)
[2017.04.23-18.03.19:740][502]LogModuleManager: Shutting down and abandoning module UndoHistory (384)
[2017.04.23-18.03.19:740][502]LogModuleManager: Shutting down and abandoning module UserFeedback (382)
[2017.04.23-18.03.19:740][502]LogModuleManager: Shutting down and abandoning module XmlParser (380)
[2017.04.23-18.03.19:740][502]LogModuleManager: Shutting down and abandoning module Blutility (378)
[2017.04.23-18.03.19:740][502]LogModuleManager: Shutting down and abandoning module ProjectSettingsViewer (376)
[2017.04.23-18.03.19:741][502]LogModuleManager: Shutting down and abandoning module ProjectTargetPlatformEditor (375)
[2017.04.23-18.03.19:741][502]LogModuleManager: Shutting down and abandoning module EditorSettingsViewer (372)
[2017.04.23-18.03.19:741][502]LogModuleManager: Shutting down and abandoning module SettingsEditor (370)
[2017.04.23-18.03.19:741][502]LogModuleManager: Shutting down and abandoning module ProjectLauncher (368)
[2017.04.23-18.03.19:741][502]LogModuleManager: Shutting down and abandoning module SessionFrontend (366)
[2017.04.23-18.03.19:741][502]LogModuleManager: Shutting down and abandoning module ProfilerClient (364)
[2017.04.23-18.03.19:741][502]LogModuleManager: Shutting down and abandoning module DeviceManager (362)
[2017.04.23-18.03.19:741][502]LogModuleManager: Shutting down and abandoning module TargetDeviceServices (361)
[2017.04.23-18.03.19:784][502]LogModuleManager: Shutting down and abandoning module AutomationController (358)
[2017.04.23-18.03.19:784][502]LogModuleManager: Shutting down and abandoning module AutomationWindow (356)
[2017.04.23-18.03.19:784][502]LogModuleManager: Shutting down and abandoning module Layers (354)
[2017.04.23-18.03.19:784][502]LogModuleManager: Shutting down and abandoning module ComponentVisualizers (352)
[2017.04.23-18.03.19:784][502]LogModuleManager: Shutting down and abandoning module DetailCustomizations (350)
[2017.04.23-18.03.19:784][502]LogModuleManager: Shutting down and abandoning module PackagesDialog (348)
[2017.04.23-18.03.19:784][502]LogModuleManager: Shutting down and abandoning module Persona (346)
[2017.04.23-18.03.19:785][502]LogModuleManager: Shutting down and abandoning module AnimGraph (345)
[2017.04.23-18.03.19:785][502]LogModuleManager: Shutting down and abandoning module Kismet (342)
[2017.04.23-18.03.19:793][502]LogModuleManager: Shutting down and abandoning module GraphEditor (340)
[2017.04.23-18.03.19:793][502]LogModuleManager: Shutting down and abandoning module ClassViewer (338)
[2017.04.23-18.03.19:794][502]LogModuleManager: Shutting down and abandoning module Toolbox (336)
[2017.04.23-18.03.19:794][502]LogModuleManager: Shutting down and abandoning module ModuleUI (334)
[2017.04.23-18.03.19:794][502]LogModuleManager: Shutting down and abandoning module MovieSceneTools (332)
[2017.04.23-18.03.19:794][502]LogModuleManager: Shutting down and abandoning module OutputLog (330)
[2017.04.23-18.03.19:794][502]LogModuleManager: Shutting down and abandoning module GammaUI (328)
[2017.04.23-18.03.19:794][502]LogModuleManager: Shutting down and abandoning module Documentation (326)
[2017.04.23-18.03.19:794][502]LogModuleManager: Shutting down and abandoning module Niagara (324)
[2017.04.23-18.03.19:794][502]LogModuleManager: Shutting down and abandoning module StreamingPauseRendering (322)
[2017.04.23-18.03.19:794][502]LogModuleManager: Shutting down and abandoning module AnalyticsET (320)
[2017.04.23-18.03.19:794][502]LogModuleManager: Shutting down and abandoning module PortalServices (318)
[2017.04.23-18.03.19:794][502]LogModuleManager: Shutting down and abandoning module PortalRpc (316)
[2017.04.23-18.03.19:794][502]LogModuleManager: Shutting down and abandoning module MessagingRpc (314)
[2017.04.23-18.03.19:794][502]LogModuleManager: Shutting down and abandoning module AIModule (312)
[2017.04.23-18.03.19:795][502]LogModuleManager: Shutting down and abandoning module GameplayDebugger (311)
[2017.04.23-18.03.19:795][502]LogModuleManager: Shutting down and abandoning module AITestSuite (309)
[2017.04.23-18.03.19:795][502]LogModuleManager: Shutting down and abandoning module ProfilerService (306)
[2017.04.23-18.03.19:797][502]LogModuleManager: Shutting down and abandoning module TaskGraph (304)
[2017.04.23-18.03.19:797][502]LogModuleManager: Shutting down and abandoning module SteamVRController (302)
[2017.04.23-18.03.19:797][502]LogModuleManager: Shutting down and abandoning module SteamVR (300)
[2017.04.23-18.03.19:797][502]LogModuleManager: Shutting down and abandoning module ProceduralMeshComponentEditor (298)
[2017.04.23-18.03.19:797][502]LogModuleManager: Shutting down and abandoning module ProceduralMeshComponent (296)
[2017.04.23-18.03.19:797][502]LogModuleManager: Shutting down and abandoning module OculusLibrary (294)
[2017.04.23-18.03.19:797][502]LogModuleManager: Shutting down and abandoning module OculusInput (292)
[2017.04.23-18.03.19:797][502]LogModuleManager: Shutting down and abandoning module MobilePatchingUtils (290)
[2017.04.23-18.03.19:797][502]LogModuleManager: Shutting down and abandoning module CustomMeshComponent (288)
[2017.04.23-18.03.19:797][502]LogModuleManager: Shutting down and abandoning module CableComponent (286)
[2017.04.23-18.03.19:797][502]LogModuleManager: Shutting down and abandoning module ArchVisCharacter (284)
[2017.04.23-18.03.19:797][502]LogModuleManager: Shutting down and abandoning module MediaPlayerEditor (280)
[2017.04.23-18.03.19:797][502]LogModuleManager: Shutting down and abandoning module HTML5Networking (278)
[2017.04.23-18.03.19:797][502]LogModuleManager: Shutting down and abandoning module AlembicImporter (276)
[2017.04.23-18.03.19:798][502]LogModuleManager: Shutting down and abandoning module AlembicLibrary (275)
[2017.04.23-18.03.19:798][502]LogModuleManager: Shutting down and abandoning module GeometryCache (274)
[2017.04.23-18.03.19:798][502]LogModuleManager: Shutting down and abandoning module GeometryCacheEd (273)
[2017.04.23-18.03.19:798][502]LogModuleManager: Shutting down and abandoning module SuperSearchEditor (268)
[2017.04.23-18.03.19:798][502]LogModuleManager: Shutting down and abandoning module SuperSearch (267)
[2017.04.23-18.03.19:798][502]LogModuleManager: Shutting down and abandoning module SpeedTreeImporter (264)
[2017.04.23-18.03.19:798][502]LogModuleManager: Shutting down and abandoning module PluginBrowser (262)
[2017.04.23-18.03.19:798][502]LogModuleManager: Shutting down and abandoning module MobileLauncherProfileWizard (260)
[2017.04.23-18.03.19:798][502]LogModuleManager: Shutting down and abandoning module EpicSurvey (258)
[2017.04.23-18.03.19:798][502]LogModuleManager: Shutting down and abandoning module VisualStudioSourceCodeAccess (256)
[2017.04.23-18.03.19:798][502]LogModuleManager: Shutting down and abandoning module DesktopPlatform (255)
[2017.04.23-18.03.19:798][502]LogModuleManager: Shutting down and abandoning module UObjectPlugin (252)
[2017.04.23-18.03.19:798][502]LogModuleManager: Shutting down and abandoning module SubversionSourceControl (250)
[2017.04.23-18.03.19:798][502]LogModuleManager: Shutting down and abandoning module PerforceSourceControl (248)
[2017.04.23-18.03.19:798][502]LogModuleManager: Shutting down and abandoning module GitSourceControl (246)
[2017.04.23-18.03.19:798][502]LogModuleManager: Shutting down and abandoning module SourceControl (245)
[2017.04.23-18.03.19:798][502]LogModuleManager: Shutting down and abandoning module LightPropagationVolumeEditor (242)
[2017.04.23-18.03.19:798][502]LogModuleManager: Shutting down and abandoning module PaperTiledImporter (240)
[2017.04.23-18.03.19:798][502]LogModuleManager: Shutting down and abandoning module PaperSpriteSheetImporter (238)
[2017.04.23-18.03.19:798][502]LogModuleManager: Shutting down and abandoning module Paper2DEditor (236)
[2017.04.23-18.03.19:798][502]LogModuleManager: Shutting down and abandoning module MeshPaint (235)
[2017.04.23-18.03.19:798][502]LogModuleManager: Shutting down and abandoning module LevelEditor (233)
[2017.04.23-18.03.19:798][502]LogModuleManager: Shutting down and abandoning module PixelInspectorModule (232)
[2017.04.23-18.03.19:798][502]LogModuleManager: Shutting down and abandoning module MainFrame (230)
[2017.04.23-18.03.19:798][502]LogModuleManager: Shutting down and abandoning module HotReload (229)
[2017.04.23-18.03.19:799][502]LogModuleManager: Shutting down and abandoning module ContentBrowser (225)
[2017.04.23-18.03.19:799][502]LogModuleManager: Shutting down and abandoning module PhysXVehiclesEditor (222)
[2017.04.23-18.03.19:799][502]LogModuleManager: Shutting down and abandoning module PhysXVehicles (220)
[2017.04.23-18.03.19:799][502]LogModuleManager: Shutting down and abandoning module LocationServicesBPLibrary (218)
[2017.04.23-18.03.19:799][502]LogModuleManager: Shutting down and abandoning module UdpMessaging (216)
[2017.04.23-18.03.19:899][502]LogModuleManager: Shutting down and abandoning module TcpMessaging (214)
[2017.04.23-18.03.20:000][502]LogModuleManager: Shutting down and abandoning module GameplayTagsEditor (212)
[2017.04.23-18.03.20:000][502]LogModuleManager: Shutting down and abandoning module FacialAnimationEditor (210)
[2017.04.23-18.03.20:000][502]LogModuleManager: Shutting down and abandoning module FacialAnimation (208)
[2017.04.23-18.03.20:000][502]LogModuleManager: Shutting down and abandoning module LightPropagationVolumeRuntime (206)
[2017.04.23-18.03.20:000][502]LogModuleManager: Shutting down and abandoning module Paper2D (204)
[2017.04.23-18.03.20:000][502]LogModuleManager: Shutting down and abandoning module WindowsMoviePlayer (202)
[2017.04.23-18.03.20:000][502]LogModuleManager: Shutting down and abandoning module WmfMedia (200)
[2017.04.23-18.03.20:000][502]LogModuleManager: Shutting down and abandoning module MfMedia (198)
[2017.04.23-18.03.20:000][502]LogModuleManager: Shutting down and abandoning module MediaAssets (196)
[2017.04.23-18.03.20:000][502]LogModuleManager: Shutting down and abandoning module GameLiveStreaming (194)
[2017.04.23-18.03.20:000][502]LogModuleManager: Shutting down and abandoning module VREditor (192)
[2017.04.23-18.03.20:000][502]LogModuleManager: Shutting down and abandoning module GameplayTasksEditor (190)
[2017.04.23-18.03.20:000][502]LogModuleManager: Shutting down and abandoning module BehaviorTreeEditor (188)
[2017.04.23-18.03.20:000][502]LogModuleManager: Shutting down and abandoning module FunctionalTesting (186)
[2017.04.23-18.03.20:000][502]LogModuleManager: Shutting down and abandoning module CollisionAnalyzer (184)
[2017.04.23-18.03.20:000][502]LogModuleManager: Shutting down and abandoning module UMG (182)
[2017.04.23-18.03.20:000][502]LogModuleManager: Shutting down and abandoning module UMGEditor (181)
[2017.04.23-18.03.20:000][502]LogModuleManager: Shutting down and abandoning module Sequencer (180)
[2017.04.23-18.03.20:000][502]LogModuleManager: Shutting down and abandoning module AssetTools (178)
[2017.04.23-18.03.20:000][502]LogModuleManager: Shutting down and abandoning module MessageLog (177)
[2017.04.23-18.03.20:000][502]LogModuleManager: Shutting down and abandoning module WorkspaceMenuStructure (176)
[2017.04.23-18.03.20:000][502]LogModuleManager: Shutting down and abandoning module SlateReflector (170)
[2017.04.23-18.03.20:000][502]LogModuleManager: Shutting down and abandoning module Slate (168)
[2017.04.23-18.03.20:000][502]LogModuleManager: Shutting down and abandoning module EditorStyle (166)
[2017.04.23-18.03.20:002][502]LogModuleManager: Shutting down and abandoning module SourceCodeAccess (164)
[2017.04.23-18.03.20:002][502]LogModuleManager: Shutting down and abandoning module HeadMountedDisplay (162)
[2017.04.23-18.03.20:002][502]LogModuleManager: Shutting down and abandoning module XAudio2 (160)
[2017.04.23-18.03.20:002][502]LogModuleManager: Shutting down and abandoning module Networking (158)
[2017.04.23-18.03.20:002][502]LogModuleManager: Shutting down and abandoning module Core (154)
[2017.04.23-18.03.20:002][502]LogModuleManager: Shutting down and abandoning module AssetRegistry (152)
[2017.04.23-18.03.20:173][502]LogDirectoryWatcher: A directory notification for '../../../Engine/Content/' was aborted.
[2017.04.23-18.03.20:174][502]LogDirectoryWatcher: A directory notification for '../../../../Proj/AI2/Content/' was aborted.
[2017.04.23-18.03.20:174][502]LogDirectoryWatcher: A directory notification for '../../../Engine/Plugins/2D/Paper2D/Content/' was aborted.
[2017.04.23-18.03.20:174][502]LogModuleManager: Shutting down and abandoning module DirectoryWatcher (151)
[2017.04.23-18.03.20:174][502]LogModuleManager: Shutting down and abandoning module KismetCompiler (148)
[2017.04.23-18.03.20:174][502]LogModuleManager: Shutting down and abandoning module PhysXFormats (146)
[2017.04.23-18.03.20:174][502]LogModuleManager: Shutting down and abandoning module MeshUtilities (144)
[2017.04.23-18.03.20:174][502]LogModuleManager: Shutting down and abandoning module SimplygonSwarm (143)
[2017.04.23-18.03.20:174][502]LogModuleManager: Shutting down and abandoning module SimplygonMeshReduction (141)
[2017.04.23-18.03.20:174][502]LogModuleManager: Shutting down and abandoning module QuadricMeshReduction (139)
[2017.04.23-18.03.20:174][502]LogModuleManager: Shutting down and abandoning module PropertyEditor (137)
[2017.04.23-18.03.20:174][502]LogModuleManager: Shutting down and abandoning module DerivedDataCache (134)
[2017.04.23-18.03.20:191][502]LogDerivedDataCache: Shutdown
[2017.04.23-18.03.20:191][502]LogModuleManager: Shutting down and abandoning module TargetPlatform (132)
[2017.04.23-18.03.20:191][502]LogModuleManager: Shutting down and abandoning module VulkanShaderFormat (131)
[2017.04.23-18.03.20:191][502]LogModuleManager: Shutting down and abandoning module ShaderFormatOpenGL (129)
[2017.04.23-18.03.20:191][502]LogModuleManager: Shutting down and abandoning module ShaderFormatD3D (127)
[2017.04.23-18.03.20:191][502]LogModuleManager: Shutting down and abandoning module MetalShaderFormat (125)
[2017.04.23-18.03.20:191][502]LogModuleManager: Shutting down and abandoning module TextureFormatUncompressed (123)
[2017.04.23-18.03.20:191][502]LogModuleManager: Shutting down and abandoning module TextureFormatPVR (121)
[2017.04.23-18.03.20:191][502]LogModuleManager: Shutting down and abandoning module TextureFormatDXT (119)
[2017.04.23-18.03.20:191][502]LogModuleManager: Shutting down and abandoning module TextureFormatIntelISPCTexComp (117)
[2017.04.23-18.03.20:192][502]LogModuleManager: Shutting down and abandoning module TextureFormatASTC (115)
[2017.04.23-18.03.20:192][502]LogModuleManager: Shutting down and abandoning module ImageWrapper (114)
[2017.04.23-18.03.20:192][502]LogModuleManager: Shutting down and abandoning module TextureFormatAndroid (111)
[2017.04.23-18.03.20:192][502]LogModuleManager: Shutting down and abandoning module AudioFormatOpus (109)
[2017.04.23-18.03.20:192][502]LogModuleManager: Shutting down and abandoning module AudioFormatOgg (107)
[2017.04.23-18.03.20:192][502]LogModuleManager: Shutting down and abandoning module AudioFormatADPCM (105)
[2017.04.23-18.03.20:192][502]LogModuleManager: Shutting down and abandoning module LinuxTargetPlatform (103)
[2017.04.23-18.03.20:192][502]LogModuleManager: Shutting down and abandoning module LinuxServerTargetPlatform (101)
[2017.04.23-18.03.20:192][502]LogModuleManager: Shutting down and abandoning module LinuxNoEditorTargetPlatform (99)
[2017.04.23-18.03.20:192][502]LogModuleManager: Shutting down and abandoning module LinuxClientTargetPlatform (97)
[2017.04.23-18.03.20:192][502]LogModuleManager: Shutting down and abandoning module TVOSTargetPlatform (95)
[2017.04.23-18.03.20:192][502]LogModuleManager: Shutting down and abandoning module Messaging (93)
[2017.04.23-18.03.20:192][502]LogModuleManager: Shutting down and abandoning module IOSTargetPlatform (91)
[2017.04.23-18.03.20:192][502]LogModuleManager: Shutting down and abandoning module HTML5TargetPlatform (89)
[2017.04.23-18.03.20:192][502]LogModuleManager: Shutting down and abandoning module Android_PVRTCTargetPlatform (87)
[2017.04.23-18.03.20:192][502]LogModuleManager: Shutting down and abandoning module Android_MultiTargetPlatform (85)
[2017.04.23-18.03.20:192][502]LogModuleManager: Shutting down and abandoning module Android_ETC2TargetPlatform (83)
[2017.04.23-18.03.20:192][502]LogModuleManager: Shutting down and abandoning module Android_ETC1TargetPlatform (81)
[2017.04.23-18.03.20:192][502]LogModuleManager: Shutting down and abandoning module Android_DXTTargetPlatform (79)
[2017.04.23-18.03.20:192][502]LogModuleManager: Shutting down and abandoning module Android_ATCTargetPlatform (77)
[2017.04.23-18.03.20:192][502]LogModuleManager: Shutting down and abandoning module Android_ASTCTargetPlatform (75)
[2017.04.23-18.03.20:192][502]LogModuleManager: Shutting down and abandoning module AndroidTargetPlatform (73)
[2017.04.23-18.03.20:192][502]LogModuleManager: Shutting down and abandoning module WindowsTargetPlatform (71)
[2017.04.23-18.03.20:192][502]LogModuleManager: Shutting down and abandoning module WindowsServerTargetPlatform (69)
[2017.04.23-18.03.20:192][502]LogModuleManager: Shutting down and abandoning module WindowsNoEditorTargetPlatform (67)
[2017.04.23-18.03.20:192][502]LogModuleManager: Shutting down and abandoning module WindowsClientTargetPlatform (65)
[2017.04.23-18.03.20:192][502]LogModuleManager: Shutting down and abandoning module MacTargetPlatform (63)
[2017.04.23-18.03.20:192][502]LogModuleManager: Shutting down and abandoning module MacServerTargetPlatform (61)
[2017.04.23-18.03.20:192][502]LogModuleManager: Shutting down and abandoning module MacNoEditorTargetPlatform (59)
[2017.04.23-18.03.20:192][502]LogModuleManager: Shutting down and abandoning module MacClientTargetPlatform (57)
[2017.04.23-18.03.20:192][502]LogModuleManager: Shutting down and abandoning module AllDesktopTargetPlatform (55)
[2017.04.23-18.03.20:192][502]LogModuleManager: Shutting down and abandoning module InputCore (52)
[2017.04.23-18.03.20:192][502]LogModuleManager: Shutting down and abandoning module Settings (50)
[2017.04.23-18.03.20:192][502]LogModuleManager: Shutting down and abandoning module OculusRift (48)
[2017.04.23-18.03.20:192][502]LogModuleManager: Shutting down and abandoning module GearVR (46)
[2017.04.23-18.03.20:192][502]LogModuleManager: Shutting down and abandoning module ExampleDeviceProfileSelector (44)
[2017.04.23-18.03.20:192][502]LogModuleManager: Shutting down and abandoning module OnlineBlueprintSupport (42)
[2017.04.23-18.03.20:192][502]LogModuleManager: Shutting down and abandoning module OnlineSubsystem (38)
[2017.04.23-18.03.20:192][502]LogOnline:Display: Unloading online subsystem: NULL
[2017.04.23-18.03.20:192][502]LogModuleManager: Shutting down and abandoning module XMPP (37)
[2017.04.23-18.03.20:192][502]LogModuleManager: Shutting down and abandoning module HTTP (35)
[2017.04.23-18.03.20:192][502]LogHttp:Display: Http module shutting down, but needs to wait on 1 outstanding Http requests:
[2017.04.23-18.03.20:192][502]LogHttp:Display: 	verb=[POST] url=[https://datarouter.ol.epicgames.com/datarouter/api/v1/public/data?SessionID=%7B92FA5EDE-4144-356E-BAB6-23AA1D8A2FC6%7D&AppID=UEEditor.Rocket.Release&AppVersion=4.15.1-3348071%2B%2B%2BUE4%2BRelease-4.15&UserID=38106f7f4c9b3896a4b00e94f7312f98%7Cfab49237a2804069862a4d08f6e8c6cd%7Cec148cf8-0527-463d-8c1b-037ec7ecc009&AppEnvironment=datacollector-binary&UploadType=eteventstream] status=Processing
[2017.04.23-18.03.20:198][502]LogModuleManager: Shutting down and abandoning module SSL (34)
[2017.04.23-18.03.20:199][502]LogModuleManager: Shutting down and abandoning module AudioEditor (30)
[2017.04.23-18.03.20:199][502]LogModuleManager: Shutting down and abandoning module TextureCompressor (28)
[2017.04.23-18.03.20:199][502]LogModuleManager: Shutting down and abandoning module ShaderCore (26)
[2017.04.23-18.03.20:199][502]LogModuleManager: Shutting down and abandoning module Landscape (24)
[2017.04.23-18.03.20:199][502]LogModuleManager: Shutting down and abandoning module SlateRHIRenderer (22)
[2017.04.23-18.03.20:201][502]LogModuleManager: Shutting down and abandoning module OpenGLDrv (20)
[2017.04.23-18.03.20:201][502]LogModuleManager: Shutting down and abandoning module D3D11RHI (18)
[2017.04.23-18.03.20:201][502]LogModuleManager: Shutting down and abandoning module AnimGraphRuntime (16)
[2017.04.23-18.03.20:201][502]LogModuleManager: Shutting down and abandoning module Renderer (14)
[2017.04.23-18.03.20:201][502]LogModuleManager: Shutting down and abandoning module Engine (12)
[2017.04.23-18.03.20:201][502]LogModuleManager: Shutting down and abandoning module CoreUObject (10)
[2017.04.23-18.03.20:201][502]LogModuleManager: Shutting down and abandoning module NetworkFile (8)
[2017.04.23-18.03.20:201][502]LogModuleManager: Shutting down and abandoning module StreamingFile (6)
[2017.04.23-18.03.20:201][502]LogModuleManager: Shutting down and abandoning module SandboxFile (4)
[2017.04.23-18.03.20:201][502]LogModuleManager: Shutting down and abandoning module PakFile (2)
[2017.04.23-18.03.20:202][502]LogExit: Exiting.
[2017.04.23-18.03.20:213][502]Log file closed, 04/23/17 20:03:20
