Log file open, 03/27/17 13:03:16
LogInit:Display: Running engine for game: AI2
LogPlatformFile: Not using cached read wrapper
LogInit:Display: RandInit(-536647897) SRandInit(-536647897).
LogTaskGraph: Started task graph with 5 named threads and 8 total threads with 1 sets of task threads.
LogStats: Stats thread started at 0.085401
LogInit: Using libcurl 7.47.1
LogInit:  - built for x86_64-pc-win32
LogInit:  - supports SSL with OpenSSL/1.0.2g
LogInit:  - supports HTTP deflate (compression) using libz 1.2.8
LogInit:  - other features:
LogInit:      CURL_VERSION_SSL
LogInit:      CURL_VERSION_LIBZ
LogInit:      CURL_VERSION_IPV6
LogInit:      CURL_VERSION_ASYNCHDNS
LogInit:      CURL_VERSION_LARGEFILE
LogInit:      CURL_VERSION_IDN
LogInit:  CurlRequestOptions (configurable via config and command line):
LogInit:  - bVerifyPeer = false  - Libcurl will NOT verify peer certificate
LogInit:  - bUseHttpProxy = false  - Libcurl will NOT use HTTP proxy
LogInit:  - bDontReuseConnections = false  - Libcurl will reuse connections
LogInit:  - CertBundlePath = nullptr  - Libcurl will use whatever was configured at build time.
LogInit: Build: ++UE4+Release-4.15-CL-3299760
LogInit: Engine Version: 4.15.0-3299760+++UE4+Release-4.15
LogInit: Compatible Engine Version: 4.15.0-3299760+++UE4+Release-4.15
LogInit: Net CL: 3299760
LogDevObjectVersion: Number of dev versions registered: 14
LogDevObjectVersion:   Dev-Blueprints (B0D832E4-1F89-4F0D-ACCF-7EB736FD4AA2): 8
LogDevObjectVersion:   Dev-Build (E1C64328-A22C-4D53-A36C-8E866417BD8C): 0
LogDevObjectVersion:   Dev-Core (375EC13C-06E4-48FB-B500-84F0262A717E): 2
LogDevObjectVersion:   Dev-Editor (E4B068ED-F494-42E9-A231-DA0B2E46BB41): 14
LogDevObjectVersion:   Dev-Framework (CFFC743F-43B0-4480-9391-14DF171D2073): 22
LogDevObjectVersion:   Dev-Mobile (B02B49B5-BB20-44E9-A304-32B752E40360): 0
LogDevObjectVersion:   Dev-Networking (A4E4105C-59A1-49B5-A7C5-40C4547EDFEE): 0
LogDevObjectVersion:   Dev-Online (39C831C9-5AE6-47DC-9A44-9C173E1C8E7C): 0
LogDevObjectVersion:   Dev-Physics (78F01B33-EBEA-4F98-B9B4-84EACCB95AA2): 0
LogDevObjectVersion:   Dev-Platform (6631380F-2D4D-43E0-8009-CF276956A95A): 0
LogDevObjectVersion:   Dev-Rendering (12F88B9F-8875-4AFC-A67C-D90C383ABD29): 12
LogDevObjectVersion:   Dev-Sequencer (7B5AE74C-D270-4C10-A958-57980B212A5A): 3
LogDevObjectVersion:   Dev-VR (D7296918-1DD6-4BDD-9DE2-64A83CC13884): 0
LogDevObjectVersion:   Dev-LoadTimes (C2A15278-BFE7-4AFE-6C17-90FF531DF755): 1
LogInit: Compiled (64-bit): Feb 14 2017 02:04:14
LogInit: Compiled with Visual C++: 19.00.23026.00
LogInit: Build Configuration: Development
LogInit: Branch Name: ++UE4+Release-4.15
LogInit: Command line: -EpicPortal 
LogInit: Base directory: C:/Program Files/Epic Games/UE_4.15/Engine/Binaries/Win64/
LogInit: Installed Engine Build: 1
LogInit: Presizing for max 8388607 objects, including 0 objects not considered by GC, pre-allocating 0 bytes for permanent pool.
LogInit: Object subsystem initialized
[2017.03.27-10.03.17:102][  0]LogInit: Selected Device Profile: [Windows]
[2017.03.27-10.03.17:102][  0]LogInit: Applying CVar settings loaded from the selected device profile: [Windows]
[2017.03.27-10.03.17:119][  0]LogInit: Computer: TEO
[2017.03.27-10.03.17:119][  0]LogInit: User: User
[2017.03.27-10.03.17:119][  0]LogInit: CPU Page size=65536, Cores=4
[2017.03.27-10.03.17:119][  0]LogInit: High frequency timer resolution =3.421879 MHz
[2017.03.27-10.03.17:119][  0]LogMemory: Memory total: Physical=15.9GB (16GB approx)
[2017.03.27-10.03.17:119][  0]LogMemory: Platform Memory Stats for Windows
[2017.03.27-10.03.17:119][  0]LogMemory: Process Physical Memory: 261.63 MB used, 261.63 MB peak
[2017.03.27-10.03.17:119][  0]LogMemory: Process Virtual Memory: 262.39 MB used, 262.39 MB peak
[2017.03.27-10.03.17:119][  0]LogMemory: Physical Memory: 7220.23 MB used,  9092.09 MB free, 16312.32 MB total
[2017.03.27-10.03.17:119][  0]LogMemory: Virtual Memory: 643.64 MB used,  9092.09 MB free, 134217728.00 MB total
[2017.03.27-10.03.17:205][  0]LogTextLocalizationManager: No translations for ('uk-UA') exist, falling back to 'en' for localization and internationalization data.
[2017.03.27-10.03.17:899][  0]LogD3D11RHI: D3D11 adapters:
[2017.03.27-10.03.18:431][  0]LogD3D11RHI:    0. 'NVIDIA GeForce GTX 970' (Feature Level 11_0)
[2017.03.27-10.03.18:431][  0]LogD3D11RHI:       4059/0/8156 MB DedicatedVideo/DedicatedSystem/SharedSystem, Outputs:1, VendorId:0x10de
[2017.03.27-10.03.18:432][  0]LogD3D11RHI:    1. 'Microsoft Basic Render Driver' (Feature Level 11_0)
[2017.03.27-10.03.18:432][  0]LogD3D11RHI:       0/0/8156 MB DedicatedVideo/DedicatedSystem/SharedSystem, Outputs:0, VendorId:0x1414
[2017.03.27-10.03.18:432][  0]LogD3D11RHI: Chosen D3D11 Adapter: 0
[2017.03.27-10.03.18:438][  0]LogD3D11RHI: Creating new Direct3DDevice
[2017.03.27-10.03.18:438][  0]LogD3D11RHI:     GPU DeviceId: 0x13c2 (for the marketing name, search the web for "GPU Device Id")
[2017.03.27-10.03.18:438][  0]LogWindows: EnumDisplayDevices:
[2017.03.27-10.03.18:438][  0]LogWindows:    0. 'NVIDIA GeForce GTX 970' (P:1 D:1)
[2017.03.27-10.03.18:439][  0]LogWindows:    1. 'NVIDIA GeForce GTX 970' (P:0 D:0)
[2017.03.27-10.03.18:439][  0]LogWindows:    2. 'NVIDIA GeForce GTX 970' (P:0 D:0)
[2017.03.27-10.03.18:439][  0]LogWindows:    3. 'NVIDIA GeForce GTX 970' (P:0 D:0)
[2017.03.27-10.03.18:439][  0]LogWindows: DebugString: FoundDriverCount:4 
[2017.03.27-10.03.18:439][  0]LogD3D11RHI:     Adapter Name: NVIDIA GeForce GTX 970
[2017.03.27-10.03.18:439][  0]LogD3D11RHI:   Driver Version: 378.92 (internal:21.21.13.7892, unified:378.92)
[2017.03.27-10.03.18:439][  0]LogD3D11RHI:      Driver Date: 3-16-2017
[2017.03.27-10.03.18:439][  0]LogRHI: Texture pool is 1361 MB (70% of 1945 MB)
[2017.03.27-10.03.18:918][  0]LogD3D11RHI: Async texture creation enabled
[2017.03.27-10.03.18:946][  0]LogD3D11RHI: GPU Timing Frequency: 1000.000000 (Debug: 2 1)
[2017.03.27-10.03.18:990][  0]LogShaderCompilers: Guid format shader working directory is -3 characters bigger than the processId version (../../../../../../Users/User/Documents/repos/AI2/Intermediate/Shaders/WorkingDirectory/4036/).
[2017.03.27-10.03.18:990][  0]LogShaderCompilers: Cleaned the shader compiler working directory 'C:/Users/User/AppData/Local/Temp/UnrealShaderWorkingDir/F1FE75E742C6672C3192538DCE9B6F59/'.
[2017.03.27-10.03.18:990][  0]LogShaderCompilers:Display: Using Local Shader Compiler.
[2017.03.27-10.03.19:900][  0]LogTemp:Display: Loaded TP AllDesktopTargetPlatform
[2017.03.27-10.03.19:953][  0]LogTemp:Display: Loaded TP MacClientTargetPlatform
[2017.03.27-10.03.20:003][  0]LogTemp:Display: Loaded TP MacNoEditorTargetPlatform
[2017.03.27-10.03.20:056][  0]LogTemp:Display: Loaded TP MacServerTargetPlatform
[2017.03.27-10.03.20:108][  0]LogTemp:Display: Loaded TP MacTargetPlatform
[2017.03.27-10.03.20:159][  0]LogTemp:Display: Loaded TP WindowsClientTargetPlatform
[2017.03.27-10.03.20:210][  0]LogTemp:Display: Loaded TP WindowsNoEditorTargetPlatform
[2017.03.27-10.03.20:261][  0]LogTemp:Display: Loaded TP WindowsServerTargetPlatform
[2017.03.27-10.03.20:304][  0]LogTemp:Display: Loaded TP WindowsTargetPlatform
[2017.03.27-10.03.20:353][  0]LogTemp:Display: Loaded TP AndroidTargetPlatform
[2017.03.27-10.03.20:406][  0]LogTemp:Display: Loaded TP Android_ASTCTargetPlatform
[2017.03.27-10.03.20:456][  0]LogTemp:Display: Loaded TP Android_ATCTargetPlatform
[2017.03.27-10.03.20:506][  0]LogTemp:Display: Loaded TP Android_DXTTargetPlatform
[2017.03.27-10.03.20:557][  0]LogTemp:Display: Loaded TP Android_ETC1TargetPlatform
[2017.03.27-10.03.20:610][  0]LogTemp:Display: Loaded TP Android_ETC2TargetPlatform
[2017.03.27-10.03.20:710][  0]LogTemp:Display: Loaded TP Android_MultiTargetPlatform
[2017.03.27-10.03.20:710][  0]LogTemp:Display: Loaded TP Android_PVRTCTargetPlatform
[2017.03.27-10.03.20:746][  0]LogTemp:Display: Loaded TP HTML5TargetPlatform
[2017.03.27-10.03.20:839][  0]LogTemp:Display: Loaded TP IOSTargetPlatform
[2017.03.27-10.03.20:872][  0]LogTemp:Display: Loaded TP TVOSTargetPlatform
[2017.03.27-10.03.20:922][  0]LogTemp:Display: Loaded TP LinuxClientTargetPlatform
[2017.03.27-10.03.20:972][  0]LogTemp:Display: Loaded TP LinuxNoEditorTargetPlatform
[2017.03.27-10.03.21:021][  0]LogTemp:Display: Loaded TP LinuxServerTargetPlatform
[2017.03.27-10.03.21:071][  0]LogTemp:Display: Loaded TP LinuxTargetPlatform
[2017.03.27-10.03.21:071][  0]LogTargetPlatformManager:Display: Building Assets For Windows
[2017.03.27-10.03.21:548][  0]LogDerivedDataCache:Display: Max Cache Size: 512 MB
[2017.03.27-10.03.21:636][  0]LogDerivedDataCache: Loaded boot cache 0.09s 50MB C:/Users/User/AppData/Local/UnrealEngine/4.15/DerivedDataCache/Boot.ddc.
[2017.03.27-10.03.21:636][  0]LogDerivedDataCache:Display: Loaded Boot cache: C:/Users/User/AppData/Local/UnrealEngine/4.15/DerivedDataCache/Boot.ddc
[2017.03.27-10.03.21:636][  0]LogDerivedDataCache: FDerivedDataBackendGraph:  Pak pak cache file ../../../../../../Users/User/Documents/repos/AI2/DerivedDataCache/DDC.ddp not found, will not use a pak cache.
[2017.03.27-10.03.21:636][  0]LogDerivedDataCache: Unable to find inner node Pak for hierarchical cache Hierarchy.
[2017.03.27-10.03.21:636][  0]LogDerivedDataCache: FDerivedDataBackendGraph:  CompressedPak pak cache file ../../../../../../Users/User/Documents/repos/AI2/DerivedDataCache/Compressed.ddp not found, will not use a pak cache.
[2017.03.27-10.03.21:636][  0]LogDerivedDataCache: Unable to find inner node CompressedPak for hierarchical cache Hierarchy.
[2017.03.27-10.03.21:654][  0]LogDerivedDataCache:Display: Pak cache opened for reading ../../../Engine/DerivedDataCache/Compressed.ddp.
[2017.03.27-10.03.21:666][  0]LogDerivedDataCache: Using Local data cache path C:/Users/User/AppData/Local/UnrealEngine/Common/DerivedDataCache: Writable
[2017.03.27-10.03.21:675][  0]LogSlate: Using Freetype 2.6.0
[2017.03.27-10.03.21:676][  0]LogSlate: SlateFontCache - WITH_FREETYPE: 1, WITH_HARFBUZZ: 1
[2017.03.27-10.03.21:676][  0]LogSlate: SlateFontCache - WITH_FREETYPE: 1, WITH_HARFBUZZ: 1
[2017.03.27-10.03.21:921][  0]LogInit: Selected Device Profile: [Windows]
[2017.03.27-10.03.21:924][  0]LogContentStreaming: Texture pool size is 0.00 MB
[2017.03.27-10.03.22:123][  0]LogMeshUtilities: Using QuadricMeshReduction for automatic static mesh reduction
[2017.03.27-10.03.22:165][  0]LogSimplygon: Simplygon DLL not present - disabling.
[2017.03.27-10.03.22:211][  0]LogMeshUtilities: Using SimplygonSwarm for distributed automatic mesh merging
[2017.03.27-10.03.22:211][  0]LogMeshUtilities: No automatic skeletal mesh reduction module available
[2017.03.27-10.03.22:211][  0]LogMeshUtilities: No automatic mesh merging module available
[2017.03.27-10.03.22:800][  0]LogNetVersion: GetLocalNetworkVersion: CL: 3299760, ProjectName: ai2, ProjectVersion: , EngineNetworkVersion: 2, GameNetworkVersion: 0, NetworkChecksum: 2085093951
[2017.03.27-10.03.22:848][  0]LogAssetRegistry: FAssetRegistry took 0.0217 seconds to start up
[2017.03.27-10.03.22:894][  0]LogPackageLocalizationCache: Processed 3 localized package path(s) for 1 prioritized culture(s) in 0.021576 seconds
[2017.03.27-10.03.22:903][  0]LogUObjectArray: 32475 objects as part of root set at end of initial load.
[2017.03.27-10.03.22:903][  0]LogUObjectAllocator: 7073368 out of 0 bytes used by permanent object pool.
[2017.03.27-10.03.22:903][  0]LogUObjectArray: CloseDisregardForGC: 0/0 objects in disregard for GC pool
[2017.03.27-10.03.22:969][  0]LogInit: WinSock: version 1.1 (2.2), MaxSocks=32767, MaxUdp=65467
[2017.03.27-10.03.24:458][  0]LogTcpMessaging: Initializing TcpMessaging bridge
[2017.03.27-10.03.24:496][  0]LogUdpMessaging: Initializing bridge on interface 0.0.0.0:0 to multicast group 230.0.0.1:6666.
[2017.03.27-10.03.24:920][  0]LogMaterial: Uniform references updated for custom material expression Custom.
[2017.03.27-10.03.25:280][  0]SourceControl: Info Source control is disabled
[2017.03.27-10.03.25:335][  0]SourceControl: Info Source control is disabled
[2017.03.27-10.03.25:386][  0]SourceControl: Info Source control is disabled
[2017.03.27-10.03.25:432][  0]SourceControl: Info Source control is disabled
[2017.03.27-10.03.26:684][  0]LogEngine: Initializing Engine...
[2017.03.27-10.03.26:710][  0]LogHMD: Failed to initialize OpenVR with code 108
[2017.03.27-10.03.26:930][  0]LogAIModule: Creating AISystem for world Untitled
[2017.03.27-10.03.26:948][  0]LogInit: XAudio2 using 'Speakers (3- High Definition Audio Device)' : 2 channels at 44.1 kHz using 16 bits per sample (channel mask 0x3)
[2017.03.27-10.03.26:962][  0]LogInit: FAudioDevice initialized.
[2017.03.27-10.03.26:998][  0]LogDerivedDataCache: Saved boot cache 0.04s 50MB C:/Users/User/AppData/Local/UnrealEngine/4.15/DerivedDataCache/Boot.ddc.
[2017.03.27-10.03.27:012][  0]LogInit: Texture streaming: Enabled
[2017.03.27-10.03.27:110][  0]LogEngineSessionManager: EngineSessionManager initialized
[2017.03.27-10.03.27:198][  0]LogInit: Transaction tracking system initialized
[2017.03.27-10.03.27:541][  0]BlueprintLog: New page: Editor Load
[2017.03.27-10.03.28:400][  0]LocalizationService: Info Localization service is disabled
[2017.03.27-10.03.29:025][  0]LogConsoleResponse:Display: 
[2017.03.27-10.03.29:152][  0]LogCook:Display: Max memory allowance for cook 16384mb min free memory 0mb
[2017.03.27-10.03.29:152][  0]LogCook:Display: Mobile HDR setting 1
[2017.03.27-10.03.29:410][  0]LogFileCache: Scanning file cache for directory 'C:/Users/User/Documents/repos/AI2/Content/' took 0.02s
[2017.03.27-10.03.30:172][  0]SourceControl: Info Source control is disabled
[2017.03.27-10.03.30:172][  0]Cmd: MAP LOAD FILE="../../../../../../Users/User/Documents/repos/AI2/Content/TopDownBP/Maps/TopDownExampleMap.umap" TEMPLATE=0 SHOWPROGRESS=1 FEATURELEVEL=3
[2017.03.27-10.03.30:172][  0]LightingResults: New page: Lighting Build
[2017.03.27-10.03.30:210][  0]MapCheck: New page: Map Check
[2017.03.27-10.03.30:210][  0]LightingResults: New page: Lighting Build
[2017.03.27-10.03.31:248][  0]LogAIModule: Creating AISystem for world TopDownExampleMap
[2017.03.27-10.03.31:294][  0]LogEditorServer: Finished looking for orphan Actors (0.000 secs)
[2017.03.27-10.03.31:299][  0]Cmd: MAP CHECKDEP NOCLEARLOG
[2017.03.27-10.03.31:343][  0]MapCheck: Info Map check complete: 0 Error(s), 0 Warning(s), took 43.979ms to complete.
[2017.03.27-10.03.31:343][  0]LogFileHelpers: Loading map 'TopDownExampleMap' took 1.172
[2017.03.27-10.03.31:420][  0]LogWindowsTextInputMethodSystem:Display: IME system now deactivated.
[2017.03.27-10.03.31:628][  0]LogCollectionManager: Loaded 0 collections in 0.001708 seconds
[2017.03.27-10.03.31:727][  0]LogFileCache: Scanning file cache for directory 'C:/Users/User/Documents/repos/AI2/Saved/Collections/' took 0.01s
[2017.03.27-10.03.31:727][  0]LogFileCache: Scanning file cache for directory 'C:/Users/User/Documents/repos/AI2/Content/Developers/User/Collections/' took 0.01s
[2017.03.27-10.03.31:727][  0]LogFileCache: Scanning file cache for directory 'C:/Users/User/Documents/repos/AI2/Content/Collections/' took 0.01s
[2017.03.27-10.03.31:727][  0]LogCollectionManager: Rebuilt the GUID cache for 0 collections in 0.000002 seconds
[2017.03.27-10.03.31:740][  0]LogContentBrowser: Native class hierarchy populated in 0.0106 seconds. Added 2244 classes and 450 folders.
[2017.03.27-10.03.31:747][  0]LogStats: UGameplayTagsManager::ConstructGameplayTagTree: Construct from data asset -  0.000 s
[2017.03.27-10.03.31:748][  0]LogStats: UGameplayTagsManager::ConstructGameplayTagTree: GameplayTagTreeChangedEvent.Broadcast -  0.000 s
[2017.03.27-10.03.31:811][  0]LogContentBrowser: Native class hierarchy updated for 'WidgetCarousel' in 0.0005 seconds. Added 0 classes and 0 folders.
[2017.03.27-10.03.32:263][  0]LogContentBrowser: Native class hierarchy updated for 'AddContentDialog' in 0.0006 seconds. Added 0 classes and 0 folders.
[2017.03.27-10.03.32:320][  0]LogContentBrowser: Native class hierarchy updated for 'SceneOutliner' in 0.0007 seconds. Added 1 classes and 2 folders.
[2017.03.27-10.03.32:413][  0]LogCrashTracker: Crashtracker disabled due to settings.
[2017.03.27-10.03.32:434][  0]LogUObjectGlobals:Warning: Failed to find object 'Class None.'
[2017.03.27-10.03.32:506][  0]LogContentBrowser: Native class hierarchy updated for 'HierarchicalLODOutliner' in 0.0009 seconds. Added 1 classes and 2 folders.
[2017.03.27-10.03.32:507][  0]LogLoad: (Engine Initialization) Total time: 17.26 seconds
[2017.03.27-10.03.32:507][  0]LogLoad: (Engine Initialization) Total Blueprint compile time: 0.28 seconds
[2017.03.27-10.03.32:507][  0]LogExternalProfiler: Found external profiler: VSPerf
[2017.03.27-10.03.32:507][  0]LogExternalProfiler: Using external profiler: VSPerf
[2017.03.27-10.03.32:516][  0]LogOcInput: OculusInput pre-init called
[2017.03.27-10.03.32:544][  0]LogContentStreaming: Texture pool size now 1000 MB
[2017.03.27-10.03.32:546][  0]LogSlate: Took 0.000248 seconds to synchronously load lazily loaded font '../../../Engine/Content/Slate/Fonts/Roboto-Regular.ttf' (155K)
[2017.03.27-10.03.32:550][  0]LogSlate: Took 0.000280 seconds to synchronously load lazily loaded font '../../../Engine/Content/Slate/Fonts/Roboto-Bold.ttf' (160K)
[2017.03.27-10.03.32:563][  0]LogSlate: Took 0.005740 seconds to synchronously load lazily loaded font '../../../Engine/Content/Editor/Slate/Fonts/FontAwesome.ttf' (139K)
[2017.03.27-10.03.32:773][  0]LogSlate: Took 0.005327 seconds to synchronously load lazily loaded font '../../../Engine/Content/Slate/Fonts/Roboto-Light.ttf' (159K)
[2017.03.27-10.03.32:809][  0]LogRenderer: Reallocating scene render targets to support 1104x672 NumSamples 1 (Frame:2).
[2017.03.27-10.03.32:970][  1]LogAssetRegistry: Asset discovery search completed in 10.1431 seconds
[2017.03.27-10.03.32:970][  1]LogCollectionManager: Rebuilt the object cache for 0 collections in 0.000013 seconds (found 0 objects)
[2017.03.27-10.03.32:970][  1]LogCollectionManager: Fixed up redirectors for 0 collections in 0.000031 seconds (updated 0 objects)
[2017.03.27-10.03.33:550][ 38]LogSlate: Took 0.000223 seconds to synchronously load lazily loaded font '../../../Engine/Content/Slate/Fonts/Roboto-Light.ttf' (159K)
[2017.03.27-10.03.34:062][ 38]LogContentBrowser: Native class hierarchy updated for 'BlueprintGraph' in 0.0009 seconds. Added 112 classes and 0 folders.
[2017.03.27-10.03.35:458][ 38]LogSlate: Took 0.005012 seconds to synchronously load lazily loaded font '../../../Engine/Content/Editor/Slate/Fonts/Roboto-BoldCondensed.ttf' (158K)
[2017.03.27-10.03.35:775][ 39]LogSlate: Took 0.004934 seconds to synchronously load lazily loaded font '../../../Engine/Content/Editor/Slate/Fonts/Roboto-Italic.ttf' (157K)
[2017.03.27-10.03.47:713][846]LogTemp: Repeting last play command: Selected Viewport
[2017.03.27-10.03.47:740][846]LogBlueprintUserMessages: Early PlayInEditor Detection: Level '/Game/TopDownBP/Maps/TopDownExampleMap.TopDownExampleMap:PersistentLevel' has LevelScriptBlueprint '/Game/TopDownBP/Maps/TopDownExampleMap.TopDownExampleMap:PersistentLevel.TopDownExampleMap' with GeneratedClass '/Game/TopDownBP/Maps/TopDownExampleMap.TopDownExampleMap_C' with ClassGeneratedBy '/Game/TopDownBP/Maps/TopDownExampleMap.TopDownExampleMap:PersistentLevel.TopDownExampleMap'
[2017.03.27-10.03.47:741][846]LogPlayLevel: PlayLevel: No blueprints needed recompiling
[2017.03.27-10.03.47:744][846]PIE: New page: PIE session: TopDownExampleMap (Mar 27, 2017, 4:03:47 PM)
[2017.03.27-10.03.47:744][846]LogPlayLevel: Creating play world package: /Game/TopDownBP/Maps/UEDPIE_0_TopDownExampleMap
[2017.03.27-10.03.47:786][846]LogPlayLevel: PIE: StaticDuplicateObject took: (0.041743s)
[2017.03.27-10.03.47:787][846]LogAIModule: Creating AISystem for world TopDownExampleMap
[2017.03.27-10.03.47:788][846]LogPlayLevel: PIE: World Init took: (0.001741s)
[2017.03.27-10.03.47:790][846]LogPlayLevel: PIE: Created PIE world by copying editor world from /Game/TopDownBP/Maps/TopDownExampleMap.TopDownExampleMap to /Game/TopDownBP/Maps/UEDPIE_0_TopDownExampleMap.TopDownExampleMap (0.045350s)
[2017.03.27-10.03.47:850][846]LogInit: XAudio2 using 'Speakers (3- High Definition Audio Device)' : 2 channels at 44.1 kHz using 16 bits per sample (channel mask 0x3)
[2017.03.27-10.03.47:859][846]LogInit: FAudioDevice initialized.
[2017.03.27-10.03.47:925][846]LogLoad: Game class is 'TopDownGameMode_C'
[2017.03.27-10.03.47:939][846]LogWorld: Bringing World /Game/TopDownBP/Maps/UEDPIE_0_TopDownExampleMap.TopDownExampleMap up for play (max tick rate 0) at 2017.03.27-13.03.47
[2017.03.27-10.03.47:958][846]LogWorld: Bringing up level for play took: 0.023729
[2017.03.27-10.03.48:009][846]LogContentBrowser: Native class hierarchy updated for 'MovieSceneCapture' in 0.0006 seconds. Added 11 classes and 0 folders.
[2017.03.27-10.03.48:021][846]PIE: Info Play in editor start time for /Game/TopDownBP/Maps/UEDPIE_0_TopDownExampleMap -0.332
[2017.03.27-10.03.48:023][846]LogBlueprintUserMessages: Late PlayInEditor Detection: Level '/Game/TopDownBP/Maps/TopDownExampleMap.TopDownExampleMap:PersistentLevel' has LevelScriptBlueprint '/Game/TopDownBP/Maps/TopDownExampleMap.TopDownExampleMap:PersistentLevel.TopDownExampleMap' with GeneratedClass '/Game/TopDownBP/Maps/TopDownExampleMap.TopDownExampleMap_C' with ClassGeneratedBy '/Game/TopDownBP/Maps/TopDownExampleMap.TopDownExampleMap:PersistentLevel.TopDownExampleMap'
[2017.03.27-10.03.48:056][846]LogRenderer: Reallocating scene render targets to support 1292x756 NumSamples 1 (Frame:43).
[2017.03.27-10.04.01:533][820]LogBlueprintUserMessages: Early EndPlayMap Detection: Level '/Game/TopDownBP/Maps/TopDownExampleMap.TopDownExampleMap:PersistentLevel' has LevelScriptBlueprint '/Game/TopDownBP/Maps/TopDownExampleMap.TopDownExampleMap:PersistentLevel.TopDownExampleMap' with GeneratedClass '/Game/TopDownBP/Maps/TopDownExampleMap.TopDownExampleMap_C' with ClassGeneratedBy '/Game/TopDownBP/Maps/TopDownExampleMap.TopDownExampleMap:PersistentLevel.TopDownExampleMap'
[2017.03.27-10.04.01:600][820]LogBlueprintUserMessages: Late EndPlayMap Detection: Level '/Game/TopDownBP/Maps/TopDownExampleMap.TopDownExampleMap:PersistentLevel' has LevelScriptBlueprint '/Game/TopDownBP/Maps/TopDownExampleMap.TopDownExampleMap:PersistentLevel.TopDownExampleMap' with GeneratedClass '/Game/TopDownBP/Maps/TopDownExampleMap.TopDownExampleMap_C' with ClassGeneratedBy '/Game/TopDownBP/Maps/TopDownExampleMap.TopDownExampleMap:PersistentLevel.TopDownExampleMap'
[2017.03.27-10.10.57:594][489]BlueprintLog: New page: Compile LanternBP
[2017.03.27-10.12.06:878][477]BlueprintLog: New page: Compile LanternBP
[2017.03.27-10.13.48:425][270]LogSlate: Took 0.002667 seconds to synchronously load lazily loaded font '../../../Engine/Content/Slate/Fonts/Roboto-Light.ttf' (159K)
[2017.03.27-10.13.48:787][270]LogSavePackage: Save=202.98ms
[2017.03.27-10.13.48:787][270]LogSavePackage: Moving '../../../../../../Users/User/Documents/repos/AI2/Saved/TopDownExampleMap_Auto1DC6374A9434BC29DAB6AC8852E67FBED.tmp' to '../../../../../../Users/User/Documents/repos/AI2/Saved/Autosaves/Game/TopDownBP/Maps/TopDownExampleMap_Auto1.umap'
[2017.03.27-10.13.48:790][270]LogSavePackage:Display: Finished SavePackage ../../../../../../Users/User/Documents/repos/AI2/Saved/Autosaves/Game/TopDownBP/Maps/TopDownExampleMap_Auto1.umap
[2017.03.27-10.13.48:796][270]LogFileHelpers: Editor autosave (incl. sublevels) for '/Game/TopDownBP/Maps/TopDownExampleMap' took 0.283
[2017.03.27-10.13.48:796][270]LogFileHelpers: Editor autosave (incl. sublevels) for all levels took 0.283
[2017.03.27-10.13.48:802][270]OBJ SavePackage: Generating thumbnails for [1] asset(s) in package [/Game/MyMechanics/LanternBP] ([1] browsable assets)...
[2017.03.27-10.13.48:818][270]OBJ SavePackage:     Rendered thumbnail for [Blueprint /Game/MyMechanics/LanternBP.LanternBP]
[2017.03.27-10.13.48:818][270]OBJ SavePackage: Finished generating thumbnails for package [/Game/MyMechanics/LanternBP]
[2017.03.27-10.13.48:818][270]Cmd: OBJ SAVEPACKAGE PACKAGE="/Game/MyMechanics/LanternBP" FILE="../../../../../../Users/User/Documents/repos/AI2/Saved/Autosaves/Game/MyMechanics/LanternBP_Auto1.uasset" SILENT=false AUTOSAVING=true
[2017.03.27-10.13.48:866][270]LogSavePackage: Save=34.65ms
[2017.03.27-10.13.48:866][270]LogSavePackage: Moving '../../../../../../Users/User/Documents/repos/AI2/Saved/LanternBP_Auto1E1852A2D4751ED51F2EC9CBAC58802B8.tmp' to '../../../../../../Users/User/Documents/repos/AI2/Saved/Autosaves/Game/MyMechanics/LanternBP_Auto1.uasset'
[2017.03.27-10.13.48:868][270]LogSavePackage:Display: Finished SavePackage ../../../../../../Users/User/Documents/repos/AI2/Saved/Autosaves/Game/MyMechanics/LanternBP_Auto1.uasset
[2017.03.27-10.13.48:869][270]OBJ SavePackage: Generating thumbnails for [1] asset(s) in package [/Game/MyMechanics/DoorBP_2] ([1] browsable assets)...
[2017.03.27-10.13.48:874][270]OBJ SavePackage:     Rendered thumbnail for [Blueprint /Game/MyMechanics/DoorBP_2.DoorBP_2]
[2017.03.27-10.13.48:874][270]OBJ SavePackage: Finished generating thumbnails for package [/Game/MyMechanics/DoorBP_2]
[2017.03.27-10.13.48:874][270]Cmd: OBJ SAVEPACKAGE PACKAGE="/Game/MyMechanics/DoorBP_2" FILE="../../../../../../Users/User/Documents/repos/AI2/Saved/Autosaves/Game/MyMechanics/DoorBP_2_Auto1.uasset" SILENT=false AUTOSAVING=true
[2017.03.27-10.13.48:908][270]LogSavePackage: Save=32.02ms
[2017.03.27-10.13.48:908][270]LogSavePackage: Moving '../../../../../../Users/User/Documents/repos/AI2/Saved/DoorBP_2_Auto19FCDF38E4D056B357F39B49823825182.tmp' to '../../../../../../Users/User/Documents/repos/AI2/Saved/Autosaves/Game/MyMechanics/DoorBP_2_Auto1.uasset'
[2017.03.27-10.13.48:910][270]LogSavePackage:Display: Finished SavePackage ../../../../../../Users/User/Documents/repos/AI2/Saved/Autosaves/Game/MyMechanics/DoorBP_2_Auto1.uasset
[2017.03.27-10.13.48:911][270]OBJ SavePackage: Generating thumbnails for [1] asset(s) in package [/Game/MyMechanics/LanternBP_2] ([1] browsable assets)...
[2017.03.27-10.13.48:916][270]OBJ SavePackage:     Rendered thumbnail for [Blueprint /Game/MyMechanics/LanternBP_2.LanternBP_2]
[2017.03.27-10.13.48:916][270]OBJ SavePackage: Finished generating thumbnails for package [/Game/MyMechanics/LanternBP_2]
[2017.03.27-10.13.48:916][270]Cmd: OBJ SAVEPACKAGE PACKAGE="/Game/MyMechanics/LanternBP_2" FILE="../../../../../../Users/User/Documents/repos/AI2/Saved/Autosaves/Game/MyMechanics/LanternBP_2_Auto1.uasset" SILENT=false AUTOSAVING=true
[2017.03.27-10.13.48:946][270]LogSavePackage: Save=27.56ms
[2017.03.27-10.13.48:946][270]LogSavePackage: Moving '../../../../../../Users/User/Documents/repos/AI2/Saved/LanternBP_2_Auto14B5795CD492F461D63A09B83DD2CA35B.tmp' to '../../../../../../Users/User/Documents/repos/AI2/Saved/Autosaves/Game/MyMechanics/LanternBP_2_Auto1.uasset'
[2017.03.27-10.13.48:947][270]LogSavePackage:Display: Finished SavePackage ../../../../../../Users/User/Documents/repos/AI2/Saved/Autosaves/Game/MyMechanics/LanternBP_2_Auto1.uasset
[2017.03.27-10.13.48:948][270]LogFileHelpers: Auto-saving content packages took 0.147
[2017.03.27-10.22.45:182][685]BlueprintLog: New page: Compile LanternBP
[2017.03.27-10.24.33:179][845]BlueprintLog: New page: Compile DoorBP
[2017.03.27-10.24.45:284][197]Cmd: OBJ SAVEPACKAGE PACKAGE="/Game/MyMechanics/DoorBP" FILE="../../../../../../Users/User/Documents/repos/AI2/Content/MyMechanics/DoorBP.uasset" SILENT=true
[2017.03.27-10.24.45:331][197]LogSavePackage: Save=33.14ms
[2017.03.27-10.24.45:331][197]LogSavePackage: Moving '../../../../../../Users/User/Documents/repos/AI2/Saved/DoorBP2A224D724A78423C003A78A9FEEB8443.tmp' to '../../../../../../Users/User/Documents/repos/AI2/Content/MyMechanics/DoorBP.uasset'
[2017.03.27-10.24.45:335][197]LogSavePackage:Display: Finished SavePackage ../../../../../../Users/User/Documents/repos/AI2/Content/MyMechanics/DoorBP.uasset
[2017.03.27-10.27.07:802][944]BlueprintLog: New page: Compile LanternBP
[2017.03.27-10.27.08:261][947]Cmd: OBJ SAVEPACKAGE PACKAGE="/Game/MyMechanics/LanternBP" FILE="../../../../../../Users/User/Documents/repos/AI2/Content/MyMechanics/LanternBP.uasset" SILENT=true
[2017.03.27-10.27.08:301][947]LogSavePackage: Save=28.40ms
[2017.03.27-10.27.08:301][947]LogSavePackage: Moving '../../../../../../Users/User/Documents/repos/AI2/Saved/LanternBP450E67E3418ABB425F838E926D07C783.tmp' to '../../../../../../Users/User/Documents/repos/AI2/Content/MyMechanics/LanternBP.uasset'
[2017.03.27-10.27.08:310][947]LogSavePackage:Display: Finished SavePackage ../../../../../../Users/User/Documents/repos/AI2/Content/MyMechanics/LanternBP.uasset
[2017.03.27-10.27.54:303][760]LogSavePackage: Save=213.73ms
[2017.03.27-10.27.54:303][760]LogSavePackage: Moving '../../../../../../Users/User/Documents/repos/AI2/Saved/TopDownExampleMap_Auto2399396304E84D1FB2A9F028697D0EAA1.tmp' to '../../../../../../Users/User/Documents/repos/AI2/Saved/Autosaves/Game/TopDownBP/Maps/TopDownExampleMap_Auto2.umap'
[2017.03.27-10.27.54:306][760]LogSavePackage:Display: Finished SavePackage ../../../../../../Users/User/Documents/repos/AI2/Saved/Autosaves/Game/TopDownBP/Maps/TopDownExampleMap_Auto2.umap
[2017.03.27-10.27.54:310][760]LogFileHelpers: Editor autosave (incl. sublevels) for '/Game/TopDownBP/Maps/TopDownExampleMap' took 0.282
[2017.03.27-10.27.54:310][760]LogFileHelpers: Editor autosave (incl. sublevels) for all levels took 0.282
[2017.03.27-10.27.54:313][760]OBJ SavePackage: Generating thumbnails for [1] asset(s) in package [/Game/MyMechanics/LanternBP] ([1] browsable assets)...
[2017.03.27-10.27.54:347][760]OBJ SavePackage:     Rendered thumbnail for [Blueprint /Game/MyMechanics/LanternBP.LanternBP]
[2017.03.27-10.27.54:347][760]OBJ SavePackage: Finished generating thumbnails for package [/Game/MyMechanics/LanternBP]
[2017.03.27-10.27.54:347][760]Cmd: OBJ SAVEPACKAGE PACKAGE="/Game/MyMechanics/LanternBP" FILE="../../../../../../Users/User/Documents/repos/AI2/Saved/Autosaves/Game/MyMechanics/LanternBP_Auto2.uasset" SILENT=false AUTOSAVING=true
[2017.03.27-10.27.54:392][760]LogSavePackage: Save=37.32ms
[2017.03.27-10.27.54:392][760]LogSavePackage: Moving '../../../../../../Users/User/Documents/repos/AI2/Saved/LanternBP_Auto2B5AF515A4FF66FD9A77145BA7C74EE8A.tmp' to '../../../../../../Users/User/Documents/repos/AI2/Saved/Autosaves/Game/MyMechanics/LanternBP_Auto2.uasset'
[2017.03.27-10.27.54:394][760]LogSavePackage:Display: Finished SavePackage ../../../../../../Users/User/Documents/repos/AI2/Saved/Autosaves/Game/MyMechanics/LanternBP_Auto2.uasset
[2017.03.27-10.27.54:394][760]LogFileHelpers: Auto-saving content packages took 0.082
[2017.03.27-10.31.29:829][326]BlueprintLog: New page: Compile LanternBP
[2017.03.27-10.31.31:169][435]Cmd: OBJ SAVEPACKAGE PACKAGE="/Game/MyMechanics/LanternBP" FILE="../../../../../../Users/User/Documents/repos/AI2/Content/MyMechanics/LanternBP.uasset" SILENT=true
[2017.03.27-10.31.31:203][435]LogSavePackage: Save=27.46ms
[2017.03.27-10.31.31:203][435]LogSavePackage: Moving '../../../../../../Users/User/Documents/repos/AI2/Saved/LanternBPA55A21DF406C8A2D042EA1B256753C83.tmp' to '../../../../../../Users/User/Documents/repos/AI2/Content/MyMechanics/LanternBP.uasset'
[2017.03.27-10.31.31:213][435]LogSavePackage:Display: Finished SavePackage ../../../../../../Users/User/Documents/repos/AI2/Content/MyMechanics/LanternBP.uasset
[2017.03.27-10.32.22:809][346]BlueprintLog: New page: Compile LanternBP
[2017.03.27-10.32.22:818][346]LogBlueprint:Error: [Compiler LanternBP] Error The type of  Object  is undetermined.  Connect something to  Cast To DoorBP  to imply a specific type.
[2017.03.27-10.32.22:819][346]LogBlueprint:Error: [Compiler LanternBP] Error The current value of the ' Object ' pin is invalid: Unsupported type Object Wildcard on pin Object
[2017.03.27-10.32.23:468][346]BlueprintEditorCompileResults:Error: Error The type of  Object  is undetermined.  Connect something to  Cast To DoorBP  to imply a specific type.
[2017.03.27-10.32.23:469][346]BlueprintEditorCompileResults:Error: Error The current value of the ' Object ' pin is invalid: Unsupported type Object Wildcard on pin Object
[2017.03.27-10.32.23:469][346]LogBlueprint:Warning: [Compiler LanternBP] Warning [1748.22] Compile of LanternBP failed. 2 Fatal Issue(s) 0 Warning(s) [in 660 ms] (/Game/MyMechanics/LanternBP.LanternBP)
[2017.03.27-10.33.42:615][852]BlueprintLog: New page: Compile LanternBP
[2017.03.27-10.33.43:420][900]Cmd: OBJ SAVEPACKAGE PACKAGE="/Game/MyMechanics/LanternBP" FILE="../../../../../../Users/User/Documents/repos/AI2/Content/MyMechanics/LanternBP.uasset" SILENT=true
[2017.03.27-10.33.43:462][900]LogSavePackage: Save=30.72ms
[2017.03.27-10.33.43:462][900]LogSavePackage: Moving '../../../../../../Users/User/Documents/repos/AI2/Saved/LanternBPB8D93DE1478B424FCB5288A3C9505597.tmp' to '../../../../../../Users/User/Documents/repos/AI2/Content/MyMechanics/LanternBP.uasset'
[2017.03.27-10.33.43:465][900]LogSavePackage:Display: Finished SavePackage ../../../../../../Users/User/Documents/repos/AI2/Content/MyMechanics/LanternBP.uasset
[2017.03.27-10.37.04:811][371]BlueprintLog: New page: Compile DoorBP
[2017.03.27-10.37.22:581][423]BlueprintLog: New page: Compile LanternBP
[2017.03.27-10.38.08:870][819]BlueprintLog: New page: Compile DoorBP
[2017.03.27-10.38.15:366][540]BlueprintLog: New page: Compile LanternBP
[2017.03.27-10.38.20:016][ 35]LogActorComponent: UnregisterComponent: (/Engine/Transient.EditorFloorComp) Not registered. Aborting.
[2017.03.27-10.38.24:806][583]LogActorComponent: UnregisterComponent: (/Engine/Transient.EditorFloorComp) Not registered. Aborting.
[2017.03.27-10.38.26:186][737]LogEditorViewport: Clicking on Actor (LMB): StaticMeshActor (Floor)
[2017.03.27-10.38.46:696][355]LogEditorViewport: Clicking on Actor (LMB): StaticMeshActor (Floor)
[2017.03.27-10.38.50:975][754]LogEditorViewport: Clicking on Actor (LMB): StaticMeshActor (Floor)
[2017.03.27-10.38.51:555][807]LogEditorViewport: Clicking on Actor (LMB): TopDownCharacter_C (TopDownCharacter)
[2017.03.27-10.38.51:951][826]LogEditorViewport: Clicking on Actor (LMB): TopDownCharacter_C (TopDownCharacter)
[2017.03.27-10.38.55:277][ 67]LogEditorViewport: Clicking on Actor (LMB): StaticMeshActor (Floor)
[2017.03.27-10.39.00:526][492]LogSavePackage: Save=152.94ms
[2017.03.27-10.39.00:528][492]LogSavePackage: Moving '../../../../../../Users/User/Documents/repos/AI2/Saved/TopDownExampleMap916063AA4EC85168020B76ADDA7BFA88.tmp' to '../../../../../../Users/User/Documents/repos/AI2/Content/TopDownBP/Maps/TopDownExampleMap.umap'
[2017.03.27-10.39.00:537][492]LogSavePackage:Display: Finished SavePackage ../../../../../../Users/User/Documents/repos/AI2/Content/TopDownBP/Maps/TopDownExampleMap.umap
[2017.03.27-10.39.00:740][492]LogSavePackage: Save=139.92ms
[2017.03.27-10.39.00:741][492]LogSavePackage: Moving '../../../../../../Users/User/Documents/repos/AI2/Saved/TopDownExampleMap_BuiltDataE2D13F7B4018E2F6C84C619B3E566F02.tmp' to '../../../../../../Users/User/Documents/repos/AI2/Content/TopDownBP/Maps/TopDownExampleMap_BuiltData.uasset'
[2017.03.27-10.39.00:743][492]LogSavePackage:Display: Finished SavePackage ../../../../../../Users/User/Documents/repos/AI2/Content/TopDownBP/Maps/TopDownExampleMap_BuiltData.uasset
[2017.03.27-10.40.00:255][404]LogEditorViewport: Clicking on Actor (LMB): LanternBP_2_C (LanternBP_2)
[2017.03.27-10.44.01:556][471]BlueprintLog: New page: Compile LanternBP
[2017.03.27-10.45.06:550][169]BlueprintLog: New page: Compile TopDownExampleMap
[2017.03.27-10.46.38:199][ 79]BlueprintLog: New page: Compile TopDownExampleMap
[2017.03.27-10.46.40:023][278]Cmd: OBJ SAVEPACKAGE PACKAGE="/Game/MyMechanics/LanternBP" FILE="../../../../../../Users/User/Documents/repos/AI2/Content/MyMechanics/LanternBP.uasset" SILENT=true
[2017.03.27-10.46.40:068][278]LogSavePackage: Save=32.19ms
[2017.03.27-10.46.40:068][278]LogSavePackage: Moving '../../../../../../Users/User/Documents/repos/AI2/Saved/LanternBPDD5666EC4674B84F2B23A0BAE8A7EA50.tmp' to '../../../../../../Users/User/Documents/repos/AI2/Content/MyMechanics/LanternBP.uasset'
[2017.03.27-10.46.40:070][278]LogSavePackage:Display: Finished SavePackage ../../../../../../Users/User/Documents/repos/AI2/Content/MyMechanics/LanternBP.uasset
[2017.03.27-10.46.40:378][313]BlueprintLog: New page: Compile LanternBP
[2017.03.27-10.49.00:873][589]LogSavePackage: Save=174.47ms
[2017.03.27-10.49.00:873][589]LogSavePackage: Moving '../../../../../../Users/User/Documents/repos/AI2/Saved/TopDownExampleMap_Auto37E220EF34E057BB777975A936831B161.tmp' to '../../../../../../Users/User/Documents/repos/AI2/Saved/Autosaves/Game/TopDownBP/Maps/TopDownExampleMap_Auto3.umap'
[2017.03.27-10.49.00:875][589]LogSavePackage:Display: Finished SavePackage ../../../../../../Users/User/Documents/repos/AI2/Saved/Autosaves/Game/TopDownBP/Maps/TopDownExampleMap_Auto3.umap
[2017.03.27-10.49.00:878][589]LogFileHelpers: Editor autosave (incl. sublevels) for '/Game/TopDownBP/Maps/TopDownExampleMap' took 0.235
[2017.03.27-10.49.00:878][589]LogFileHelpers: Editor autosave (incl. sublevels) for all levels took 0.235
[2017.03.27-10.49.00:882][589]OBJ SavePackage: Generating thumbnails for [1] asset(s) in package [/Game/MyMechanics/DoorBP] ([1] browsable assets)...
[2017.03.27-10.49.00:908][589]OBJ SavePackage:     Rendered thumbnail for [Blueprint /Game/MyMechanics/DoorBP.DoorBP]
[2017.03.27-10.49.00:908][589]OBJ SavePackage: Finished generating thumbnails for package [/Game/MyMechanics/DoorBP]
[2017.03.27-10.49.00:908][589]Cmd: OBJ SAVEPACKAGE PACKAGE="/Game/MyMechanics/DoorBP" FILE="../../../../../../Users/User/Documents/repos/AI2/Saved/Autosaves/Game/MyMechanics/DoorBP_Auto3.uasset" SILENT=false AUTOSAVING=true
[2017.03.27-10.49.00:949][589]LogSavePackage: Save=30.54ms
[2017.03.27-10.49.00:949][589]LogSavePackage: Moving '../../../../../../Users/User/Documents/repos/AI2/Saved/DoorBP_Auto358269CD1429A4FD02ADAE088B52D7B43.tmp' to '../../../../../../Users/User/Documents/repos/AI2/Saved/Autosaves/Game/MyMechanics/DoorBP_Auto3.uasset'
[2017.03.27-10.49.00:950][589]LogSavePackage:Display: Finished SavePackage ../../../../../../Users/User/Documents/repos/AI2/Saved/Autosaves/Game/MyMechanics/DoorBP_Auto3.uasset
[2017.03.27-10.49.00:951][589]LogFileHelpers: Auto-saving content packages took 0.071
[2017.03.27-10.50.50:444][138]LogEditorViewport: Clicking on Actor (LMB): LanternBP_2_C (LanternBP_2)
[2017.03.27-10.53.34:620][142]BlueprintLog: New page: Compile TopDownExampleMap
[2017.03.27-10.53.40:046][622]LogSavePackage: Save=175.95ms
[2017.03.27-10.53.40:047][622]LogSavePackage: Moving '../../../../../../Users/User/Documents/repos/AI2/Saved/TopDownExampleMap7B9B629E4D1CA5859C45B1A80D17BC5E.tmp' to '../../../../../../Users/User/Documents/repos/AI2/Content/TopDownBP/Maps/TopDownExampleMap.umap'
[2017.03.27-10.53.40:060][622]LogSavePackage:Display: Finished SavePackage ../../../../../../Users/User/Documents/repos/AI2/Content/TopDownBP/Maps/TopDownExampleMap.umap
[2017.03.27-10.53.40:213][622]LogSavePackage: Save=95.19ms
[2017.03.27-10.53.40:213][622]LogSavePackage: Moving '../../../../../../Users/User/Documents/repos/AI2/Saved/TopDownExampleMap_BuiltData9D41C07B45148F811FD979BCF7ACDF45.tmp' to '../../../../../../Users/User/Documents/repos/AI2/Content/TopDownBP/Maps/TopDownExampleMap_BuiltData.uasset'
[2017.03.27-10.53.40:215][622]LogSavePackage:Display: Finished SavePackage ../../../../../../Users/User/Documents/repos/AI2/Content/TopDownBP/Maps/TopDownExampleMap_BuiltData.uasset
[2017.03.27-10.53.42:350][666]Cmd: OBJ SAVEPACKAGE PACKAGE="/Game/MyMechanics/DoorBP" FILE="../../../../../../Users/User/Documents/repos/AI2/Content/MyMechanics/DoorBP.uasset" SILENT=true
[2017.03.27-10.53.42:386][666]LogSavePackage: Save=29.22ms
[2017.03.27-10.53.42:386][666]LogSavePackage: Moving '../../../../../../Users/User/Documents/repos/AI2/Saved/DoorBP55DC9D2A456367B46E7795B0943EEABB.tmp' to '../../../../../../Users/User/Documents/repos/AI2/Content/MyMechanics/DoorBP.uasset'
[2017.03.27-10.53.42:390][666]LogSavePackage:Display: Finished SavePackage ../../../../../../Users/User/Documents/repos/AI2/Content/MyMechanics/DoorBP.uasset
[2017.03.27-10.53.42:405][666]Cmd: OBJ SAVEPACKAGE PACKAGE="/Game/MyMechanics/DoorBP_2" FILE="../../../../../../Users/User/Documents/repos/AI2/Content/MyMechanics/DoorBP_2.uasset" SILENT=true
[2017.03.27-10.53.42:434][666]LogSavePackage: Save=27.51ms
[2017.03.27-10.53.42:435][666]LogSavePackage: Moving '../../../../../../Users/User/Documents/repos/AI2/Saved/DoorBP_2E90E7F2E4CCAF7BE7A1097B64330F0C7.tmp' to '../../../../../../Users/User/Documents/repos/AI2/Content/MyMechanics/DoorBP_2.uasset'
[2017.03.27-10.53.42:441][666]LogSavePackage:Display: Finished SavePackage ../../../../../../Users/User/Documents/repos/AI2/Content/MyMechanics/DoorBP_2.uasset
[2017.03.27-10.53.42:450][666]Cmd: OBJ SAVEPACKAGE PACKAGE="/Game/MyMechanics/LanternBP_2" FILE="../../../../../../Users/User/Documents/repos/AI2/Content/MyMechanics/LanternBP_2.uasset" SILENT=true
[2017.03.27-10.53.42:476][666]LogSavePackage: Save=23.82ms
[2017.03.27-10.53.42:476][666]LogSavePackage: Moving '../../../../../../Users/User/Documents/repos/AI2/Saved/LanternBP_2B2A72D2E4EA42A52EF07D4A21EA87279.tmp' to '../../../../../../Users/User/Documents/repos/AI2/Content/MyMechanics/LanternBP_2.uasset'
[2017.03.27-10.53.42:481][666]LogSavePackage:Display: Finished SavePackage ../../../../../../Users/User/Documents/repos/AI2/Content/MyMechanics/LanternBP_2.uasset
[2017.03.27-10.53.42:891][667]Cmd: QUIT_EDITOR
[2017.03.27-10.53.43:317][667]LogWindowsTextInputMethodSystem:Display: IME system now deactivated.
[2017.03.27-10.53.43:368][667]LogExit: Preparing to exit.
[2017.03.27-10.53.44:572][667]LogDirectoryWatcher: A directory notification for 'C:/Users/User/Documents/repos/AI2/Content/' was aborted.
[2017.03.27-10.53.44:617][667]LogExit: Editor shut down
[2017.03.27-10.53.44:617][667]LogExit: Transaction tracking system shut down
[2017.03.27-10.53.44:731][667]LogObj: Freed 0b from 0 cluster array pools.
[2017.03.27-10.53.44:731][667]LogExit: Object subsystem successfully closed.
[2017.03.27-10.53.44:753][667]LogD3D11RHI: Shutdown
[2017.03.27-10.53.44:753][667]LogD3D11RHI: CleanupD3DDevice
[2017.03.27-10.53.44:902][667]LogD3D11RHI: ~FD3D11DynamicRHI
[2017.03.27-10.53.44:914][667]LogModuleManager: Shutting down and abandoning module MovieSceneCapture (502)
[2017.03.27-10.53.44:915][667]LogModuleManager: Shutting down and abandoning module BlueprintGraph (500)
[2017.03.27-10.53.44:915][667]LogModuleManager: Shutting down and abandoning module BlueprintProfiler (498)
[2017.03.27-10.53.44:916][667]LogModuleManager: Shutting down and abandoning module HierarchicalLODOutliner (496)
[2017.03.27-10.53.44:916][667]LogModuleManager: Shutting down and abandoning module CrashTracker (494)
[2017.03.27-10.53.44:916][667]LogModuleManager: Shutting down and abandoning module SceneOutliner (492)
[2017.03.27-10.53.44:916][667]LogModuleManager: Shutting down and abandoning module AddContentDialog (490)
[2017.03.27-10.53.44:917][667]LogDirectoryWatcher: A directory notification for 'C:/Program Files/Epic Games/UE_4.15/FeaturePacks/' was aborted.
[2017.03.27-10.53.44:918][667]LogModuleManager: Shutting down and abandoning module WidgetCarousel (489)
[2017.03.27-10.53.44:918][667]LogModuleManager: Shutting down and abandoning module EditorWidgets (486)
[2017.03.27-10.53.44:918][667]LogModuleManager: Shutting down and abandoning module CollectionManager (484)
[2017.03.27-10.53.44:918][667]LogDirectoryWatcher: A directory notification for 'C:/Users/User/Documents/repos/AI2/Content/Collections/' was aborted.
[2017.03.27-10.53.44:918][667]LogDirectoryWatcher: A directory notification for 'C:/Users/User/Documents/repos/AI2/Content/Developers/User/Collections/' was aborted.
[2017.03.27-10.53.44:918][667]LogDirectoryWatcher: A directory notification for 'C:/Users/User/Documents/repos/AI2/Saved/Collections/' was aborted.
[2017.03.27-10.53.44:918][667]LogModuleManager: Shutting down and abandoning module StatsViewer (482)
[2017.03.27-10.53.44:918][667]LogModuleManager: Shutting down and abandoning module FoliageEdit (480)
[2017.03.27-10.53.44:918][667]LogModuleManager: Shutting down and abandoning module LandscapeEditor (478)
[2017.03.27-10.53.44:919][667]LogModuleManager: Shutting down and abandoning module SceneDepthPickerMode (476)
[2017.03.27-10.53.44:919][667]LogModuleManager: Shutting down and abandoning module ActorPickerMode (474)
[2017.03.27-10.53.44:919][667]LogModuleManager: Shutting down and abandoning module GeometryMode (472)
[2017.03.27-10.53.44:919][667]LogModuleManager: Shutting down and abandoning module TextureAlignMode (470)
[2017.03.27-10.53.44:919][667]LogModuleManager: Shutting down and abandoning module BspMode (468)
[2017.03.27-10.53.44:919][667]LogModuleManager: Shutting down and abandoning module HardwareSurvey (466)
[2017.03.27-10.53.44:919][667]LogModuleManager: Shutting down and abandoning module SequenceRecorderSections (464)
[2017.03.27-10.53.44:919][667]LogModuleManager: Shutting down and abandoning module AutomationWorker (462)
[2017.03.27-10.53.44:919][667]LogModuleManager: Shutting down and abandoning module MatineeToLevelSequence (460)
[2017.03.27-10.53.44:919][667]LogModuleManager: Shutting down and abandoning module LevelSequenceEditor (458)
[2017.03.27-10.53.44:919][667]LogModuleManager: Shutting down and abandoning module PlacementMode (457)
[2017.03.27-10.53.44:919][667]LogModuleManager: Shutting down and abandoning module WmfMediaFactory (454)
[2017.03.27-10.53.44:919][667]LogModuleManager: Shutting down and abandoning module WmfMediaEditor (452)
[2017.03.27-10.53.44:919][667]LogModuleManager: Shutting down and abandoning module MfMediaFactory (450)
[2017.03.27-10.53.44:919][667]LogModuleManager: Shutting down and abandoning module MfMediaEditor (448)
[2017.03.27-10.53.44:919][667]LogModuleManager: Shutting down and abandoning module AvfMediaFactory (446)
[2017.03.27-10.53.44:919][667]LogModuleManager: Shutting down and abandoning module AvfMediaEditor (444)
[2017.03.27-10.53.44:919][667]LogModuleManager: Shutting down and abandoning module AndroidMediaFactory (442)
[2017.03.27-10.53.44:919][667]LogModuleManager: Shutting down and abandoning module Media (441)
[2017.03.27-10.53.44:919][667]LogModuleManager: Shutting down and abandoning module AndroidMediaEditor (438)
[2017.03.27-10.53.44:919][667]LogModuleManager: Shutting down and abandoning module CharacterAI (436)
[2017.03.27-10.53.44:919][667]LogModuleManager: Shutting down and abandoning module AudioCapture (434)
[2017.03.27-10.53.44:919][667]LogModuleManager: Shutting down and abandoning module SequenceRecorder (433)
[2017.03.27-10.53.44:919][667]LogModuleManager: Shutting down and abandoning module SmartSnapping (430)
[2017.03.27-10.53.44:919][667]LogModuleManager: Shutting down and abandoning module SessionServices (428)
[2017.03.27-10.53.44:919][667]LogModuleManager: Shutting down and abandoning module ViewportSnapping (426)
[2017.03.27-10.53.44:919][667]LogModuleManager: Shutting down and abandoning module ViewportInteraction (424)
[2017.03.27-10.53.44:919][667]LogModuleManager: Shutting down and abandoning module LogVisualizer (422)
[2017.03.27-10.53.44:919][667]LogModuleManager: Shutting down and abandoning module IntroTutorials (420)
[2017.03.27-10.53.44:919][667]LogModuleManager: Shutting down and abandoning module GameProjectGeneration (419)
[2017.03.27-10.53.44:919][667]LogModuleManager: Shutting down and abandoning module EditorLiveStreaming (416)
[2017.03.27-10.53.44:919][667]LogModuleManager: Shutting down and abandoning module IOSPlatformEditor (414)
[2017.03.27-10.53.44:919][667]LogModuleManager: Shutting down and abandoning module HTML5PlatformEditor (412)
[2017.03.27-10.53.44:919][667]LogModuleManager: Shutting down and abandoning module AndroidPlatformEditor (410)
[2017.03.27-10.53.44:919][667]LogModuleManager: Shutting down and abandoning module AndroidDeviceDetection (409)
[2017.03.27-10.53.45:801][667]LogModuleManager: Shutting down and abandoning module IOSRuntimeSettings (406)
[2017.03.27-10.53.45:801][667]LogModuleManager: Shutting down and abandoning module AndroidRuntimeSettings (404)
[2017.03.27-10.53.45:801][667]LogModuleManager: Shutting down and abandoning module InputBindingEditor (402)
[2017.03.27-10.53.45:801][667]LogModuleManager: Shutting down and abandoning module NiagaraEditor (400)
[2017.03.27-10.53.45:801][667]LogModuleManager: Shutting down and abandoning module MergeActors (398)
[2017.03.27-10.53.45:801][667]LogModuleManager: Shutting down and abandoning module SizeMap (396)
[2017.03.27-10.53.45:801][667]LogModuleManager: Shutting down and abandoning module TreeMap (394)
[2017.03.27-10.53.45:801][667]LogModuleManager: Shutting down and abandoning module ReferenceViewer (392)
[2017.03.27-10.53.45:801][667]LogModuleManager: Shutting down and abandoning module LocalizationDashboard (390)
[2017.03.27-10.53.45:802][667]LogModuleManager: Shutting down and abandoning module LocalizationService (389)
[2017.03.27-10.53.45:802][667]LogModuleManager: Shutting down and abandoning module HardwareTargeting (386)
[2017.03.27-10.53.45:802][667]LogModuleManager: Shutting down and abandoning module DeviceProfileEditor (384)
[2017.03.27-10.53.45:802][667]LogModuleManager: Shutting down and abandoning module UndoHistory (382)
[2017.03.27-10.53.45:802][667]LogModuleManager: Shutting down and abandoning module UserFeedback (380)
[2017.03.27-10.53.45:802][667]LogModuleManager: Shutting down and abandoning module XmlParser (378)
[2017.03.27-10.53.45:802][667]LogModuleManager: Shutting down and abandoning module Blutility (376)
[2017.03.27-10.53.45:802][667]LogModuleManager: Shutting down and abandoning module ProjectSettingsViewer (374)
[2017.03.27-10.53.45:802][667]LogModuleManager: Shutting down and abandoning module ProjectTargetPlatformEditor (373)
[2017.03.27-10.53.45:802][667]LogModuleManager: Shutting down and abandoning module EditorSettingsViewer (370)
[2017.03.27-10.53.45:802][667]LogModuleManager: Shutting down and abandoning module SettingsEditor (368)
[2017.03.27-10.53.45:802][667]LogModuleManager: Shutting down and abandoning module ProjectLauncher (366)
[2017.03.27-10.53.45:802][667]LogModuleManager: Shutting down and abandoning module SessionFrontend (364)
[2017.03.27-10.53.45:802][667]LogModuleManager: Shutting down and abandoning module ProfilerClient (362)
[2017.03.27-10.53.45:802][667]LogModuleManager: Shutting down and abandoning module DeviceManager (360)
[2017.03.27-10.53.45:802][667]LogModuleManager: Shutting down and abandoning module TargetDeviceServices (359)
[2017.03.27-10.53.45:855][667]LogModuleManager: Shutting down and abandoning module AutomationController (356)
[2017.03.27-10.53.45:855][667]LogModuleManager: Shutting down and abandoning module AutomationWindow (354)
[2017.03.27-10.53.45:855][667]LogModuleManager: Shutting down and abandoning module Layers (352)
[2017.03.27-10.53.45:855][667]LogModuleManager: Shutting down and abandoning module ComponentVisualizers (350)
[2017.03.27-10.53.45:855][667]LogModuleManager: Shutting down and abandoning module DetailCustomizations (348)
[2017.03.27-10.53.45:855][667]LogModuleManager: Shutting down and abandoning module PackagesDialog (346)
[2017.03.27-10.53.45:855][667]LogModuleManager: Shutting down and abandoning module Persona (344)
[2017.03.27-10.53.45:855][667]LogModuleManager: Shutting down and abandoning module AnimGraph (343)
[2017.03.27-10.53.45:855][667]LogModuleManager: Shutting down and abandoning module Kismet (340)
[2017.03.27-10.53.45:867][667]LogModuleManager: Shutting down and abandoning module GraphEditor (338)
[2017.03.27-10.53.45:867][667]LogModuleManager: Shutting down and abandoning module ClassViewer (336)
[2017.03.27-10.53.45:870][667]LogModuleManager: Shutting down and abandoning module Toolbox (334)
[2017.03.27-10.53.45:870][667]LogModuleManager: Shutting down and abandoning module ModuleUI (332)
[2017.03.27-10.53.45:870][667]LogModuleManager: Shutting down and abandoning module MovieSceneTools (330)
[2017.03.27-10.53.45:870][667]LogModuleManager: Shutting down and abandoning module OutputLog (328)
[2017.03.27-10.53.45:870][667]LogModuleManager: Shutting down and abandoning module GammaUI (326)
[2017.03.27-10.53.45:870][667]LogModuleManager: Shutting down and abandoning module Documentation (324)
[2017.03.27-10.53.45:870][667]LogModuleManager: Shutting down and abandoning module Niagara (322)
[2017.03.27-10.53.45:870][667]LogModuleManager: Shutting down and abandoning module StreamingPauseRendering (320)
[2017.03.27-10.53.45:870][667]LogModuleManager: Shutting down and abandoning module AnalyticsET (318)
[2017.03.27-10.53.45:870][667]LogModuleManager: Shutting down and abandoning module PortalServices (316)
[2017.03.27-10.53.45:870][667]LogModuleManager: Shutting down and abandoning module PortalRpc (314)
[2017.03.27-10.53.45:870][667]LogModuleManager: Shutting down and abandoning module MessagingRpc (312)
[2017.03.27-10.53.45:870][667]LogModuleManager: Shutting down and abandoning module AIModule (310)
[2017.03.27-10.53.45:870][667]LogModuleManager: Shutting down and abandoning module GameplayDebugger (309)
[2017.03.27-10.53.45:871][667]LogModuleManager: Shutting down and abandoning module AITestSuite (307)
[2017.03.27-10.53.45:871][667]LogModuleManager: Shutting down and abandoning module ProfilerService (304)
[2017.03.27-10.53.45:976][667]LogModuleManager: Shutting down and abandoning module TaskGraph (302)
[2017.03.27-10.53.45:976][667]LogModuleManager: Shutting down and abandoning module SteamVRController (300)
[2017.03.27-10.53.45:976][667]LogModuleManager: Shutting down and abandoning module SteamVR (298)
[2017.03.27-10.53.45:976][667]LogModuleManager: Shutting down and abandoning module ProceduralMeshComponentEditor (296)
[2017.03.27-10.53.45:976][667]LogModuleManager: Shutting down and abandoning module ProceduralMeshComponent (294)
[2017.03.27-10.53.45:976][667]LogModuleManager: Shutting down and abandoning module OculusLibrary (292)
[2017.03.27-10.53.45:976][667]LogModuleManager: Shutting down and abandoning module OculusInput (290)
[2017.03.27-10.53.45:976][667]LogModuleManager: Shutting down and abandoning module MobilePatchingUtils (288)
[2017.03.27-10.53.45:976][667]LogModuleManager: Shutting down and abandoning module CustomMeshComponent (286)
[2017.03.27-10.53.45:976][667]LogModuleManager: Shutting down and abandoning module CableComponent (284)
[2017.03.27-10.53.45:976][667]LogModuleManager: Shutting down and abandoning module ArchVisCharacter (282)
[2017.03.27-10.53.45:976][667]LogModuleManager: Shutting down and abandoning module MediaPlayerEditor (278)
[2017.03.27-10.53.45:976][667]LogModuleManager: Shutting down and abandoning module HTML5Networking (276)
[2017.03.27-10.53.45:976][667]LogModuleManager: Shutting down and abandoning module AlembicImporter (274)
[2017.03.27-10.53.45:976][667]LogModuleManager: Shutting down and abandoning module AlembicLibrary (273)
[2017.03.27-10.53.45:976][667]LogModuleManager: Shutting down and abandoning module GeometryCache (272)
[2017.03.27-10.53.45:976][667]LogModuleManager: Shutting down and abandoning module GeometryCacheEd (271)
[2017.03.27-10.53.45:976][667]LogModuleManager: Shutting down and abandoning module SuperSearchEditor (266)
[2017.03.27-10.53.45:977][667]LogModuleManager: Shutting down and abandoning module SuperSearch (265)
[2017.03.27-10.53.45:977][667]LogModuleManager: Shutting down and abandoning module SpeedTreeImporter (262)
[2017.03.27-10.53.45:977][667]LogModuleManager: Shutting down and abandoning module PluginBrowser (260)
[2017.03.27-10.53.45:977][667]LogModuleManager: Shutting down and abandoning module MobileLauncherProfileWizard (258)
[2017.03.27-10.53.45:977][667]LogModuleManager: Shutting down and abandoning module EpicSurvey (256)
[2017.03.27-10.53.45:977][667]LogModuleManager: Shutting down and abandoning module VisualStudioSourceCodeAccess (254)
[2017.03.27-10.53.45:977][667]LogModuleManager: Shutting down and abandoning module DesktopPlatform (253)
[2017.03.27-10.53.45:977][667]LogModuleManager: Shutting down and abandoning module UObjectPlugin (250)
[2017.03.27-10.53.45:977][667]LogModuleManager: Shutting down and abandoning module SubversionSourceControl (248)
[2017.03.27-10.53.45:977][667]LogModuleManager: Shutting down and abandoning module PerforceSourceControl (246)
[2017.03.27-10.53.45:977][667]LogModuleManager: Shutting down and abandoning module GitSourceControl (244)
[2017.03.27-10.53.45:977][667]LogModuleManager: Shutting down and abandoning module SourceControl (243)
[2017.03.27-10.53.45:977][667]LogModuleManager: Shutting down and abandoning module LightPropagationVolumeEditor (240)
[2017.03.27-10.53.45:977][667]LogModuleManager: Shutting down and abandoning module PaperTiledImporter (238)
[2017.03.27-10.53.45:977][667]LogModuleManager: Shutting down and abandoning module PaperSpriteSheetImporter (236)
[2017.03.27-10.53.45:977][667]LogModuleManager: Shutting down and abandoning module Paper2DEditor (234)
[2017.03.27-10.53.45:977][667]LogModuleManager: Shutting down and abandoning module MeshPaint (233)
[2017.03.27-10.53.45:977][667]LogModuleManager: Shutting down and abandoning module LevelEditor (231)
[2017.03.27-10.53.45:978][667]LogModuleManager: Shutting down and abandoning module PixelInspectorModule (230)
[2017.03.27-10.53.45:978][667]LogModuleManager: Shutting down and abandoning module MainFrame (228)
[2017.03.27-10.53.45:978][667]LogModuleManager: Shutting down and abandoning module HotReload (227)
[2017.03.27-10.53.45:979][667]LogModuleManager: Shutting down and abandoning module ContentBrowser (223)
[2017.03.27-10.53.45:981][667]LogModuleManager: Shutting down and abandoning module PhysXVehiclesEditor (220)
[2017.03.27-10.53.45:981][667]LogModuleManager: Shutting down and abandoning module PhysXVehicles (218)
[2017.03.27-10.53.45:981][667]LogModuleManager: Shutting down and abandoning module LocationServicesBPLibrary (216)
[2017.03.27-10.53.45:981][667]LogModuleManager: Shutting down and abandoning module UdpMessaging (214)
[2017.03.27-10.53.46:082][667]LogModuleManager: Shutting down and abandoning module TcpMessaging (212)
[2017.03.27-10.53.46:183][667]LogModuleManager: Shutting down and abandoning module GameplayTagsEditor (210)
[2017.03.27-10.53.46:183][667]LogModuleManager: Shutting down and abandoning module FacialAnimationEditor (208)
[2017.03.27-10.53.46:183][667]LogModuleManager: Shutting down and abandoning module FacialAnimation (206)
[2017.03.27-10.53.46:183][667]LogModuleManager: Shutting down and abandoning module LightPropagationVolumeRuntime (204)
[2017.03.27-10.53.46:183][667]LogModuleManager: Shutting down and abandoning module Paper2D (202)
[2017.03.27-10.53.46:183][667]LogModuleManager: Shutting down and abandoning module WindowsMoviePlayer (200)
[2017.03.27-10.53.46:183][667]LogModuleManager: Shutting down and abandoning module WmfMedia (198)
[2017.03.27-10.53.46:184][667]LogModuleManager: Shutting down and abandoning module MfMedia (196)
[2017.03.27-10.53.46:184][667]LogModuleManager: Shutting down and abandoning module MediaAssets (194)
[2017.03.27-10.53.46:184][667]LogModuleManager: Shutting down and abandoning module GameLiveStreaming (192)
[2017.03.27-10.53.46:184][667]LogModuleManager: Shutting down and abandoning module VREditor (190)
[2017.03.27-10.53.46:184][667]LogModuleManager: Shutting down and abandoning module GameplayTasksEditor (188)
[2017.03.27-10.53.46:184][667]LogModuleManager: Shutting down and abandoning module BehaviorTreeEditor (186)
[2017.03.27-10.53.46:184][667]LogModuleManager: Shutting down and abandoning module FunctionalTesting (184)
[2017.03.27-10.53.46:184][667]LogModuleManager: Shutting down and abandoning module CollisionAnalyzer (182)
[2017.03.27-10.53.46:184][667]LogModuleManager: Shutting down and abandoning module UMG (180)
[2017.03.27-10.53.46:184][667]LogModuleManager: Shutting down and abandoning module UMGEditor (179)
[2017.03.27-10.53.46:184][667]LogModuleManager: Shutting down and abandoning module Sequencer (178)
[2017.03.27-10.53.46:184][667]LogModuleManager: Shutting down and abandoning module AssetTools (176)
[2017.03.27-10.53.46:184][667]LogModuleManager: Shutting down and abandoning module MessageLog (175)
[2017.03.27-10.53.46:184][667]LogModuleManager: Shutting down and abandoning module WorkspaceMenuStructure (174)
[2017.03.27-10.53.46:184][667]LogModuleManager: Shutting down and abandoning module SlateReflector (168)
[2017.03.27-10.53.46:184][667]LogModuleManager: Shutting down and abandoning module Slate (166)
[2017.03.27-10.53.46:184][667]LogModuleManager: Shutting down and abandoning module EditorStyle (164)
[2017.03.27-10.53.46:186][667]LogModuleManager: Shutting down and abandoning module SourceCodeAccess (162)
[2017.03.27-10.53.46:186][667]LogModuleManager: Shutting down and abandoning module HeadMountedDisplay (160)
[2017.03.27-10.53.46:186][667]LogModuleManager: Shutting down and abandoning module XAudio2 (158)
[2017.03.27-10.53.46:186][667]LogModuleManager: Shutting down and abandoning module Networking (156)
[2017.03.27-10.53.46:186][667]LogModuleManager: Shutting down and abandoning module Core (152)
[2017.03.27-10.53.46:186][667]LogModuleManager: Shutting down and abandoning module AssetRegistry (150)
[2017.03.27-10.53.46:404][667]LogDirectoryWatcher: A directory notification for '../../../Engine/Content/' was aborted.
[2017.03.27-10.53.46:404][667]LogDirectoryWatcher: A directory notification for '../../../../../../Users/User/Documents/repos/AI2/Content/' was aborted.
[2017.03.27-10.53.46:404][667]LogDirectoryWatcher: A directory notification for '../../../Engine/Plugins/2D/Paper2D/Content/' was aborted.
[2017.03.27-10.53.46:404][667]LogModuleManager: Shutting down and abandoning module DirectoryWatcher (149)
[2017.03.27-10.53.46:404][667]LogModuleManager: Shutting down and abandoning module KismetCompiler (146)
[2017.03.27-10.53.46:404][667]LogModuleManager: Shutting down and abandoning module PhysXFormats (144)
[2017.03.27-10.53.46:404][667]LogModuleManager: Shutting down and abandoning module MeshUtilities (142)
[2017.03.27-10.53.46:405][667]LogModuleManager: Shutting down and abandoning module SimplygonSwarm (141)
[2017.03.27-10.53.46:405][667]LogModuleManager: Shutting down and abandoning module SimplygonMeshReduction (139)
[2017.03.27-10.53.46:405][667]LogModuleManager: Shutting down and abandoning module QuadricMeshReduction (137)
[2017.03.27-10.53.46:405][667]LogModuleManager: Shutting down and abandoning module PropertyEditor (135)
[2017.03.27-10.53.46:405][667]LogModuleManager: Shutting down and abandoning module DerivedDataCache (132)
[2017.03.27-10.53.46:503][667]LogDerivedDataCache: Shutdown
[2017.03.27-10.53.46:503][667]LogModuleManager: Shutting down and abandoning module TargetPlatform (130)
[2017.03.27-10.53.46:503][667]LogModuleManager: Shutting down and abandoning module VulkanShaderFormat (129)
[2017.03.27-10.53.46:503][667]LogModuleManager: Shutting down and abandoning module ShaderFormatOpenGL (127)
[2017.03.27-10.53.46:503][667]LogModuleManager: Shutting down and abandoning module ShaderFormatD3D (125)
[2017.03.27-10.53.46:503][667]LogModuleManager: Shutting down and abandoning module MetalShaderFormat (123)
[2017.03.27-10.53.46:503][667]LogModuleManager: Shutting down and abandoning module TextureFormatUncompressed (121)
[2017.03.27-10.53.46:503][667]LogModuleManager: Shutting down and abandoning module TextureFormatPVR (119)
[2017.03.27-10.53.46:503][667]LogModuleManager: Shutting down and abandoning module TextureFormatDXT (117)
[2017.03.27-10.53.46:503][667]LogModuleManager: Shutting down and abandoning module TextureFormatIntelISPCTexComp (115)
[2017.03.27-10.53.46:503][667]LogModuleManager: Shutting down and abandoning module TextureFormatASTC (113)
[2017.03.27-10.53.46:503][667]LogModuleManager: Shutting down and abandoning module ImageWrapper (112)
[2017.03.27-10.53.46:503][667]LogModuleManager: Shutting down and abandoning module TextureFormatAndroid (109)
[2017.03.27-10.53.46:503][667]LogModuleManager: Shutting down and abandoning module AudioFormatOpus (107)
[2017.03.27-10.53.46:503][667]LogModuleManager: Shutting down and abandoning module AudioFormatOgg (105)
[2017.03.27-10.53.46:503][667]LogModuleManager: Shutting down and abandoning module AudioFormatADPCM (103)
[2017.03.27-10.53.46:503][667]LogModuleManager: Shutting down and abandoning module LinuxTargetPlatform (101)
[2017.03.27-10.53.46:503][667]LogModuleManager: Shutting down and abandoning module LinuxServerTargetPlatform (99)
[2017.03.27-10.53.46:503][667]LogModuleManager: Shutting down and abandoning module LinuxNoEditorTargetPlatform (97)
[2017.03.27-10.53.46:503][667]LogModuleManager: Shutting down and abandoning module LinuxClientTargetPlatform (95)
[2017.03.27-10.53.46:503][667]LogModuleManager: Shutting down and abandoning module TVOSTargetPlatform (93)
[2017.03.27-10.53.46:503][667]LogModuleManager: Shutting down and abandoning module Messaging (91)
[2017.03.27-10.53.46:503][667]LogModuleManager: Shutting down and abandoning module IOSTargetPlatform (89)
[2017.03.27-10.53.46:503][667]LogModuleManager: Shutting down and abandoning module HTML5TargetPlatform (87)
[2017.03.27-10.53.46:503][667]LogModuleManager: Shutting down and abandoning module Android_PVRTCTargetPlatform (85)
[2017.03.27-10.53.46:503][667]LogModuleManager: Shutting down and abandoning module Android_MultiTargetPlatform (83)
[2017.03.27-10.53.46:503][667]LogModuleManager: Shutting down and abandoning module Android_ETC2TargetPlatform (81)
[2017.03.27-10.53.46:503][667]LogModuleManager: Shutting down and abandoning module Android_ETC1TargetPlatform (79)
[2017.03.27-10.53.46:503][667]LogModuleManager: Shutting down and abandoning module Android_DXTTargetPlatform (77)
[2017.03.27-10.53.46:503][667]LogModuleManager: Shutting down and abandoning module Android_ATCTargetPlatform (75)
[2017.03.27-10.53.46:504][667]LogModuleManager: Shutting down and abandoning module Android_ASTCTargetPlatform (73)
[2017.03.27-10.53.46:504][667]LogModuleManager: Shutting down and abandoning module AndroidTargetPlatform (71)
[2017.03.27-10.53.46:504][667]LogModuleManager: Shutting down and abandoning module WindowsTargetPlatform (69)
[2017.03.27-10.53.46:504][667]LogModuleManager: Shutting down and abandoning module WindowsServerTargetPlatform (67)
[2017.03.27-10.53.46:504][667]LogModuleManager: Shutting down and abandoning module WindowsNoEditorTargetPlatform (65)
[2017.03.27-10.53.46:504][667]LogModuleManager: Shutting down and abandoning module WindowsClientTargetPlatform (63)
[2017.03.27-10.53.46:504][667]LogModuleManager: Shutting down and abandoning module MacTargetPlatform (61)
[2017.03.27-10.53.46:504][667]LogModuleManager: Shutting down and abandoning module MacServerTargetPlatform (59)
[2017.03.27-10.53.46:504][667]LogModuleManager: Shutting down and abandoning module MacNoEditorTargetPlatform (57)
[2017.03.27-10.53.46:504][667]LogModuleManager: Shutting down and abandoning module MacClientTargetPlatform (55)
[2017.03.27-10.53.46:504][667]LogModuleManager: Shutting down and abandoning module AllDesktopTargetPlatform (53)
[2017.03.27-10.53.46:504][667]LogModuleManager: Shutting down and abandoning module InputCore (50)
[2017.03.27-10.53.46:504][667]LogModuleManager: Shutting down and abandoning module Settings (48)
[2017.03.27-10.53.46:504][667]LogModuleManager: Shutting down and abandoning module OculusRift (46)
[2017.03.27-10.53.46:504][667]LogModuleManager: Shutting down and abandoning module ExampleDeviceProfileSelector (44)
[2017.03.27-10.53.46:504][667]LogModuleManager: Shutting down and abandoning module OnlineBlueprintSupport (42)
[2017.03.27-10.53.46:504][667]LogModuleManager: Shutting down and abandoning module OnlineSubsystem (38)
[2017.03.27-10.53.46:504][667]LogOnline:Display: Unloading online subsystem: NULL
[2017.03.27-10.53.46:504][667]LogModuleManager: Shutting down and abandoning module XMPP (37)
[2017.03.27-10.53.46:504][667]LogModuleManager: Shutting down and abandoning module HTTP (35)
[2017.03.27-10.53.46:504][667]LogHttp:Display: Http module shutting down, but needs to wait on 1 outstanding Http requests:
[2017.03.27-10.53.46:504][667]LogHttp:Display: 	verb=[POST] url=[https://datarouter.ol.epicgames.com/datarouter/api/v1/public/data?SessionID=%7B942872C5-4FD2-33A6-5102-E6B701A9F517%7D&AppID=UEEditor.Rocket.Release&AppVersion=4.15.0-3299760%2B%2B%2BUE4%2BRelease-4.15&UserID=5e7d6ca74690510ca46c909825d52de5%7Cd6a339825f2e49b5942ba366a5857e29%7C0177c4a1-aeeb-4aec-8485-bd60c2a35847&AppEnvironment=datacollector-binary&UploadType=eteventstream] status=Processing
[2017.03.27-10.53.46:537][667]LogModuleManager: Shutting down and abandoning module SSL (34)
[2017.03.27-10.53.46:539][667]LogModuleManager: Shutting down and abandoning module AudioEditor (30)
[2017.03.27-10.53.46:540][667]LogModuleManager: Shutting down and abandoning module TextureCompressor (28)
[2017.03.27-10.53.46:540][667]LogModuleManager: Shutting down and abandoning module ShaderCore (26)
[2017.03.27-10.53.46:540][667]LogModuleManager: Shutting down and abandoning module Landscape (24)
[2017.03.27-10.53.46:540][667]LogModuleManager: Shutting down and abandoning module SlateRHIRenderer (22)
[2017.03.27-10.53.46:542][667]LogModuleManager: Shutting down and abandoning module OpenGLDrv (20)
[2017.03.27-10.53.46:543][667]LogModuleManager: Shutting down and abandoning module D3D11RHI (18)
[2017.03.27-10.53.46:543][667]LogModuleManager: Shutting down and abandoning module AnimGraphRuntime (16)
[2017.03.27-10.53.46:543][667]LogModuleManager: Shutting down and abandoning module Renderer (14)
[2017.03.27-10.53.46:543][667]LogModuleManager: Shutting down and abandoning module Engine (12)
[2017.03.27-10.53.46:543][667]LogModuleManager: Shutting down and abandoning module CoreUObject (10)
[2017.03.27-10.53.46:543][667]LogModuleManager: Shutting down and abandoning module NetworkFile (8)
[2017.03.27-10.53.46:543][667]LogModuleManager: Shutting down and abandoning module StreamingFile (6)
[2017.03.27-10.53.46:543][667]LogModuleManager: Shutting down and abandoning module SandboxFile (4)
[2017.03.27-10.53.46:543][667]LogModuleManager: Shutting down and abandoning module PakFile (2)
[2017.03.27-10.53.46:545][667]LogExit: Exiting.
[2017.03.27-10.53.46:547][667]Log file closed, 03/27/17 13:53:46
