Log file open, 03/28/17 13:07:14
LogInit:Display: Running engine for game: AI2
LogPlatformFile: Not using cached read wrapper
LogInit:Display: RandInit(1102744617) SRandInit(1102744617).
LogTaskGraph: Started task graph with 5 named threads and 8 total threads with 1 sets of task threads.
LogStats: Stats thread started at 0.466764
LogInit: Using libcurl 7.47.1
LogInit:  - built for x86_64-pc-win32
LogInit:  - supports SSL with OpenSSL/1.0.2g
LogInit:  - supports HTTP deflate (compression) using libz 1.2.8
LogInit:  - other features:
LogInit:      CURL_VERSION_SSL
LogInit:      CURL_VERSION_LIBZ
LogInit:      CURL_VERSION_IPV6
LogInit:      CURL_VERSION_ASYNCHDNS
LogInit:      CURL_VERSION_LARGEFILE
LogInit:      CURL_VERSION_IDN
LogInit:  CurlRequestOptions (configurable via config and command line):
LogInit:  - bVerifyPeer = false  - Libcurl will NOT verify peer certificate
LogInit:  - bUseHttpProxy = false  - Libcurl will NOT use HTTP proxy
LogInit:  - bDontReuseConnections = false  - Libcurl will reuse connections
LogInit:  - CertBundlePath = nullptr  - Libcurl will use whatever was configured at build time.
LogInit: Build: ++UE4+Release-4.15-CL-3299760
LogInit: Engine Version: 4.15.0-3299760+++UE4+Release-4.15
LogInit: Compatible Engine Version: 4.15.0-3299760+++UE4+Release-4.15
LogInit: Net CL: 3299760
LogDevObjectVersion: Number of dev versions registered: 14
LogDevObjectVersion:   Dev-Blueprints (B0D832E4-1F89-4F0D-ACCF-7EB736FD4AA2): 8
LogDevObjectVersion:   Dev-Build (E1C64328-A22C-4D53-A36C-8E866417BD8C): 0
LogDevObjectVersion:   Dev-Core (375EC13C-06E4-48FB-B500-84F0262A717E): 2
LogDevObjectVersion:   Dev-Editor (E4B068ED-F494-42E9-A231-DA0B2E46BB41): 14
LogDevObjectVersion:   Dev-Framework (CFFC743F-43B0-4480-9391-14DF171D2073): 22
LogDevObjectVersion:   Dev-Mobile (B02B49B5-BB20-44E9-A304-32B752E40360): 0
LogDevObjectVersion:   Dev-Networking (A4E4105C-59A1-49B5-A7C5-40C4547EDFEE): 0
LogDevObjectVersion:   Dev-Online (39C831C9-5AE6-47DC-9A44-9C173E1C8E7C): 0
LogDevObjectVersion:   Dev-Physics (78F01B33-EBEA-4F98-B9B4-84EACCB95AA2): 0
LogDevObjectVersion:   Dev-Platform (6631380F-2D4D-43E0-8009-CF276956A95A): 0
LogDevObjectVersion:   Dev-Rendering (12F88B9F-8875-4AFC-A67C-D90C383ABD29): 12
LogDevObjectVersion:   Dev-Sequencer (7B5AE74C-D270-4C10-A958-57980B212A5A): 3
LogDevObjectVersion:   Dev-VR (D7296918-1DD6-4BDD-9DE2-64A83CC13884): 0
LogDevObjectVersion:   Dev-LoadTimes (C2A15278-BFE7-4AFE-6C17-90FF531DF755): 1
LogInit: Compiled (64-bit): Feb 14 2017 02:04:14
LogInit: Compiled with Visual C++: 19.00.23026.00
LogInit: Build Configuration: Development
LogInit: Branch Name: ++UE4+Release-4.15
LogInit: Command line:  
LogInit: Base directory: C:/Program Files/Epic Games/UE_4.15/Engine/Binaries/Win64/
LogInit: Installed Engine Build: 1
LogInit: Presizing for max 8388607 objects, including 0 objects not considered by GC, pre-allocating 0 bytes for permanent pool.
LogInit: Object subsystem initialized
[2017.03.28-10.07.15:684][  0]LogInit: Selected Device Profile: [Windows]
[2017.03.28-10.07.15:684][  0]LogInit: Applying CVar settings loaded from the selected device profile: [Windows]
[2017.03.28-10.07.15:713][  0]LogInit: Computer: TEO
[2017.03.28-10.07.15:713][  0]LogInit: User: User
[2017.03.28-10.07.15:713][  0]LogInit: CPU Page size=65536, Cores=4
[2017.03.28-10.07.15:713][  0]LogInit: High frequency timer resolution =3.421876 MHz
[2017.03.28-10.07.15:713][  0]LogMemory: Memory total: Physical=15.9GB (16GB approx)
[2017.03.28-10.07.15:713][  0]LogMemory: Platform Memory Stats for Windows
[2017.03.28-10.07.15:713][  0]LogMemory: Process Physical Memory: 263.11 MB used, 263.11 MB peak
[2017.03.28-10.07.15:713][  0]LogMemory: Process Virtual Memory: 262.47 MB used, 262.47 MB peak
[2017.03.28-10.07.15:713][  0]LogMemory: Physical Memory: 7050.23 MB used,  9262.09 MB free, 16312.32 MB total
[2017.03.28-10.07.15:713][  0]LogMemory: Virtual Memory: 643.64 MB used,  9262.09 MB free, 134217728.00 MB total
[2017.03.28-10.07.16:078][  0]LogTextLocalizationManager: No translations for ('uk-UA') exist, falling back to 'en' for localization and internationalization data.
[2017.03.28-10.07.18:639][  0]LogD3D11RHI: D3D11 adapters:
[2017.03.28-10.07.19:331][  0]LogD3D11RHI:    0. 'NVIDIA GeForce GTX 970' (Feature Level 11_0)
[2017.03.28-10.07.19:331][  0]LogD3D11RHI:       4059/0/8156 MB DedicatedVideo/DedicatedSystem/SharedSystem, Outputs:1, VendorId:0x10de
[2017.03.28-10.07.19:334][  0]LogD3D11RHI:    1. 'Microsoft Basic Render Driver' (Feature Level 11_0)
[2017.03.28-10.07.19:334][  0]LogD3D11RHI:       0/0/8156 MB DedicatedVideo/DedicatedSystem/SharedSystem, Outputs:0, VendorId:0x1414
[2017.03.28-10.07.19:334][  0]LogD3D11RHI: Chosen D3D11 Adapter: 0
[2017.03.28-10.07.19:343][  0]LogD3D11RHI: Creating new Direct3DDevice
[2017.03.28-10.07.19:343][  0]LogD3D11RHI:     GPU DeviceId: 0x13c2 (for the marketing name, search the web for "GPU Device Id")
[2017.03.28-10.07.19:343][  0]LogWindows: EnumDisplayDevices:
[2017.03.28-10.07.19:343][  0]LogWindows:    0. 'NVIDIA GeForce GTX 970' (P:1 D:1)
[2017.03.28-10.07.19:343][  0]LogWindows:    1. 'NVIDIA GeForce GTX 970' (P:0 D:0)
[2017.03.28-10.07.19:344][  0]LogWindows:    2. 'NVIDIA GeForce GTX 970' (P:0 D:0)
[2017.03.28-10.07.19:344][  0]LogWindows:    3. 'NVIDIA GeForce GTX 970' (P:0 D:0)
[2017.03.28-10.07.19:344][  0]LogWindows: DebugString: FoundDriverCount:4 
[2017.03.28-10.07.19:344][  0]LogD3D11RHI:     Adapter Name: NVIDIA GeForce GTX 970
[2017.03.28-10.07.19:344][  0]LogD3D11RHI:   Driver Version: 378.92 (internal:21.21.13.7892, unified:378.92)
[2017.03.28-10.07.19:344][  0]LogD3D11RHI:      Driver Date: 3-16-2017
[2017.03.28-10.07.19:344][  0]LogRHI: Texture pool is 1361 MB (70% of 1945 MB)
[2017.03.28-10.07.20:227][  0]LogD3D11RHI: Async texture creation enabled
[2017.03.28-10.07.20:296][  0]LogD3D11RHI: GPU Timing Frequency: 1000.000000 (Debug: 2 1)
[2017.03.28-10.07.20:347][  0]LogShaderCompilers: Guid format shader working directory is -4 characters bigger than the processId version (../../../../../../Users/User/Documents/repos/AI2/Intermediate/Shaders/WorkingDirectory/11568/).
[2017.03.28-10.07.20:347][  0]LogShaderCompilers: Cleaned the shader compiler working directory 'C:/Users/User/AppData/Local/Temp/UnrealShaderWorkingDir/A2D5B5C940E31741B44029A441AF13CD/'.
[2017.03.28-10.07.20:348][  0]LogShaderCompilers:Display: Using Local Shader Compiler.
[2017.03.28-10.07.23:248][  0]LogTemp:Display: Loaded TP AllDesktopTargetPlatform
[2017.03.28-10.07.23:301][  0]LogTemp:Display: Loaded TP MacClientTargetPlatform
[2017.03.28-10.07.23:360][  0]LogTemp:Display: Loaded TP MacNoEditorTargetPlatform
[2017.03.28-10.07.23:418][  0]LogTemp:Display: Loaded TP MacServerTargetPlatform
[2017.03.28-10.07.23:489][  0]LogTemp:Display: Loaded TP MacTargetPlatform
[2017.03.28-10.07.23:548][  0]LogTemp:Display: Loaded TP WindowsClientTargetPlatform
[2017.03.28-10.07.23:603][  0]LogTemp:Display: Loaded TP WindowsNoEditorTargetPlatform
[2017.03.28-10.07.23:653][  0]LogTemp:Display: Loaded TP WindowsServerTargetPlatform
[2017.03.28-10.07.23:698][  0]LogTemp:Display: Loaded TP WindowsTargetPlatform
[2017.03.28-10.07.23:752][  0]LogTemp:Display: Loaded TP AndroidTargetPlatform
[2017.03.28-10.07.23:805][  0]LogTemp:Display: Loaded TP Android_ASTCTargetPlatform
[2017.03.28-10.07.23:858][  0]LogTemp:Display: Loaded TP Android_ATCTargetPlatform
[2017.03.28-10.07.23:914][  0]LogTemp:Display: Loaded TP Android_DXTTargetPlatform
[2017.03.28-10.07.23:968][  0]LogTemp:Display: Loaded TP Android_ETC1TargetPlatform
[2017.03.28-10.07.24:024][  0]LogTemp:Display: Loaded TP Android_ETC2TargetPlatform
[2017.03.28-10.07.24:135][  0]LogTemp:Display: Loaded TP Android_MultiTargetPlatform
[2017.03.28-10.07.24:135][  0]LogTemp:Display: Loaded TP Android_PVRTCTargetPlatform
[2017.03.28-10.07.24:181][  0]LogTemp:Display: Loaded TP HTML5TargetPlatform
[2017.03.28-10.07.24:317][  0]LogTemp:Display: Loaded TP IOSTargetPlatform
[2017.03.28-10.07.24:351][  0]LogTemp:Display: Loaded TP TVOSTargetPlatform
[2017.03.28-10.07.24:404][  0]LogTemp:Display: Loaded TP LinuxClientTargetPlatform
[2017.03.28-10.07.24:461][  0]LogTemp:Display: Loaded TP LinuxNoEditorTargetPlatform
[2017.03.28-10.07.24:518][  0]LogTemp:Display: Loaded TP LinuxServerTargetPlatform
[2017.03.28-10.07.24:588][  0]LogTemp:Display: Loaded TP LinuxTargetPlatform
[2017.03.28-10.07.24:588][  0]LogTargetPlatformManager:Display: Building Assets For Windows
[2017.03.28-10.07.25:393][  0]LogDerivedDataCache:Display: Max Cache Size: 512 MB
[2017.03.28-10.07.25:747][  0]LogDerivedDataCache: Loaded boot cache 0.35s 50MB C:/Users/User/AppData/Local/UnrealEngine/4.15/DerivedDataCache/Boot.ddc.
[2017.03.28-10.07.25:747][  0]LogDerivedDataCache:Display: Loaded Boot cache: C:/Users/User/AppData/Local/UnrealEngine/4.15/DerivedDataCache/Boot.ddc
[2017.03.28-10.07.25:747][  0]LogDerivedDataCache: FDerivedDataBackendGraph:  Pak pak cache file ../../../../../../Users/User/Documents/repos/AI2/DerivedDataCache/DDC.ddp not found, will not use a pak cache.
[2017.03.28-10.07.25:747][  0]LogDerivedDataCache: Unable to find inner node Pak for hierarchical cache Hierarchy.
[2017.03.28-10.07.25:747][  0]LogDerivedDataCache: FDerivedDataBackendGraph:  CompressedPak pak cache file ../../../../../../Users/User/Documents/repos/AI2/DerivedDataCache/Compressed.ddp not found, will not use a pak cache.
[2017.03.28-10.07.25:747][  0]LogDerivedDataCache: Unable to find inner node CompressedPak for hierarchical cache Hierarchy.
[2017.03.28-10.07.25:774][  0]LogDerivedDataCache:Display: Pak cache opened for reading ../../../Engine/DerivedDataCache/Compressed.ddp.
[2017.03.28-10.07.25:802][  0]LogDerivedDataCache: Using Local data cache path C:/Users/User/AppData/Local/UnrealEngine/Common/DerivedDataCache: Writable
[2017.03.28-10.07.25:822][  0]LogSlate: Using Freetype 2.6.0
[2017.03.28-10.07.25:834][  0]LogSlate: SlateFontCache - WITH_FREETYPE: 1, WITH_HARFBUZZ: 1
[2017.03.28-10.07.25:834][  0]LogSlate: SlateFontCache - WITH_FREETYPE: 1, WITH_HARFBUZZ: 1
[2017.03.28-10.07.29:311][  0]LogInit: Selected Device Profile: [Windows]
[2017.03.28-10.07.29:320][  0]LogContentStreaming: Texture pool size is 0.00 MB
[2017.03.28-10.07.29:654][  0]LogMeshUtilities: Using QuadricMeshReduction for automatic static mesh reduction
[2017.03.28-10.07.29:712][  0]LogSimplygon: Simplygon DLL not present - disabling.
[2017.03.28-10.07.29:763][  0]LogMeshUtilities: Using SimplygonSwarm for distributed automatic mesh merging
[2017.03.28-10.07.29:763][  0]LogMeshUtilities: No automatic skeletal mesh reduction module available
[2017.03.28-10.07.29:763][  0]LogMeshUtilities: No automatic mesh merging module available
[2017.03.28-10.07.31:302][  0]LogNetVersion: GetLocalNetworkVersion: CL: 3299760, ProjectName: ai2, ProjectVersion: , EngineNetworkVersion: 2, GameNetworkVersion: 0, NetworkChecksum: 2085093951
[2017.03.28-10.07.31:357][  0]LogAssetRegistry: FAssetRegistry took 0.0243 seconds to start up
[2017.03.28-10.07.31:409][  0]LogPackageLocalizationCache: Processed 3 localized package path(s) for 1 prioritized culture(s) in 0.026729 seconds
[2017.03.28-10.07.31:420][  0]LogUObjectArray: 32475 objects as part of root set at end of initial load.
[2017.03.28-10.07.31:420][  0]LogUObjectAllocator: 7073368 out of 0 bytes used by permanent object pool.
[2017.03.28-10.07.31:420][  0]LogUObjectArray: CloseDisregardForGC: 0/0 objects in disregard for GC pool
[2017.03.28-10.07.31:486][  0]LogInit: WinSock: version 1.1 (2.2), MaxSocks=32767, MaxUdp=65467
[2017.03.28-10.07.34:602][  0]LogTcpMessaging: Initializing TcpMessaging bridge
[2017.03.28-10.07.34:644][  0]LogUdpMessaging: Initializing bridge on interface 0.0.0.0:0 to multicast group 230.0.0.1:6666.
[2017.03.28-10.07.35:256][  0]LogMaterial: Uniform references updated for custom material expression Custom.
[2017.03.28-10.07.35:733][  0]SourceControl: Info Source control is disabled
[2017.03.28-10.07.35:783][  0]SourceControl: Info Source control is disabled
[2017.03.28-10.07.35:832][  0]SourceControl: Info Source control is disabled
[2017.03.28-10.07.35:877][  0]SourceControl: Info Source control is disabled
[2017.03.28-10.07.37:307][  0]LogEngine: Initializing Engine...
[2017.03.28-10.07.37:747][  0]LogHMD: Failed to initialize OpenVR with code 108
[2017.03.28-10.07.38:252][  0]LogAIModule: Creating AISystem for world Untitled
[2017.03.28-10.07.38:275][  0]LogInit: XAudio2 using 'Speakers (3- High Definition Audio Device)' : 2 channels at 44.1 kHz using 16 bits per sample (channel mask 0x3)
[2017.03.28-10.07.38:292][  0]LogInit: FAudioDevice initialized.
[2017.03.28-10.07.38:336][  0]LogDerivedDataCache: Saved boot cache 0.04s 50MB C:/Users/User/AppData/Local/UnrealEngine/4.15/DerivedDataCache/Boot.ddc.
[2017.03.28-10.07.38:350][  0]LogInit: Texture streaming: Enabled
[2017.03.28-10.07.38:470][  0]LogEngineSessionManager: EngineSessionManager initialized
[2017.03.28-10.07.38:584][  0]LogInit: Transaction tracking system initialized
[2017.03.28-10.07.39:110][  0]BlueprintLog: New page: Editor Load
[2017.03.28-10.07.40:185][  0]LocalizationService: Info Localization service is disabled
[2017.03.28-10.07.41:012][  0]LogConsoleResponse:Display: 
[2017.03.28-10.07.41:392][  0]LogCook:Display: Max memory allowance for cook 16384mb min free memory 0mb
[2017.03.28-10.07.41:392][  0]LogCook:Display: Mobile HDR setting 1
[2017.03.28-10.07.42:263][  0]LogFileCache: Scanning file cache for directory 'C:/Users/User/Documents/repos/AI2/Content/' took 0.02s
[2017.03.28-10.07.42:619][  0]SourceControl: Info Source control is disabled
[2017.03.28-10.07.42:621][  0]Cmd: MAP LOAD FILE="../../../../../../Users/User/Documents/repos/AI2/Content/TopDownBP/Maps/TopDownExampleMap.umap" TEMPLATE=0 SHOWPROGRESS=1 FEATURELEVEL=3
[2017.03.28-10.07.42:623][  0]LightingResults: New page: Lighting Build
[2017.03.28-10.07.42:671][  0]MapCheck: New page: Map Check
[2017.03.28-10.07.42:671][  0]LightingResults: New page: Lighting Build
[2017.03.28-10.07.43:871][  0]LogAIModule: Creating AISystem for world TopDownExampleMap
[2017.03.28-10.07.43:914][  0]LogEditorServer: Finished looking for orphan Actors (0.000 secs)
[2017.03.28-10.07.43:917][  0]Cmd: MAP CHECKDEP NOCLEARLOG
[2017.03.28-10.07.43:964][  0]MapCheck: Info Map check complete: 0 Error(s), 0 Warning(s), took 47.385ms to complete.
[2017.03.28-10.07.43:964][  0]LogFileHelpers: Loading map 'TopDownExampleMap' took 1.344
[2017.03.28-10.07.44:232][  0]LogCollectionManager: Loaded 0 collections in 0.001542 seconds
[2017.03.28-10.07.44:334][  0]LogFileCache: Scanning file cache for directory 'C:/Users/User/Documents/repos/AI2/Saved/Collections/' took 0.01s
[2017.03.28-10.07.44:334][  0]LogFileCache: Scanning file cache for directory 'C:/Users/User/Documents/repos/AI2/Content/Developers/User/Collections/' took 0.01s
[2017.03.28-10.07.44:334][  0]LogFileCache: Scanning file cache for directory 'C:/Users/User/Documents/repos/AI2/Content/Collections/' took 0.01s
[2017.03.28-10.07.44:334][  0]LogCollectionManager: Rebuilt the GUID cache for 0 collections in 0.000008 seconds
[2017.03.28-10.07.44:347][  0]LogContentBrowser: Native class hierarchy populated in 0.0105 seconds. Added 2244 classes and 450 folders.
[2017.03.28-10.07.44:353][  0]LogStats: UGameplayTagsManager::ConstructGameplayTagTree: Construct from data asset -  0.000 s
[2017.03.28-10.07.44:354][  0]LogStats: UGameplayTagsManager::ConstructGameplayTagTree: GameplayTagTreeChangedEvent.Broadcast -  0.000 s
[2017.03.28-10.07.44:418][  0]LogContentBrowser: Native class hierarchy updated for 'WidgetCarousel' in 0.0005 seconds. Added 0 classes and 0 folders.
[2017.03.28-10.07.44:762][  0]LogContentBrowser: Native class hierarchy updated for 'AddContentDialog' in 0.0007 seconds. Added 0 classes and 0 folders.
[2017.03.28-10.07.44:814][  0]LogContentBrowser: Native class hierarchy updated for 'SceneOutliner' in 0.0006 seconds. Added 1 classes and 2 folders.
[2017.03.28-10.07.44:911][  0]LogCrashTracker: Crashtracker disabled due to settings.
[2017.03.28-10.07.44:927][  0]LogUObjectGlobals:Warning: Failed to find object 'Class None.'
[2017.03.28-10.07.44:999][  0]LogContentBrowser: Native class hierarchy updated for 'HierarchicalLODOutliner' in 0.0008 seconds. Added 1 classes and 2 folders.
[2017.03.28-10.07.45:000][  0]LogLoad: (Engine Initialization) Total time: 33.29 seconds
[2017.03.28-10.07.45:000][  0]LogLoad: (Engine Initialization) Total Blueprint compile time: 0.37 seconds
[2017.03.28-10.07.45:000][  0]LogExternalProfiler: Found external profiler: VSPerf
[2017.03.28-10.07.45:000][  0]LogExternalProfiler: Using external profiler: VSPerf
[2017.03.28-10.07.45:340][  0]LogOcInput: OculusInput pre-init called
[2017.03.28-10.07.45:365][  0]LogContentStreaming: Texture pool size now 1000 MB
[2017.03.28-10.07.45:375][  0]LogSlate: Took 0.006267 seconds to synchronously load lazily loaded font '../../../Engine/Content/Slate/Fonts/Roboto-Regular.ttf' (155K)
[2017.03.28-10.07.45:385][  0]LogSlate: Took 0.006111 seconds to synchronously load lazily loaded font '../../../Engine/Content/Slate/Fonts/Roboto-Bold.ttf' (160K)
[2017.03.28-10.07.45:398][  0]LogSlate: Took 0.006490 seconds to synchronously load lazily loaded font '../../../Engine/Content/Editor/Slate/Fonts/FontAwesome.ttf' (139K)
[2017.03.28-10.07.45:603][  0]LogSlate: Took 0.005802 seconds to synchronously load lazily loaded font '../../../Engine/Content/Slate/Fonts/Roboto-Light.ttf' (159K)
[2017.03.28-10.07.45:648][  0]LogRenderer: Reallocating scene render targets to support 1104x672 NumSamples 1 (Frame:2).
[2017.03.28-10.07.45:746][  1]LogAssetRegistry: Asset discovery search completed in 14.4118 seconds
[2017.03.28-10.07.45:746][  1]LogCollectionManager: Rebuilt the object cache for 0 collections in 0.000011 seconds (found 0 objects)
[2017.03.28-10.07.45:746][  1]LogCollectionManager: Fixed up redirectors for 0 collections in 0.000334 seconds (updated 0 objects)
[2017.03.28-10.07.46:102][  3]LogLinker:Warning: Can't resolve asset name
[2017.03.28-10.07.46:109][  3]LogSlate: Took 0.000326 seconds to synchronously load lazily loaded font '../../../Engine/Content/Slate/Fonts/Roboto-Light.ttf' (159K)
[2017.03.28-10.07.46:660][  3]LogContentBrowser: Native class hierarchy updated for 'BlueprintGraph' in 0.0009 seconds. Added 112 classes and 0 folders.
[2017.03.28-10.07.47:454][  3]LogSlate: Took 0.006361 seconds to synchronously load lazily loaded font '../../../Engine/Content/Editor/Slate/Fonts/Roboto-BoldCondensed.ttf' (158K)
[2017.03.28-10.07.47:773][  4]LogSlate: Took 0.005287 seconds to synchronously load lazily loaded font '../../../Engine/Content/Editor/Slate/Fonts/Roboto-Italic.ttf' (157K)
[2017.03.28-10.14.40:769][717]Cmd: OBJ SAVEPACKAGE PACKAGE="/Game/MyMechanics/DoorBP" FILE="../../../../../../Users/User/Documents/repos/AI2/Content/MyMechanics/DoorBP.uasset" SILENT=true
[2017.03.28-10.14.40:822][717]LogSavePackage: Save=37.00ms
[2017.03.28-10.14.40:822][717]LogSavePackage: Moving '../../../../../../Users/User/Documents/repos/AI2/Saved/DoorBPD33570834DB79F6CB9A923A0AFF8F4F0.tmp' to '../../../../../../Users/User/Documents/repos/AI2/Content/MyMechanics/DoorBP.uasset'
[2017.03.28-10.14.40:828][717]LogSavePackage:Display: Finished SavePackage ../../../../../../Users/User/Documents/repos/AI2/Content/MyMechanics/DoorBP.uasset
[2017.03.28-10.14.41:253][766]BlueprintLog: New page: Compile DoorBP
[2017.03.28-10.14.42:119][809]Cmd: OBJ SAVEPACKAGE PACKAGE="/Game/MyMechanics/DoorBP" FILE="../../../../../../Users/User/Documents/repos/AI2/Content/MyMechanics/DoorBP.uasset" SILENT=true
[2017.03.28-10.14.42:156][809]LogSavePackage: Save=30.73ms
[2017.03.28-10.14.42:156][809]LogSavePackage: Moving '../../../../../../Users/User/Documents/repos/AI2/Saved/DoorBPC854BB8842A43F57DF4C80AB4896EFD7.tmp' to '../../../../../../Users/User/Documents/repos/AI2/Content/MyMechanics/DoorBP.uasset'
[2017.03.28-10.14.42:158][809]LogSavePackage:Display: Finished SavePackage ../../../../../../Users/User/Documents/repos/AI2/Content/MyMechanics/DoorBP.uasset
[2017.03.28-10.15.12:398][988]BlueprintLog: New page: Compile DoorBP
[2017.03.28-10.15.12:861][993]Cmd: OBJ SAVEPACKAGE PACKAGE="/Game/MyMechanics/DoorBP" FILE="../../../../../../Users/User/Documents/repos/AI2/Content/MyMechanics/DoorBP.uasset" SILENT=true
[2017.03.28-10.15.12:897][993]LogSavePackage: Save=29.80ms
[2017.03.28-10.15.12:897][993]LogSavePackage: Moving '../../../../../../Users/User/Documents/repos/AI2/Saved/DoorBPE40B42244CFB5D747063DE924A6BF738.tmp' to '../../../../../../Users/User/Documents/repos/AI2/Content/MyMechanics/DoorBP.uasset'
[2017.03.28-10.15.12:900][993]LogSavePackage:Display: Finished SavePackage ../../../../../../Users/User/Documents/repos/AI2/Content/MyMechanics/DoorBP.uasset
[2017.03.28-10.15.49:930][886]BlueprintLog: New page: Compile Key
[2017.03.28-10.15.50:326][910]Cmd: OBJ SAVEPACKAGE PACKAGE="/Game/MyMechanics/Key" FILE="../../../../../../Users/User/Documents/repos/AI2/Content/MyMechanics/Key.uasset" SILENT=true
[2017.03.28-10.15.50:334][910]LogSavePackage: Save=6.32ms
[2017.03.28-10.15.50:334][910]LogSavePackage: Moving '../../../../../../Users/User/Documents/repos/AI2/Saved/KeyC785E1054E5E2F5521032A9DD3F0A924.tmp' to '../../../../../../Users/User/Documents/repos/AI2/Content/MyMechanics/Key.uasset'
[2017.03.28-10.15.50:337][910]LogSavePackage:Display: Finished SavePackage ../../../../../../Users/User/Documents/repos/AI2/Content/MyMechanics/Key.uasset
[2017.03.28-10.16.45:118][ 86]BlueprintLog: New page: Compile DoorBP
[2017.03.28-10.16.46:281][160]Cmd: OBJ SAVEPACKAGE PACKAGE="/Game/MyMechanics/DoorBP" FILE="../../../../../../Users/User/Documents/repos/AI2/Content/MyMechanics/DoorBP.uasset" SILENT=true
[2017.03.28-10.16.46:321][160]LogSavePackage: Save=30.96ms
[2017.03.28-10.16.46:321][160]LogSavePackage: Moving '../../../../../../Users/User/Documents/repos/AI2/Saved/DoorBPE58B20974BA752F752112E9DEAA910E1.tmp' to '../../../../../../Users/User/Documents/repos/AI2/Content/MyMechanics/DoorBP.uasset'
[2017.03.28-10.16.46:323][160]LogSavePackage:Display: Finished SavePackage ../../../../../../Users/User/Documents/repos/AI2/Content/MyMechanics/DoorBP.uasset
[2017.03.28-10.17.54:319][658]LogSlate: Took 0.000961 seconds to synchronously load lazily loaded font '../../../Engine/Content/Slate/Fonts/Roboto-Light.ttf' (159K)
[2017.03.28-10.18.03:659][685]LogSavePackage: Save=207.18ms
[2017.03.28-10.18.03:659][685]LogSavePackage: Moving '../../../../../../Users/User/Documents/repos/AI2/Saved/TopDownExampleMap_Auto1F87057254CD9783C091094A45E378595.tmp' to '../../../../../../Users/User/Documents/repos/AI2/Saved/Autosaves/Game/TopDownBP/Maps/TopDownExampleMap_Auto1.umap'
[2017.03.28-10.18.03:661][685]LogSavePackage:Display: Finished SavePackage ../../../../../../Users/User/Documents/repos/AI2/Saved/Autosaves/Game/TopDownBP/Maps/TopDownExampleMap_Auto1.umap
[2017.03.28-10.18.03:664][685]LogFileHelpers: Editor autosave (incl. sublevels) for '/Game/TopDownBP/Maps/TopDownExampleMap' took 0.275
[2017.03.28-10.18.03:664][685]LogFileHelpers: Editor autosave (incl. sublevels) for all levels took 0.275
[2017.03.28-10.18.03:668][685]OBJ SavePackage: Generating thumbnails for [1] asset(s) in package [/Game/MyMechanics/DoorBP] ([1] browsable assets)...
[2017.03.28-10.18.03:698][685]OBJ SavePackage:     Rendered thumbnail for [Blueprint /Game/MyMechanics/DoorBP.DoorBP]
[2017.03.28-10.18.03:698][685]OBJ SavePackage: Finished generating thumbnails for package [/Game/MyMechanics/DoorBP]
[2017.03.28-10.18.03:698][685]Cmd: OBJ SAVEPACKAGE PACKAGE="/Game/MyMechanics/DoorBP" FILE="../../../../../../Users/User/Documents/repos/AI2/Saved/Autosaves/Game/MyMechanics/DoorBP_Auto1.uasset" SILENT=false AUTOSAVING=true
[2017.03.28-10.18.03:742][685]LogSavePackage: Save=35.97ms
[2017.03.28-10.18.03:742][685]LogSavePackage: Moving '../../../../../../Users/User/Documents/repos/AI2/Saved/DoorBP_Auto1DB9F95BB42B1376CA76724ACD856262B.tmp' to '../../../../../../Users/User/Documents/repos/AI2/Saved/Autosaves/Game/MyMechanics/DoorBP_Auto1.uasset'
[2017.03.28-10.18.03:747][685]LogSavePackage:Display: Finished SavePackage ../../../../../../Users/User/Documents/repos/AI2/Saved/Autosaves/Game/MyMechanics/DoorBP_Auto1.uasset
[2017.03.28-10.18.03:747][685]LogFileHelpers: Auto-saving content packages took 0.081
[2017.03.28-10.18.29:021][ 64]BlueprintLog: New page: Compile DoorBP
[2017.03.28-10.18.29:629][ 86]Cmd: OBJ SAVEPACKAGE PACKAGE="/Game/MyMechanics/DoorBP" FILE="../../../../../../Users/User/Documents/repos/AI2/Content/MyMechanics/DoorBP.uasset" SILENT=true
[2017.03.28-10.18.29:668][ 86]LogSavePackage: Save=30.85ms
[2017.03.28-10.18.29:668][ 86]LogSavePackage: Moving '../../../../../../Users/User/Documents/repos/AI2/Saved/DoorBP3643E3D94656F678F98A0DBB5B04339B.tmp' to '../../../../../../Users/User/Documents/repos/AI2/Content/MyMechanics/DoorBP.uasset'
[2017.03.28-10.18.29:674][ 86]LogSavePackage:Display: Finished SavePackage ../../../../../../Users/User/Documents/repos/AI2/Content/MyMechanics/DoorBP.uasset
[2017.03.28-10.25.27:829][ 61]BlueprintLog: New page: Compile Key
[2017.03.28-10.25.28:564][123]Cmd: OBJ SAVEPACKAGE PACKAGE="/Game/MyMechanics/Key" FILE="../../../../../../Users/User/Documents/repos/AI2/Content/MyMechanics/Key.uasset" SILENT=true
[2017.03.28-10.25.28:585][123]LogSavePackage: Save=10.56ms
[2017.03.28-10.25.28:585][123]LogSavePackage: Moving '../../../../../../Users/User/Documents/repos/AI2/Saved/Key712F043945497CC8C543168A95CEE6CE.tmp' to '../../../../../../Users/User/Documents/repos/AI2/Content/MyMechanics/Key.uasset'
[2017.03.28-10.25.28:588][123]LogSavePackage:Display: Finished SavePackage ../../../../../../Users/User/Documents/repos/AI2/Content/MyMechanics/Key.uasset
[2017.03.28-10.25.52:183][950]BlueprintLog: New page: Compile Key
[2017.03.28-10.25.52:300][950]LogBlueprint:Warning: [Compiler ] Warning Pasted node  Key   conflicted with  Event Key  and was replaced as a Custom Event!
[2017.03.28-10.25.52:621][978]Cmd: OBJ SAVEPACKAGE PACKAGE="/Game/MyMechanics/Key" FILE="../../../../../../Users/User/Documents/repos/AI2/Content/MyMechanics/Key.uasset" SILENT=true
[2017.03.28-10.25.52:635][978]LogSavePackage: Save=7.46ms
[2017.03.28-10.25.52:635][978]LogSavePackage: Moving '../../../../../../Users/User/Documents/repos/AI2/Saved/KeyF5A0D9DE4F8014710532F4B12C60554D.tmp' to '../../../../../../Users/User/Documents/repos/AI2/Content/MyMechanics/Key.uasset'
[2017.03.28-10.25.52:638][978]LogSavePackage:Display: Finished SavePackage ../../../../../../Users/User/Documents/repos/AI2/Content/MyMechanics/Key.uasset
[2017.03.28-10.26.22:285][447]BlueprintLog: New page: Compile DoorBP
[2017.03.28-10.26.56:339][199]BlueprintLog: New page: Compile DoorBP
[2017.03.28-10.26.57:143][242]Cmd: OBJ SAVEPACKAGE PACKAGE="/Game/MyMechanics/DoorBP" FILE="../../../../../../Users/User/Documents/repos/AI2/Content/MyMechanics/DoorBP.uasset" SILENT=true
[2017.03.28-10.26.57:188][242]LogSavePackage: Save=33.07ms
[2017.03.28-10.26.57:188][242]LogSavePackage: Moving '../../../../../../Users/User/Documents/repos/AI2/Saved/DoorBP4327113F4C5CC1C608CAADBA469E35E0.tmp' to '../../../../../../Users/User/Documents/repos/AI2/Content/MyMechanics/DoorBP.uasset'
[2017.03.28-10.26.57:191][242]LogSavePackage:Display: Finished SavePackage ../../../../../../Users/User/Documents/repos/AI2/Content/MyMechanics/DoorBP.uasset
[2017.03.28-10.27.17:930][669]BlueprintLog: New page: Compile DoorBP
[2017.03.28-10.27.18:519][684]Cmd: OBJ SAVEPACKAGE PACKAGE="/Game/MyMechanics/DoorBP" FILE="../../../../../../Users/User/Documents/repos/AI2/Content/MyMechanics/DoorBP.uasset" SILENT=true
[2017.03.28-10.27.18:554][684]LogSavePackage: Save=29.09ms
[2017.03.28-10.27.18:554][684]LogSavePackage: Moving '../../../../../../Users/User/Documents/repos/AI2/Saved/DoorBPF0C7F47D4DEC92C24B1EFE95E294A625.tmp' to '../../../../../../Users/User/Documents/repos/AI2/Content/MyMechanics/DoorBP.uasset'
[2017.03.28-10.27.18:558][684]LogSavePackage:Display: Finished SavePackage ../../../../../../Users/User/Documents/repos/AI2/Content/MyMechanics/DoorBP.uasset
[2017.03.28-10.27.29:010][926]BlueprintLog: New page: Compile LanternBP
[2017.03.28-10.27.29:565][929]Cmd: OBJ SAVEPACKAGE PACKAGE="/Game/MyMechanics/LanternBP" FILE="../../../../../../Users/User/Documents/repos/AI2/Content/MyMechanics/LanternBP.uasset" SILENT=true
[2017.03.28-10.27.29:607][929]LogSavePackage: Save=31.43ms
[2017.03.28-10.27.29:607][929]LogSavePackage: Moving '../../../../../../Users/User/Documents/repos/AI2/Saved/LanternBPBB81A208491B29DD8C3A58AC94C31D9A.tmp' to '../../../../../../Users/User/Documents/repos/AI2/Content/MyMechanics/LanternBP.uasset'
[2017.03.28-10.27.29:610][929]LogSavePackage:Display: Finished SavePackage ../../../../../../Users/User/Documents/repos/AI2/Content/MyMechanics/LanternBP.uasset
[2017.03.28-10.27.32:539][277]Cmd: OBJ SAVEPACKAGE PACKAGE="/Game/MyMechanics/Key" FILE="../../../../../../Users/User/Documents/repos/AI2/Content/MyMechanics/Key.uasset" SILENT=true
[2017.03.28-10.27.32:556][277]LogSavePackage: Save=9.56ms
[2017.03.28-10.27.32:556][277]LogSavePackage: Moving '../../../../../../Users/User/Documents/repos/AI2/Saved/KeyB11E62504A4BD8B24C561CBBE504D86C.tmp' to '../../../../../../Users/User/Documents/repos/AI2/Content/MyMechanics/Key.uasset'
[2017.03.28-10.27.32:557][277]LogSavePackage:Display: Finished SavePackage ../../../../../../Users/User/Documents/repos/AI2/Content/MyMechanics/Key.uasset
[2017.03.28-10.27.33:617][404]BlueprintLog: New page: Compile Key
[2017.03.28-10.27.34:131][448]Cmd: OBJ SAVEPACKAGE PACKAGE="/Game/MyMechanics/Key" FILE="../../../../../../Users/User/Documents/repos/AI2/Content/MyMechanics/Key.uasset" SILENT=true
[2017.03.28-10.27.34:145][448]LogSavePackage: Save=7.56ms
[2017.03.28-10.27.34:145][448]LogSavePackage: Moving '../../../../../../Users/User/Documents/repos/AI2/Saved/Key29A3CE0E4BF4873CAABC6C89F2702E92.tmp' to '../../../../../../Users/User/Documents/repos/AI2/Content/MyMechanics/Key.uasset'
[2017.03.28-10.27.34:146][448]LogSavePackage:Display: Finished SavePackage ../../../../../../Users/User/Documents/repos/AI2/Content/MyMechanics/Key.uasset
[2017.03.28-10.28.06:974][180]BlueprintLog: New page: Compile LanternBP
[2017.03.28-10.28.07:617][193]Cmd: OBJ SAVEPACKAGE PACKAGE="/Game/MyMechanics/LanternBP" FILE="../../../../../../Users/User/Documents/repos/AI2/Content/MyMechanics/LanternBP.uasset" SILENT=true
[2017.03.28-10.28.07:652][193]LogSavePackage: Save=28.44ms
[2017.03.28-10.28.07:652][193]LogSavePackage: Moving '../../../../../../Users/User/Documents/repos/AI2/Saved/LanternBP68425EED47CF5499125EDA986B9EE775.tmp' to '../../../../../../Users/User/Documents/repos/AI2/Content/MyMechanics/LanternBP.uasset'
[2017.03.28-10.28.07:656][193]LogSavePackage:Display: Finished SavePackage ../../../../../../Users/User/Documents/repos/AI2/Content/MyMechanics/LanternBP.uasset
[2017.03.28-10.29.35:986][622]BlueprintLog: New page: Compile Key
[2017.03.28-10.29.36:980][724]Cmd: OBJ SAVEPACKAGE PACKAGE="/Game/MyMechanics/Key" FILE="../../../../../../Users/User/Documents/repos/AI2/Content/MyMechanics/Key.uasset" SILENT=true
[2017.03.28-10.29.36:994][724]LogSavePackage: Save=7.48ms
[2017.03.28-10.29.36:994][724]LogSavePackage: Moving '../../../../../../Users/User/Documents/repos/AI2/Saved/KeyCE0298774EF530B154C9CAA0EE02ADB9.tmp' to '../../../../../../Users/User/Documents/repos/AI2/Content/MyMechanics/Key.uasset'
[2017.03.28-10.29.36:998][724]LogSavePackage:Display: Finished SavePackage ../../../../../../Users/User/Documents/repos/AI2/Content/MyMechanics/Key.uasset
[2017.03.28-10.30.27:368][861]LogSavePackage: Save=214.80ms
[2017.03.28-10.30.27:368][861]LogSavePackage: Moving '../../../../../../Users/User/Documents/repos/AI2/Saved/TopDownExampleMap_Auto2E02007AC47A6EADABF580A9978BFED20.tmp' to '../../../../../../Users/User/Documents/repos/AI2/Saved/Autosaves/Game/TopDownBP/Maps/TopDownExampleMap_Auto2.umap'
[2017.03.28-10.30.27:373][861]LogSavePackage:Display: Finished SavePackage ../../../../../../Users/User/Documents/repos/AI2/Saved/Autosaves/Game/TopDownBP/Maps/TopDownExampleMap_Auto2.umap
[2017.03.28-10.30.27:376][861]LogFileHelpers: Editor autosave (incl. sublevels) for '/Game/TopDownBP/Maps/TopDownExampleMap' took 0.284
[2017.03.28-10.30.27:376][861]LogFileHelpers: Editor autosave (incl. sublevels) for all levels took 0.284
[2017.03.28-10.30.27:379][861]OBJ SavePackage: Generating thumbnails for [1] asset(s) in package [/Game/MyMechanics/LanternBP] ([1] browsable assets)...
[2017.03.28-10.30.27:393][861]OBJ SavePackage:     Rendered thumbnail for [Blueprint /Game/MyMechanics/LanternBP.LanternBP]
[2017.03.28-10.30.27:393][861]OBJ SavePackage: Finished generating thumbnails for package [/Game/MyMechanics/LanternBP]
[2017.03.28-10.30.27:394][861]Cmd: OBJ SAVEPACKAGE PACKAGE="/Game/MyMechanics/LanternBP" FILE="../../../../../../Users/User/Documents/repos/AI2/Saved/Autosaves/Game/MyMechanics/LanternBP_Auto2.uasset" SILENT=false AUTOSAVING=true
[2017.03.28-10.30.27:432][861]LogSavePackage: Save=32.07ms
[2017.03.28-10.30.27:432][861]LogSavePackage: Moving '../../../../../../Users/User/Documents/repos/AI2/Saved/LanternBP_Auto22D5FC0C44EAB2AA778AC0288ECB911BA.tmp' to '../../../../../../Users/User/Documents/repos/AI2/Saved/Autosaves/Game/MyMechanics/LanternBP_Auto2.uasset'
[2017.03.28-10.30.27:433][861]LogSavePackage:Display: Finished SavePackage ../../../../../../Users/User/Documents/repos/AI2/Saved/Autosaves/Game/MyMechanics/LanternBP_Auto2.uasset
[2017.03.28-10.30.27:433][861]LogFileHelpers: Auto-saving content packages took 0.056
[2017.03.28-10.31.02:582][494]LogSlate:Warning: Prevented a slow task dialog from being summoned while a context menu was open
[2017.03.28-10.32.03:717][539]BlueprintLog: New page: Compile DoorBP
[2017.03.28-10.32.45:165][286]Cmd: OBJ SAVEPACKAGE PACKAGE="/Game/MyMechanics/DoorBP" FILE="../../../../../../Users/User/Documents/repos/AI2/Content/MyMechanics/DoorBP.uasset" SILENT=true
[2017.03.28-10.32.45:213][286]LogSavePackage: Save=33.35ms
[2017.03.28-10.32.45:213][286]LogSavePackage: Moving '../../../../../../Users/User/Documents/repos/AI2/Saved/DoorBP820D4C434AFCB8397F1C1A939410845B.tmp' to '../../../../../../Users/User/Documents/repos/AI2/Content/MyMechanics/DoorBP.uasset'
[2017.03.28-10.32.45:217][286]LogSavePackage:Display: Finished SavePackage ../../../../../../Users/User/Documents/repos/AI2/Content/MyMechanics/DoorBP.uasset
[2017.03.28-10.32.47:254][350]Cmd: OBJ SAVEPACKAGE PACKAGE="/Game/MyMechanics/LanternBP" FILE="../../../../../../Users/User/Documents/repos/AI2/Content/MyMechanics/LanternBP.uasset" SILENT=true
[2017.03.28-10.32.47:291][350]LogSavePackage: Save=23.16ms
[2017.03.28-10.32.47:291][350]LogSavePackage: Moving '../../../../../../Users/User/Documents/repos/AI2/Saved/LanternBP465412BF4DDE274C61FA8A9FD5358E71.tmp' to '../../../../../../Users/User/Documents/repos/AI2/Content/MyMechanics/LanternBP.uasset'
[2017.03.28-10.32.47:297][350]LogSavePackage:Display: Finished SavePackage ../../../../../../Users/User/Documents/repos/AI2/Content/MyMechanics/LanternBP.uasset
[2017.03.28-10.32.47:565][350]LogSavePackage: Save=177.30ms
[2017.03.28-10.32.47:565][350]LogSavePackage: Moving '../../../../../../Users/User/Documents/repos/AI2/Saved/TopDownExampleMap99DEC464484436086EE17391A7CC479D.tmp' to '../../../../../../Users/User/Documents/repos/AI2/Content/TopDownBP/Maps/TopDownExampleMap.umap'
[2017.03.28-10.32.47:570][350]LogSavePackage:Display: Finished SavePackage ../../../../../../Users/User/Documents/repos/AI2/Content/TopDownBP/Maps/TopDownExampleMap.umap
[2017.03.28-10.32.47:606][350]LogFileHelpers: Saving map 'TopDownExampleMap' took 0.304
[2017.03.28-10.32.47:763][350]LogActorComponent: UnregisterComponent: (/Engine/Transient.EditorFloorComp) Not registered. Aborting.
[2017.03.28-10.32.48:056][351]Cmd: QUIT_EDITOR
[2017.03.28-10.32.48:092][351]LogWindowsTextInputMethodSystem:Display: IME system now deactivated.
[2017.03.28-10.32.48:118][351]LogExit: Preparing to exit.
[2017.03.28-10.32.49:320][351]LogDirectoryWatcher: A directory notification for 'C:/Users/User/Documents/repos/AI2/Content/' was aborted.
[2017.03.28-10.32.49:371][351]LogExit: Editor shut down
[2017.03.28-10.32.49:372][351]LogExit: Transaction tracking system shut down
[2017.03.28-10.32.49:498][351]LogObj: Freed 0b from 0 cluster array pools.
[2017.03.28-10.32.49:499][351]LogExit: Object subsystem successfully closed.
[2017.03.28-10.32.49:517][351]LogD3D11RHI: Shutdown
[2017.03.28-10.32.49:517][351]LogD3D11RHI: CleanupD3DDevice
[2017.03.28-10.32.49:644][351]LogD3D11RHI: ~FD3D11DynamicRHI
[2017.03.28-10.32.49:666][351]LogModuleManager: Shutting down and abandoning module BlueprintGraph (500)
[2017.03.28-10.32.49:666][351]LogModuleManager: Shutting down and abandoning module BlueprintProfiler (498)
[2017.03.28-10.32.49:667][351]LogModuleManager: Shutting down and abandoning module HierarchicalLODOutliner (496)
[2017.03.28-10.32.49:667][351]LogModuleManager: Shutting down and abandoning module CrashTracker (494)
[2017.03.28-10.32.49:667][351]LogModuleManager: Shutting down and abandoning module SceneOutliner (492)
[2017.03.28-10.32.49:667][351]LogModuleManager: Shutting down and abandoning module AddContentDialog (490)
[2017.03.28-10.32.49:667][351]LogDirectoryWatcher: A directory notification for 'C:/Program Files/Epic Games/UE_4.15/FeaturePacks/' was aborted.
[2017.03.28-10.32.49:668][351]LogModuleManager: Shutting down and abandoning module WidgetCarousel (489)
[2017.03.28-10.32.49:668][351]LogModuleManager: Shutting down and abandoning module EditorWidgets (486)
[2017.03.28-10.32.49:668][351]LogModuleManager: Shutting down and abandoning module CollectionManager (484)
[2017.03.28-10.32.49:668][351]LogDirectoryWatcher: A directory notification for 'C:/Users/User/Documents/repos/AI2/Content/Collections/' was aborted.
[2017.03.28-10.32.49:668][351]LogDirectoryWatcher: A directory notification for 'C:/Users/User/Documents/repos/AI2/Content/Developers/User/Collections/' was aborted.
[2017.03.28-10.32.49:668][351]LogDirectoryWatcher: A directory notification for 'C:/Users/User/Documents/repos/AI2/Saved/Collections/' was aborted.
[2017.03.28-10.32.49:668][351]LogModuleManager: Shutting down and abandoning module StatsViewer (482)
[2017.03.28-10.32.49:668][351]LogModuleManager: Shutting down and abandoning module FoliageEdit (480)
[2017.03.28-10.32.49:668][351]LogModuleManager: Shutting down and abandoning module LandscapeEditor (478)
[2017.03.28-10.32.49:668][351]LogModuleManager: Shutting down and abandoning module SceneDepthPickerMode (476)
[2017.03.28-10.32.49:668][351]LogModuleManager: Shutting down and abandoning module ActorPickerMode (474)
[2017.03.28-10.32.49:668][351]LogModuleManager: Shutting down and abandoning module GeometryMode (472)
[2017.03.28-10.32.49:668][351]LogModuleManager: Shutting down and abandoning module TextureAlignMode (470)
[2017.03.28-10.32.49:668][351]LogModuleManager: Shutting down and abandoning module BspMode (468)
[2017.03.28-10.32.49:668][351]LogModuleManager: Shutting down and abandoning module HardwareSurvey (466)
[2017.03.28-10.32.49:668][351]LogModuleManager: Shutting down and abandoning module SequenceRecorderSections (464)
[2017.03.28-10.32.49:668][351]LogModuleManager: Shutting down and abandoning module AutomationWorker (462)
[2017.03.28-10.32.49:668][351]LogModuleManager: Shutting down and abandoning module MatineeToLevelSequence (460)
[2017.03.28-10.32.49:668][351]LogModuleManager: Shutting down and abandoning module LevelSequenceEditor (458)
[2017.03.28-10.32.49:669][351]LogModuleManager: Shutting down and abandoning module PlacementMode (457)
[2017.03.28-10.32.49:669][351]LogModuleManager: Shutting down and abandoning module WmfMediaFactory (454)
[2017.03.28-10.32.49:669][351]LogModuleManager: Shutting down and abandoning module WmfMediaEditor (452)
[2017.03.28-10.32.49:669][351]LogModuleManager: Shutting down and abandoning module MfMediaFactory (450)
[2017.03.28-10.32.49:669][351]LogModuleManager: Shutting down and abandoning module MfMediaEditor (448)
[2017.03.28-10.32.49:669][351]LogModuleManager: Shutting down and abandoning module AvfMediaFactory (446)
[2017.03.28-10.32.49:669][351]LogModuleManager: Shutting down and abandoning module AvfMediaEditor (444)
[2017.03.28-10.32.49:669][351]LogModuleManager: Shutting down and abandoning module AndroidMediaFactory (442)
[2017.03.28-10.32.49:669][351]LogModuleManager: Shutting down and abandoning module Media (441)
[2017.03.28-10.32.49:669][351]LogModuleManager: Shutting down and abandoning module AndroidMediaEditor (438)
[2017.03.28-10.32.49:669][351]LogModuleManager: Shutting down and abandoning module CharacterAI (436)
[2017.03.28-10.32.49:669][351]LogModuleManager: Shutting down and abandoning module AudioCapture (434)
[2017.03.28-10.32.49:669][351]LogModuleManager: Shutting down and abandoning module SequenceRecorder (433)
[2017.03.28-10.32.49:669][351]LogModuleManager: Shutting down and abandoning module SmartSnapping (430)
[2017.03.28-10.32.49:669][351]LogModuleManager: Shutting down and abandoning module SessionServices (428)
[2017.03.28-10.32.49:669][351]LogModuleManager: Shutting down and abandoning module ViewportSnapping (426)
[2017.03.28-10.32.49:669][351]LogModuleManager: Shutting down and abandoning module ViewportInteraction (424)
[2017.03.28-10.32.49:669][351]LogModuleManager: Shutting down and abandoning module LogVisualizer (422)
[2017.03.28-10.32.49:670][351]LogModuleManager: Shutting down and abandoning module IntroTutorials (420)
[2017.03.28-10.32.49:670][351]LogModuleManager: Shutting down and abandoning module GameProjectGeneration (419)
[2017.03.28-10.32.49:671][351]LogModuleManager: Shutting down and abandoning module EditorLiveStreaming (416)
[2017.03.28-10.32.49:671][351]LogModuleManager: Shutting down and abandoning module IOSPlatformEditor (414)
[2017.03.28-10.32.49:671][351]LogModuleManager: Shutting down and abandoning module HTML5PlatformEditor (412)
[2017.03.28-10.32.49:671][351]LogModuleManager: Shutting down and abandoning module AndroidPlatformEditor (410)
[2017.03.28-10.32.49:671][351]LogModuleManager: Shutting down and abandoning module AndroidDeviceDetection (409)
[2017.03.28-10.32.50:291][351]LogModuleManager: Shutting down and abandoning module IOSRuntimeSettings (406)
[2017.03.28-10.32.50:291][351]LogModuleManager: Shutting down and abandoning module AndroidRuntimeSettings (404)
[2017.03.28-10.32.50:292][351]LogModuleManager: Shutting down and abandoning module InputBindingEditor (402)
[2017.03.28-10.32.50:292][351]LogModuleManager: Shutting down and abandoning module NiagaraEditor (400)
[2017.03.28-10.32.50:293][351]LogModuleManager: Shutting down and abandoning module MergeActors (398)
[2017.03.28-10.32.50:294][351]LogModuleManager: Shutting down and abandoning module SizeMap (396)
[2017.03.28-10.32.50:294][351]LogModuleManager: Shutting down and abandoning module TreeMap (394)
[2017.03.28-10.32.50:294][351]LogModuleManager: Shutting down and abandoning module ReferenceViewer (392)
[2017.03.28-10.32.50:294][351]LogModuleManager: Shutting down and abandoning module LocalizationDashboard (390)
[2017.03.28-10.32.50:294][351]LogModuleManager: Shutting down and abandoning module LocalizationService (389)
[2017.03.28-10.32.50:295][351]LogModuleManager: Shutting down and abandoning module HardwareTargeting (386)
[2017.03.28-10.32.50:295][351]LogModuleManager: Shutting down and abandoning module DeviceProfileEditor (384)
[2017.03.28-10.32.50:295][351]LogModuleManager: Shutting down and abandoning module UndoHistory (382)
[2017.03.28-10.32.50:295][351]LogModuleManager: Shutting down and abandoning module UserFeedback (380)
[2017.03.28-10.32.50:295][351]LogModuleManager: Shutting down and abandoning module XmlParser (378)
[2017.03.28-10.32.50:295][351]LogModuleManager: Shutting down and abandoning module Blutility (376)
[2017.03.28-10.32.50:295][351]LogModuleManager: Shutting down and abandoning module ProjectSettingsViewer (374)
[2017.03.28-10.32.50:295][351]LogModuleManager: Shutting down and abandoning module ProjectTargetPlatformEditor (373)
[2017.03.28-10.32.50:295][351]LogModuleManager: Shutting down and abandoning module EditorSettingsViewer (370)
[2017.03.28-10.32.50:295][351]LogModuleManager: Shutting down and abandoning module SettingsEditor (368)
[2017.03.28-10.32.50:296][351]LogModuleManager: Shutting down and abandoning module ProjectLauncher (366)
[2017.03.28-10.32.50:296][351]LogModuleManager: Shutting down and abandoning module SessionFrontend (364)
[2017.03.28-10.32.50:296][351]LogModuleManager: Shutting down and abandoning module ProfilerClient (362)
[2017.03.28-10.32.50:297][351]LogModuleManager: Shutting down and abandoning module DeviceManager (360)
[2017.03.28-10.32.50:297][351]LogModuleManager: Shutting down and abandoning module TargetDeviceServices (359)
[2017.03.28-10.32.50:350][351]LogModuleManager: Shutting down and abandoning module AutomationController (356)
[2017.03.28-10.32.50:350][351]LogModuleManager: Shutting down and abandoning module AutomationWindow (354)
[2017.03.28-10.32.50:351][351]LogModuleManager: Shutting down and abandoning module Layers (352)
[2017.03.28-10.32.50:352][351]LogModuleManager: Shutting down and abandoning module ComponentVisualizers (350)
[2017.03.28-10.32.50:352][351]LogModuleManager: Shutting down and abandoning module DetailCustomizations (348)
[2017.03.28-10.32.50:352][351]LogModuleManager: Shutting down and abandoning module PackagesDialog (346)
[2017.03.28-10.32.50:353][351]LogModuleManager: Shutting down and abandoning module Persona (344)
[2017.03.28-10.32.50:353][351]LogModuleManager: Shutting down and abandoning module AnimGraph (343)
[2017.03.28-10.32.50:353][351]LogModuleManager: Shutting down and abandoning module Kismet (340)
[2017.03.28-10.32.50:363][351]LogModuleManager: Shutting down and abandoning module GraphEditor (338)
[2017.03.28-10.32.50:363][351]LogModuleManager: Shutting down and abandoning module ClassViewer (336)
[2017.03.28-10.32.50:365][351]LogModuleManager: Shutting down and abandoning module Toolbox (334)
[2017.03.28-10.32.50:365][351]LogModuleManager: Shutting down and abandoning module ModuleUI (332)
[2017.03.28-10.32.50:366][351]LogModuleManager: Shutting down and abandoning module MovieSceneTools (330)
[2017.03.28-10.32.50:367][351]LogModuleManager: Shutting down and abandoning module OutputLog (328)
[2017.03.28-10.32.50:367][351]LogModuleManager: Shutting down and abandoning module GammaUI (326)
[2017.03.28-10.32.50:367][351]LogModuleManager: Shutting down and abandoning module Documentation (324)
[2017.03.28-10.32.50:367][351]LogModuleManager: Shutting down and abandoning module Niagara (322)
[2017.03.28-10.32.50:367][351]LogModuleManager: Shutting down and abandoning module StreamingPauseRendering (320)
[2017.03.28-10.32.50:367][351]LogModuleManager: Shutting down and abandoning module AnalyticsET (318)
[2017.03.28-10.32.50:367][351]LogModuleManager: Shutting down and abandoning module PortalServices (316)
[2017.03.28-10.32.50:367][351]LogModuleManager: Shutting down and abandoning module PortalRpc (314)
[2017.03.28-10.32.50:367][351]LogModuleManager: Shutting down and abandoning module MessagingRpc (312)
[2017.03.28-10.32.50:367][351]LogModuleManager: Shutting down and abandoning module AIModule (310)
[2017.03.28-10.32.50:367][351]LogModuleManager: Shutting down and abandoning module GameplayDebugger (309)
[2017.03.28-10.32.50:367][351]LogModuleManager: Shutting down and abandoning module AITestSuite (307)
[2017.03.28-10.32.50:367][351]LogModuleManager: Shutting down and abandoning module ProfilerService (304)
[2017.03.28-10.32.50:564][351]LogModuleManager: Shutting down and abandoning module TaskGraph (302)
[2017.03.28-10.32.50:565][351]LogModuleManager: Shutting down and abandoning module SteamVRController (300)
[2017.03.28-10.32.50:565][351]LogModuleManager: Shutting down and abandoning module SteamVR (298)
[2017.03.28-10.32.50:565][351]LogModuleManager: Shutting down and abandoning module ProceduralMeshComponentEditor (296)
[2017.03.28-10.32.50:565][351]LogModuleManager: Shutting down and abandoning module ProceduralMeshComponent (294)
[2017.03.28-10.32.50:565][351]LogModuleManager: Shutting down and abandoning module OculusLibrary (292)
[2017.03.28-10.32.50:565][351]LogModuleManager: Shutting down and abandoning module OculusInput (290)
[2017.03.28-10.32.50:565][351]LogModuleManager: Shutting down and abandoning module MobilePatchingUtils (288)
[2017.03.28-10.32.50:565][351]LogModuleManager: Shutting down and abandoning module CustomMeshComponent (286)
[2017.03.28-10.32.50:565][351]LogModuleManager: Shutting down and abandoning module CableComponent (284)
[2017.03.28-10.32.50:565][351]LogModuleManager: Shutting down and abandoning module ArchVisCharacter (282)
[2017.03.28-10.32.50:565][351]LogModuleManager: Shutting down and abandoning module MediaPlayerEditor (278)
[2017.03.28-10.32.50:566][351]LogModuleManager: Shutting down and abandoning module HTML5Networking (276)
[2017.03.28-10.32.50:566][351]LogModuleManager: Shutting down and abandoning module AlembicImporter (274)
[2017.03.28-10.32.50:566][351]LogModuleManager: Shutting down and abandoning module AlembicLibrary (273)
[2017.03.28-10.32.50:566][351]LogModuleManager: Shutting down and abandoning module GeometryCache (272)
[2017.03.28-10.32.50:566][351]LogModuleManager: Shutting down and abandoning module GeometryCacheEd (271)
[2017.03.28-10.32.50:566][351]LogModuleManager: Shutting down and abandoning module SuperSearchEditor (266)
[2017.03.28-10.32.50:566][351]LogModuleManager: Shutting down and abandoning module SuperSearch (265)
[2017.03.28-10.32.50:566][351]LogModuleManager: Shutting down and abandoning module SpeedTreeImporter (262)
[2017.03.28-10.32.50:566][351]LogModuleManager: Shutting down and abandoning module PluginBrowser (260)
[2017.03.28-10.32.50:567][351]LogModuleManager: Shutting down and abandoning module MobileLauncherProfileWizard (258)
[2017.03.28-10.32.50:567][351]LogModuleManager: Shutting down and abandoning module EpicSurvey (256)
[2017.03.28-10.32.50:567][351]LogModuleManager: Shutting down and abandoning module VisualStudioSourceCodeAccess (254)
[2017.03.28-10.32.50:567][351]LogModuleManager: Shutting down and abandoning module DesktopPlatform (253)
[2017.03.28-10.32.50:567][351]LogModuleManager: Shutting down and abandoning module UObjectPlugin (250)
[2017.03.28-10.32.50:567][351]LogModuleManager: Shutting down and abandoning module SubversionSourceControl (248)
[2017.03.28-10.32.50:567][351]LogModuleManager: Shutting down and abandoning module PerforceSourceControl (246)
[2017.03.28-10.32.50:568][351]LogModuleManager: Shutting down and abandoning module GitSourceControl (244)
[2017.03.28-10.32.50:568][351]LogModuleManager: Shutting down and abandoning module SourceControl (243)
[2017.03.28-10.32.50:568][351]LogModuleManager: Shutting down and abandoning module LightPropagationVolumeEditor (240)
[2017.03.28-10.32.50:568][351]LogModuleManager: Shutting down and abandoning module PaperTiledImporter (238)
[2017.03.28-10.32.50:568][351]LogModuleManager: Shutting down and abandoning module PaperSpriteSheetImporter (236)
[2017.03.28-10.32.50:568][351]LogModuleManager: Shutting down and abandoning module Paper2DEditor (234)
[2017.03.28-10.32.50:568][351]LogModuleManager: Shutting down and abandoning module MeshPaint (233)
[2017.03.28-10.32.50:568][351]LogModuleManager: Shutting down and abandoning module LevelEditor (231)
[2017.03.28-10.32.50:569][351]LogModuleManager: Shutting down and abandoning module PixelInspectorModule (230)
[2017.03.28-10.32.50:569][351]LogModuleManager: Shutting down and abandoning module MainFrame (228)
[2017.03.28-10.32.50:570][351]LogModuleManager: Shutting down and abandoning module HotReload (227)
[2017.03.28-10.32.50:570][351]LogModuleManager: Shutting down and abandoning module ContentBrowser (223)
[2017.03.28-10.32.50:572][351]LogModuleManager: Shutting down and abandoning module PhysXVehiclesEditor (220)
[2017.03.28-10.32.50:572][351]LogModuleManager: Shutting down and abandoning module PhysXVehicles (218)
[2017.03.28-10.32.50:572][351]LogModuleManager: Shutting down and abandoning module LocationServicesBPLibrary (216)
[2017.03.28-10.32.50:572][351]LogModuleManager: Shutting down and abandoning module UdpMessaging (214)
[2017.03.28-10.32.50:672][351]LogModuleManager: Shutting down and abandoning module TcpMessaging (212)
[2017.03.28-10.32.50:773][351]LogModuleManager: Shutting down and abandoning module GameplayTagsEditor (210)
[2017.03.28-10.32.50:774][351]LogModuleManager: Shutting down and abandoning module FacialAnimationEditor (208)
[2017.03.28-10.32.50:774][351]LogModuleManager: Shutting down and abandoning module FacialAnimation (206)
[2017.03.28-10.32.50:774][351]LogModuleManager: Shutting down and abandoning module LightPropagationVolumeRuntime (204)
[2017.03.28-10.32.50:774][351]LogModuleManager: Shutting down and abandoning module Paper2D (202)
[2017.03.28-10.32.50:774][351]LogModuleManager: Shutting down and abandoning module WindowsMoviePlayer (200)
[2017.03.28-10.32.50:774][351]LogModuleManager: Shutting down and abandoning module WmfMedia (198)
[2017.03.28-10.32.50:775][351]LogModuleManager: Shutting down and abandoning module MfMedia (196)
[2017.03.28-10.32.50:775][351]LogModuleManager: Shutting down and abandoning module MediaAssets (194)
[2017.03.28-10.32.50:775][351]LogModuleManager: Shutting down and abandoning module GameLiveStreaming (192)
[2017.03.28-10.32.50:775][351]LogModuleManager: Shutting down and abandoning module VREditor (190)
[2017.03.28-10.32.50:775][351]LogModuleManager: Shutting down and abandoning module GameplayTasksEditor (188)
[2017.03.28-10.32.50:775][351]LogModuleManager: Shutting down and abandoning module BehaviorTreeEditor (186)
[2017.03.28-10.32.50:776][351]LogModuleManager: Shutting down and abandoning module FunctionalTesting (184)
[2017.03.28-10.32.50:776][351]LogModuleManager: Shutting down and abandoning module CollisionAnalyzer (182)
[2017.03.28-10.32.50:776][351]LogModuleManager: Shutting down and abandoning module UMG (180)
[2017.03.28-10.32.50:777][351]LogModuleManager: Shutting down and abandoning module UMGEditor (179)
[2017.03.28-10.32.50:778][351]LogModuleManager: Shutting down and abandoning module Sequencer (178)
[2017.03.28-10.32.50:778][351]LogModuleManager: Shutting down and abandoning module AssetTools (176)
[2017.03.28-10.32.50:779][351]LogModuleManager: Shutting down and abandoning module MessageLog (175)
[2017.03.28-10.32.50:779][351]LogModuleManager: Shutting down and abandoning module WorkspaceMenuStructure (174)
[2017.03.28-10.32.50:779][351]LogModuleManager: Shutting down and abandoning module SlateReflector (168)
[2017.03.28-10.32.50:780][351]LogModuleManager: Shutting down and abandoning module Slate (166)
[2017.03.28-10.32.50:780][351]LogModuleManager: Shutting down and abandoning module EditorStyle (164)
[2017.03.28-10.32.50:784][351]LogModuleManager: Shutting down and abandoning module SourceCodeAccess (162)
[2017.03.28-10.32.50:784][351]LogModuleManager: Shutting down and abandoning module HeadMountedDisplay (160)
[2017.03.28-10.32.50:784][351]LogModuleManager: Shutting down and abandoning module XAudio2 (158)
[2017.03.28-10.32.50:784][351]LogModuleManager: Shutting down and abandoning module Networking (156)
[2017.03.28-10.32.50:784][351]LogModuleManager: Shutting down and abandoning module Core (152)
[2017.03.28-10.32.50:784][351]LogModuleManager: Shutting down and abandoning module AssetRegistry (150)
[2017.03.28-10.32.50:869][351]LogDirectoryWatcher: A directory notification for '../../../Engine/Content/' was aborted.
[2017.03.28-10.32.50:870][351]LogDirectoryWatcher: A directory notification for '../../../../../../Users/User/Documents/repos/AI2/Content/' was aborted.
[2017.03.28-10.32.50:870][351]LogDirectoryWatcher: A directory notification for '../../../Engine/Plugins/2D/Paper2D/Content/' was aborted.
[2017.03.28-10.32.50:870][351]LogModuleManager: Shutting down and abandoning module DirectoryWatcher (149)
[2017.03.28-10.32.50:870][351]LogModuleManager: Shutting down and abandoning module KismetCompiler (146)
[2017.03.28-10.32.50:870][351]LogModuleManager: Shutting down and abandoning module PhysXFormats (144)
[2017.03.28-10.32.50:870][351]LogModuleManager: Shutting down and abandoning module MeshUtilities (142)
[2017.03.28-10.32.50:870][351]LogModuleManager: Shutting down and abandoning module SimplygonSwarm (141)
[2017.03.28-10.32.50:870][351]LogModuleManager: Shutting down and abandoning module SimplygonMeshReduction (139)
[2017.03.28-10.32.50:870][351]LogModuleManager: Shutting down and abandoning module QuadricMeshReduction (137)
[2017.03.28-10.32.50:871][351]LogModuleManager: Shutting down and abandoning module PropertyEditor (135)
[2017.03.28-10.32.50:871][351]LogModuleManager: Shutting down and abandoning module DerivedDataCache (132)
[2017.03.28-10.32.50:935][351]LogDerivedDataCache: Shutdown
[2017.03.28-10.32.50:935][351]LogModuleManager: Shutting down and abandoning module TargetPlatform (130)
[2017.03.28-10.32.50:935][351]LogModuleManager: Shutting down and abandoning module VulkanShaderFormat (129)
[2017.03.28-10.32.50:935][351]LogModuleManager: Shutting down and abandoning module ShaderFormatOpenGL (127)
[2017.03.28-10.32.50:936][351]LogModuleManager: Shutting down and abandoning module ShaderFormatD3D (125)
[2017.03.28-10.32.50:936][351]LogModuleManager: Shutting down and abandoning module MetalShaderFormat (123)
[2017.03.28-10.32.50:936][351]LogModuleManager: Shutting down and abandoning module TextureFormatUncompressed (121)
[2017.03.28-10.32.50:936][351]LogModuleManager: Shutting down and abandoning module TextureFormatPVR (119)
[2017.03.28-10.32.50:936][351]LogModuleManager: Shutting down and abandoning module TextureFormatDXT (117)
[2017.03.28-10.32.50:936][351]LogModuleManager: Shutting down and abandoning module TextureFormatIntelISPCTexComp (115)
[2017.03.28-10.32.50:937][351]LogModuleManager: Shutting down and abandoning module TextureFormatASTC (113)
[2017.03.28-10.32.50:937][351]LogModuleManager: Shutting down and abandoning module ImageWrapper (112)
[2017.03.28-10.32.50:937][351]LogModuleManager: Shutting down and abandoning module TextureFormatAndroid (109)
[2017.03.28-10.32.50:937][351]LogModuleManager: Shutting down and abandoning module AudioFormatOpus (107)
[2017.03.28-10.32.50:937][351]LogModuleManager: Shutting down and abandoning module AudioFormatOgg (105)
[2017.03.28-10.32.50:937][351]LogModuleManager: Shutting down and abandoning module AudioFormatADPCM (103)
[2017.03.28-10.32.50:937][351]LogModuleManager: Shutting down and abandoning module LinuxTargetPlatform (101)
[2017.03.28-10.32.50:937][351]LogModuleManager: Shutting down and abandoning module LinuxServerTargetPlatform (99)
[2017.03.28-10.32.50:937][351]LogModuleManager: Shutting down and abandoning module LinuxNoEditorTargetPlatform (97)
[2017.03.28-10.32.50:937][351]LogModuleManager: Shutting down and abandoning module LinuxClientTargetPlatform (95)
[2017.03.28-10.32.50:937][351]LogModuleManager: Shutting down and abandoning module TVOSTargetPlatform (93)
[2017.03.28-10.32.50:937][351]LogModuleManager: Shutting down and abandoning module Messaging (91)
[2017.03.28-10.32.50:937][351]LogModuleManager: Shutting down and abandoning module IOSTargetPlatform (89)
[2017.03.28-10.32.50:937][351]LogModuleManager: Shutting down and abandoning module HTML5TargetPlatform (87)
[2017.03.28-10.32.50:937][351]LogModuleManager: Shutting down and abandoning module Android_PVRTCTargetPlatform (85)
[2017.03.28-10.32.50:937][351]LogModuleManager: Shutting down and abandoning module Android_MultiTargetPlatform (83)
[2017.03.28-10.32.50:937][351]LogModuleManager: Shutting down and abandoning module Android_ETC2TargetPlatform (81)
[2017.03.28-10.32.50:937][351]LogModuleManager: Shutting down and abandoning module Android_ETC1TargetPlatform (79)
[2017.03.28-10.32.50:937][351]LogModuleManager: Shutting down and abandoning module Android_DXTTargetPlatform (77)
[2017.03.28-10.32.50:937][351]LogModuleManager: Shutting down and abandoning module Android_ATCTargetPlatform (75)
[2017.03.28-10.32.50:937][351]LogModuleManager: Shutting down and abandoning module Android_ASTCTargetPlatform (73)
[2017.03.28-10.32.50:937][351]LogModuleManager: Shutting down and abandoning module AndroidTargetPlatform (71)
[2017.03.28-10.32.50:937][351]LogModuleManager: Shutting down and abandoning module WindowsTargetPlatform (69)
[2017.03.28-10.32.50:937][351]LogModuleManager: Shutting down and abandoning module WindowsServerTargetPlatform (67)
[2017.03.28-10.32.50:937][351]LogModuleManager: Shutting down and abandoning module WindowsNoEditorTargetPlatform (65)
[2017.03.28-10.32.50:937][351]LogModuleManager: Shutting down and abandoning module WindowsClientTargetPlatform (63)
[2017.03.28-10.32.50:937][351]LogModuleManager: Shutting down and abandoning module MacTargetPlatform (61)
[2017.03.28-10.32.50:937][351]LogModuleManager: Shutting down and abandoning module MacServerTargetPlatform (59)
[2017.03.28-10.32.50:937][351]LogModuleManager: Shutting down and abandoning module MacNoEditorTargetPlatform (57)
[2017.03.28-10.32.50:937][351]LogModuleManager: Shutting down and abandoning module MacClientTargetPlatform (55)
[2017.03.28-10.32.50:937][351]LogModuleManager: Shutting down and abandoning module AllDesktopTargetPlatform (53)
[2017.03.28-10.32.50:937][351]LogModuleManager: Shutting down and abandoning module InputCore (50)
[2017.03.28-10.32.50:937][351]LogModuleManager: Shutting down and abandoning module Settings (48)
[2017.03.28-10.32.50:938][351]LogModuleManager: Shutting down and abandoning module OculusRift (46)
[2017.03.28-10.32.50:938][351]LogModuleManager: Shutting down and abandoning module ExampleDeviceProfileSelector (44)
[2017.03.28-10.32.50:938][351]LogModuleManager: Shutting down and abandoning module OnlineBlueprintSupport (42)
[2017.03.28-10.32.50:938][351]LogModuleManager: Shutting down and abandoning module OnlineSubsystem (38)
[2017.03.28-10.32.50:938][351]LogOnline:Display: Unloading online subsystem: NULL
[2017.03.28-10.32.50:938][351]LogModuleManager: Shutting down and abandoning module XMPP (37)
[2017.03.28-10.32.50:939][351]LogModuleManager: Shutting down and abandoning module HTTP (35)
[2017.03.28-10.32.50:939][351]LogHttp:Display: Http module shutting down, but needs to wait on 1 outstanding Http requests:
[2017.03.28-10.32.50:939][351]LogHttp:Display: 	verb=[POST] url=[https://datarouter.ol.epicgames.com/datarouter/api/v1/public/data?SessionID=%7BD7F99347-41B2-FEC5-2C3D-40993E8F3DAD%7D&AppID=UEEditor.Rocket.Release&AppVersion=4.15.0-3299760%2B%2B%2BUE4%2BRelease-4.15&UserID=5e7d6ca74690510ca46c909825d52de5%7Cd6a339825f2e49b5942ba366a5857e29%7C0177c4a1-aeeb-4aec-8485-bd60c2a35847&AppEnvironment=datacollector-binary&UploadType=eteventstream] status=Processing
[2017.03.28-10.32.50:965][351]LogModuleManager: Shutting down and abandoning module SSL (34)
[2017.03.28-10.32.50:968][351]LogModuleManager: Shutting down and abandoning module AudioEditor (30)
[2017.03.28-10.32.50:969][351]LogModuleManager: Shutting down and abandoning module TextureCompressor (28)
[2017.03.28-10.32.50:969][351]LogModuleManager: Shutting down and abandoning module ShaderCore (26)
[2017.03.28-10.32.50:969][351]LogModuleManager: Shutting down and abandoning module Landscape (24)
[2017.03.28-10.32.50:969][351]LogModuleManager: Shutting down and abandoning module SlateRHIRenderer (22)
[2017.03.28-10.32.50:973][351]LogModuleManager: Shutting down and abandoning module OpenGLDrv (20)
[2017.03.28-10.32.50:974][351]LogModuleManager: Shutting down and abandoning module D3D11RHI (18)
[2017.03.28-10.32.50:974][351]LogModuleManager: Shutting down and abandoning module AnimGraphRuntime (16)
[2017.03.28-10.32.50:974][351]LogModuleManager: Shutting down and abandoning module Renderer (14)
[2017.03.28-10.32.50:975][351]LogModuleManager: Shutting down and abandoning module Engine (12)
[2017.03.28-10.32.50:975][351]LogModuleManager: Shutting down and abandoning module CoreUObject (10)
[2017.03.28-10.32.50:975][351]LogModuleManager: Shutting down and abandoning module NetworkFile (8)
[2017.03.28-10.32.50:975][351]LogModuleManager: Shutting down and abandoning module StreamingFile (6)
[2017.03.28-10.32.50:975][351]LogModuleManager: Shutting down and abandoning module SandboxFile (4)
[2017.03.28-10.32.50:975][351]LogModuleManager: Shutting down and abandoning module PakFile (2)
[2017.03.28-10.32.50:979][351]LogExit: Exiting.
[2017.03.28-10.32.50:983][351]Log file closed, 03/28/17 13:32:50
