Log file open, 03/24/17 19:04:06
LogInit:Display: Running engine for game: AI2
LogPlatformFile: Not using cached read wrapper
LogInit:Display: RandInit(1342100291) SRandInit(1342100291).
LogTaskGraph: Started task graph with 5 named threads and 8 total threads with 1 sets of task threads.
LogStats: Stats thread started at 0.080084
LogInit: Using libcurl 7.47.1
LogInit:  - built for x86_64-pc-win32
LogInit:  - supports SSL with OpenSSL/1.0.2g
LogInit:  - supports HTTP deflate (compression) using libz 1.2.8
LogInit:  - other features:
LogInit:      CURL_VERSION_SSL
LogInit:      CURL_VERSION_LIBZ
LogInit:      CURL_VERSION_IPV6
LogInit:      CURL_VERSION_ASYNCHDNS
LogInit:      CURL_VERSION_LARGEFILE
LogInit:      CURL_VERSION_IDN
LogInit:  CurlRequestOptions (configurable via config and command line):
LogInit:  - bVerifyPeer = false  - Libcurl will NOT verify peer certificate
LogInit:  - bUseHttpProxy = false  - Libcurl will NOT use HTTP proxy
LogInit:  - bDontReuseConnections = false  - Libcurl will reuse connections
LogInit:  - CertBundlePath = nullptr  - Libcurl will use whatever was configured at build time.
LogInit: Build: ++UE4+Release-4.15-CL-3299760
LogInit: Engine Version: 4.15.0-3299760+++UE4+Release-4.15
LogInit: Compatible Engine Version: 4.15.0-3299760+++UE4+Release-4.15
LogInit: Net CL: 3299760
LogDevObjectVersion: Number of dev versions registered: 14
LogDevObjectVersion:   Dev-Blueprints (B0D832E4-1F89-4F0D-ACCF-7EB736FD4AA2): 8
LogDevObjectVersion:   Dev-Build (E1C64328-A22C-4D53-A36C-8E866417BD8C): 0
LogDevObjectVersion:   Dev-Core (375EC13C-06E4-48FB-B500-84F0262A717E): 2
LogDevObjectVersion:   Dev-Editor (E4B068ED-F494-42E9-A231-DA0B2E46BB41): 14
LogDevObjectVersion:   Dev-Framework (CFFC743F-43B0-4480-9391-14DF171D2073): 22
LogDevObjectVersion:   Dev-Mobile (B02B49B5-BB20-44E9-A304-32B752E40360): 0
LogDevObjectVersion:   Dev-Networking (A4E4105C-59A1-49B5-A7C5-40C4547EDFEE): 0
LogDevObjectVersion:   Dev-Online (39C831C9-5AE6-47DC-9A44-9C173E1C8E7C): 0
LogDevObjectVersion:   Dev-Physics (78F01B33-EBEA-4F98-B9B4-84EACCB95AA2): 0
LogDevObjectVersion:   Dev-Platform (6631380F-2D4D-43E0-8009-CF276956A95A): 0
LogDevObjectVersion:   Dev-Rendering (12F88B9F-8875-4AFC-A67C-D90C383ABD29): 12
LogDevObjectVersion:   Dev-Sequencer (7B5AE74C-D270-4C10-A958-57980B212A5A): 3
LogDevObjectVersion:   Dev-VR (D7296918-1DD6-4BDD-9DE2-64A83CC13884): 0
LogDevObjectVersion:   Dev-LoadTimes (C2A15278-BFE7-4AFE-6C17-90FF531DF755): 1
LogInit: Compiled (64-bit): Feb 14 2017 02:04:14
LogInit: Compiled with Visual C++: 19.00.23026.00
LogInit: Build Configuration: Development
LogInit: Branch Name: ++UE4+Release-4.15
LogInit: Command line:  
LogInit: Base directory: C:/Program Files/Epic Games/UE_4.15/Engine/Binaries/Win64/
LogInit: Installed Engine Build: 1
LogInit: Presizing for max 8388607 objects, including 0 objects not considered by GC, pre-allocating 0 bytes for permanent pool.
LogInit: Object subsystem initialized
[2017.03.24-17.04.07:228][  0]LogInit: Selected Device Profile: [Windows]
[2017.03.24-17.04.07:228][  0]LogInit: Applying CVar settings loaded from the selected device profile: [Windows]
[2017.03.24-17.04.07:240][  0]LogInit: Computer: TEO
[2017.03.24-17.04.07:240][  0]LogInit: User: User
[2017.03.24-17.04.07:240][  0]LogInit: CPU Page size=65536, Cores=4
[2017.03.24-17.04.07:240][  0]LogInit: High frequency timer resolution =3.421878 MHz
[2017.03.24-17.04.07:240][  0]LogMemory: Memory total: Physical=15.9GB (16GB approx)
[2017.03.24-17.04.07:240][  0]LogMemory: Platform Memory Stats for Windows
[2017.03.24-17.04.07:240][  0]LogMemory: Process Physical Memory: 261.77 MB used, 261.77 MB peak
[2017.03.24-17.04.07:240][  0]LogMemory: Process Virtual Memory: 262.44 MB used, 262.44 MB peak
[2017.03.24-17.04.07:240][  0]LogMemory: Physical Memory: 6665.19 MB used,  9647.13 MB free, 16312.32 MB total
[2017.03.24-17.04.07:240][  0]LogMemory: Virtual Memory: 643.64 MB used,  9647.13 MB free, 134217728.00 MB total
[2017.03.24-17.04.07:321][  0]LogTextLocalizationManager: No translations for ('uk-UA') exist, falling back to 'en' for localization and internationalization data.
[2017.03.24-17.04.07:954][  0]LogD3D11RHI: D3D11 adapters:
[2017.03.24-17.04.08:523][  0]LogD3D11RHI:    0. 'NVIDIA GeForce GTX 970' (Feature Level 11_0)
[2017.03.24-17.04.08:523][  0]LogD3D11RHI:       4059/0/8156 MB DedicatedVideo/DedicatedSystem/SharedSystem, Outputs:1, VendorId:0x10de
[2017.03.24-17.04.08:525][  0]LogD3D11RHI:    1. 'Microsoft Basic Render Driver' (Feature Level 11_0)
[2017.03.24-17.04.08:525][  0]LogD3D11RHI:       0/0/8156 MB DedicatedVideo/DedicatedSystem/SharedSystem, Outputs:0, VendorId:0x1414
[2017.03.24-17.04.08:525][  0]LogD3D11RHI: Chosen D3D11 Adapter: 0
[2017.03.24-17.04.08:532][  0]LogD3D11RHI: Creating new Direct3DDevice
[2017.03.24-17.04.08:532][  0]LogD3D11RHI:     GPU DeviceId: 0x13c2 (for the marketing name, search the web for "GPU Device Id")
[2017.03.24-17.04.08:532][  0]LogWindows: EnumDisplayDevices:
[2017.03.24-17.04.08:532][  0]LogWindows:    0. 'NVIDIA GeForce GTX 970' (P:1 D:1)
[2017.03.24-17.04.08:532][  0]LogWindows:    1. 'NVIDIA GeForce GTX 970' (P:0 D:0)
[2017.03.24-17.04.08:532][  0]LogWindows:    2. 'NVIDIA GeForce GTX 970' (P:0 D:0)
[2017.03.24-17.04.08:533][  0]LogWindows:    3. 'NVIDIA GeForce GTX 970' (P:0 D:0)
[2017.03.24-17.04.08:533][  0]LogWindows: DebugString: FoundDriverCount:4 
[2017.03.24-17.04.08:533][  0]LogD3D11RHI:     Adapter Name: NVIDIA GeForce GTX 970
[2017.03.24-17.04.08:533][  0]LogD3D11RHI:   Driver Version: 378.92 (internal:21.21.13.7892, unified:378.92)
[2017.03.24-17.04.08:533][  0]LogD3D11RHI:      Driver Date: 3-16-2017
[2017.03.24-17.04.08:533][  0]LogRHI: Texture pool is 1361 MB (70% of 1945 MB)
[2017.03.24-17.04.09:043][  0]LogD3D11RHI: Async texture creation enabled
[2017.03.24-17.04.09:087][  0]LogD3D11RHI: GPU Timing Frequency: 1000.000000 (Debug: 2 1)
[2017.03.24-17.04.09:133][  0]LogShaderCompilers: Guid format shader working directory is -3 characters bigger than the processId version (../../../../../../Users/User/Documents/repos/AI2/Intermediate/Shaders/WorkingDirectory/6420/).
[2017.03.24-17.04.09:133][  0]LogShaderCompilers: Cleaned the shader compiler working directory 'C:/Users/User/AppData/Local/Temp/UnrealShaderWorkingDir/7F1BAB4542BDE210169F39AEED1E37FA/'.
[2017.03.24-17.04.09:133][  0]LogShaderCompilers:Display: Using Local Shader Compiler.
[2017.03.24-17.04.10:070][  0]LogTemp:Display: Loaded TP AllDesktopTargetPlatform
[2017.03.24-17.04.10:128][  0]LogTemp:Display: Loaded TP MacClientTargetPlatform
[2017.03.24-17.04.10:180][  0]LogTemp:Display: Loaded TP MacNoEditorTargetPlatform
[2017.03.24-17.04.10:232][  0]LogTemp:Display: Loaded TP MacServerTargetPlatform
[2017.03.24-17.04.10:285][  0]LogTemp:Display: Loaded TP MacTargetPlatform
[2017.03.24-17.04.10:337][  0]LogTemp:Display: Loaded TP WindowsClientTargetPlatform
[2017.03.24-17.04.10:388][  0]LogTemp:Display: Loaded TP WindowsNoEditorTargetPlatform
[2017.03.24-17.04.10:440][  0]LogTemp:Display: Loaded TP WindowsServerTargetPlatform
[2017.03.24-17.04.10:483][  0]LogTemp:Display: Loaded TP WindowsTargetPlatform
[2017.03.24-17.04.10:534][  0]LogTemp:Display: Loaded TP AndroidTargetPlatform
[2017.03.24-17.04.10:584][  0]LogTemp:Display: Loaded TP Android_ASTCTargetPlatform
[2017.03.24-17.04.10:635][  0]LogTemp:Display: Loaded TP Android_ATCTargetPlatform
[2017.03.24-17.04.10:686][  0]LogTemp:Display: Loaded TP Android_DXTTargetPlatform
[2017.03.24-17.04.10:738][  0]LogTemp:Display: Loaded TP Android_ETC1TargetPlatform
[2017.03.24-17.04.10:789][  0]LogTemp:Display: Loaded TP Android_ETC2TargetPlatform
[2017.03.24-17.04.10:893][  0]LogTemp:Display: Loaded TP Android_MultiTargetPlatform
[2017.03.24-17.04.10:893][  0]LogTemp:Display: Loaded TP Android_PVRTCTargetPlatform
[2017.03.24-17.04.10:928][  0]LogTemp:Display: Loaded TP HTML5TargetPlatform
[2017.03.24-17.04.11:022][  0]LogTemp:Display: Loaded TP IOSTargetPlatform
[2017.03.24-17.04.11:057][  0]LogTemp:Display: Loaded TP TVOSTargetPlatform
[2017.03.24-17.04.11:110][  0]LogTemp:Display: Loaded TP LinuxClientTargetPlatform
[2017.03.24-17.04.11:163][  0]LogTemp:Display: Loaded TP LinuxNoEditorTargetPlatform
[2017.03.24-17.04.11:213][  0]LogTemp:Display: Loaded TP LinuxServerTargetPlatform
[2017.03.24-17.04.11:265][  0]LogTemp:Display: Loaded TP LinuxTargetPlatform
[2017.03.24-17.04.11:265][  0]LogTargetPlatformManager:Display: Building Assets For Windows
[2017.03.24-17.04.11:678][  0]LogDerivedDataCache:Display: Max Cache Size: 512 MB
[2017.03.24-17.04.11:747][  0]LogDerivedDataCache: Loaded boot cache 0.07s 50MB C:/Users/User/AppData/Local/UnrealEngine/4.15/DerivedDataCache/Boot.ddc.
[2017.03.24-17.04.11:747][  0]LogDerivedDataCache:Display: Loaded Boot cache: C:/Users/User/AppData/Local/UnrealEngine/4.15/DerivedDataCache/Boot.ddc
[2017.03.24-17.04.11:747][  0]LogDerivedDataCache: FDerivedDataBackendGraph:  Pak pak cache file ../../../../../../Users/User/Documents/repos/AI2/DerivedDataCache/DDC.ddp not found, will not use a pak cache.
[2017.03.24-17.04.11:747][  0]LogDerivedDataCache: Unable to find inner node Pak for hierarchical cache Hierarchy.
[2017.03.24-17.04.11:747][  0]LogDerivedDataCache: FDerivedDataBackendGraph:  CompressedPak pak cache file ../../../../../../Users/User/Documents/repos/AI2/DerivedDataCache/Compressed.ddp not found, will not use a pak cache.
[2017.03.24-17.04.11:747][  0]LogDerivedDataCache: Unable to find inner node CompressedPak for hierarchical cache Hierarchy.
[2017.03.24-17.04.11:764][  0]LogDerivedDataCache:Display: Pak cache opened for reading ../../../Engine/DerivedDataCache/Compressed.ddp.
[2017.03.24-17.04.11:777][  0]LogDerivedDataCache: Using Local data cache path C:/Users/User/AppData/Local/UnrealEngine/Common/DerivedDataCache: Writable
[2017.03.24-17.04.11:785][  0]LogSlate: Using Freetype 2.6.0
[2017.03.24-17.04.11:786][  0]LogSlate: SlateFontCache - WITH_FREETYPE: 1, WITH_HARFBUZZ: 1
[2017.03.24-17.04.11:786][  0]LogSlate: SlateFontCache - WITH_FREETYPE: 1, WITH_HARFBUZZ: 1
[2017.03.24-17.04.12:042][  0]LogInit: Selected Device Profile: [Windows]
[2017.03.24-17.04.12:045][  0]LogContentStreaming: Texture pool size is 0.00 MB
[2017.03.24-17.04.12:244][  0]LogMeshUtilities: Using QuadricMeshReduction for automatic static mesh reduction
[2017.03.24-17.04.12:283][  0]LogSimplygon: Simplygon DLL not present - disabling.
[2017.03.24-17.04.12:326][  0]LogMeshUtilities: Using SimplygonSwarm for distributed automatic mesh merging
[2017.03.24-17.04.12:326][  0]LogMeshUtilities: No automatic skeletal mesh reduction module available
[2017.03.24-17.04.12:326][  0]LogMeshUtilities: No automatic mesh merging module available
[2017.03.24-17.04.12:905][  0]LogNetVersion: GetLocalNetworkVersion: CL: 3299760, ProjectName: ai2, ProjectVersion: , EngineNetworkVersion: 2, GameNetworkVersion: 0, NetworkChecksum: 2085093951
[2017.03.24-17.04.12:953][  0]LogAssetRegistry: FAssetRegistry took 0.0228 seconds to start up
[2017.03.24-17.04.12:995][  0]LogPackageLocalizationCache: Processed 3 localized package path(s) for 1 prioritized culture(s) in 0.021853 seconds
[2017.03.24-17.04.13:002][  0]LogUObjectArray: 32475 objects as part of root set at end of initial load.
[2017.03.24-17.04.13:002][  0]LogUObjectAllocator: 7073360 out of 0 bytes used by permanent object pool.
[2017.03.24-17.04.13:002][  0]LogUObjectArray: CloseDisregardForGC: 0/0 objects in disregard for GC pool
[2017.03.24-17.04.13:058][  0]LogInit: WinSock: version 1.1 (2.2), MaxSocks=32767, MaxUdp=65467
[2017.03.24-17.04.14:563][  0]LogTcpMessaging: Initializing TcpMessaging bridge
[2017.03.24-17.04.14:600][  0]LogUdpMessaging: Initializing bridge on interface 0.0.0.0:0 to multicast group 230.0.0.1:6666.
[2017.03.24-17.04.15:036][  0]LogMaterial: Uniform references updated for custom material expression Custom.
[2017.03.24-17.04.15:398][  0]SourceControl: Info Source control is disabled
[2017.03.24-17.04.15:454][  0]SourceControl: Info Source control is disabled
[2017.03.24-17.04.15:499][  0]SourceControl: Info Source control is disabled
[2017.03.24-17.04.15:545][  0]SourceControl: Info Source control is disabled
[2017.03.24-17.04.16:793][  0]LogEngine: Initializing Engine...
[2017.03.24-17.04.17:136][  0]LogHMD: Failed to initialize OpenVR with code 108
[2017.03.24-17.04.17:379][  0]LogAIModule: Creating AISystem for world Untitled
[2017.03.24-17.04.17:400][  0]LogInit: XAudio2 using 'Speakers (3- High Definition Audio Device)' : 2 channels at 44.1 kHz using 16 bits per sample (channel mask 0x3)
[2017.03.24-17.04.17:418][  0]LogInit: FAudioDevice initialized.
[2017.03.24-17.04.17:466][  0]LogDerivedDataCache: Saved boot cache 0.05s 50MB C:/Users/User/AppData/Local/UnrealEngine/4.15/DerivedDataCache/Boot.ddc.
[2017.03.24-17.04.17:480][  0]LogInit: Texture streaming: Enabled
[2017.03.24-17.04.17:585][  0]LogEngineSessionManager: EngineSessionManager initialized
[2017.03.24-17.04.17:682][  0]LogInit: Transaction tracking system initialized
[2017.03.24-17.04.18:025][  0]BlueprintLog: New page: Editor Load
[2017.03.24-17.04.18:974][  0]LocalizationService: Info Localization service is disabled
[2017.03.24-17.04.19:625][  0]LogConsoleResponse:Display: 
[2017.03.24-17.04.19:771][  0]LogCook:Display: Max memory allowance for cook 16384mb min free memory 0mb
[2017.03.24-17.04.19:771][  0]LogCook:Display: Mobile HDR setting 1
[2017.03.24-17.04.20:719][  0]LogFileCache: Scanning file cache for directory 'C:/Users/User/Documents/repos/AI2/Content/' took 0.02s
[2017.03.24-17.04.20:762][  0]SourceControl: Info Source control is disabled
[2017.03.24-17.04.20:763][  0]Cmd: MAP LOAD FILE="../../../../../../Users/User/Documents/repos/AI2/Content/TopDownBP/Maps/TopDownExampleMap.umap" TEMPLATE=0 SHOWPROGRESS=1 FEATURELEVEL=3
[2017.03.24-17.04.20:763][  0]LightingResults: New page: Lighting Build
[2017.03.24-17.04.20:801][  0]MapCheck: New page: Map Check
[2017.03.24-17.04.20:801][  0]LightingResults: New page: Lighting Build
[2017.03.24-17.04.21:422][  0]LogAIModule: Creating AISystem for world TopDownExampleMap
[2017.03.24-17.04.21:447][  0]LogEditorServer: Finished looking for orphan Actors (0.000 secs)
[2017.03.24-17.04.21:449][  0]Cmd: MAP CHECKDEP NOCLEARLOG
[2017.03.24-17.04.21:495][  0]MapCheck: Info Map check complete: 0 Error(s), 0 Warning(s), took 45.736ms to complete.
[2017.03.24-17.04.21:495][  0]LogFileHelpers: Loading map 'TopDownExampleMap' took 0.732
[2017.03.24-17.04.21:572][  0]LogWindowsTextInputMethodSystem:Display: IME system now deactivated.
[2017.03.24-17.04.21:711][  0]LogCollectionManager: Loaded 0 collections in 0.001715 seconds
[2017.03.24-17.04.21:796][  0]LogFileCache: Scanning file cache for directory 'C:/Users/User/Documents/repos/AI2/Saved/Collections/' took 0.01s
[2017.03.24-17.04.21:796][  0]LogFileCache: Scanning file cache for directory 'C:/Users/User/Documents/repos/AI2/Content/Developers/User/Collections/' took 0.01s
[2017.03.24-17.04.21:796][  0]LogFileCache: Scanning file cache for directory 'C:/Users/User/Documents/repos/AI2/Content/Collections/' took 0.01s
[2017.03.24-17.04.21:796][  0]LogCollectionManager: Rebuilt the GUID cache for 0 collections in 0.000002 seconds
[2017.03.24-17.04.21:805][  0]LogContentBrowser: Native class hierarchy populated in 0.0090 seconds. Added 2244 classes and 450 folders.
[2017.03.24-17.04.21:809][  0]LogStats: UGameplayTagsManager::ConstructGameplayTagTree: Construct from data asset -  0.000 s
[2017.03.24-17.04.21:809][  0]LogStats: UGameplayTagsManager::ConstructGameplayTagTree: GameplayTagTreeChangedEvent.Broadcast -  0.000 s
[2017.03.24-17.04.21:871][  0]LogContentBrowser: Native class hierarchy updated for 'WidgetCarousel' in 0.0005 seconds. Added 0 classes and 0 folders.
[2017.03.24-17.04.21:905][  0]LogContentBrowser: Native class hierarchy updated for 'AddContentDialog' in 0.0005 seconds. Added 0 classes and 0 folders.
[2017.03.24-17.04.21:946][  0]LogContentBrowser: Native class hierarchy updated for 'SceneOutliner' in 0.0005 seconds. Added 1 classes and 2 folders.
[2017.03.24-17.04.21:994][  0]LogCrashTracker: Crashtracker disabled due to settings.
[2017.03.24-17.04.22:005][  0]LogUObjectGlobals:Warning: Failed to find object 'Class None.'
[2017.03.24-17.04.22:072][  0]LogContentBrowser: Native class hierarchy updated for 'HierarchicalLODOutliner' in 0.0006 seconds. Added 1 classes and 2 folders.
[2017.03.24-17.04.22:072][  0]LogLoad: (Engine Initialization) Total time: 16.58 seconds
[2017.03.24-17.04.22:072][  0]LogLoad: (Engine Initialization) Total Blueprint compile time: 0.28 seconds
[2017.03.24-17.04.22:072][  0]LogExternalProfiler: Found external profiler: VSPerf
[2017.03.24-17.04.22:072][  0]LogExternalProfiler: Using external profiler: VSPerf
[2017.03.24-17.04.22:082][  0]LogOcInput: OculusInput pre-init called
[2017.03.24-17.04.22:104][  0]LogContentStreaming: Texture pool size now 1000 MB
[2017.03.24-17.04.22:105][  0]LogSlate: Took 0.000430 seconds to synchronously load lazily loaded font '../../../Engine/Content/Slate/Fonts/Roboto-Regular.ttf' (155K)
[2017.03.24-17.04.22:110][  0]LogSlate: Took 0.000451 seconds to synchronously load lazily loaded font '../../../Engine/Content/Slate/Fonts/Roboto-Bold.ttf' (160K)
[2017.03.24-17.04.22:117][  0]LogSlate: Took 0.000380 seconds to synchronously load lazily loaded font '../../../Engine/Content/Editor/Slate/Fonts/FontAwesome.ttf' (139K)
[2017.03.24-17.04.22:240][  0]LogSlate: Took 0.000297 seconds to synchronously load lazily loaded font '../../../Engine/Content/Slate/Fonts/Roboto-Light.ttf' (159K)
[2017.03.24-17.04.22:273][  0]LogRenderer: Reallocating scene render targets to support 1104x672 NumSamples 1 (Frame:2).
[2017.03.24-17.04.22:382][  1]LogAssetRegistry: Asset discovery search completed in 9.4517 seconds
[2017.03.24-17.04.22:382][  1]LogCollectionManager: Rebuilt the object cache for 0 collections in 0.000014 seconds (found 0 objects)
[2017.03.24-17.04.22:382][  1]LogCollectionManager: Fixed up redirectors for 0 collections in 0.000030 seconds (updated 0 objects)
[2017.03.24-17.04.23:106][ 62]LogSlate: Took 0.000275 seconds to synchronously load lazily loaded font '../../../Engine/Content/Slate/Fonts/Roboto-Light.ttf' (159K)
[2017.03.24-17.04.23:536][ 62]LogContentBrowser: Native class hierarchy updated for 'BlueprintGraph' in 0.0008 seconds. Added 112 classes and 0 folders.
[2017.03.24-17.04.25:452][ 62]LogSlate: Took 0.000346 seconds to synchronously load lazily loaded font '../../../Engine/Content/Editor/Slate/Fonts/Roboto-BoldCondensed.ttf' (158K)
[2017.03.24-17.04.25:566][ 63]LogSlate: Took 0.000424 seconds to synchronously load lazily loaded font '../../../Engine/Content/Editor/Slate/Fonts/Roboto-Italic.ttf' (157K)
[2017.03.24-17.05.14:712][676]LogEditorViewport: Clicking on Actor (LMB): DoorBP_C (DoorBP)
[2017.03.24-17.05.27:498][813]LogEditorViewport: Clicking on Actor (context menu): DoorBP_C (DoorBP)
[2017.03.24-17.05.35:760][602]LogEditorViewport: Clicking on Actor (LMB): StaticMeshActor (Floor)
[2017.03.24-17.06.24:664][129]LogWindowsTextInputMethodSystem:Display: IME system now deactivated.
[2017.03.24-17.06.24:664][129]LogWindowsTextInputMethodSystem:Display: IME system now deactivated.
[2017.03.24-17.06.25:602][241]LogWindowsTextInputMethodSystem:Display: IME system now deactivated.
[2017.03.24-17.06.25:602][241]LogWindowsTextInputMethodSystem:Display: IME system now deactivated.
[2017.03.24-17.07.08:425][313]BlueprintLog: New page: Compile LanternBP
[2017.03.24-17.07.09:153][366]Cmd: OBJ SAVEPACKAGE PACKAGE="/Game/MyMechanics/LanternBP" FILE="../../../../../../Users/User/Documents/repos/AI2/Content/MyMechanics/LanternBP.uasset" SILENT=true
[2017.03.24-17.07.09:194][366]LogSavePackage: Save=27.49ms
[2017.03.24-17.07.09:194][366]LogSavePackage: Moving '../../../../../../Users/User/Documents/repos/AI2/Saved/LanternBPF8F7AB6D442109B492AC97AF254573BE.tmp' to '../../../../../../Users/User/Documents/repos/AI2/Content/MyMechanics/LanternBP.uasset'
[2017.03.24-17.07.09:202][366]LogSavePackage:Display: Finished SavePackage ../../../../../../Users/User/Documents/repos/AI2/Content/MyMechanics/LanternBP.uasset
[2017.03.24-17.07.11:082][587]LogActorComponent: UnregisterComponent: (/Engine/Transient.EditorFloorComp) Not registered. Aborting.
[2017.03.24-17.11.56:750][ 60]BlueprintLog: New page: Compile DoorBP
[2017.03.24-17.11.56:765][ 60]LogBlueprint:Error: [Compiler DoorBP] Error The type of  Object  is undetermined.  Connect something to  Cast To LanternBP  to imply a specific type.
[2017.03.24-17.11.56:766][ 60]LogBlueprint:Error: [Compiler DoorBP] Error The current value of the ' Object ' pin is invalid: Unsupported type Object Wildcard on pin Object
[2017.03.24-17.11.56:969][ 60]BlueprintEditorCompileResults:Error: Error The type of  Object  is undetermined.  Connect something to  Cast To LanternBP  to imply a specific type.
[2017.03.24-17.11.56:969][ 60]BlueprintEditorCompileResults:Error: Error The current value of the ' Object ' pin is invalid: Unsupported type Object Wildcard on pin Object
[2017.03.24-17.11.56:970][ 60]LogBlueprint:Warning: [Compiler DoorBP] Warning [0471.48] Compile of DoorBP failed. 2 Fatal Issue(s) 0 Warning(s) [in 220 ms] (/Game/MyMechanics/DoorBP.DoorBP)
[2017.03.24-17.13.02:318][799]BlueprintLog: New page: Compile DoorBP
[2017.03.24-17.13.02:924][849]Cmd: OBJ SAVEPACKAGE PACKAGE="/Game/MyMechanics/DoorBP" FILE="../../../../../../Users/User/Documents/repos/AI2/Content/MyMechanics/DoorBP.uasset" SILENT=true
[2017.03.24-17.13.02:974][849]LogSavePackage: Save=35.09ms
[2017.03.24-17.13.02:974][849]LogSavePackage: Moving '../../../../../../Users/User/Documents/repos/AI2/Saved/DoorBP7427AB104712D148B3BC79B9780CB979.tmp' to '../../../../../../Users/User/Documents/repos/AI2/Content/MyMechanics/DoorBP.uasset'
[2017.03.24-17.13.02:980][849]LogSavePackage:Display: Finished SavePackage ../../../../../../Users/User/Documents/repos/AI2/Content/MyMechanics/DoorBP.uasset
[2017.03.24-17.15.34:137][189]BlueprintLog: New page: Compile DoorBP
[2017.03.24-17.15.34:160][189]LogBlueprint:Warning: [Compiler LanternBP] Warning 'Door BP' does not inherit from 'Point Light Component' ( Cast To DoorBP  would always fail).
[2017.03.24-17.15.34:769][224]Cmd: OBJ SAVEPACKAGE PACKAGE="/Game/MyMechanics/DoorBP" FILE="../../../../../../Users/User/Documents/repos/AI2/Content/MyMechanics/DoorBP.uasset" SILENT=true
[2017.03.24-17.15.34:811][224]LogSavePackage: Save=32.61ms
[2017.03.24-17.15.34:811][224]LogSavePackage: Moving '../../../../../../Users/User/Documents/repos/AI2/Saved/DoorBP054546E74D1AC41D595A7B90608E01D3.tmp' to '../../../../../../Users/User/Documents/repos/AI2/Content/MyMechanics/DoorBP.uasset'
[2017.03.24-17.15.34:815][224]LogSavePackage:Display: Finished SavePackage ../../../../../../Users/User/Documents/repos/AI2/Content/MyMechanics/DoorBP.uasset
[2017.03.24-17.15.37:157][496]BlueprintLog: New page: Compile LanternBP
[2017.03.24-17.15.37:164][496]LogBlueprint:Warning: [Compiler LanternBP] Warning 'Door BP' does not inherit from 'Point Light Component' ( Cast To DoorBP  would always fail).
[2017.03.24-17.15.37:281][496]BlueprintEditorCompileResults:Warning: Warning 'Door BP' does not inherit from 'Point Light Component' ( Cast To DoorBP  would always fail).
[2017.03.24-17.15.37:281][496]LogBlueprint:Warning: [Compiler LanternBP] Warning [0691.79] Compile of LanternBP successful, but with 1 Warning(s) [in 124 ms] (/Game/MyMechanics/LanternBP.LanternBP)
[2017.03.24-17.16.07:991][108]BlueprintLog: New page: Compile LanternBP
[2017.03.24-17.16.08:001][108]LogBlueprint:Warning: [Compiler LanternBP] Warning 'Door BP' does not inherit from 'Point Light Component' ( Cast To DoorBP  would always fail).
[2017.03.24-17.16.08:123][108]BlueprintEditorCompileResults:Warning: Warning 'Door BP' does not inherit from 'Point Light Component' ( Cast To DoorBP  would always fail).
[2017.03.24-17.16.08:124][108]LogBlueprint:Warning: [Compiler LanternBP] Warning [0722.63] Compile of LanternBP successful, but with 1 Warning(s) [in 132 ms] (/Game/MyMechanics/LanternBP.LanternBP)
[2017.03.24-17.16.35:804][405]BlueprintLog: New page: Compile LanternBP
[2017.03.24-17.16.35:813][405]LogBlueprint:Warning: [Compiler LanternBP] Warning 'Door BP' does not inherit from 'Point Light Component' ( Cast To DoorBP  would always fail).
[2017.03.24-17.16.35:933][405]BlueprintEditorCompileResults:Warning: Warning 'Door BP' does not inherit from 'Point Light Component' ( Cast To DoorBP  would always fail).
[2017.03.24-17.16.35:934][405]LogBlueprint:Warning: [Compiler LanternBP] Warning [0750.44] Compile of LanternBP successful, but with 1 Warning(s) [in 129 ms] (/Game/MyMechanics/LanternBP.LanternBP)
[2017.03.24-17.16.36:506][466]Cmd: OBJ SAVEPACKAGE PACKAGE="/Game/MyMechanics/LanternBP" FILE="../../../../../../Users/User/Documents/repos/AI2/Content/MyMechanics/LanternBP.uasset" SILENT=true
[2017.03.24-17.16.36:545][466]LogSavePackage: Save=27.52ms
[2017.03.24-17.16.36:545][466]LogSavePackage: Moving '../../../../../../Users/User/Documents/repos/AI2/Saved/LanternBPE00EB278465517FDD931ED970D7C867B.tmp' to '../../../../../../Users/User/Documents/repos/AI2/Content/MyMechanics/LanternBP.uasset'
[2017.03.24-17.16.36:549][466]LogSavePackage:Display: Finished SavePackage ../../../../../../Users/User/Documents/repos/AI2/Content/MyMechanics/LanternBP.uasset
[2017.03.24-17.17.05:157][719]BlueprintLog: New page: Compile DoorBP
[2017.03.24-17.17.05:180][719]LogBlueprint:Warning: [Compiler LanternBP] Warning 'Door BP' does not inherit from 'Point Light Component' ( Cast To DoorBP  would always fail).
[2017.03.24-17.17.05:891][775]Cmd: OBJ SAVEPACKAGE PACKAGE="/Game/MyMechanics/DoorBP" FILE="../../../../../../Users/User/Documents/repos/AI2/Content/MyMechanics/DoorBP.uasset" SILENT=true
[2017.03.24-17.17.05:929][775]LogSavePackage: Save=30.80ms
[2017.03.24-17.17.05:929][775]LogSavePackage: Moving '../../../../../../Users/User/Documents/repos/AI2/Saved/DoorBP9280C860433D86A46E93C19DA53F306D.tmp' to '../../../../../../Users/User/Documents/repos/AI2/Content/MyMechanics/DoorBP.uasset'
[2017.03.24-17.17.05:933][775]LogSavePackage:Display: Finished SavePackage ../../../../../../Users/User/Documents/repos/AI2/Content/MyMechanics/DoorBP.uasset
[2017.03.24-17.17.14:718][765]LogTemp: Repeting last play command: Selected Viewport
[2017.03.24-17.17.14:752][765]LogBlueprintUserMessages: Early PlayInEditor Detection: Level '/Game/TopDownBP/Maps/TopDownExampleMap.TopDownExampleMap:PersistentLevel' has LevelScriptBlueprint '/Game/TopDownBP/Maps/TopDownExampleMap.TopDownExampleMap:PersistentLevel.TopDownExampleMap' with GeneratedClass '/Game/TopDownBP/Maps/TopDownExampleMap.TopDownExampleMap_C' with ClassGeneratedBy '/Game/TopDownBP/Maps/TopDownExampleMap.TopDownExampleMap:PersistentLevel.TopDownExampleMap'
[2017.03.24-17.17.14:753][765]LogPlayLevel: PlayLevel: No blueprints needed recompiling
[2017.03.24-17.17.14:753][765]PIE: New page: PIE session: TopDownExampleMap (Mar 24, 2017, 9:17:14 PM)
[2017.03.24-17.17.14:753][765]LogPlayLevel: Creating play world package: /Game/TopDownBP/Maps/UEDPIE_0_TopDownExampleMap
[2017.03.24-17.17.14:793][765]LogPlayLevel: PIE: StaticDuplicateObject took: (0.039259s)
[2017.03.24-17.17.14:794][765]LogAIModule: Creating AISystem for world TopDownExampleMap
[2017.03.24-17.17.14:795][765]LogPlayLevel: PIE: World Init took: (0.001815s)
[2017.03.24-17.17.14:795][765]LogPlayLevel: PIE: Created PIE world by copying editor world from /Game/TopDownBP/Maps/TopDownExampleMap.TopDownExampleMap to /Game/TopDownBP/Maps/UEDPIE_0_TopDownExampleMap.TopDownExampleMap (0.041572s)
[2017.03.24-17.17.14:843][765]LogInit: XAudio2 using 'Speakers (3- High Definition Audio Device)' : 2 channels at 44.1 kHz using 16 bits per sample (channel mask 0x3)
[2017.03.24-17.17.14:852][765]LogInit: FAudioDevice initialized.
[2017.03.24-17.17.14:905][765]LogLoad: Game class is 'TopDownGameMode_C'
[2017.03.24-17.17.14:910][765]LogWorld: Bringing World /Game/TopDownBP/Maps/UEDPIE_0_TopDownExampleMap.TopDownExampleMap up for play (max tick rate 0) at 2017.03.24-19.17.14
[2017.03.24-17.17.14:911][765]LogWorld: Bringing up level for play took: 0.005001
[2017.03.24-17.17.14:955][765]LogContentBrowser: Native class hierarchy updated for 'MovieSceneCapture' in 0.0006 seconds. Added 11 classes and 0 folders.
[2017.03.24-17.17.14:959][765]PIE: Info Play in editor start time for /Game/TopDownBP/Maps/UEDPIE_0_TopDownExampleMap -0.137
[2017.03.24-17.17.14:960][765]LogBlueprintUserMessages: Late PlayInEditor Detection: Level '/Game/TopDownBP/Maps/TopDownExampleMap.TopDownExampleMap:PersistentLevel' has LevelScriptBlueprint '/Game/TopDownBP/Maps/TopDownExampleMap.TopDownExampleMap:PersistentLevel.TopDownExampleMap' with GeneratedClass '/Game/TopDownBP/Maps/TopDownExampleMap.TopDownExampleMap_C' with ClassGeneratedBy '/Game/TopDownBP/Maps/TopDownExampleMap.TopDownExampleMap:PersistentLevel.TopDownExampleMap'
[2017.03.24-17.17.14:992][765]LogRenderer: Reallocating scene render targets to support 1292x756 NumSamples 1 (Frame:2429).
[2017.03.24-17.17.24:775][607]LogScript:Warning: Accessed None trying to read property K2Node_DynamicCast_AsDoor_BP
	LanternBP_C /Game/TopDownBP/Maps/UEDPIE_0_TopDownExampleMap.TopDownExampleMap:PersistentLevel.LanternBP_836
	Function /Game/MyMechanics/LanternBP.LanternBP_C:ExecuteUbergraph_LanternBP:00D5
[2017.03.24-17.17.24:775][607]PIE:Error: Error Blueprint Runtime Error: Accessed None trying to read property K2Node_DynamicCast_AsDoor_BP from function: 'ExecuteUbergraph_LanternBP' from node: Set Is Usable? in graph: EventGraph in object: LanternBP with description: Accessed None trying to read property K2Node_DynamicCast_AsDoor_BP
[2017.03.24-17.17.50:307][246]LogBlueprintUserMessages: Early EndPlayMap Detection: Level '/Game/TopDownBP/Maps/TopDownExampleMap.TopDownExampleMap:PersistentLevel' has LevelScriptBlueprint '/Game/TopDownBP/Maps/TopDownExampleMap.TopDownExampleMap:PersistentLevel.TopDownExampleMap' with GeneratedClass '/Game/TopDownBP/Maps/TopDownExampleMap.TopDownExampleMap_C' with ClassGeneratedBy '/Game/TopDownBP/Maps/TopDownExampleMap.TopDownExampleMap:PersistentLevel.TopDownExampleMap'
[2017.03.24-17.17.50:402][246]LogBlueprintUserMessages: Late EndPlayMap Detection: Level '/Game/TopDownBP/Maps/TopDownExampleMap.TopDownExampleMap:PersistentLevel' has LevelScriptBlueprint '/Game/TopDownBP/Maps/TopDownExampleMap.TopDownExampleMap:PersistentLevel.TopDownExampleMap' with GeneratedClass '/Game/TopDownBP/Maps/TopDownExampleMap.TopDownExampleMap_C' with ClassGeneratedBy '/Game/TopDownBP/Maps/TopDownExampleMap.TopDownExampleMap:PersistentLevel.TopDownExampleMap'
[2017.03.24-17.18.03:962][661]BlueprintLog: New page: Compile LanternBP
[2017.03.24-17.18.04:506][704]Cmd: OBJ SAVEPACKAGE PACKAGE="/Game/MyMechanics/LanternBP" FILE="../../../../../../Users/User/Documents/repos/AI2/Content/MyMechanics/LanternBP.uasset" SILENT=true
[2017.03.24-17.18.04:542][704]LogSavePackage: Save=28.21ms
[2017.03.24-17.18.04:542][704]LogSavePackage: Moving '../../../../../../Users/User/Documents/repos/AI2/Saved/LanternBP5B04C5224D6740821D0F1885602FC136.tmp' to '../../../../../../Users/User/Documents/repos/AI2/Content/MyMechanics/LanternBP.uasset'
[2017.03.24-17.18.04:545][704]LogSavePackage:Display: Finished SavePackage ../../../../../../Users/User/Documents/repos/AI2/Content/MyMechanics/LanternBP.uasset
[2017.03.24-17.18.24:584][261]LogSlate: Took 0.000442 seconds to synchronously load lazily loaded font '../../../Engine/Content/Slate/Fonts/Roboto-Light.ttf' (159K)
[2017.03.24-17.18.31:500][611]LogSavePackage: Save=168.12ms
[2017.03.24-17.18.31:500][611]LogSavePackage: Moving '../../../../../../Users/User/Documents/repos/AI2/Saved/TopDownExampleMap_Auto19A90D649448D6FF8EFD1E0B2F00DC868.tmp' to '../../../../../../Users/User/Documents/repos/AI2/Saved/Autosaves/Game/TopDownBP/Maps/TopDownExampleMap_Auto1.umap'
[2017.03.24-17.18.31:503][611]LogSavePackage:Display: Finished SavePackage ../../../../../../Users/User/Documents/repos/AI2/Saved/Autosaves/Game/TopDownBP/Maps/TopDownExampleMap_Auto1.umap
[2017.03.24-17.18.31:508][611]LogFileHelpers: Editor autosave (incl. sublevels) for '/Game/TopDownBP/Maps/TopDownExampleMap' took 0.228
[2017.03.24-17.18.31:508][611]LogFileHelpers: Editor autosave (incl. sublevels) for all levels took 0.228
[2017.03.24-17.18.31:512][611]OBJ SavePackage: Generating thumbnails for [1] asset(s) in package [/Game/MyMechanics/DoorBP] ([1] browsable assets)...
[2017.03.24-17.18.31:525][611]OBJ SavePackage:     Rendered thumbnail for [Blueprint /Game/MyMechanics/DoorBP.DoorBP]
[2017.03.24-17.18.31:525][611]OBJ SavePackage: Finished generating thumbnails for package [/Game/MyMechanics/DoorBP]
[2017.03.24-17.18.31:525][611]Cmd: OBJ SAVEPACKAGE PACKAGE="/Game/MyMechanics/DoorBP" FILE="../../../../../../Users/User/Documents/repos/AI2/Saved/Autosaves/Game/MyMechanics/DoorBP_Auto1.uasset" SILENT=false AUTOSAVING=true
[2017.03.24-17.18.31:571][611]LogSavePackage: Save=33.07ms
[2017.03.24-17.18.31:571][611]LogSavePackage: Moving '../../../../../../Users/User/Documents/repos/AI2/Saved/DoorBP_Auto1C409F6FE4DC713A609AFEC90E86E666B.tmp' to '../../../../../../Users/User/Documents/repos/AI2/Saved/Autosaves/Game/MyMechanics/DoorBP_Auto1.uasset'
[2017.03.24-17.18.31:572][611]LogSavePackage:Display: Finished SavePackage ../../../../../../Users/User/Documents/repos/AI2/Saved/Autosaves/Game/MyMechanics/DoorBP_Auto1.uasset
[2017.03.24-17.18.31:572][611]LogFileHelpers: Auto-saving content packages took 0.062
[2017.03.24-17.18.33:392][822]BlueprintLog: New page: Compile DoorBP
[2017.03.24-17.18.36:741][968]Cmd: OBJ SAVEPACKAGE PACKAGE="/Game/MyMechanics/DoorBP" FILE="../../../../../../Users/User/Documents/repos/AI2/Content/MyMechanics/DoorBP.uasset" SILENT=true
[2017.03.24-17.18.36:781][968]LogSavePackage: Save=33.52ms
[2017.03.24-17.18.36:781][968]LogSavePackage: Moving '../../../../../../Users/User/Documents/repos/AI2/Saved/DoorBPC993058D4B30B34597C0698106F1FDCF.tmp' to '../../../../../../Users/User/Documents/repos/AI2/Content/MyMechanics/DoorBP.uasset'
[2017.03.24-17.18.36:789][968]LogSavePackage:Display: Finished SavePackage ../../../../../../Users/User/Documents/repos/AI2/Content/MyMechanics/DoorBP.uasset
[2017.03.24-17.18.37:046][968]LogSavePackage: Save=168.67ms
[2017.03.24-17.18.37:046][968]LogSavePackage: Moving '../../../../../../Users/User/Documents/repos/AI2/Saved/TopDownExampleMap58BFFD7948384A3049E8279C7DE8C28F.tmp' to '../../../../../../Users/User/Documents/repos/AI2/Content/TopDownBP/Maps/TopDownExampleMap.umap'
[2017.03.24-17.18.37:050][968]LogSavePackage:Display: Finished SavePackage ../../../../../../Users/User/Documents/repos/AI2/Content/TopDownBP/Maps/TopDownExampleMap.umap
[2017.03.24-17.18.37:081][968]LogFileHelpers: Saving map 'TopDownExampleMap' took 0.286
[2017.03.24-17.18.37:177][968]LogActorComponent: UnregisterComponent: (/Engine/Transient.EditorFloorComp) Not registered. Aborting.
[2017.03.24-17.18.37:242][968]LogActorComponent: UnregisterComponent: (/Engine/Transient.EditorFloorComp) Not registered. Aborting.
[2017.03.24-17.18.37:298][968]LogActorComponent: UnregisterComponent: (/Engine/Transient.EditorFloorComp) Not registered. Aborting.
[2017.03.24-17.18.37:607][969]Cmd: QUIT_EDITOR
[2017.03.24-17.18.38:234][969]LogWindowsTextInputMethodSystem:Display: IME system now deactivated.
[2017.03.24-17.18.38:275][969]LogExit: Preparing to exit.
[2017.03.24-17.18.38:996][969]LogDirectoryWatcher: A directory notification for 'C:/Users/User/Documents/repos/AI2/Content/' was aborted.
[2017.03.24-17.18.39:044][969]LogExit: Editor shut down
[2017.03.24-17.18.39:044][969]LogExit: Transaction tracking system shut down
[2017.03.24-17.18.39:186][969]LogObj: Freed 0b from 0 cluster array pools.
[2017.03.24-17.18.39:186][969]LogExit: Object subsystem successfully closed.
[2017.03.24-17.18.39:204][969]LogD3D11RHI: Shutdown
[2017.03.24-17.18.39:204][969]LogD3D11RHI: CleanupD3DDevice
[2017.03.24-17.18.39:310][969]LogD3D11RHI: ~FD3D11DynamicRHI
[2017.03.24-17.18.39:323][969]LogModuleManager: Shutting down and abandoning module MovieSceneCapture (502)
[2017.03.24-17.18.39:323][969]LogModuleManager: Shutting down and abandoning module BlueprintGraph (500)
[2017.03.24-17.18.39:323][969]LogModuleManager: Shutting down and abandoning module BlueprintProfiler (498)
[2017.03.24-17.18.39:323][969]LogModuleManager: Shutting down and abandoning module HierarchicalLODOutliner (496)
[2017.03.24-17.18.39:323][969]LogModuleManager: Shutting down and abandoning module CrashTracker (494)
[2017.03.24-17.18.39:323][969]LogModuleManager: Shutting down and abandoning module SceneOutliner (492)
[2017.03.24-17.18.39:323][969]LogModuleManager: Shutting down and abandoning module AddContentDialog (490)
[2017.03.24-17.18.39:323][969]LogDirectoryWatcher: A directory notification for 'C:/Program Files/Epic Games/UE_4.15/FeaturePacks/' was aborted.
[2017.03.24-17.18.39:324][969]LogModuleManager: Shutting down and abandoning module WidgetCarousel (489)
[2017.03.24-17.18.39:324][969]LogModuleManager: Shutting down and abandoning module EditorWidgets (486)
[2017.03.24-17.18.39:324][969]LogModuleManager: Shutting down and abandoning module CollectionManager (484)
[2017.03.24-17.18.39:324][969]LogDirectoryWatcher: A directory notification for 'C:/Users/User/Documents/repos/AI2/Content/Collections/' was aborted.
[2017.03.24-17.18.39:324][969]LogDirectoryWatcher: A directory notification for 'C:/Users/User/Documents/repos/AI2/Content/Developers/User/Collections/' was aborted.
[2017.03.24-17.18.39:324][969]LogDirectoryWatcher: A directory notification for 'C:/Users/User/Documents/repos/AI2/Saved/Collections/' was aborted.
[2017.03.24-17.18.39:324][969]LogModuleManager: Shutting down and abandoning module StatsViewer (482)
[2017.03.24-17.18.39:324][969]LogModuleManager: Shutting down and abandoning module FoliageEdit (480)
[2017.03.24-17.18.39:324][969]LogModuleManager: Shutting down and abandoning module LandscapeEditor (478)
[2017.03.24-17.18.39:324][969]LogModuleManager: Shutting down and abandoning module SceneDepthPickerMode (476)
[2017.03.24-17.18.39:324][969]LogModuleManager: Shutting down and abandoning module ActorPickerMode (474)
[2017.03.24-17.18.39:324][969]LogModuleManager: Shutting down and abandoning module GeometryMode (472)
[2017.03.24-17.18.39:324][969]LogModuleManager: Shutting down and abandoning module TextureAlignMode (470)
[2017.03.24-17.18.39:324][969]LogModuleManager: Shutting down and abandoning module BspMode (468)
[2017.03.24-17.18.39:324][969]LogModuleManager: Shutting down and abandoning module HardwareSurvey (466)
[2017.03.24-17.18.39:324][969]LogModuleManager: Shutting down and abandoning module SequenceRecorderSections (464)
[2017.03.24-17.18.39:324][969]LogModuleManager: Shutting down and abandoning module AutomationWorker (462)
[2017.03.24-17.18.39:324][969]LogModuleManager: Shutting down and abandoning module MatineeToLevelSequence (460)
[2017.03.24-17.18.39:324][969]LogModuleManager: Shutting down and abandoning module LevelSequenceEditor (458)
[2017.03.24-17.18.39:324][969]LogModuleManager: Shutting down and abandoning module PlacementMode (457)
[2017.03.24-17.18.39:324][969]LogModuleManager: Shutting down and abandoning module WmfMediaFactory (454)
[2017.03.24-17.18.39:324][969]LogModuleManager: Shutting down and abandoning module WmfMediaEditor (452)
[2017.03.24-17.18.39:324][969]LogModuleManager: Shutting down and abandoning module MfMediaFactory (450)
[2017.03.24-17.18.39:324][969]LogModuleManager: Shutting down and abandoning module MfMediaEditor (448)
[2017.03.24-17.18.39:324][969]LogModuleManager: Shutting down and abandoning module AvfMediaFactory (446)
[2017.03.24-17.18.39:324][969]LogModuleManager: Shutting down and abandoning module AvfMediaEditor (444)
[2017.03.24-17.18.39:324][969]LogModuleManager: Shutting down and abandoning module AndroidMediaFactory (442)
[2017.03.24-17.18.39:324][969]LogModuleManager: Shutting down and abandoning module Media (441)
[2017.03.24-17.18.39:324][969]LogModuleManager: Shutting down and abandoning module AndroidMediaEditor (438)
[2017.03.24-17.18.39:324][969]LogModuleManager: Shutting down and abandoning module CharacterAI (436)
[2017.03.24-17.18.39:324][969]LogModuleManager: Shutting down and abandoning module AudioCapture (434)
[2017.03.24-17.18.39:324][969]LogModuleManager: Shutting down and abandoning module SequenceRecorder (433)
[2017.03.24-17.18.39:324][969]LogModuleManager: Shutting down and abandoning module SmartSnapping (430)
[2017.03.24-17.18.39:324][969]LogModuleManager: Shutting down and abandoning module SessionServices (428)
[2017.03.24-17.18.39:324][969]LogModuleManager: Shutting down and abandoning module ViewportSnapping (426)
[2017.03.24-17.18.39:324][969]LogModuleManager: Shutting down and abandoning module ViewportInteraction (424)
[2017.03.24-17.18.39:324][969]LogModuleManager: Shutting down and abandoning module LogVisualizer (422)
[2017.03.24-17.18.39:325][969]LogModuleManager: Shutting down and abandoning module IntroTutorials (420)
[2017.03.24-17.18.39:325][969]LogModuleManager: Shutting down and abandoning module GameProjectGeneration (419)
[2017.03.24-17.18.39:325][969]LogModuleManager: Shutting down and abandoning module EditorLiveStreaming (416)
[2017.03.24-17.18.39:325][969]LogModuleManager: Shutting down and abandoning module IOSPlatformEditor (414)
[2017.03.24-17.18.39:325][969]LogModuleManager: Shutting down and abandoning module HTML5PlatformEditor (412)
[2017.03.24-17.18.39:325][969]LogModuleManager: Shutting down and abandoning module AndroidPlatformEditor (410)
[2017.03.24-17.18.39:325][969]LogModuleManager: Shutting down and abandoning module AndroidDeviceDetection (409)
[2017.03.24-17.18.39:611][969]LogModuleManager: Shutting down and abandoning module IOSRuntimeSettings (406)
[2017.03.24-17.18.39:611][969]LogModuleManager: Shutting down and abandoning module AndroidRuntimeSettings (404)
[2017.03.24-17.18.39:611][969]LogModuleManager: Shutting down and abandoning module InputBindingEditor (402)
[2017.03.24-17.18.39:612][969]LogModuleManager: Shutting down and abandoning module NiagaraEditor (400)
[2017.03.24-17.18.39:612][969]LogModuleManager: Shutting down and abandoning module MergeActors (398)
[2017.03.24-17.18.39:612][969]LogModuleManager: Shutting down and abandoning module SizeMap (396)
[2017.03.24-17.18.39:612][969]LogModuleManager: Shutting down and abandoning module TreeMap (394)
[2017.03.24-17.18.39:612][969]LogModuleManager: Shutting down and abandoning module ReferenceViewer (392)
[2017.03.24-17.18.39:612][969]LogModuleManager: Shutting down and abandoning module LocalizationDashboard (390)
[2017.03.24-17.18.39:612][969]LogModuleManager: Shutting down and abandoning module LocalizationService (389)
[2017.03.24-17.18.39:612][969]LogModuleManager: Shutting down and abandoning module HardwareTargeting (386)
[2017.03.24-17.18.39:612][969]LogModuleManager: Shutting down and abandoning module DeviceProfileEditor (384)
[2017.03.24-17.18.39:612][969]LogModuleManager: Shutting down and abandoning module UndoHistory (382)
[2017.03.24-17.18.39:612][969]LogModuleManager: Shutting down and abandoning module UserFeedback (380)
[2017.03.24-17.18.39:612][969]LogModuleManager: Shutting down and abandoning module XmlParser (378)
[2017.03.24-17.18.39:612][969]LogModuleManager: Shutting down and abandoning module Blutility (376)
[2017.03.24-17.18.39:612][969]LogModuleManager: Shutting down and abandoning module ProjectSettingsViewer (374)
[2017.03.24-17.18.39:612][969]LogModuleManager: Shutting down and abandoning module ProjectTargetPlatformEditor (373)
[2017.03.24-17.18.39:612][969]LogModuleManager: Shutting down and abandoning module EditorSettingsViewer (370)
[2017.03.24-17.18.39:612][969]LogModuleManager: Shutting down and abandoning module SettingsEditor (368)
[2017.03.24-17.18.39:612][969]LogModuleManager: Shutting down and abandoning module ProjectLauncher (366)
[2017.03.24-17.18.39:612][969]LogModuleManager: Shutting down and abandoning module SessionFrontend (364)
[2017.03.24-17.18.39:612][969]LogModuleManager: Shutting down and abandoning module ProfilerClient (362)
[2017.03.24-17.18.39:612][969]LogModuleManager: Shutting down and abandoning module DeviceManager (360)
[2017.03.24-17.18.39:612][969]LogModuleManager: Shutting down and abandoning module TargetDeviceServices (359)
[2017.03.24-17.18.39:664][969]LogModuleManager: Shutting down and abandoning module AutomationController (356)
[2017.03.24-17.18.39:664][969]LogModuleManager: Shutting down and abandoning module AutomationWindow (354)
[2017.03.24-17.18.39:664][969]LogModuleManager: Shutting down and abandoning module Layers (352)
[2017.03.24-17.18.39:664][969]LogModuleManager: Shutting down and abandoning module ComponentVisualizers (350)
[2017.03.24-17.18.39:664][969]LogModuleManager: Shutting down and abandoning module DetailCustomizations (348)
[2017.03.24-17.18.39:664][969]LogModuleManager: Shutting down and abandoning module PackagesDialog (346)
[2017.03.24-17.18.39:664][969]LogModuleManager: Shutting down and abandoning module Persona (344)
[2017.03.24-17.18.39:664][969]LogModuleManager: Shutting down and abandoning module AnimGraph (343)
[2017.03.24-17.18.39:664][969]LogModuleManager: Shutting down and abandoning module Kismet (340)
[2017.03.24-17.18.39:672][969]LogModuleManager: Shutting down and abandoning module GraphEditor (338)
[2017.03.24-17.18.39:672][969]LogModuleManager: Shutting down and abandoning module ClassViewer (336)
[2017.03.24-17.18.39:672][969]LogModuleManager: Shutting down and abandoning module Toolbox (334)
[2017.03.24-17.18.39:672][969]LogModuleManager: Shutting down and abandoning module ModuleUI (332)
[2017.03.24-17.18.39:672][969]LogModuleManager: Shutting down and abandoning module MovieSceneTools (330)
[2017.03.24-17.18.39:672][969]LogModuleManager: Shutting down and abandoning module OutputLog (328)
[2017.03.24-17.18.39:672][969]LogModuleManager: Shutting down and abandoning module GammaUI (326)
[2017.03.24-17.18.39:672][969]LogModuleManager: Shutting down and abandoning module Documentation (324)
[2017.03.24-17.18.39:672][969]LogModuleManager: Shutting down and abandoning module Niagara (322)
[2017.03.24-17.18.39:672][969]LogModuleManager: Shutting down and abandoning module StreamingPauseRendering (320)
[2017.03.24-17.18.39:672][969]LogModuleManager: Shutting down and abandoning module AnalyticsET (318)
[2017.03.24-17.18.39:672][969]LogModuleManager: Shutting down and abandoning module PortalServices (316)
[2017.03.24-17.18.39:672][969]LogModuleManager: Shutting down and abandoning module PortalRpc (314)
[2017.03.24-17.18.39:672][969]LogModuleManager: Shutting down and abandoning module MessagingRpc (312)
[2017.03.24-17.18.39:672][969]LogModuleManager: Shutting down and abandoning module AIModule (310)
[2017.03.24-17.18.39:672][969]LogModuleManager: Shutting down and abandoning module GameplayDebugger (309)
[2017.03.24-17.18.39:672][969]LogModuleManager: Shutting down and abandoning module AITestSuite (307)
[2017.03.24-17.18.39:672][969]LogModuleManager: Shutting down and abandoning module ProfilerService (304)
[2017.03.24-17.18.39:845][969]LogModuleManager: Shutting down and abandoning module TaskGraph (302)
[2017.03.24-17.18.39:845][969]LogModuleManager: Shutting down and abandoning module SteamVRController (300)
[2017.03.24-17.18.39:845][969]LogModuleManager: Shutting down and abandoning module SteamVR (298)
[2017.03.24-17.18.39:845][969]LogModuleManager: Shutting down and abandoning module ProceduralMeshComponentEditor (296)
[2017.03.24-17.18.39:845][969]LogModuleManager: Shutting down and abandoning module ProceduralMeshComponent (294)
[2017.03.24-17.18.39:845][969]LogModuleManager: Shutting down and abandoning module OculusLibrary (292)
[2017.03.24-17.18.39:845][969]LogModuleManager: Shutting down and abandoning module OculusInput (290)
[2017.03.24-17.18.39:845][969]LogModuleManager: Shutting down and abandoning module MobilePatchingUtils (288)
[2017.03.24-17.18.39:845][969]LogModuleManager: Shutting down and abandoning module CustomMeshComponent (286)
[2017.03.24-17.18.39:845][969]LogModuleManager: Shutting down and abandoning module CableComponent (284)
[2017.03.24-17.18.39:845][969]LogModuleManager: Shutting down and abandoning module ArchVisCharacter (282)
[2017.03.24-17.18.39:845][969]LogModuleManager: Shutting down and abandoning module MediaPlayerEditor (278)
[2017.03.24-17.18.39:845][969]LogModuleManager: Shutting down and abandoning module HTML5Networking (276)
[2017.03.24-17.18.39:845][969]LogModuleManager: Shutting down and abandoning module AlembicImporter (274)
[2017.03.24-17.18.39:845][969]LogModuleManager: Shutting down and abandoning module AlembicLibrary (273)
[2017.03.24-17.18.39:845][969]LogModuleManager: Shutting down and abandoning module GeometryCache (272)
[2017.03.24-17.18.39:845][969]LogModuleManager: Shutting down and abandoning module GeometryCacheEd (271)
[2017.03.24-17.18.39:845][969]LogModuleManager: Shutting down and abandoning module SuperSearchEditor (266)
[2017.03.24-17.18.39:845][969]LogModuleManager: Shutting down and abandoning module SuperSearch (265)
[2017.03.24-17.18.39:845][969]LogModuleManager: Shutting down and abandoning module SpeedTreeImporter (262)
[2017.03.24-17.18.39:845][969]LogModuleManager: Shutting down and abandoning module PluginBrowser (260)
[2017.03.24-17.18.39:845][969]LogModuleManager: Shutting down and abandoning module MobileLauncherProfileWizard (258)
[2017.03.24-17.18.39:845][969]LogModuleManager: Shutting down and abandoning module EpicSurvey (256)
[2017.03.24-17.18.39:845][969]LogModuleManager: Shutting down and abandoning module VisualStudioSourceCodeAccess (254)
[2017.03.24-17.18.39:845][969]LogModuleManager: Shutting down and abandoning module DesktopPlatform (253)
[2017.03.24-17.18.39:845][969]LogModuleManager: Shutting down and abandoning module UObjectPlugin (250)
[2017.03.24-17.18.39:845][969]LogModuleManager: Shutting down and abandoning module SubversionSourceControl (248)
[2017.03.24-17.18.39:845][969]LogModuleManager: Shutting down and abandoning module PerforceSourceControl (246)
[2017.03.24-17.18.39:845][969]LogModuleManager: Shutting down and abandoning module GitSourceControl (244)
[2017.03.24-17.18.39:846][969]LogModuleManager: Shutting down and abandoning module SourceControl (243)
[2017.03.24-17.18.39:846][969]LogModuleManager: Shutting down and abandoning module LightPropagationVolumeEditor (240)
[2017.03.24-17.18.39:846][969]LogModuleManager: Shutting down and abandoning module PaperTiledImporter (238)
[2017.03.24-17.18.39:846][969]LogModuleManager: Shutting down and abandoning module PaperSpriteSheetImporter (236)
[2017.03.24-17.18.39:846][969]LogModuleManager: Shutting down and abandoning module Paper2DEditor (234)
[2017.03.24-17.18.39:846][969]LogModuleManager: Shutting down and abandoning module MeshPaint (233)
[2017.03.24-17.18.39:846][969]LogModuleManager: Shutting down and abandoning module LevelEditor (231)
[2017.03.24-17.18.39:847][969]LogModuleManager: Shutting down and abandoning module PixelInspectorModule (230)
[2017.03.24-17.18.39:848][969]LogModuleManager: Shutting down and abandoning module MainFrame (228)
[2017.03.24-17.18.39:848][969]LogModuleManager: Shutting down and abandoning module HotReload (227)
[2017.03.24-17.18.39:849][969]LogModuleManager: Shutting down and abandoning module ContentBrowser (223)
[2017.03.24-17.18.39:850][969]LogModuleManager: Shutting down and abandoning module PhysXVehiclesEditor (220)
[2017.03.24-17.18.39:850][969]LogModuleManager: Shutting down and abandoning module PhysXVehicles (218)
[2017.03.24-17.18.39:850][969]LogModuleManager: Shutting down and abandoning module LocationServicesBPLibrary (216)
[2017.03.24-17.18.39:850][969]LogModuleManager: Shutting down and abandoning module UdpMessaging (214)
[2017.03.24-17.18.39:951][969]LogModuleManager: Shutting down and abandoning module TcpMessaging (212)
[2017.03.24-17.18.40:051][969]LogModuleManager: Shutting down and abandoning module GameplayTagsEditor (210)
[2017.03.24-17.18.40:051][969]LogModuleManager: Shutting down and abandoning module FacialAnimationEditor (208)
[2017.03.24-17.18.40:051][969]LogModuleManager: Shutting down and abandoning module FacialAnimation (206)
[2017.03.24-17.18.40:051][969]LogModuleManager: Shutting down and abandoning module LightPropagationVolumeRuntime (204)
[2017.03.24-17.18.40:051][969]LogModuleManager: Shutting down and abandoning module Paper2D (202)
[2017.03.24-17.18.40:051][969]LogModuleManager: Shutting down and abandoning module WindowsMoviePlayer (200)
[2017.03.24-17.18.40:051][969]LogModuleManager: Shutting down and abandoning module WmfMedia (198)
[2017.03.24-17.18.40:052][969]LogModuleManager: Shutting down and abandoning module MfMedia (196)
[2017.03.24-17.18.40:052][969]LogModuleManager: Shutting down and abandoning module MediaAssets (194)
[2017.03.24-17.18.40:052][969]LogModuleManager: Shutting down and abandoning module GameLiveStreaming (192)
[2017.03.24-17.18.40:052][969]LogModuleManager: Shutting down and abandoning module VREditor (190)
[2017.03.24-17.18.40:052][969]LogModuleManager: Shutting down and abandoning module GameplayTasksEditor (188)
[2017.03.24-17.18.40:052][969]LogModuleManager: Shutting down and abandoning module BehaviorTreeEditor (186)
[2017.03.24-17.18.40:052][969]LogModuleManager: Shutting down and abandoning module FunctionalTesting (184)
[2017.03.24-17.18.40:052][969]LogModuleManager: Shutting down and abandoning module CollisionAnalyzer (182)
[2017.03.24-17.18.40:052][969]LogModuleManager: Shutting down and abandoning module UMG (180)
[2017.03.24-17.18.40:052][969]LogModuleManager: Shutting down and abandoning module UMGEditor (179)
[2017.03.24-17.18.40:052][969]LogModuleManager: Shutting down and abandoning module Sequencer (178)
[2017.03.24-17.18.40:052][969]LogModuleManager: Shutting down and abandoning module AssetTools (176)
[2017.03.24-17.18.40:052][969]LogModuleManager: Shutting down and abandoning module MessageLog (175)
[2017.03.24-17.18.40:052][969]LogModuleManager: Shutting down and abandoning module WorkspaceMenuStructure (174)
[2017.03.24-17.18.40:053][969]LogModuleManager: Shutting down and abandoning module SlateReflector (168)
[2017.03.24-17.18.40:053][969]LogModuleManager: Shutting down and abandoning module Slate (166)
[2017.03.24-17.18.40:053][969]LogModuleManager: Shutting down and abandoning module EditorStyle (164)
[2017.03.24-17.18.40:058][969]LogModuleManager: Shutting down and abandoning module SourceCodeAccess (162)
[2017.03.24-17.18.40:058][969]LogModuleManager: Shutting down and abandoning module HeadMountedDisplay (160)
[2017.03.24-17.18.40:058][969]LogModuleManager: Shutting down and abandoning module XAudio2 (158)
[2017.03.24-17.18.40:058][969]LogModuleManager: Shutting down and abandoning module Networking (156)
[2017.03.24-17.18.40:058][969]LogModuleManager: Shutting down and abandoning module Core (152)
[2017.03.24-17.18.40:058][969]LogModuleManager: Shutting down and abandoning module AssetRegistry (150)
[2017.03.24-17.18.40:217][969]LogDirectoryWatcher: A directory notification for '../../../Engine/Content/' was aborted.
[2017.03.24-17.18.40:217][969]LogDirectoryWatcher: A directory notification for '../../../../../../Users/User/Documents/repos/AI2/Content/' was aborted.
[2017.03.24-17.18.40:217][969]LogDirectoryWatcher: A directory notification for '../../../Engine/Plugins/2D/Paper2D/Content/' was aborted.
[2017.03.24-17.18.40:218][969]LogModuleManager: Shutting down and abandoning module DirectoryWatcher (149)
[2017.03.24-17.18.40:219][969]LogModuleManager: Shutting down and abandoning module KismetCompiler (146)
[2017.03.24-17.18.40:219][969]LogModuleManager: Shutting down and abandoning module PhysXFormats (144)
[2017.03.24-17.18.40:219][969]LogModuleManager: Shutting down and abandoning module MeshUtilities (142)
[2017.03.24-17.18.40:219][969]LogModuleManager: Shutting down and abandoning module SimplygonSwarm (141)
[2017.03.24-17.18.40:219][969]LogModuleManager: Shutting down and abandoning module SimplygonMeshReduction (139)
[2017.03.24-17.18.40:219][969]LogModuleManager: Shutting down and abandoning module QuadricMeshReduction (137)
[2017.03.24-17.18.40:219][969]LogModuleManager: Shutting down and abandoning module PropertyEditor (135)
[2017.03.24-17.18.40:219][969]LogModuleManager: Shutting down and abandoning module DerivedDataCache (132)
[2017.03.24-17.18.40:289][969]LogDerivedDataCache: Shutdown
[2017.03.24-17.18.40:289][969]LogModuleManager: Shutting down and abandoning module TargetPlatform (130)
[2017.03.24-17.18.40:290][969]LogModuleManager: Shutting down and abandoning module VulkanShaderFormat (129)
[2017.03.24-17.18.40:290][969]LogModuleManager: Shutting down and abandoning module ShaderFormatOpenGL (127)
[2017.03.24-17.18.40:290][969]LogModuleManager: Shutting down and abandoning module ShaderFormatD3D (125)
[2017.03.24-17.18.40:290][969]LogModuleManager: Shutting down and abandoning module MetalShaderFormat (123)
[2017.03.24-17.18.40:290][969]LogModuleManager: Shutting down and abandoning module TextureFormatUncompressed (121)
[2017.03.24-17.18.40:290][969]LogModuleManager: Shutting down and abandoning module TextureFormatPVR (119)
[2017.03.24-17.18.40:290][969]LogModuleManager: Shutting down and abandoning module TextureFormatDXT (117)
[2017.03.24-17.18.40:290][969]LogModuleManager: Shutting down and abandoning module TextureFormatIntelISPCTexComp (115)
[2017.03.24-17.18.40:290][969]LogModuleManager: Shutting down and abandoning module TextureFormatASTC (113)
[2017.03.24-17.18.40:290][969]LogModuleManager: Shutting down and abandoning module ImageWrapper (112)
[2017.03.24-17.18.40:290][969]LogModuleManager: Shutting down and abandoning module TextureFormatAndroid (109)
[2017.03.24-17.18.40:290][969]LogModuleManager: Shutting down and abandoning module AudioFormatOpus (107)
[2017.03.24-17.18.40:290][969]LogModuleManager: Shutting down and abandoning module AudioFormatOgg (105)
[2017.03.24-17.18.40:290][969]LogModuleManager: Shutting down and abandoning module AudioFormatADPCM (103)
[2017.03.24-17.18.40:290][969]LogModuleManager: Shutting down and abandoning module LinuxTargetPlatform (101)
[2017.03.24-17.18.40:290][969]LogModuleManager: Shutting down and abandoning module LinuxServerTargetPlatform (99)
[2017.03.24-17.18.40:290][969]LogModuleManager: Shutting down and abandoning module LinuxNoEditorTargetPlatform (97)
[2017.03.24-17.18.40:290][969]LogModuleManager: Shutting down and abandoning module LinuxClientTargetPlatform (95)
[2017.03.24-17.18.40:290][969]LogModuleManager: Shutting down and abandoning module TVOSTargetPlatform (93)
[2017.03.24-17.18.40:290][969]LogModuleManager: Shutting down and abandoning module Messaging (91)
[2017.03.24-17.18.40:290][969]LogModuleManager: Shutting down and abandoning module IOSTargetPlatform (89)
[2017.03.24-17.18.40:290][969]LogModuleManager: Shutting down and abandoning module HTML5TargetPlatform (87)
[2017.03.24-17.18.40:290][969]LogModuleManager: Shutting down and abandoning module Android_PVRTCTargetPlatform (85)
[2017.03.24-17.18.40:290][969]LogModuleManager: Shutting down and abandoning module Android_MultiTargetPlatform (83)
[2017.03.24-17.18.40:290][969]LogModuleManager: Shutting down and abandoning module Android_ETC2TargetPlatform (81)
[2017.03.24-17.18.40:290][969]LogModuleManager: Shutting down and abandoning module Android_ETC1TargetPlatform (79)
[2017.03.24-17.18.40:290][969]LogModuleManager: Shutting down and abandoning module Android_DXTTargetPlatform (77)
[2017.03.24-17.18.40:290][969]LogModuleManager: Shutting down and abandoning module Android_ATCTargetPlatform (75)
[2017.03.24-17.18.40:290][969]LogModuleManager: Shutting down and abandoning module Android_ASTCTargetPlatform (73)
[2017.03.24-17.18.40:290][969]LogModuleManager: Shutting down and abandoning module AndroidTargetPlatform (71)
[2017.03.24-17.18.40:290][969]LogModuleManager: Shutting down and abandoning module WindowsTargetPlatform (69)
[2017.03.24-17.18.40:290][969]LogModuleManager: Shutting down and abandoning module WindowsServerTargetPlatform (67)
[2017.03.24-17.18.40:290][969]LogModuleManager: Shutting down and abandoning module WindowsNoEditorTargetPlatform (65)
[2017.03.24-17.18.40:290][969]LogModuleManager: Shutting down and abandoning module WindowsClientTargetPlatform (63)
[2017.03.24-17.18.40:290][969]LogModuleManager: Shutting down and abandoning module MacTargetPlatform (61)
[2017.03.24-17.18.40:290][969]LogModuleManager: Shutting down and abandoning module MacServerTargetPlatform (59)
[2017.03.24-17.18.40:290][969]LogModuleManager: Shutting down and abandoning module MacNoEditorTargetPlatform (57)
[2017.03.24-17.18.40:290][969]LogModuleManager: Shutting down and abandoning module MacClientTargetPlatform (55)
[2017.03.24-17.18.40:290][969]LogModuleManager: Shutting down and abandoning module AllDesktopTargetPlatform (53)
[2017.03.24-17.18.40:290][969]LogModuleManager: Shutting down and abandoning module InputCore (50)
[2017.03.24-17.18.40:290][969]LogModuleManager: Shutting down and abandoning module Settings (48)
[2017.03.24-17.18.40:290][969]LogModuleManager: Shutting down and abandoning module OculusRift (46)
[2017.03.24-17.18.40:290][969]LogModuleManager: Shutting down and abandoning module ExampleDeviceProfileSelector (44)
[2017.03.24-17.18.40:290][969]LogModuleManager: Shutting down and abandoning module OnlineBlueprintSupport (42)
[2017.03.24-17.18.40:290][969]LogModuleManager: Shutting down and abandoning module OnlineSubsystem (38)
[2017.03.24-17.18.40:290][969]LogOnline:Display: Unloading online subsystem: NULL
[2017.03.24-17.18.40:291][969]LogModuleManager: Shutting down and abandoning module XMPP (37)
[2017.03.24-17.18.40:291][969]LogModuleManager: Shutting down and abandoning module HTTP (35)
[2017.03.24-17.18.40:291][969]LogHttp:Display: Http module shutting down, but needs to wait on 1 outstanding Http requests:
[2017.03.24-17.18.40:291][969]LogHttp:Display: 	verb=[POST] url=[https://datarouter.ol.epicgames.com/datarouter/api/v1/public/data?SessionID=%7BE0A9FD80-4BF1-4497-58FE-1A96E22B95E7%7D&AppID=UEEditor.Rocket.Release&AppVersion=4.15.0-3299760%2B%2B%2BUE4%2BRelease-4.15&UserID=5e7d6ca74690510ca46c909825d52de5%7Cd6a339825f2e49b5942ba366a5857e29%7C0177c4a1-aeeb-4aec-8485-bd60c2a35847&AppEnvironment=datacollector-binary&UploadType=eteventstream] status=Processing
[2017.03.24-17.18.40:298][969]LogModuleManager: Shutting down and abandoning module SSL (34)
[2017.03.24-17.18.40:300][969]LogModuleManager: Shutting down and abandoning module AudioEditor (30)
[2017.03.24-17.18.40:300][969]LogModuleManager: Shutting down and abandoning module TextureCompressor (28)
[2017.03.24-17.18.40:301][969]LogModuleManager: Shutting down and abandoning module ShaderCore (26)
[2017.03.24-17.18.40:301][969]LogModuleManager: Shutting down and abandoning module Landscape (24)
[2017.03.24-17.18.40:301][969]LogModuleManager: Shutting down and abandoning module SlateRHIRenderer (22)
[2017.03.24-17.18.40:303][969]LogModuleManager: Shutting down and abandoning module OpenGLDrv (20)
[2017.03.24-17.18.40:303][969]LogModuleManager: Shutting down and abandoning module D3D11RHI (18)
[2017.03.24-17.18.40:303][969]LogModuleManager: Shutting down and abandoning module AnimGraphRuntime (16)
[2017.03.24-17.18.40:303][969]LogModuleManager: Shutting down and abandoning module Renderer (14)
[2017.03.24-17.18.40:303][969]LogModuleManager: Shutting down and abandoning module Engine (12)
[2017.03.24-17.18.40:303][969]LogModuleManager: Shutting down and abandoning module CoreUObject (10)
[2017.03.24-17.18.40:303][969]LogModuleManager: Shutting down and abandoning module NetworkFile (8)
[2017.03.24-17.18.40:303][969]LogModuleManager: Shutting down and abandoning module StreamingFile (6)
[2017.03.24-17.18.40:303][969]LogModuleManager: Shutting down and abandoning module SandboxFile (4)
[2017.03.24-17.18.40:303][969]LogModuleManager: Shutting down and abandoning module PakFile (2)
[2017.03.24-17.18.40:307][969]LogExit: Exiting.
[2017.03.24-17.18.40:309][969]Log file closed, 03/24/17 19:18:40
