Log file open, 04/19/17 10:55:29
LogInit:Display: Running engine for game: AI2
LogPlatformFile: Not using cached read wrapper
LogInit:Display: RandInit(-622775690) SRandInit(-622775690).
LogTaskGraph: Started task graph with 5 named threads and 8 total threads with 1 sets of task threads.
LogStats: Stats thread started at 0.080720
LogInit: Using libcurl 7.47.1
LogInit:  - built for x86_64-pc-win32
LogInit:  - supports SSL with OpenSSL/1.0.2g
LogInit:  - supports HTTP deflate (compression) using libz 1.2.8
LogInit:  - other features:
LogInit:      CURL_VERSION_SSL
LogInit:      CURL_VERSION_LIBZ
LogInit:      CURL_VERSION_IPV6
LogInit:      CURL_VERSION_ASYNCHDNS
LogInit:      CURL_VERSION_LARGEFILE
LogInit:      CURL_VERSION_IDN
LogInit:  CurlRequestOptions (configurable via config and command line):
LogInit:  - bVerifyPeer = false  - Libcurl will NOT verify peer certificate
LogInit:  - bUseHttpProxy = false  - Libcurl will NOT use HTTP proxy
LogInit:  - bDontReuseConnections = false  - Libcurl will reuse connections
LogInit:  - CertBundlePath = nullptr  - Libcurl will use whatever was configured at build time.
LogInit: Build: ++UE4+Release-4.15-CL-3348071
LogInit: Engine Version: 4.15.1-3348071+++UE4+Release-4.15
LogInit: Compatible Engine Version: 4.15.0-3299760+++UE4+Release-4.15
LogInit: Net CL: 3299760
LogDevObjectVersion: Number of dev versions registered: 14
LogDevObjectVersion:   Dev-Blueprints (B0D832E4-1F89-4F0D-ACCF-7EB736FD4AA2): 8
LogDevObjectVersion:   Dev-Build (E1C64328-A22C-4D53-A36C-8E866417BD8C): 0
LogDevObjectVersion:   Dev-Core (375EC13C-06E4-48FB-B500-84F0262A717E): 2
LogDevObjectVersion:   Dev-Editor (E4B068ED-F494-42E9-A231-DA0B2E46BB41): 14
LogDevObjectVersion:   Dev-Framework (CFFC743F-43B0-4480-9391-14DF171D2073): 22
LogDevObjectVersion:   Dev-Mobile (B02B49B5-BB20-44E9-A304-32B752E40360): 0
LogDevObjectVersion:   Dev-Networking (A4E4105C-59A1-49B5-A7C5-40C4547EDFEE): 0
LogDevObjectVersion:   Dev-Online (39C831C9-5AE6-47DC-9A44-9C173E1C8E7C): 0
LogDevObjectVersion:   Dev-Physics (78F01B33-EBEA-4F98-B9B4-84EACCB95AA2): 0
LogDevObjectVersion:   Dev-Platform (6631380F-2D4D-43E0-8009-CF276956A95A): 0
LogDevObjectVersion:   Dev-Rendering (12F88B9F-8875-4AFC-A67C-D90C383ABD29): 12
LogDevObjectVersion:   Dev-Sequencer (7B5AE74C-D270-4C10-A958-57980B212A5A): 3
LogDevObjectVersion:   Dev-VR (D7296918-1DD6-4BDD-9DE2-64A83CC13884): 0
LogDevObjectVersion:   Dev-LoadTimes (C2A15278-BFE7-4AFE-6C17-90FF531DF755): 1
LogInit: Compiled (64-bit): Mar 15 2017 16:52:47
LogInit: Compiled with Visual C++: 19.00.23026.00
LogInit: Build Configuration: Development
LogInit: Branch Name: ++UE4+Release-4.15
LogInit: Command line: -EpicPortal 
LogInit: Base directory: C:/Program Files/Epic Games/UE_4.15/Engine/Binaries/Win64/
LogInit: Installed Engine Build: 1
LogInit: Presizing for max 8388607 objects, including 0 objects not considered by GC, pre-allocating 0 bytes for permanent pool.
LogInit: Object subsystem initialized
[2017.04.19-07.55.30:416][  0]LogInit: Selected Device Profile: [Windows]
[2017.04.19-07.55.30:416][  0]LogInit: Applying CVar settings loaded from the selected device profile: [Windows]
[2017.04.19-07.55.30:432][  0]LogInit: Computer: BME
[2017.04.19-07.55.30:432][  0]LogInit: User: User
[2017.04.19-07.55.30:432][  0]LogInit: CPU Page size=65536, Cores=4
[2017.04.19-07.55.30:432][  0]LogInit: High frequency timer resolution =3.330095 MHz
[2017.04.19-07.55.30:432][  0]LogMemory: Memory total: Physical=7.9GB (8GB approx)
[2017.04.19-07.55.30:432][  0]LogMemory: Platform Memory Stats for Windows
[2017.04.19-07.55.30:432][  0]LogMemory: Process Physical Memory: 263.91 MB used, 263.91 MB peak
[2017.04.19-07.55.30:432][  0]LogMemory: Process Virtual Memory: 262.69 MB used, 262.69 MB peak
[2017.04.19-07.55.30:432][  0]LogMemory: Physical Memory: 4863.25 MB used,  3273.89 MB free, 8137.14 MB total
[2017.04.19-07.55.30:432][  0]LogMemory: Virtual Memory: 644.32 MB used,  3273.89 MB free, 134217728.00 MB total
[2017.04.19-07.55.30:524][  0]LogTextLocalizationManager: No translations for ('uk-UA') exist, falling back to 'en' for localization and internationalization data.
[2017.04.19-07.55.31:153][  0]LogD3D11RHI: D3D11 adapters:
[2017.04.19-07.55.31:675][  0]LogD3D11RHI:    0. 'NVIDIA GeForce GTX 970' (Feature Level 11_0)
[2017.04.19-07.55.31:675][  0]LogD3D11RHI:       4059/0/4068 MB DedicatedVideo/DedicatedSystem/SharedSystem, Outputs:2, VendorId:0x10de
[2017.04.19-07.55.31:677][  0]LogD3D11RHI:    1. 'Microsoft Basic Render Driver' (Feature Level 11_0)
[2017.04.19-07.55.31:677][  0]LogD3D11RHI:       0/0/4068 MB DedicatedVideo/DedicatedSystem/SharedSystem, Outputs:0, VendorId:0x1414
[2017.04.19-07.55.31:677][  0]LogD3D11RHI: Chosen D3D11 Adapter: 0
[2017.04.19-07.55.31:681][  0]LogD3D11RHI: Creating new Direct3DDevice
[2017.04.19-07.55.31:681][  0]LogD3D11RHI:     GPU DeviceId: 0x13c2 (for the marketing name, search the web for "GPU Device Id")
[2017.04.19-07.55.31:681][  0]LogWindows: EnumDisplayDevices:
[2017.04.19-07.55.31:681][  0]LogWindows:    0. 'NVIDIA GeForce GTX 970' (P:1 D:1)
[2017.04.19-07.55.31:681][  0]LogWindows:    1. 'NVIDIA GeForce GTX 970' (P:0 D:1)
[2017.04.19-07.55.31:682][  0]LogWindows:    2. 'NVIDIA GeForce GTX 970' (P:0 D:0)
[2017.04.19-07.55.31:682][  0]LogWindows:    3. 'NVIDIA GeForce GTX 970' (P:0 D:0)
[2017.04.19-07.55.31:682][  0]LogWindows: DebugString: FoundDriverCount:4 
[2017.04.19-07.55.31:682][  0]LogD3D11RHI:     Adapter Name: NVIDIA GeForce GTX 970
[2017.04.19-07.55.31:682][  0]LogD3D11RHI:   Driver Version: 378.78 (internal:21.21.13.7878, unified:378.78)
[2017.04.19-07.55.31:682][  0]LogD3D11RHI:      Driver Date: 2-23-2017
[2017.04.19-07.55.31:682][  0]LogRHI: Texture pool is 1361 MB (70% of 1945 MB)
[2017.04.19-07.55.32:150][  0]LogD3D11RHI: Async texture creation enabled
[2017.04.19-07.55.32:181][  0]LogD3D11RHI: GPU Timing Frequency: 1000.000000 (Debug: 2 1)
[2017.04.19-07.55.32:182][  0]LogD3D11RHI: HDR output is supported on display 0 (NvId: 0x80061080).
[2017.04.19-07.55.32:183][  0]LogShaderCompilers: Guid format shader working directory is -4 characters bigger than the processId version (../../../../../../Users/User/Documents/GitHub/AI2/Intermediate/Shaders/WorkingDirectory/5424/).
[2017.04.19-07.55.32:183][  0]LogShaderCompilers: Cleaned the shader compiler working directory 'C:/Users/User/AppData/Local/Temp/UnrealShaderWorkingDir/2B4E327A4DA575A8D6BA89B0A2DF7477/'.
[2017.04.19-07.55.32:183][  0]LogShaderCompilers:Display: Using Local Shader Compiler.
[2017.04.19-07.55.33:255][  0]LogTemp:Display: Loaded TP AllDesktopTargetPlatform
[2017.04.19-07.55.33:318][  0]LogTemp:Display: Loaded TP MacClientTargetPlatform
[2017.04.19-07.55.33:382][  0]LogTemp:Display: Loaded TP MacNoEditorTargetPlatform
[2017.04.19-07.55.33:444][  0]LogTemp:Display: Loaded TP MacServerTargetPlatform
[2017.04.19-07.55.33:510][  0]LogTemp:Display: Loaded TP MacTargetPlatform
[2017.04.19-07.55.33:574][  0]LogTemp:Display: Loaded TP WindowsClientTargetPlatform
[2017.04.19-07.55.33:639][  0]LogTemp:Display: Loaded TP WindowsNoEditorTargetPlatform
[2017.04.19-07.55.33:703][  0]LogTemp:Display: Loaded TP WindowsServerTargetPlatform
[2017.04.19-07.55.33:756][  0]LogTemp:Display: Loaded TP WindowsTargetPlatform
[2017.04.19-07.55.33:819][  0]LogTemp:Display: Loaded TP AndroidTargetPlatform
[2017.04.19-07.55.33:881][  0]LogTemp:Display: Loaded TP Android_ASTCTargetPlatform
[2017.04.19-07.55.33:942][  0]LogTemp:Display: Loaded TP Android_ATCTargetPlatform
[2017.04.19-07.55.34:006][  0]LogTemp:Display: Loaded TP Android_DXTTargetPlatform
[2017.04.19-07.55.34:068][  0]LogTemp:Display: Loaded TP Android_ETC1TargetPlatform
[2017.04.19-07.55.34:130][  0]LogTemp:Display: Loaded TP Android_ETC2TargetPlatform
[2017.04.19-07.55.34:254][  0]LogTemp:Display: Loaded TP Android_MultiTargetPlatform
[2017.04.19-07.55.34:254][  0]LogTemp:Display: Loaded TP Android_PVRTCTargetPlatform
[2017.04.19-07.55.34:298][  0]LogTemp:Display: Loaded TP HTML5TargetPlatform
[2017.04.19-07.55.34:412][  0]LogTemp:Display: Loaded TP IOSTargetPlatform
[2017.04.19-07.55.34:453][  0]LogTemp:Display: Loaded TP TVOSTargetPlatform
[2017.04.19-07.55.34:514][  0]LogTemp:Display: Loaded TP LinuxClientTargetPlatform
[2017.04.19-07.55.34:575][  0]LogTemp:Display: Loaded TP LinuxNoEditorTargetPlatform
[2017.04.19-07.55.34:636][  0]LogTemp:Display: Loaded TP LinuxServerTargetPlatform
[2017.04.19-07.55.34:701][  0]LogTemp:Display: Loaded TP LinuxTargetPlatform
[2017.04.19-07.55.34:701][  0]LogTargetPlatformManager:Display: Building Assets For Windows
[2017.04.19-07.55.35:216][  0]LogDerivedDataCache:Display: Max Cache Size: 512 MB
[2017.04.19-07.55.35:264][  0]LogDerivedDataCache: Loaded boot cache 0.05s 50MB C:/Users/User/AppData/Local/UnrealEngine/4.15/DerivedDataCache/Boot.ddc.
[2017.04.19-07.55.35:264][  0]LogDerivedDataCache:Display: Loaded Boot cache: C:/Users/User/AppData/Local/UnrealEngine/4.15/DerivedDataCache/Boot.ddc
[2017.04.19-07.55.35:264][  0]LogDerivedDataCache: FDerivedDataBackendGraph:  Pak pak cache file ../../../../../../Users/User/Documents/GitHub/AI2/DerivedDataCache/DDC.ddp not found, will not use a pak cache.
[2017.04.19-07.55.35:264][  0]LogDerivedDataCache: Unable to find inner node Pak for hierarchical cache Hierarchy.
[2017.04.19-07.55.35:264][  0]LogDerivedDataCache: FDerivedDataBackendGraph:  CompressedPak pak cache file ../../../../../../Users/User/Documents/GitHub/AI2/DerivedDataCache/Compressed.ddp not found, will not use a pak cache.
[2017.04.19-07.55.35:264][  0]LogDerivedDataCache: Unable to find inner node CompressedPak for hierarchical cache Hierarchy.
[2017.04.19-07.55.35:283][  0]LogDerivedDataCache:Display: Pak cache opened for reading ../../../Engine/DerivedDataCache/Compressed.ddp.
[2017.04.19-07.55.35:296][  0]LogDerivedDataCache: Using Local data cache path C:/Users/User/AppData/Local/UnrealEngine/Common/DerivedDataCache: Writable
[2017.04.19-07.55.35:305][  0]LogSlate: Using Freetype 2.6.0
[2017.04.19-07.55.35:306][  0]LogSlate: SlateFontCache - WITH_FREETYPE: 1, WITH_HARFBUZZ: 1
[2017.04.19-07.55.35:306][  0]LogSlate: SlateFontCache - WITH_FREETYPE: 1, WITH_HARFBUZZ: 1
[2017.04.19-07.55.35:591][  0]LogInit: Selected Device Profile: [Windows]
[2017.04.19-07.55.35:594][  0]LogContentStreaming: Texture pool size is 0.00 MB
[2017.04.19-07.55.35:821][  0]LogMeshUtilities: Using QuadricMeshReduction for automatic static mesh reduction
[2017.04.19-07.55.35:872][  0]LogSimplygon: Simplygon DLL not present - disabling.
[2017.04.19-07.55.35:926][  0]LogMeshUtilities: Using SimplygonSwarm for distributed automatic mesh merging
[2017.04.19-07.55.35:926][  0]LogMeshUtilities: No automatic skeletal mesh reduction module available
[2017.04.19-07.55.35:926][  0]LogMeshUtilities: No automatic mesh merging module available
[2017.04.19-07.55.36:505][  0]LogNetVersion: GetLocalNetworkVersion: CL: 3299760, ProjectName: ai2, ProjectVersion: , EngineNetworkVersion: 2, GameNetworkVersion: 0, NetworkChecksum: 2085093951
[2017.04.19-07.55.36:557][  0]LogAssetRegistry: FAssetRegistry took 0.0225 seconds to start up
[2017.04.19-07.55.36:599][  0]LogPackageLocalizationCache: Processed 3 localized package path(s) for 1 prioritized culture(s) in 0.016857 seconds
[2017.04.19-07.55.36:605][  0]LogUObjectArray: 32493 objects as part of root set at end of initial load.
[2017.04.19-07.55.36:605][  0]LogUObjectAllocator: 7077024 out of 0 bytes used by permanent object pool.
[2017.04.19-07.55.36:605][  0]LogUObjectArray: CloseDisregardForGC: 0/0 objects in disregard for GC pool
[2017.04.19-07.55.36:680][  0]LogInit: WinSock: version 1.1 (2.2), MaxSocks=32767, MaxUdp=65467
[2017.04.19-07.55.38:429][  0]LogTcpMessaging: Initializing TcpMessaging bridge
[2017.04.19-07.55.38:474][  0]LogUdpMessaging: Initializing bridge on interface 0.0.0.0:0 to multicast group 230.0.0.1:6666.
[2017.04.19-07.55.39:013][  0]LogMaterial: Uniform references updated for custom material expression Custom.
[2017.04.19-07.55.39:453][  0]SourceControl: Info Source control is disabled
[2017.04.19-07.55.39:509][  0]SourceControl: Info Source control is disabled
[2017.04.19-07.55.39:564][  0]SourceControl: Info Source control is disabled
[2017.04.19-07.55.39:618][  0]SourceControl: Info Source control is disabled
[2017.04.19-07.55.41:050][  0]LogEngine: Initializing Engine...
[2017.04.19-07.55.41:051][  0]LogHMD: Failed to initialize OpenVR with code 110
[2017.04.19-07.55.41:306][  0]LogAIModule: Creating AISystem for world Untitled
[2017.04.19-07.55.41:326][  0]LogInit: XAudio2 using 'Headphones (High Definition Audio Device)' : 2 channels at 44.1 kHz using 16 bits per sample (channel mask 0x3)
[2017.04.19-07.55.41:338][  0]LogInit: FAudioDevice initialized.
[2017.04.19-07.55.41:365][  0]LogDerivedDataCache: Saved boot cache 0.03s 50MB C:/Users/User/AppData/Local/UnrealEngine/4.15/DerivedDataCache/Boot.ddc.
[2017.04.19-07.55.41:374][  0]LogInit: Texture streaming: Enabled
[2017.04.19-07.55.41:485][  0]LogEngineSessionManager: EngineSessionManager initialized
[2017.04.19-07.55.41:591][  0]LogInit: Transaction tracking system initialized
[2017.04.19-07.55.42:003][  0]BlueprintLog: New page: Editor Load
[2017.04.19-07.55.43:064][  0]LocalizationService: Info Localization service is disabled
[2017.04.19-07.55.43:830][  0]LogConsoleResponse:Display: 
[2017.04.19-07.55.43:964][  0]LogCook:Display: Max memory allowance for cook 16384mb min free memory 0mb
[2017.04.19-07.55.43:964][  0]LogCook:Display: Mobile HDR setting 1
[2017.04.19-07.55.44:818][  0]LogFileCache: Scanning file cache for directory 'C:/Users/User/Documents/GitHub/AI2/Content/' took 0.01s
[2017.04.19-07.55.45:249][  0]SourceControl: Info Source control is disabled
[2017.04.19-07.55.45:249][  0]Cmd: MAP LOAD FILE="../../../../../../Users/User/Documents/GitHub/AI2/Content/TopDownBP/Maps/TopDownExampleMap.umap" TEMPLATE=0 SHOWPROGRESS=1 FEATURELEVEL=3
[2017.04.19-07.55.45:250][  0]LightingResults: New page: Lighting Build
[2017.04.19-07.55.45:296][  0]MapCheck: New page: Map Check
[2017.04.19-07.55.45:296][  0]LightingResults: New page: Lighting Build
[2017.04.19-07.55.45:600][  0]LogLinker:Warning: Can't find file '/Game/StarterContent/Materials/M_Tech_Hex_Tile_Pulse'
[2017.04.19-07.55.45:601][  0]LogLinker:Warning: Can't find file for asset '/Game/StarterContent/Materials/M_Tech_Hex_Tile_Pulse' while loading ../../../../../../Users/User/Documents/GitHub/AI2/Content/AI/Rat/BP_Rat.uasset.
[2017.04.19-07.55.45:601][  0]LoadErrors:Error: Error /Game/AI/Rat/BP_Rat : Can't find file for asset. /Game/StarterContent/Materials/M_Tech_Hex_Tile_Pulse
[2017.04.19-07.55.45:601][  0]LogLinker:Warning: Can't find file '/Game/StarterContent/Materials/M_Tech_Hex_Tile_Pulse'
[2017.04.19-07.55.45:601][  0]LogLinker:Warning: Can't find file for asset '/Game/StarterContent/Materials/M_Tech_Hex_Tile_Pulse' while loading ../../../../../../Users/User/Documents/GitHub/AI2/Content/AI/Rat/BP_Rat.uasset.
[2017.04.19-07.55.45:601][  0]LoadErrors:Error: Error /Game/AI/Rat/BP_Rat : Can't find file for asset. /Game/StarterContent/Materials/M_Tech_Hex_Tile_Pulse
[2017.04.19-07.55.45:601][  0]LogLinker:Warning: Can't find file '/Game/StarterContent/Shapes/Shape_NarrowCapsule'
[2017.04.19-07.55.45:601][  0]LogLinker:Warning: Can't find file for asset '/Game/StarterContent/Shapes/Shape_NarrowCapsule' while loading ../../../../../../Users/User/Documents/GitHub/AI2/Content/AI/Rat/BP_Rat.uasset.
[2017.04.19-07.55.45:601][  0]LoadErrors:Error: Error /Game/AI/Rat/BP_Rat : Can't find file for asset. /Game/StarterContent/Shapes/Shape_NarrowCapsule
[2017.04.19-07.55.45:601][  0]LogLinker:Warning: Can't find file '/Game/StarterContent/Shapes/Shape_NarrowCapsule'
[2017.04.19-07.55.45:601][  0]LogLinker:Warning: Can't find file for asset '/Game/StarterContent/Shapes/Shape_NarrowCapsule' while loading ../../../../../../Users/User/Documents/GitHub/AI2/Content/AI/Rat/BP_Rat.uasset.
[2017.04.19-07.55.45:601][  0]LoadErrors:Error: Error /Game/AI/Rat/BP_Rat : Can't find file for asset. /Game/StarterContent/Shapes/Shape_NarrowCapsule
[2017.04.19-07.55.45:602][  0]LogLinker:Warning: Can't find file '/Game/StarterContent/Materials/M_Tech_Hex_Tile_Pulse'
[2017.04.19-07.55.45:602][  0]LogLinker:Warning: Can't find file for asset '/Game/StarterContent/Materials/M_Tech_Hex_Tile_Pulse' while loading ../../../../../../Users/User/Documents/GitHub/AI2/Content/TopDownBP/Maps/TopDownExampleMap.umap.
[2017.04.19-07.55.45:602][  0]LoadErrors:Error: Error /Game/TopDownBP/Maps/TopDownExampleMap : Can't find file for asset. /Game/StarterContent/Materials/M_Tech_Hex_Tile_Pulse
[2017.04.19-07.55.45:602][  0]LogLinker:Warning: Can't find file '/Game/StarterContent/Materials/M_Tech_Hex_Tile_Pulse'
[2017.04.19-07.55.45:602][  0]LogLinker:Warning: Can't find file for asset '/Game/StarterContent/Materials/M_Tech_Hex_Tile_Pulse' while loading ../../../../../../Users/User/Documents/GitHub/AI2/Content/TopDownBP/Maps/TopDownExampleMap.umap.
[2017.04.19-07.55.45:602][  0]LoadErrors:Error: Error /Game/TopDownBP/Maps/TopDownExampleMap : Can't find file for asset. /Game/StarterContent/Materials/M_Tech_Hex_Tile_Pulse
[2017.04.19-07.55.45:602][  0]LogLinker:Warning: Can't find file '/Game/StarterContent/Shapes/Shape_NarrowCapsule'
[2017.04.19-07.55.45:602][  0]LogLinker:Warning: Can't find file for asset '/Game/StarterContent/Shapes/Shape_NarrowCapsule' while loading ../../../../../../Users/User/Documents/GitHub/AI2/Content/TopDownBP/Maps/TopDownExampleMap.umap.
[2017.04.19-07.55.45:602][  0]LoadErrors:Error: Error /Game/TopDownBP/Maps/TopDownExampleMap : Can't find file for asset. /Game/StarterContent/Shapes/Shape_NarrowCapsule
[2017.04.19-07.55.45:602][  0]LogLinker:Warning: Can't find file '/Game/StarterContent/Shapes/Shape_NarrowCapsule'
[2017.04.19-07.55.45:602][  0]LogLinker:Warning: Can't find file for asset '/Game/StarterContent/Shapes/Shape_NarrowCapsule' while loading ../../../../../../Users/User/Documents/GitHub/AI2/Content/TopDownBP/Maps/TopDownExampleMap.umap.
[2017.04.19-07.55.45:603][  0]LoadErrors:Error: Error /Game/TopDownBP/Maps/TopDownExampleMap : Can't find file for asset. /Game/StarterContent/Shapes/Shape_NarrowCapsule
[2017.04.19-07.55.45:603][  0]LogLinker:Warning: Can't find file '/Game/StarterContent/Shapes/Shape_NarrowCapsule'
[2017.04.19-07.55.45:604][  0]LoadErrors: Info Failed to load /Game/StarterContent/Shapes/Shape_NarrowCapsule.Shape_NarrowCapsule Referenced by Shape_NarrowCapsule_GEN_VARIABLE
[2017.04.19-07.55.45:604][  0]LogLinker:Warning: Can't find file for asset '/Game/StarterContent/Shapes/Shape_NarrowCapsule' while loading ../../../../../../Users/User/Documents/GitHub/AI2/Content/TopDownBP/Maps/TopDownExampleMap.umap.
[2017.04.19-07.55.45:604][  0]LoadErrors: Info Failed to load /Game/StarterContent/Shapes/Shape_NarrowCapsule.Shape_NarrowCapsule Referenced by Shape_NarrowCapsule_GEN_VARIABLE
[2017.04.19-07.55.45:604][  0]LoadErrors:Error: Error /Game/TopDownBP/Maps/TopDownExampleMap : Can't find file for asset. /Game/StarterContent/Shapes/Shape_NarrowCapsule
[2017.04.19-07.55.45:604][  0]LogLinker:Warning: Can't find file '/Game/StarterContent/Materials/M_Tech_Hex_Tile_Pulse'
[2017.04.19-07.55.45:604][  0]LoadErrors: Info Failed to load /Game/StarterContent/Materials/M_Tech_Hex_Tile_Pulse.M_Tech_Hex_Tile_Pulse Referenced by Shape_NarrowCapsule_GEN_VARIABLE
[2017.04.19-07.55.45:604][  0]LogLinker:Warning: Can't find file for asset '/Game/StarterContent/Materials/M_Tech_Hex_Tile_Pulse' while loading ../../../../../../Users/User/Documents/GitHub/AI2/Content/TopDownBP/Maps/TopDownExampleMap.umap.
[2017.04.19-07.55.45:604][  0]LoadErrors: Info Failed to load /Game/StarterContent/Materials/M_Tech_Hex_Tile_Pulse.M_Tech_Hex_Tile_Pulse Referenced by Shape_NarrowCapsule_GEN_VARIABLE
[2017.04.19-07.55.45:604][  0]LoadErrors:Error: Error /Game/TopDownBP/Maps/TopDownExampleMap : Can't find file for asset. /Game/StarterContent/Materials/M_Tech_Hex_Tile_Pulse
[2017.04.19-07.55.45:784][  0]LogLinker:Warning: Can't find file '/Game/StarterContent/Props/SM_Door'
[2017.04.19-07.55.45:784][  0]LogLinker:Warning: Can't find file for asset '/Game/StarterContent/Props/SM_Door' while loading ../../../../../../Users/User/Documents/GitHub/AI2/Content/MyMechanics/DoorBP.uasset.
[2017.04.19-07.55.45:784][  0]LoadErrors:Error: Error /Game/MyMechanics/DoorBP : Can't find file for asset. /Game/StarterContent/Props/SM_Door
[2017.04.19-07.55.45:784][  0]LogLinker:Warning: Can't find file '/Game/StarterContent/Props/SM_DoorFrame'
[2017.04.19-07.55.45:784][  0]LogLinker:Warning: Can't find file for asset '/Game/StarterContent/Props/SM_DoorFrame' while loading ../../../../../../Users/User/Documents/GitHub/AI2/Content/MyMechanics/DoorBP.uasset.
[2017.04.19-07.55.45:784][  0]LoadErrors:Error: Error /Game/MyMechanics/DoorBP : Can't find file for asset. /Game/StarterContent/Props/SM_DoorFrame
[2017.04.19-07.55.45:784][  0]LogLinker:Warning: Can't find file '/Game/StarterContent/Props/SM_Door'
[2017.04.19-07.55.45:784][  0]LogLinker:Warning: Can't find file for asset '/Game/StarterContent/Props/SM_Door' while loading ../../../../../../Users/User/Documents/GitHub/AI2/Content/MyMechanics/DoorBP.uasset.
[2017.04.19-07.55.45:785][  0]LoadErrors:Error: Error /Game/MyMechanics/DoorBP : Can't find file for asset. /Game/StarterContent/Props/SM_Door
[2017.04.19-07.55.45:785][  0]LogLinker:Warning: Can't find file '/Game/StarterContent/Props/SM_DoorFrame'
[2017.04.19-07.55.45:785][  0]LogLinker:Warning: Can't find file for asset '/Game/StarterContent/Props/SM_DoorFrame' while loading ../../../../../../Users/User/Documents/GitHub/AI2/Content/MyMechanics/DoorBP.uasset.
[2017.04.19-07.55.45:785][  0]LoadErrors:Error: Error /Game/MyMechanics/DoorBP : Can't find file for asset. /Game/StarterContent/Props/SM_DoorFrame
[2017.04.19-07.55.45:786][  0]LogLinker:Warning: Can't find file '/Game/StarterContent/Props/SM_Door'
[2017.04.19-07.55.45:786][  0]LogLinker:Warning: Can't find file for asset '/Game/StarterContent/Props/SM_Door' while loading ../../../../../../Users/User/Documents/GitHub/AI2/Content/MyMechanics/ButtonBP.uasset.
[2017.04.19-07.55.45:786][  0]LoadErrors:Error: Error /Game/MyMechanics/ButtonBP : Can't find file for asset. /Game/StarterContent/Props/SM_Door
[2017.04.19-07.55.45:786][  0]LogLinker:Warning: Can't find file '/Game/StarterContent/Props/SM_DoorFrame'
[2017.04.19-07.55.45:786][  0]LogLinker:Warning: Can't find file for asset '/Game/StarterContent/Props/SM_DoorFrame' while loading ../../../../../../Users/User/Documents/GitHub/AI2/Content/MyMechanics/ButtonBP.uasset.
[2017.04.19-07.55.45:786][  0]LoadErrors:Error: Error /Game/MyMechanics/ButtonBP : Can't find file for asset. /Game/StarterContent/Props/SM_DoorFrame
[2017.04.19-07.55.45:786][  0]LogLinker:Warning: Can't find file '/Game/StarterContent/Props/SM_Door'
[2017.04.19-07.55.45:786][  0]LogLinker:Warning: Can't find file for asset '/Game/StarterContent/Props/SM_Door' while loading ../../../../../../Users/User/Documents/GitHub/AI2/Content/MyMechanics/ButtonBP.uasset.
[2017.04.19-07.55.45:786][  0]LoadErrors:Error: Error /Game/MyMechanics/ButtonBP : Can't find file for asset. /Game/StarterContent/Props/SM_Door
[2017.04.19-07.55.45:787][  0]LogLinker:Warning: Can't find file '/Game/StarterContent/Props/SM_DoorFrame'
[2017.04.19-07.55.45:787][  0]LogLinker:Warning: Can't find file for asset '/Game/StarterContent/Props/SM_DoorFrame' while loading ../../../../../../Users/User/Documents/GitHub/AI2/Content/MyMechanics/ButtonBP.uasset.
[2017.04.19-07.55.45:787][  0]LoadErrors:Error: Error /Game/MyMechanics/ButtonBP : Can't find file for asset. /Game/StarterContent/Props/SM_DoorFrame
[2017.04.19-07.55.45:789][  0]LogLinker:Warning: Can't find file '/Game/StarterContent/Props/SM_DoorFrame'
[2017.04.19-07.55.45:789][  0]LoadErrors: Info Failed to load /Game/StarterContent/Props/SM_DoorFrame.SM_DoorFrame Referenced by SM_DoorFrame_GEN_VARIABLE
[2017.04.19-07.55.45:789][  0]LogLinker:Warning: Can't find file for asset '/Game/StarterContent/Props/SM_DoorFrame' while loading ../../../../../../Users/User/Documents/GitHub/AI2/Content/MyMechanics/ButtonBP.uasset.
[2017.04.19-07.55.45:789][  0]LoadErrors: Info Failed to load /Game/StarterContent/Props/SM_DoorFrame.SM_DoorFrame Referenced by SM_DoorFrame_GEN_VARIABLE
[2017.04.19-07.55.45:789][  0]LoadErrors:Error: Error /Game/MyMechanics/ButtonBP : Can't find file for asset. /Game/StarterContent/Props/SM_DoorFrame
[2017.04.19-07.55.45:789][  0]LogLinker:Warning: Can't find file '/Game/StarterContent/Props/SM_Door'
[2017.04.19-07.55.45:789][  0]LoadErrors: Info Failed to load /Game/StarterContent/Props/SM_Door.SM_Door Referenced by SM_Door_GEN_VARIABLE
[2017.04.19-07.55.45:789][  0]LogLinker:Warning: Can't find file for asset '/Game/StarterContent/Props/SM_Door' while loading ../../../../../../Users/User/Documents/GitHub/AI2/Content/MyMechanics/ButtonBP.uasset.
[2017.04.19-07.55.45:789][  0]LoadErrors: Info Failed to load /Game/StarterContent/Props/SM_Door.SM_Door Referenced by SM_Door_GEN_VARIABLE
[2017.04.19-07.55.45:789][  0]LoadErrors:Error: Error /Game/MyMechanics/ButtonBP : Can't find file for asset. /Game/StarterContent/Props/SM_Door
[2017.04.19-07.55.45:807][  0]LogLinker:Warning: Can't find file '/Game/StarterContent/Materials/M_Tech_Hex_Tile'
[2017.04.19-07.55.45:807][  0]LogLinker:Warning: Can't find file for asset '/Game/StarterContent/Materials/M_Tech_Hex_Tile' while loading ../../../../../../Users/User/Documents/GitHub/AI2/Content/MyMechanics/ButtonBP.uasset.
[2017.04.19-07.55.45:807][  0]LoadErrors:Error: Error /Game/MyMechanics/ButtonBP : Can't find file for asset. /Game/StarterContent/Materials/M_Tech_Hex_Tile
[2017.04.19-07.55.45:807][  0]LogLinker:Warning: Can't find file '/Game/StarterContent/Materials/M_Tech_Hex_Tile'
[2017.04.19-07.55.45:808][  0]LogLinker:Warning: Can't find file for asset '/Game/StarterContent/Materials/M_Tech_Hex_Tile' while loading ../../../../../../Users/User/Documents/GitHub/AI2/Content/MyMechanics/ButtonBP.uasset.
[2017.04.19-07.55.45:808][  0]LoadErrors:Error: Error /Game/MyMechanics/ButtonBP : Can't find file for asset. /Game/StarterContent/Materials/M_Tech_Hex_Tile
[2017.04.19-07.55.45:809][  0]LogLinker:Warning: Can't find file '/Game/StarterContent/Materials/M_Tech_Hex_Tile'
[2017.04.19-07.55.45:809][  0]LogLinker:Warning: Can't find file for asset '/Game/StarterContent/Materials/M_Tech_Hex_Tile' while loading ../../../../../../Users/User/Documents/GitHub/AI2/Content/TopDownBP/Maps/TopDownExampleMap.umap.
[2017.04.19-07.55.45:809][  0]LoadErrors:Error: Error /Game/TopDownBP/Maps/TopDownExampleMap : Can't find file for asset. /Game/StarterContent/Materials/M_Tech_Hex_Tile
[2017.04.19-07.55.45:809][  0]LogLinker:Warning: Can't find file '/Game/StarterContent/Materials/M_Tech_Hex_Tile'
[2017.04.19-07.55.45:809][  0]LogLinker:Warning: Can't find file for asset '/Game/StarterContent/Materials/M_Tech_Hex_Tile' while loading ../../../../../../Users/User/Documents/GitHub/AI2/Content/TopDownBP/Maps/TopDownExampleMap.umap.
[2017.04.19-07.55.45:809][  0]LoadErrors:Error: Error /Game/TopDownBP/Maps/TopDownExampleMap : Can't find file for asset. /Game/StarterContent/Materials/M_Tech_Hex_Tile
[2017.04.19-07.55.45:810][  0]LogLinker:Warning: Can't find file '/Game/StarterContent/Materials/M_Tech_Hex_Tile'
[2017.04.19-07.55.45:810][  0]LoadErrors: Info Failed to load /Game/StarterContent/Materials/M_Tech_Hex_Tile.M_Tech_Hex_Tile Referenced by SphereButton_GEN_VARIABLE
[2017.04.19-07.55.45:810][  0]LogLinker:Warning: Can't find file for asset '/Game/StarterContent/Materials/M_Tech_Hex_Tile' while loading ../../../../../../Users/User/Documents/GitHub/AI2/Content/TopDownBP/Maps/TopDownExampleMap.umap.
[2017.04.19-07.55.45:810][  0]LoadErrors: Info Failed to load /Game/StarterContent/Materials/M_Tech_Hex_Tile.M_Tech_Hex_Tile Referenced by SphereButton_GEN_VARIABLE
[2017.04.19-07.55.45:810][  0]LoadErrors:Error: Error /Game/TopDownBP/Maps/TopDownExampleMap : Can't find file for asset. /Game/StarterContent/Materials/M_Tech_Hex_Tile
[2017.04.19-07.55.46:146][  0]LogMaterial: Missing cached shader map for material M_UE4Coward_Man_Body, compiling. 
[2017.04.19-07.55.46:149][  0]LogTemp:Display: Added material ShaderMap 0x000001824BA1F580 with Material 0x000001825D3E4100 to ShaderMapsBeingCompiled
[2017.04.19-07.55.46:248][  0]LogTemp:Display: Kicking off shader compilation for M_UE4Coward_Man_Body, GameThreadShaderMap 0x000001824BA1F580
[2017.04.19-07.55.46:322][  0]LogAIModule: Creating AISystem for world TopDownExampleMap
[2017.04.19-07.55.46:362][  0]LogEditorServer: Finished looking for orphan Actors (0.000 secs)
[2017.04.19-07.55.46:364][  0]Cmd: MAP CHECKDEP NOCLEARLOG
[2017.04.19-07.55.46:425][  0]MapCheck: Info Map check complete: 0 Error(s), 0 Warning(s), took 60.576ms to complete.
[2017.04.19-07.55.46:425][  0]LogFileHelpers: Loading map 'TopDownExampleMap' took 1.176
[2017.04.19-07.55.46:665][  0]LogCollectionManager: Loaded 0 collections in 0.001629 seconds
[2017.04.19-07.55.46:762][  0]LogFileCache: Scanning file cache for directory 'C:/Users/User/Documents/GitHub/AI2/Saved/Collections/' took 0.01s
[2017.04.19-07.55.46:762][  0]LogFileCache: Scanning file cache for directory 'C:/Users/User/Documents/GitHub/AI2/Content/Developers/User/Collections/' took 0.01s
[2017.04.19-07.55.46:762][  0]LogFileCache: Scanning file cache for directory 'C:/Users/User/Documents/GitHub/AI2/Content/Collections/' took 0.01s
[2017.04.19-07.55.46:762][  0]LogCollectionManager: Rebuilt the GUID cache for 0 collections in 0.000002 seconds
[2017.04.19-07.55.46:772][  0]LogContentBrowser: Native class hierarchy populated in 0.0099 seconds. Added 2245 classes and 453 folders.
[2017.04.19-07.55.46:776][  0]LogStats: UGameplayTagsManager::ConstructGameplayTagTree: Construct from data asset -  0.000 s
[2017.04.19-07.55.46:776][  0]LogStats: UGameplayTagsManager::ConstructGameplayTagTree: GameplayTagTreeChangedEvent.Broadcast -  0.000 s
[2017.04.19-07.55.46:855][  0]LogContentBrowser: Native class hierarchy updated for 'WidgetCarousel' in 0.0006 seconds. Added 0 classes and 0 folders.
[2017.04.19-07.55.47:177][  0]LogContentBrowser: Native class hierarchy updated for 'AddContentDialog' in 0.0006 seconds. Added 0 classes and 0 folders.
[2017.04.19-07.55.47:238][  0]LogContentBrowser: Native class hierarchy updated for 'SceneOutliner' in 0.0005 seconds. Added 1 classes and 2 folders.
[2017.04.19-07.55.47:308][  0]LogCrashTracker: Crashtracker disabled due to settings.
[2017.04.19-07.55.47:318][  0]LogUObjectGlobals:Warning: Failed to find object 'Class None.'
[2017.04.19-07.55.47:393][  0]LogContentBrowser: Native class hierarchy updated for 'HierarchicalLODOutliner' in 0.0006 seconds. Added 1 classes and 2 folders.
[2017.04.19-07.55.47:393][  0]LogLoad: (Engine Initialization) Total time: 18.99 seconds
[2017.04.19-07.55.47:393][  0]LogLoad: (Engine Initialization) Total Blueprint compile time: 0.37 seconds
[2017.04.19-07.55.47:393][  0]LogExternalProfiler: Found external profiler: VSPerf
[2017.04.19-07.55.47:393][  0]LogExternalProfiler: Using external profiler: VSPerf
[2017.04.19-07.55.47:733][  0]LogOcInput: OculusInput pre-init called
[2017.04.19-07.55.47:757][  0]LogContentStreaming: Texture pool size now 1000 MB
[2017.04.19-07.55.47:774][  0]LogSlate: Took 0.000264 seconds to synchronously load lazily loaded font '../../../Engine/Content/Slate/Fonts/Roboto-Regular.ttf' (155K)
[2017.04.19-07.55.47:779][  0]LogSlate: Took 0.000378 seconds to synchronously load lazily loaded font '../../../Engine/Content/Slate/Fonts/Roboto-Bold.ttf' (160K)
[2017.04.19-07.55.47:792][  0]LogSlate: Took 0.004915 seconds to synchronously load lazily loaded font '../../../Engine/Content/Editor/Slate/Fonts/FontAwesome.ttf' (139K)
[2017.04.19-07.55.47:972][  0]LogSlate: Took 0.004944 seconds to synchronously load lazily loaded font '../../../Engine/Content/Slate/Fonts/Roboto-Light.ttf' (159K)
[2017.04.19-07.55.48:040][  0]LogRenderer: Reallocating scene render targets to support 1208x576 NumSamples 1 (Frame:2).
[2017.04.19-07.55.48:119][  1]LogAssetRegistry: Asset discovery search completed in 11.5848 seconds
[2017.04.19-07.55.48:119][  1]LogCollectionManager: Rebuilt the object cache for 0 collections in 0.000010 seconds (found 0 objects)
[2017.04.19-07.55.48:119][  1]LogCollectionManager: Fixed up redirectors for 0 collections in 0.000277 seconds (updated 0 objects)
[2017.04.19-07.55.48:472][  3]LogSlate: Took 0.000221 seconds to synchronously load lazily loaded font '../../../Engine/Content/Slate/Fonts/Roboto-Light.ttf' (159K)
[2017.04.19-07.55.49:550][  3]LogContentBrowser: Native class hierarchy updated for 'BlueprintGraph' in 0.0010 seconds. Added 112 classes and 0 folders.
[2017.04.19-07.55.50:523][  3]LogSlate: Took 0.000219 seconds to synchronously load lazily loaded font '../../../Engine/Content/Slate/Fonts/Roboto-Light.ttf' (159K)
[2017.04.19-07.55.50:527][  3]LogSlate: Took 0.003758 seconds to synchronously load lazily loaded font '../../../Engine/Content/Editor/Slate/Fonts/Roboto-BoldCondensed.ttf' (158K)
[2017.04.19-07.55.59:309][530]LogTemp:Display: Finished compile of shader map 0x000001824BA1F580
[2017.04.19-07.55.59:309][530]LogTemp:Display: Shader map M_UE4Coward_Man_Body complete, GameThreadShaderMap 0x000001824BA1F580, marking material M_UE4Coward_Man_Body as finished
[2017.04.19-07.55.59:309][530]LogTemp:Display: Marking material as finished 0x000001825D3E4100
[2017.04.19-07.56.59:469][993]LogActorFactory: Actor Factory created 1M_Cube_Chamfer
[2017.04.19-07.56.59:854][ 38]LogActorFactory: Actor Factory created 1M_Cube_Chamfer
[2017.04.19-07.57.06:004][710]LogSavePackage: Save=194.57ms
[2017.04.19-07.57.06:004][710]LogSavePackage: Moving '../../../../../../Users/User/Documents/GitHub/AI2/Saved/TopDownExampleMap308B4AF948B4659B81A1CDAFAB0AF93F.tmp' to '../../../../../../Users/User/Documents/GitHub/AI2/Content/TopDownBP/Maps/TopDownExampleMap.umap'
[2017.04.19-07.57.06:010][710]LogSavePackage:Display: Finished SavePackage ../../../../../../Users/User/Documents/GitHub/AI2/Content/TopDownBP/Maps/TopDownExampleMap.umap
[2017.04.19-07.57.06:214][710]LogSavePackage: Save=137.62ms
[2017.04.19-07.57.06:214][710]LogSavePackage: Moving '../../../../../../Users/User/Documents/GitHub/AI2/Saved/TopDownExampleMap_BuiltDataCBFE601D439D06A0D1B6CA865FC316D4.tmp' to '../../../../../../Users/User/Documents/GitHub/AI2/Content/TopDownBP/Maps/TopDownExampleMap_BuiltData.uasset'
[2017.04.19-07.57.06:215][710]LogSavePackage:Display: Finished SavePackage ../../../../../../Users/User/Documents/GitHub/AI2/Content/TopDownBP/Maps/TopDownExampleMap_BuiltData.uasset
