Log file open, 03/29/17 19:07:13
LogInit:Display: Running engine for game: AI2
LogPlatformFile: Not using cached read wrapper
LogInit:Display: RandInit(1298796491) SRandInit(1298796491).
LogTaskGraph: Started task graph with 5 named threads and 8 total threads with 1 sets of task threads.
LogStats: Stats thread started at 0.088843
LogInit: Using libcurl 7.47.1
LogInit:  - built for x86_64-pc-win32
LogInit:  - supports SSL with OpenSSL/1.0.2g
LogInit:  - supports HTTP deflate (compression) using libz 1.2.8
LogInit:  - other features:
LogInit:      CURL_VERSION_SSL
LogInit:      CURL_VERSION_LIBZ
LogInit:      CURL_VERSION_IPV6
LogInit:      CURL_VERSION_ASYNCHDNS
LogInit:      CURL_VERSION_LARGEFILE
LogInit:      CURL_VERSION_IDN
LogInit:  CurlRequestOptions (configurable via config and command line):
LogInit:  - bVerifyPeer = false  - Libcurl will NOT verify peer certificate
LogInit:  - bUseHttpProxy = false  - Libcurl will NOT use HTTP proxy
LogInit:  - bDontReuseConnections = false  - Libcurl will reuse connections
LogInit:  - CertBundlePath = nullptr  - Libcurl will use whatever was configured at build time.
LogInit: Build: ++UE4+Release-4.15-CL-3299760
LogInit: Engine Version: 4.15.0-3299760+++UE4+Release-4.15
LogInit: Compatible Engine Version: 4.15.0-3299760+++UE4+Release-4.15
LogInit: Net CL: 3299760
LogDevObjectVersion: Number of dev versions registered: 14
LogDevObjectVersion:   Dev-Blueprints (B0D832E4-1F89-4F0D-ACCF-7EB736FD4AA2): 8
LogDevObjectVersion:   Dev-Build (E1C64328-A22C-4D53-A36C-8E866417BD8C): 0
LogDevObjectVersion:   Dev-Core (375EC13C-06E4-48FB-B500-84F0262A717E): 2
LogDevObjectVersion:   Dev-Editor (E4B068ED-F494-42E9-A231-DA0B2E46BB41): 14
LogDevObjectVersion:   Dev-Framework (CFFC743F-43B0-4480-9391-14DF171D2073): 22
LogDevObjectVersion:   Dev-Mobile (B02B49B5-BB20-44E9-A304-32B752E40360): 0
LogDevObjectVersion:   Dev-Networking (A4E4105C-59A1-49B5-A7C5-40C4547EDFEE): 0
LogDevObjectVersion:   Dev-Online (39C831C9-5AE6-47DC-9A44-9C173E1C8E7C): 0
LogDevObjectVersion:   Dev-Physics (78F01B33-EBEA-4F98-B9B4-84EACCB95AA2): 0
LogDevObjectVersion:   Dev-Platform (6631380F-2D4D-43E0-8009-CF276956A95A): 0
LogDevObjectVersion:   Dev-Rendering (12F88B9F-8875-4AFC-A67C-D90C383ABD29): 12
LogDevObjectVersion:   Dev-Sequencer (7B5AE74C-D270-4C10-A958-57980B212A5A): 3
LogDevObjectVersion:   Dev-VR (D7296918-1DD6-4BDD-9DE2-64A83CC13884): 0
LogDevObjectVersion:   Dev-LoadTimes (C2A15278-BFE7-4AFE-6C17-90FF531DF755): 1
LogInit: Compiled (64-bit): Feb 14 2017 02:04:14
LogInit: Compiled with Visual C++: 19.00.23026.00
LogInit: Build Configuration: Development
LogInit: Branch Name: ++UE4+Release-4.15
LogInit: Command line:  
LogInit: Base directory: C:/Program Files/Epic Games/UE_4.15/Engine/Binaries/Win64/
LogInit: Installed Engine Build: 1
LogInit: Presizing for max 8388607 objects, including 0 objects not considered by GC, pre-allocating 0 bytes for permanent pool.
LogInit: Object subsystem initialized
[2017.03.29-16.07.14:066][  0]LogInit: Selected Device Profile: [Windows]
[2017.03.29-16.07.14:066][  0]LogInit: Applying CVar settings loaded from the selected device profile: [Windows]
[2017.03.29-16.07.14:080][  0]LogInit: Computer: TEO
[2017.03.29-16.07.14:080][  0]LogInit: User: User
[2017.03.29-16.07.14:080][  0]LogInit: CPU Page size=65536, Cores=4
[2017.03.29-16.07.14:080][  0]LogInit: High frequency timer resolution =3.421876 MHz
[2017.03.29-16.07.14:080][  0]LogMemory: Memory total: Physical=15.9GB (16GB approx)
[2017.03.29-16.07.14:080][  0]LogMemory: Platform Memory Stats for Windows
[2017.03.29-16.07.14:080][  0]LogMemory: Process Physical Memory: 263.11 MB used, 263.11 MB peak
[2017.03.29-16.07.14:080][  0]LogMemory: Process Virtual Memory: 262.46 MB used, 262.46 MB peak
[2017.03.29-16.07.14:080][  0]LogMemory: Physical Memory: 6148.83 MB used,  10163.49 MB free, 16312.32 MB total
[2017.03.29-16.07.14:080][  0]LogMemory: Virtual Memory: 643.64 MB used,  10163.49 MB free, 134217728.00 MB total
[2017.03.29-16.07.14:165][  0]LogTextLocalizationManager: No translations for ('uk-UA') exist, falling back to 'en' for localization and internationalization data.
[2017.03.29-16.07.14:793][  0]LogD3D11RHI: D3D11 adapters:
[2017.03.29-16.07.15:340][  0]LogD3D11RHI:    0. 'NVIDIA GeForce GTX 970' (Feature Level 11_0)
[2017.03.29-16.07.15:340][  0]LogD3D11RHI:       4059/0/8156 MB DedicatedVideo/DedicatedSystem/SharedSystem, Outputs:1, VendorId:0x10de
[2017.03.29-16.07.15:341][  0]LogD3D11RHI:    1. 'Microsoft Basic Render Driver' (Feature Level 11_0)
[2017.03.29-16.07.15:341][  0]LogD3D11RHI:       0/0/8156 MB DedicatedVideo/DedicatedSystem/SharedSystem, Outputs:0, VendorId:0x1414
[2017.03.29-16.07.15:341][  0]LogD3D11RHI: Chosen D3D11 Adapter: 0
[2017.03.29-16.07.15:347][  0]LogD3D11RHI: Creating new Direct3DDevice
[2017.03.29-16.07.15:347][  0]LogD3D11RHI:     GPU DeviceId: 0x13c2 (for the marketing name, search the web for "GPU Device Id")
[2017.03.29-16.07.15:347][  0]LogWindows: EnumDisplayDevices:
[2017.03.29-16.07.15:348][  0]LogWindows:    0. 'NVIDIA GeForce GTX 970' (P:1 D:1)
[2017.03.29-16.07.15:348][  0]LogWindows:    1. 'NVIDIA GeForce GTX 970' (P:0 D:0)
[2017.03.29-16.07.15:348][  0]LogWindows:    2. 'NVIDIA GeForce GTX 970' (P:0 D:0)
[2017.03.29-16.07.15:348][  0]LogWindows:    3. 'NVIDIA GeForce GTX 970' (P:0 D:0)
[2017.03.29-16.07.15:348][  0]LogWindows: DebugString: FoundDriverCount:4 
[2017.03.29-16.07.15:348][  0]LogD3D11RHI:     Adapter Name: NVIDIA GeForce GTX 970
[2017.03.29-16.07.15:348][  0]LogD3D11RHI:   Driver Version: 378.92 (internal:21.21.13.7892, unified:378.92)
[2017.03.29-16.07.15:348][  0]LogD3D11RHI:      Driver Date: 3-16-2017
[2017.03.29-16.07.15:348][  0]LogRHI: Texture pool is 1361 MB (70% of 1945 MB)
[2017.03.29-16.07.15:841][  0]LogD3D11RHI: Async texture creation enabled
[2017.03.29-16.07.15:881][  0]LogD3D11RHI: GPU Timing Frequency: 1000.000000 (Debug: 2 1)
[2017.03.29-16.07.15:928][  0]LogShaderCompilers: Guid format shader working directory is -4 characters bigger than the processId version (../../../../../../Users/User/Documents/repos/AI2/Intermediate/Shaders/WorkingDirectory/11352/).
[2017.03.29-16.07.15:928][  0]LogShaderCompilers: Cleaned the shader compiler working directory 'C:/Users/User/AppData/Local/Temp/UnrealShaderWorkingDir/3C8464674BBFE86EF62B27854B25780E/'.
[2017.03.29-16.07.15:928][  0]LogShaderCompilers:Display: Using Local Shader Compiler.
[2017.03.29-16.07.16:887][  0]LogTemp:Display: Loaded TP AllDesktopTargetPlatform
[2017.03.29-16.07.16:939][  0]LogTemp:Display: Loaded TP MacClientTargetPlatform
[2017.03.29-16.07.16:990][  0]LogTemp:Display: Loaded TP MacNoEditorTargetPlatform
[2017.03.29-16.07.17:046][  0]LogTemp:Display: Loaded TP MacServerTargetPlatform
[2017.03.29-16.07.17:103][  0]LogTemp:Display: Loaded TP MacTargetPlatform
[2017.03.29-16.07.17:156][  0]LogTemp:Display: Loaded TP WindowsClientTargetPlatform
[2017.03.29-16.07.17:214][  0]LogTemp:Display: Loaded TP WindowsNoEditorTargetPlatform
[2017.03.29-16.07.17:270][  0]LogTemp:Display: Loaded TP WindowsServerTargetPlatform
[2017.03.29-16.07.17:318][  0]LogTemp:Display: Loaded TP WindowsTargetPlatform
[2017.03.29-16.07.17:371][  0]LogTemp:Display: Loaded TP AndroidTargetPlatform
[2017.03.29-16.07.17:425][  0]LogTemp:Display: Loaded TP Android_ASTCTargetPlatform
[2017.03.29-16.07.17:478][  0]LogTemp:Display: Loaded TP Android_ATCTargetPlatform
[2017.03.29-16.07.17:532][  0]LogTemp:Display: Loaded TP Android_DXTTargetPlatform
[2017.03.29-16.07.17:583][  0]LogTemp:Display: Loaded TP Android_ETC1TargetPlatform
[2017.03.29-16.07.17:634][  0]LogTemp:Display: Loaded TP Android_ETC2TargetPlatform
[2017.03.29-16.07.17:737][  0]LogTemp:Display: Loaded TP Android_MultiTargetPlatform
[2017.03.29-16.07.17:737][  0]LogTemp:Display: Loaded TP Android_PVRTCTargetPlatform
[2017.03.29-16.07.17:775][  0]LogTemp:Display: Loaded TP HTML5TargetPlatform
[2017.03.29-16.07.17:874][  0]LogTemp:Display: Loaded TP IOSTargetPlatform
[2017.03.29-16.07.17:908][  0]LogTemp:Display: Loaded TP TVOSTargetPlatform
[2017.03.29-16.07.17:961][  0]LogTemp:Display: Loaded TP LinuxClientTargetPlatform
[2017.03.29-16.07.18:014][  0]LogTemp:Display: Loaded TP LinuxNoEditorTargetPlatform
[2017.03.29-16.07.18:067][  0]LogTemp:Display: Loaded TP LinuxServerTargetPlatform
[2017.03.29-16.07.18:120][  0]LogTemp:Display: Loaded TP LinuxTargetPlatform
[2017.03.29-16.07.18:120][  0]LogTargetPlatformManager:Display: Building Assets For Windows
[2017.03.29-16.07.18:549][  0]LogDerivedDataCache:Display: Max Cache Size: 512 MB
[2017.03.29-16.07.18:622][  0]LogDerivedDataCache: Loaded boot cache 0.07s 50MB C:/Users/User/AppData/Local/UnrealEngine/4.15/DerivedDataCache/Boot.ddc.
[2017.03.29-16.07.18:622][  0]LogDerivedDataCache:Display: Loaded Boot cache: C:/Users/User/AppData/Local/UnrealEngine/4.15/DerivedDataCache/Boot.ddc
[2017.03.29-16.07.18:622][  0]LogDerivedDataCache: FDerivedDataBackendGraph:  Pak pak cache file ../../../../../../Users/User/Documents/repos/AI2/DerivedDataCache/DDC.ddp not found, will not use a pak cache.
[2017.03.29-16.07.18:622][  0]LogDerivedDataCache: Unable to find inner node Pak for hierarchical cache Hierarchy.
[2017.03.29-16.07.18:622][  0]LogDerivedDataCache: FDerivedDataBackendGraph:  CompressedPak pak cache file ../../../../../../Users/User/Documents/repos/AI2/DerivedDataCache/Compressed.ddp not found, will not use a pak cache.
[2017.03.29-16.07.18:622][  0]LogDerivedDataCache: Unable to find inner node CompressedPak for hierarchical cache Hierarchy.
[2017.03.29-16.07.18:638][  0]LogDerivedDataCache:Display: Pak cache opened for reading ../../../Engine/DerivedDataCache/Compressed.ddp.
[2017.03.29-16.07.18:650][  0]LogDerivedDataCache: Using Local data cache path C:/Users/User/AppData/Local/UnrealEngine/Common/DerivedDataCache: Writable
[2017.03.29-16.07.18:658][  0]LogSlate: Using Freetype 2.6.0
[2017.03.29-16.07.18:659][  0]LogSlate: SlateFontCache - WITH_FREETYPE: 1, WITH_HARFBUZZ: 1
[2017.03.29-16.07.18:659][  0]LogSlate: SlateFontCache - WITH_FREETYPE: 1, WITH_HARFBUZZ: 1
[2017.03.29-16.07.18:916][  0]LogInit: Selected Device Profile: [Windows]
[2017.03.29-16.07.18:918][  0]LogContentStreaming: Texture pool size is 0.00 MB
[2017.03.29-16.07.19:110][  0]LogMeshUtilities: Using QuadricMeshReduction for automatic static mesh reduction
[2017.03.29-16.07.19:151][  0]LogSimplygon: Simplygon DLL not present - disabling.
[2017.03.29-16.07.19:197][  0]LogMeshUtilities: Using SimplygonSwarm for distributed automatic mesh merging
[2017.03.29-16.07.19:197][  0]LogMeshUtilities: No automatic skeletal mesh reduction module available
[2017.03.29-16.07.19:197][  0]LogMeshUtilities: No automatic mesh merging module available
[2017.03.29-16.07.19:775][  0]LogNetVersion: GetLocalNetworkVersion: CL: 3299760, ProjectName: ai2, ProjectVersion: , EngineNetworkVersion: 2, GameNetworkVersion: 0, NetworkChecksum: 2085093951
[2017.03.29-16.07.19:822][  0]LogAssetRegistry: FAssetRegistry took 0.0220 seconds to start up
[2017.03.29-16.07.19:867][  0]LogPackageLocalizationCache: Processed 3 localized package path(s) for 1 prioritized culture(s) in 0.023037 seconds
[2017.03.29-16.07.19:875][  0]LogUObjectArray: 32475 objects as part of root set at end of initial load.
[2017.03.29-16.07.19:875][  0]LogUObjectAllocator: 7073368 out of 0 bytes used by permanent object pool.
[2017.03.29-16.07.19:875][  0]LogUObjectArray: CloseDisregardForGC: 0/0 objects in disregard for GC pool
[2017.03.29-16.07.19:933][  0]LogInit: WinSock: version 1.1 (2.2), MaxSocks=32767, MaxUdp=65467
[2017.03.29-16.07.21:407][  0]LogTcpMessaging: Initializing TcpMessaging bridge
[2017.03.29-16.07.21:445][  0]LogUdpMessaging: Initializing bridge on interface 0.0.0.0:0 to multicast group 230.0.0.1:6666.
[2017.03.29-16.07.21:885][  0]LogMaterial: Uniform references updated for custom material expression Custom.
[2017.03.29-16.07.22:262][  0]SourceControl: Info Source control is disabled
[2017.03.29-16.07.22:316][  0]SourceControl: Info Source control is disabled
[2017.03.29-16.07.22:367][  0]SourceControl: Info Source control is disabled
[2017.03.29-16.07.22:414][  0]SourceControl: Info Source control is disabled
[2017.03.29-16.07.23:708][  0]LogEngine: Initializing Engine...
[2017.03.29-16.07.23:956][  0]LogHMD: Failed to initialize OpenVR with code 108
[2017.03.29-16.07.24:198][  0]LogAIModule: Creating AISystem for world Untitled
[2017.03.29-16.07.24:216][  0]LogInit: XAudio2 using 'Speakers (3- High Definition Audio Device)' : 2 channels at 44.1 kHz using 16 bits per sample (channel mask 0x3)
[2017.03.29-16.07.24:232][  0]LogInit: FAudioDevice initialized.
[2017.03.29-16.07.24:285][  0]LogDerivedDataCache: Saved boot cache 0.05s 50MB C:/Users/User/AppData/Local/UnrealEngine/4.15/DerivedDataCache/Boot.ddc.
[2017.03.29-16.07.24:299][  0]LogInit: Texture streaming: Enabled
[2017.03.29-16.07.24:403][  0]LogEngineSessionManager: EngineSessionManager initialized
[2017.03.29-16.07.24:494][  0]LogInit: Transaction tracking system initialized
[2017.03.29-16.07.24:827][  0]BlueprintLog: New page: Editor Load
[2017.03.29-16.07.25:736][  0]LocalizationService: Info Localization service is disabled
[2017.03.29-16.07.26:408][  0]LogConsoleResponse:Display: 
[2017.03.29-16.07.26:536][  0]LogCook:Display: Max memory allowance for cook 16384mb min free memory 0mb
[2017.03.29-16.07.26:536][  0]LogCook:Display: Mobile HDR setting 1
[2017.03.29-16.07.27:573][  0]LogFileCache: Scanning file cache for directory 'C:/Users/User/Documents/repos/AI2/Content/' took 0.01s
[2017.03.29-16.07.27:619][  0]SourceControl: Info Source control is disabled
[2017.03.29-16.07.27:619][  0]Cmd: MAP LOAD FILE="../../../../../../Users/User/Documents/repos/AI2/Content/TopDownBP/Maps/TopDownExampleMap.umap" TEMPLATE=0 SHOWPROGRESS=1 FEATURELEVEL=3
[2017.03.29-16.07.27:619][  0]LightingResults: New page: Lighting Build
[2017.03.29-16.07.27:658][  0]MapCheck: New page: Map Check
[2017.03.29-16.07.27:658][  0]LightingResults: New page: Lighting Build
[2017.03.29-16.07.28:395][  0]LogAIModule: Creating AISystem for world TopDownExampleMap
[2017.03.29-16.07.28:415][  0]LogEditorServer: Finished looking for orphan Actors (0.000 secs)
[2017.03.29-16.07.28:417][  0]Cmd: MAP CHECKDEP NOCLEARLOG
[2017.03.29-16.07.28:463][  0]MapCheck: Info Map check complete: 0 Error(s), 0 Warning(s), took 45.543ms to complete.
[2017.03.29-16.07.28:463][  0]LogFileHelpers: Loading map 'TopDownExampleMap' took 0.844
[2017.03.29-16.07.28:525][  0]LogWindowsTextInputMethodSystem:Display: IME system now deactivated.
[2017.03.29-16.07.28:652][  0]LogCollectionManager: Loaded 0 collections in 0.001785 seconds
[2017.03.29-16.07.28:736][  0]LogFileCache: Scanning file cache for directory 'C:/Users/User/Documents/repos/AI2/Saved/Collections/' took 0.01s
[2017.03.29-16.07.28:736][  0]LogFileCache: Scanning file cache for directory 'C:/Users/User/Documents/repos/AI2/Content/Developers/User/Collections/' took 0.01s
[2017.03.29-16.07.28:736][  0]LogFileCache: Scanning file cache for directory 'C:/Users/User/Documents/repos/AI2/Content/Collections/' took 0.01s
[2017.03.29-16.07.28:736][  0]LogCollectionManager: Rebuilt the GUID cache for 0 collections in 0.000003 seconds
[2017.03.29-16.07.28:745][  0]LogContentBrowser: Native class hierarchy populated in 0.0094 seconds. Added 2244 classes and 450 folders.
[2017.03.29-16.07.28:750][  0]LogStats: UGameplayTagsManager::ConstructGameplayTagTree: Construct from data asset -  0.000 s
[2017.03.29-16.07.28:750][  0]LogStats: UGameplayTagsManager::ConstructGameplayTagTree: GameplayTagTreeChangedEvent.Broadcast -  0.000 s
[2017.03.29-16.07.28:822][  0]LogContentBrowser: Native class hierarchy updated for 'WidgetCarousel' in 0.0005 seconds. Added 0 classes and 0 folders.
[2017.03.29-16.07.28:857][  0]LogContentBrowser: Native class hierarchy updated for 'AddContentDialog' in 0.0005 seconds. Added 0 classes and 0 folders.
[2017.03.29-16.07.28:905][  0]LogContentBrowser: Native class hierarchy updated for 'SceneOutliner' in 0.0006 seconds. Added 1 classes and 2 folders.
[2017.03.29-16.07.28:958][  0]LogCrashTracker: Crashtracker disabled due to settings.
[2017.03.29-16.07.28:968][  0]LogUObjectGlobals:Warning: Failed to find object 'Class None.'
[2017.03.29-16.07.29:036][  0]LogContentBrowser: Native class hierarchy updated for 'HierarchicalLODOutliner' in 0.0006 seconds. Added 1 classes and 2 folders.
[2017.03.29-16.07.29:036][  0]LogLoad: (Engine Initialization) Total time: 16.78 seconds
[2017.03.29-16.07.29:036][  0]LogLoad: (Engine Initialization) Total Blueprint compile time: 0.35 seconds
[2017.03.29-16.07.29:036][  0]LogExternalProfiler: Found external profiler: VSPerf
[2017.03.29-16.07.29:036][  0]LogExternalProfiler: Using external profiler: VSPerf
[2017.03.29-16.07.29:046][  0]LogOcInput: OculusInput pre-init called
[2017.03.29-16.07.29:067][  0]LogContentStreaming: Texture pool size now 1000 MB
[2017.03.29-16.07.29:068][  0]LogSlate: Took 0.000281 seconds to synchronously load lazily loaded font '../../../Engine/Content/Slate/Fonts/Roboto-Regular.ttf' (155K)
[2017.03.29-16.07.29:073][  0]LogSlate: Took 0.000319 seconds to synchronously load lazily loaded font '../../../Engine/Content/Slate/Fonts/Roboto-Bold.ttf' (160K)
[2017.03.29-16.07.29:078][  0]LogSlate: Took 0.000350 seconds to synchronously load lazily loaded font '../../../Engine/Content/Editor/Slate/Fonts/FontAwesome.ttf' (139K)
[2017.03.29-16.07.29:204][  0]LogSlate: Took 0.000182 seconds to synchronously load lazily loaded font '../../../Engine/Content/Slate/Fonts/Roboto-Light.ttf' (159K)
[2017.03.29-16.07.29:241][  0]LogRenderer: Reallocating scene render targets to support 1104x672 NumSamples 1 (Frame:2).
[2017.03.29-16.07.29:337][  1]LogAssetRegistry: Asset discovery search completed in 9.5361 seconds
[2017.03.29-16.07.29:337][  1]LogCollectionManager: Rebuilt the object cache for 0 collections in 0.000007 seconds (found 0 objects)
[2017.03.29-16.07.29:337][  1]LogCollectionManager: Fixed up redirectors for 0 collections in 0.000027 seconds (updated 0 objects)
[2017.03.29-16.07.30:070][ 57]LogSlate: Took 0.000202 seconds to synchronously load lazily loaded font '../../../Engine/Content/Slate/Fonts/Roboto-Light.ttf' (159K)
[2017.03.29-16.07.30:490][ 57]LogContentBrowser: Native class hierarchy updated for 'BlueprintGraph' in 0.0009 seconds. Added 112 classes and 0 folders.
[2017.03.29-16.07.31:725][ 57]LogSlate: Took 0.000294 seconds to synchronously load lazily loaded font '../../../Engine/Content/Editor/Slate/Fonts/Roboto-BoldCondensed.ttf' (158K)
[2017.03.29-16.07.31:815][ 58]LogSlate: Took 0.000612 seconds to synchronously load lazily loaded font '../../../Engine/Content/Editor/Slate/Fonts/Roboto-Italic.ttf' (157K)
[2017.03.29-16.08.20:472][463]LogWindowsTextInputMethodSystem:Display: IME system now deactivated.
[2017.03.29-16.08.20:472][463]LogWindowsTextInputMethodSystem:Display: IME system now deactivated.
[2017.03.29-16.08.20:816][503]LogWindowsTextInputMethodSystem:Display: IME system now deactivated.
[2017.03.29-16.08.20:816][503]LogWindowsTextInputMethodSystem:Display: IME system now deactivated.
[2017.03.29-16.09.36:688][672]BlueprintLog: New page: Compile DoorBP
[2017.03.29-16.09.37:678][716]Cmd: OBJ SAVEPACKAGE PACKAGE="/Game/MyMechanics/DoorBP" FILE="../../../../../../Users/User/Documents/repos/AI2/Content/MyMechanics/DoorBP.uasset" SILENT=true
[2017.03.29-16.09.37:727][716]LogSavePackage: Save=33.92ms
[2017.03.29-16.09.37:727][716]LogSavePackage: Moving '../../../../../../Users/User/Documents/repos/AI2/Saved/DoorBP5C2C896B46CE30A920EC00AB05809293.tmp' to '../../../../../../Users/User/Documents/repos/AI2/Content/MyMechanics/DoorBP.uasset'
[2017.03.29-16.09.37:733][716]LogSavePackage:Display: Finished SavePackage ../../../../../../Users/User/Documents/repos/AI2/Content/MyMechanics/DoorBP.uasset
[2017.03.29-16.09.48:773][873]BlueprintLog: New page: Compile DoorBP
[2017.03.29-16.09.49:514][909]Cmd: OBJ SAVEPACKAGE PACKAGE="/Game/MyMechanics/DoorBP" FILE="../../../../../../Users/User/Documents/repos/AI2/Content/MyMechanics/DoorBP.uasset" SILENT=true
[2017.03.29-16.09.49:552][909]LogSavePackage: Save=30.34ms
[2017.03.29-16.09.49:552][909]LogSavePackage: Moving '../../../../../../Users/User/Documents/repos/AI2/Saved/DoorBP33657AD64908648F6A3D5CA0BF7ABE3E.tmp' to '../../../../../../Users/User/Documents/repos/AI2/Content/MyMechanics/DoorBP.uasset'
[2017.03.29-16.09.49:556][909]LogSavePackage:Display: Finished SavePackage ../../../../../../Users/User/Documents/repos/AI2/Content/MyMechanics/DoorBP.uasset
[2017.03.29-16.10.16:497][ 13]LogSlate: Took 0.000393 seconds to synchronously load lazily loaded font '../../../Engine/Content/Editor/Slate/Fonts/Roboto-BoldCondensedItalic.ttf' (160K)
[2017.03.29-16.10.36:255][248]BlueprintLog: New page: Compile LanternBP
[2017.03.29-16.11.09:424][936]BlueprintLog: New page: Compile LanternBP
[2017.03.29-16.11.22:051][302]LogEditorViewport: Clicking on Actor (LMB): LanternBP_C (LanternBP)
[2017.03.29-16.11.59:110][694]LogSavePackage: Save=178.10ms
[2017.03.29-16.11.59:110][694]LogSavePackage: Moving '../../../../../../Users/User/Documents/repos/AI2/Saved/TopDownExampleMap92DBC28E412295370DA5E08F402FD562.tmp' to '../../../../../../Users/User/Documents/repos/AI2/Content/TopDownBP/Maps/TopDownExampleMap.umap'
[2017.03.29-16.11.59:114][694]LogSavePackage:Display: Finished SavePackage ../../../../../../Users/User/Documents/repos/AI2/Content/TopDownBP/Maps/TopDownExampleMap.umap
[2017.03.29-16.11.59:317][694]LogSavePackage: Save=144.13ms
[2017.03.29-16.11.59:317][694]LogSavePackage: Moving '../../../../../../Users/User/Documents/repos/AI2/Saved/TopDownExampleMap_BuiltDataECB96B89484CDFB6AA8FA9AF807B3099.tmp' to '../../../../../../Users/User/Documents/repos/AI2/Content/TopDownBP/Maps/TopDownExampleMap_BuiltData.uasset'
[2017.03.29-16.11.59:318][694]LogSavePackage:Display: Finished SavePackage ../../../../../../Users/User/Documents/repos/AI2/Content/TopDownBP/Maps/TopDownExampleMap_BuiltData.uasset
[2017.03.29-16.12.06:288][327]BlueprintLog: New page: Compile LanternBP
[2017.03.29-16.12.07:725][433]Cmd: OBJ SAVEPACKAGE PACKAGE="/Game/MyMechanics/LanternBP" FILE="../../../../../../Users/User/Documents/repos/AI2/Content/MyMechanics/LanternBP.uasset" SILENT=true
[2017.03.29-16.12.07:765][433]LogSavePackage: Save=28.28ms
[2017.03.29-16.12.07:765][433]LogSavePackage: Moving '../../../../../../Users/User/Documents/repos/AI2/Saved/LanternBPF848D3274BB30CC74C51118F879B1EFA.tmp' to '../../../../../../Users/User/Documents/repos/AI2/Content/MyMechanics/LanternBP.uasset'
[2017.03.29-16.12.07:768][433]LogSavePackage:Display: Finished SavePackage ../../../../../../Users/User/Documents/repos/AI2/Content/MyMechanics/LanternBP.uasset
[2017.03.29-16.12.49:674][668]BlueprintLog: New page: Compile LanternBP
[2017.03.29-16.12.50:464][703]Cmd: OBJ SAVEPACKAGE PACKAGE="/Game/MyMechanics/LanternBP" FILE="../../../../../../Users/User/Documents/repos/AI2/Content/MyMechanics/LanternBP.uasset" SILENT=true
[2017.03.29-16.12.50:500][703]LogSavePackage: Save=28.33ms
[2017.03.29-16.12.50:500][703]LogSavePackage: Moving '../../../../../../Users/User/Documents/repos/AI2/Saved/LanternBP5592D20F495CEC7A46342188C86FDB10.tmp' to '../../../../../../Users/User/Documents/repos/AI2/Content/MyMechanics/LanternBP.uasset'
[2017.03.29-16.12.50:503][703]LogSavePackage:Display: Finished SavePackage ../../../../../../Users/User/Documents/repos/AI2/Content/MyMechanics/LanternBP.uasset
[2017.03.29-16.13.52:477][ 41]BlueprintLog: New page: Compile LanternBP
[2017.03.29-16.13.52:889][ 41]BlueprintEditorCompileResults: Info 'DoorBP' is already a 'Door BP', you don't need  Cast To DoorBP .
[2017.03.29-16.14.24:219][626]BlueprintLog: New page: Compile LanternBP
[2017.03.29-16.14.24:232][626]LogBlueprint:Error: [Compiler LanternBP] Error This blueprint (self) is not a DoorBP_C, therefore ' Target ' must have a connection.
[2017.03.29-16.14.24:903][626]BlueprintEditorCompileResults: Info 'DoorBP' is already a 'Door BP', you don't need  Cast To DoorBP .
[2017.03.29-16.14.24:903][626]BlueprintEditorCompileResults:Error: Error This blueprint (self) is not a DoorBP_C, therefore ' Target ' must have a connection.
[2017.03.29-16.14.24:904][626]LogBlueprint:Warning: [Compiler LanternBP] Warning [0432.65] Compile of LanternBP failed. 1 Fatal Issue(s) 0 Warning(s) [in 684 ms] (/Game/MyMechanics/LanternBP.LanternBP)
[2017.03.29-16.14.30:390][260]BlueprintLog: New page: Compile LanternBP
[2017.03.29-16.14.30:763][260]BlueprintEditorCompileResults: Info 'DoorBP' is already a 'Door BP', you don't need  Cast To DoorBP .
[2017.03.29-16.14.32:881][501]Cmd: OBJ SAVEPACKAGE PACKAGE="/Game/MyMechanics/LanternBP" FILE="../../../../../../Users/User/Documents/repos/AI2/Content/MyMechanics/LanternBP.uasset" SILENT=true
[2017.03.29-16.14.32:918][501]LogSavePackage: Save=30.48ms
[2017.03.29-16.14.32:918][501]LogSavePackage: Moving '../../../../../../Users/User/Documents/repos/AI2/Saved/LanternBP4CEE600941147CDB7BC4199134AC5734.tmp' to '../../../../../../Users/User/Documents/repos/AI2/Content/MyMechanics/LanternBP.uasset'
[2017.03.29-16.14.32:922][501]LogSavePackage:Display: Finished SavePackage ../../../../../../Users/User/Documents/repos/AI2/Content/MyMechanics/LanternBP.uasset
[2017.03.29-16.14.53:441][777]LogSavePackage: Save=178.99ms
[2017.03.29-16.14.53:441][777]LogSavePackage: Moving '../../../../../../Users/User/Documents/repos/AI2/Saved/TopDownExampleMap65DD460B44F32D6FEDFA9591DC86F908.tmp' to '../../../../../../Users/User/Documents/repos/AI2/Content/TopDownBP/Maps/TopDownExampleMap.umap'
[2017.03.29-16.14.53:446][777]LogSavePackage:Display: Finished SavePackage ../../../../../../Users/User/Documents/repos/AI2/Content/TopDownBP/Maps/TopDownExampleMap.umap
[2017.03.29-16.14.53:590][777]LogSavePackage: Save=97.04ms
[2017.03.29-16.14.53:590][777]LogSavePackage: Moving '../../../../../../Users/User/Documents/repos/AI2/Saved/TopDownExampleMap_BuiltData97F711914ABCA0BD46822BA17B124CFC.tmp' to '../../../../../../Users/User/Documents/repos/AI2/Content/TopDownBP/Maps/TopDownExampleMap_BuiltData.uasset'
[2017.03.29-16.14.53:592][777]LogSavePackage:Display: Finished SavePackage ../../../../../../Users/User/Documents/repos/AI2/Content/TopDownBP/Maps/TopDownExampleMap_BuiltData.uasset
[2017.03.29-16.14.55:053][935]BlueprintLog: New page: Compile LanternBP
[2017.03.29-16.14.55:448][935]BlueprintEditorCompileResults: Info 'DoorBP' is already a 'Door BP', you don't need  Cast To DoorBP .
[2017.03.29-16.14.56:472][ 50]Cmd: OBJ SAVEPACKAGE PACKAGE="/Game/MyMechanics/LanternBP" FILE="../../../../../../Users/User/Documents/repos/AI2/Content/MyMechanics/LanternBP.uasset" SILENT=true
[2017.03.29-16.14.56:509][ 50]LogSavePackage: Save=29.28ms
[2017.03.29-16.14.56:509][ 50]LogSavePackage: Moving '../../../../../../Users/User/Documents/repos/AI2/Saved/LanternBP3FD94836489F919CCBE3D98037D7D02F.tmp' to '../../../../../../Users/User/Documents/repos/AI2/Content/MyMechanics/LanternBP.uasset'
[2017.03.29-16.14.56:512][ 50]LogSavePackage:Display: Finished SavePackage ../../../../../../Users/User/Documents/repos/AI2/Content/MyMechanics/LanternBP.uasset
[2017.03.29-16.15.04:236][919]LogTemp: Repeting last play command: Selected Viewport
[2017.03.29-16.15.04:267][919]LogBlueprintUserMessages: Early PlayInEditor Detection: Level '/Game/TopDownBP/Maps/TopDownExampleMap.TopDownExampleMap:PersistentLevel' has LevelScriptBlueprint '/Game/TopDownBP/Maps/TopDownExampleMap.TopDownExampleMap:PersistentLevel.TopDownExampleMap' with GeneratedClass '/Game/TopDownBP/Maps/TopDownExampleMap.TopDownExampleMap_C' with ClassGeneratedBy '/Game/TopDownBP/Maps/TopDownExampleMap.TopDownExampleMap:PersistentLevel.TopDownExampleMap'
[2017.03.29-16.15.04:267][919]LogPlayLevel: PlayLevel: No blueprints needed recompiling
[2017.03.29-16.15.04:267][919]PIE: New page: PIE session: TopDownExampleMap (Mar 29, 2017, 10:15:04 PM)
[2017.03.29-16.15.04:267][919]LogPlayLevel: Creating play world package: /Game/TopDownBP/Maps/UEDPIE_0_TopDownExampleMap
[2017.03.29-16.15.04:302][919]LogPlayLevel: PIE: StaticDuplicateObject took: (0.034420s)
[2017.03.29-16.15.04:303][919]LogAIModule: Creating AISystem for world TopDownExampleMap
[2017.03.29-16.15.04:304][919]LogPlayLevel: PIE: World Init took: (0.002129s)
[2017.03.29-16.15.04:304][919]LogPlayLevel: PIE: Created PIE world by copying editor world from /Game/TopDownBP/Maps/TopDownExampleMap.TopDownExampleMap to /Game/TopDownBP/Maps/UEDPIE_0_TopDownExampleMap.TopDownExampleMap (0.037024s)
[2017.03.29-16.15.04:348][919]LogInit: XAudio2 using 'Speakers (3- High Definition Audio Device)' : 2 channels at 44.1 kHz using 16 bits per sample (channel mask 0x3)
[2017.03.29-16.15.04:357][919]LogInit: FAudioDevice initialized.
[2017.03.29-16.15.04:417][919]LogLoad: Game class is 'TopDownGameMode_C'
[2017.03.29-16.15.04:422][919]LogWorld: Bringing World /Game/TopDownBP/Maps/UEDPIE_0_TopDownExampleMap.TopDownExampleMap up for play (max tick rate 0) at 2017.03.29-19.15.04
[2017.03.29-16.15.04:423][919]LogWorld: Bringing up level for play took: 0.004868
[2017.03.29-16.15.04:466][919]LogContentBrowser: Native class hierarchy updated for 'MovieSceneCapture' in 0.0007 seconds. Added 11 classes and 0 folders.
[2017.03.29-16.15.04:473][919]PIE: Info Play in editor start time for /Game/TopDownBP/Maps/UEDPIE_0_TopDownExampleMap -0.684
[2017.03.29-16.15.04:474][919]LogBlueprintUserMessages: Late PlayInEditor Detection: Level '/Game/TopDownBP/Maps/TopDownExampleMap.TopDownExampleMap:PersistentLevel' has LevelScriptBlueprint '/Game/TopDownBP/Maps/TopDownExampleMap.TopDownExampleMap:PersistentLevel.TopDownExampleMap' with GeneratedClass '/Game/TopDownBP/Maps/TopDownExampleMap.TopDownExampleMap_C' with ClassGeneratedBy '/Game/TopDownBP/Maps/TopDownExampleMap.TopDownExampleMap:PersistentLevel.TopDownExampleMap'
[2017.03.29-16.15.04:521][919]LogRenderer: Reallocating scene render targets to support 1292x756 NumSamples 1 (Frame:3738).
[2017.03.29-16.15.40:645][656]LogBlueprintUserMessages: Early EndPlayMap Detection: Level '/Game/TopDownBP/Maps/TopDownExampleMap.TopDownExampleMap:PersistentLevel' has LevelScriptBlueprint '/Game/TopDownBP/Maps/TopDownExampleMap.TopDownExampleMap:PersistentLevel.TopDownExampleMap' with GeneratedClass '/Game/TopDownBP/Maps/TopDownExampleMap.TopDownExampleMap_C' with ClassGeneratedBy '/Game/TopDownBP/Maps/TopDownExampleMap.TopDownExampleMap:PersistentLevel.TopDownExampleMap'
[2017.03.29-16.15.40:704][656]LogBlueprintUserMessages: Late EndPlayMap Detection: Level '/Game/TopDownBP/Maps/TopDownExampleMap.TopDownExampleMap:PersistentLevel' has LevelScriptBlueprint '/Game/TopDownBP/Maps/TopDownExampleMap.TopDownExampleMap:PersistentLevel.TopDownExampleMap' with GeneratedClass '/Game/TopDownBP/Maps/TopDownExampleMap.TopDownExampleMap_C' with ClassGeneratedBy '/Game/TopDownBP/Maps/TopDownExampleMap.TopDownExampleMap:PersistentLevel.TopDownExampleMap'
[2017.03.29-16.15.41:706][755]LogTemp: Repeting last play command: Selected Viewport
[2017.03.29-16.15.41:727][755]LogBlueprintUserMessages: Early PlayInEditor Detection: Level '/Game/TopDownBP/Maps/TopDownExampleMap.TopDownExampleMap:PersistentLevel' has LevelScriptBlueprint '/Game/TopDownBP/Maps/TopDownExampleMap.TopDownExampleMap:PersistentLevel.TopDownExampleMap' with GeneratedClass '/Game/TopDownBP/Maps/TopDownExampleMap.TopDownExampleMap_C' with ClassGeneratedBy '/Game/TopDownBP/Maps/TopDownExampleMap.TopDownExampleMap:PersistentLevel.TopDownExampleMap'
[2017.03.29-16.15.41:728][755]LogPlayLevel: PlayLevel: No blueprints needed recompiling
[2017.03.29-16.15.41:728][755]PIE: New page: PIE session: TopDownExampleMap (Mar 29, 2017, 10:15:41 PM)
[2017.03.29-16.15.41:728][755]LogPlayLevel: Creating play world package: /Game/TopDownBP/Maps/UEDPIE_0_TopDownExampleMap
[2017.03.29-16.15.41:759][755]LogPlayLevel: PIE: StaticDuplicateObject took: (0.031466s)
[2017.03.29-16.15.41:761][755]LogAIModule: Creating AISystem for world TopDownExampleMap
[2017.03.29-16.15.41:761][755]LogPlayLevel: PIE: World Init took: (0.001510s)
[2017.03.29-16.15.41:761][755]LogPlayLevel: PIE: Created PIE world by copying editor world from /Game/TopDownBP/Maps/TopDownExampleMap.TopDownExampleMap to /Game/TopDownBP/Maps/UEDPIE_0_TopDownExampleMap.TopDownExampleMap (0.033440s)
[2017.03.29-16.15.41:806][755]LogInit: XAudio2 using 'Speakers (3- High Definition Audio Device)' : 2 channels at 44.1 kHz using 16 bits per sample (channel mask 0x3)
[2017.03.29-16.15.41:815][755]LogInit: FAudioDevice initialized.
[2017.03.29-16.15.41:860][755]LogLoad: Game class is 'TopDownGameMode_C'
[2017.03.29-16.15.41:866][755]LogWorld: Bringing World /Game/TopDownBP/Maps/UEDPIE_0_TopDownExampleMap.TopDownExampleMap up for play (max tick rate 0) at 2017.03.29-19.15.41
[2017.03.29-16.15.41:867][755]LogWorld: Bringing up level for play took: 0.006142
[2017.03.29-16.15.41:872][755]PIE: Info Play in editor start time for /Game/TopDownBP/Maps/UEDPIE_0_TopDownExampleMap 0.715
[2017.03.29-16.15.41:873][755]LogBlueprintUserMessages: Late PlayInEditor Detection: Level '/Game/TopDownBP/Maps/TopDownExampleMap.TopDownExampleMap:PersistentLevel' has LevelScriptBlueprint '/Game/TopDownBP/Maps/TopDownExampleMap.TopDownExampleMap:PersistentLevel.TopDownExampleMap' with GeneratedClass '/Game/TopDownBP/Maps/TopDownExampleMap.TopDownExampleMap_C' with ClassGeneratedBy '/Game/TopDownBP/Maps/TopDownExampleMap.TopDownExampleMap:PersistentLevel.TopDownExampleMap'
[2017.03.29-16.15.57:340][753]Cmd: OBJ SAVEPACKAGE PACKAGE="/Game/MyMechanics/DoorBP" FILE="../../../../../../Users/User/Documents/repos/AI2/Content/MyMechanics/DoorBP.uasset" SILENT=true
[2017.03.29-16.15.57:377][753]LogSavePackage: Save=24.34ms
[2017.03.29-16.15.57:377][753]LogSavePackage: Moving '../../../../../../Users/User/Documents/repos/AI2/Saved/DoorBP5B884B8C4D674DF217657ABF59492F70.tmp' to '../../../../../../Users/User/Documents/repos/AI2/Content/MyMechanics/DoorBP.uasset'
[2017.03.29-16.15.57:379][753]LogSavePackage:Display: Finished SavePackage ../../../../../../Users/User/Documents/repos/AI2/Content/MyMechanics/DoorBP.uasset
[2017.03.29-16.16.01:409][ 51]LogBlueprintUserMessages: Early EndPlayMap Detection: Level '/Game/TopDownBP/Maps/TopDownExampleMap.TopDownExampleMap:PersistentLevel' has LevelScriptBlueprint '/Game/TopDownBP/Maps/TopDownExampleMap.TopDownExampleMap:PersistentLevel.TopDownExampleMap' with GeneratedClass '/Game/TopDownBP/Maps/TopDownExampleMap.TopDownExampleMap_C' with ClassGeneratedBy '/Game/TopDownBP/Maps/TopDownExampleMap.TopDownExampleMap:PersistentLevel.TopDownExampleMap'
[2017.03.29-16.16.01:482][ 51]LogBlueprintUserMessages: Late EndPlayMap Detection: Level '/Game/TopDownBP/Maps/TopDownExampleMap.TopDownExampleMap:PersistentLevel' has LevelScriptBlueprint '/Game/TopDownBP/Maps/TopDownExampleMap.TopDownExampleMap:PersistentLevel.TopDownExampleMap' with GeneratedClass '/Game/TopDownBP/Maps/TopDownExampleMap.TopDownExampleMap_C' with ClassGeneratedBy '/Game/TopDownBP/Maps/TopDownExampleMap.TopDownExampleMap:PersistentLevel.TopDownExampleMap'
[2017.03.29-16.17.47:636][555]LogWindowsTextInputMethodSystem:Display: IME system now deactivated.
[2017.03.29-16.17.47:636][555]LogWindowsTextInputMethodSystem:Display: IME system now deactivated.
[2017.03.29-16.18.21:545][286]LogSavePackage: Save=175.22ms
[2017.03.29-16.18.21:545][286]LogSavePackage: Moving '../../../../../../Users/User/Documents/repos/AI2/Saved/TopDownExampleMapD41D625D462281A6C5BEEA87ED4FF801.tmp' to '../../../../../../Users/User/Documents/repos/AI2/Content/TopDownBP/Maps/TopDownExampleMap.umap'
[2017.03.29-16.18.21:550][286]LogSavePackage:Display: Finished SavePackage ../../../../../../Users/User/Documents/repos/AI2/Content/TopDownBP/Maps/TopDownExampleMap.umap
[2017.03.29-16.18.21:697][286]LogSavePackage: Save=97.03ms
[2017.03.29-16.18.21:697][286]LogSavePackage: Moving '../../../../../../Users/User/Documents/repos/AI2/Saved/TopDownExampleMap_BuiltData464413AF4CC0AA3DFB7E69BB2C19C2A9.tmp' to '../../../../../../Users/User/Documents/repos/AI2/Content/TopDownBP/Maps/TopDownExampleMap_BuiltData.uasset'
[2017.03.29-16.18.21:698][286]LogSavePackage:Display: Finished SavePackage ../../../../../../Users/User/Documents/repos/AI2/Content/TopDownBP/Maps/TopDownExampleMap_BuiltData.uasset
[2017.03.29-16.18.25:248][392]Cmd: OBJ SAVEPACKAGE PACKAGE="/Game/MyMechanics/DoorBP" FILE="../../../../../../Users/User/Documents/repos/AI2/Content/MyMechanics/DoorBP.uasset" SILENT=true
[2017.03.29-16.18.25:279][392]LogSavePackage: Save=24.06ms
[2017.03.29-16.18.25:279][392]LogSavePackage: Moving '../../../../../../Users/User/Documents/repos/AI2/Saved/DoorBP6DD89AE043762F33E36716B5A74452F6.tmp' to '../../../../../../Users/User/Documents/repos/AI2/Content/MyMechanics/DoorBP.uasset'
[2017.03.29-16.18.25:283][392]LogSavePackage:Display: Finished SavePackage ../../../../../../Users/User/Documents/repos/AI2/Content/MyMechanics/DoorBP.uasset
[2017.03.29-16.18.25:289][392]Cmd: OBJ SAVEPACKAGE PACKAGE="/Game/MyMechanics/LanternBP" FILE="../../../../../../Users/User/Documents/repos/AI2/Content/MyMechanics/LanternBP.uasset" SILENT=true
[2017.03.29-16.18.25:322][392]LogSavePackage: Save=21.94ms
[2017.03.29-16.18.25:322][392]LogSavePackage: Moving '../../../../../../Users/User/Documents/repos/AI2/Saved/LanternBP67FD13254B151EC312F81A881BDD5F5D.tmp' to '../../../../../../Users/User/Documents/repos/AI2/Content/MyMechanics/LanternBP.uasset'
[2017.03.29-16.18.25:325][392]LogSavePackage:Display: Finished SavePackage ../../../../../../Users/User/Documents/repos/AI2/Content/MyMechanics/LanternBP.uasset
[2017.03.29-16.18.25:510][392]LogActorComponent: UnregisterComponent: (/Engine/Transient.EditorFloorComp) Not registered. Aborting.
[2017.03.29-16.18.25:786][393]Cmd: QUIT_EDITOR
[2017.03.29-16.18.26:044][393]LogWindowsTextInputMethodSystem:Display: IME system now deactivated.
[2017.03.29-16.18.26:087][393]LogExit: Preparing to exit.
[2017.03.29-16.18.26:782][393]LogDirectoryWatcher: A directory notification for 'C:/Users/User/Documents/repos/AI2/Content/' was aborted.
[2017.03.29-16.18.26:832][393]LogExit: Editor shut down
[2017.03.29-16.18.26:833][393]LogExit: Transaction tracking system shut down
[2017.03.29-16.18.26:943][393]LogObj: Freed 0b from 0 cluster array pools.
[2017.03.29-16.18.26:944][393]LogExit: Object subsystem successfully closed.
[2017.03.29-16.18.26:966][393]LogD3D11RHI: Shutdown
[2017.03.29-16.18.26:966][393]LogD3D11RHI: CleanupD3DDevice
[2017.03.29-16.18.27:093][393]LogD3D11RHI: ~FD3D11DynamicRHI
[2017.03.29-16.18.27:107][393]LogModuleManager: Shutting down and abandoning module MovieSceneCapture (502)
[2017.03.29-16.18.27:107][393]LogModuleManager: Shutting down and abandoning module BlueprintGraph (500)
[2017.03.29-16.18.27:107][393]LogModuleManager: Shutting down and abandoning module BlueprintProfiler (498)
[2017.03.29-16.18.27:107][393]LogModuleManager: Shutting down and abandoning module HierarchicalLODOutliner (496)
[2017.03.29-16.18.27:107][393]LogModuleManager: Shutting down and abandoning module CrashTracker (494)
[2017.03.29-16.18.27:107][393]LogModuleManager: Shutting down and abandoning module SceneOutliner (492)
[2017.03.29-16.18.27:107][393]LogModuleManager: Shutting down and abandoning module AddContentDialog (490)
[2017.03.29-16.18.27:107][393]LogDirectoryWatcher: A directory notification for 'C:/Program Files/Epic Games/UE_4.15/FeaturePacks/' was aborted.
[2017.03.29-16.18.27:108][393]LogModuleManager: Shutting down and abandoning module WidgetCarousel (489)
[2017.03.29-16.18.27:108][393]LogModuleManager: Shutting down and abandoning module EditorWidgets (486)
[2017.03.29-16.18.27:108][393]LogModuleManager: Shutting down and abandoning module CollectionManager (484)
[2017.03.29-16.18.27:108][393]LogDirectoryWatcher: A directory notification for 'C:/Users/User/Documents/repos/AI2/Content/Collections/' was aborted.
[2017.03.29-16.18.27:108][393]LogDirectoryWatcher: A directory notification for 'C:/Users/User/Documents/repos/AI2/Content/Developers/User/Collections/' was aborted.
[2017.03.29-16.18.27:108][393]LogDirectoryWatcher: A directory notification for 'C:/Users/User/Documents/repos/AI2/Saved/Collections/' was aborted.
[2017.03.29-16.18.27:108][393]LogModuleManager: Shutting down and abandoning module StatsViewer (482)
[2017.03.29-16.18.27:108][393]LogModuleManager: Shutting down and abandoning module FoliageEdit (480)
[2017.03.29-16.18.27:109][393]LogModuleManager: Shutting down and abandoning module LandscapeEditor (478)
[2017.03.29-16.18.27:109][393]LogModuleManager: Shutting down and abandoning module SceneDepthPickerMode (476)
[2017.03.29-16.18.27:109][393]LogModuleManager: Shutting down and abandoning module ActorPickerMode (474)
[2017.03.29-16.18.27:109][393]LogModuleManager: Shutting down and abandoning module GeometryMode (472)
[2017.03.29-16.18.27:109][393]LogModuleManager: Shutting down and abandoning module TextureAlignMode (470)
[2017.03.29-16.18.27:109][393]LogModuleManager: Shutting down and abandoning module BspMode (468)
[2017.03.29-16.18.27:109][393]LogModuleManager: Shutting down and abandoning module HardwareSurvey (466)
[2017.03.29-16.18.27:109][393]LogModuleManager: Shutting down and abandoning module SequenceRecorderSections (464)
[2017.03.29-16.18.27:109][393]LogModuleManager: Shutting down and abandoning module AutomationWorker (462)
[2017.03.29-16.18.27:109][393]LogModuleManager: Shutting down and abandoning module MatineeToLevelSequence (460)
[2017.03.29-16.18.27:109][393]LogModuleManager: Shutting down and abandoning module LevelSequenceEditor (458)
[2017.03.29-16.18.27:109][393]LogModuleManager: Shutting down and abandoning module PlacementMode (457)
[2017.03.29-16.18.27:109][393]LogModuleManager: Shutting down and abandoning module WmfMediaFactory (454)
[2017.03.29-16.18.27:109][393]LogModuleManager: Shutting down and abandoning module WmfMediaEditor (452)
[2017.03.29-16.18.27:109][393]LogModuleManager: Shutting down and abandoning module MfMediaFactory (450)
[2017.03.29-16.18.27:109][393]LogModuleManager: Shutting down and abandoning module MfMediaEditor (448)
[2017.03.29-16.18.27:109][393]LogModuleManager: Shutting down and abandoning module AvfMediaFactory (446)
[2017.03.29-16.18.27:109][393]LogModuleManager: Shutting down and abandoning module AvfMediaEditor (444)
[2017.03.29-16.18.27:109][393]LogModuleManager: Shutting down and abandoning module AndroidMediaFactory (442)
[2017.03.29-16.18.27:109][393]LogModuleManager: Shutting down and abandoning module Media (441)
[2017.03.29-16.18.27:109][393]LogModuleManager: Shutting down and abandoning module AndroidMediaEditor (438)
[2017.03.29-16.18.27:109][393]LogModuleManager: Shutting down and abandoning module CharacterAI (436)
[2017.03.29-16.18.27:109][393]LogModuleManager: Shutting down and abandoning module AudioCapture (434)
[2017.03.29-16.18.27:109][393]LogModuleManager: Shutting down and abandoning module SequenceRecorder (433)
[2017.03.29-16.18.27:109][393]LogModuleManager: Shutting down and abandoning module SmartSnapping (430)
[2017.03.29-16.18.27:109][393]LogModuleManager: Shutting down and abandoning module SessionServices (428)
[2017.03.29-16.18.27:109][393]LogModuleManager: Shutting down and abandoning module ViewportSnapping (426)
[2017.03.29-16.18.27:109][393]LogModuleManager: Shutting down and abandoning module ViewportInteraction (424)
[2017.03.29-16.18.27:109][393]LogModuleManager: Shutting down and abandoning module LogVisualizer (422)
[2017.03.29-16.18.27:109][393]LogModuleManager: Shutting down and abandoning module IntroTutorials (420)
[2017.03.29-16.18.27:109][393]LogModuleManager: Shutting down and abandoning module GameProjectGeneration (419)
[2017.03.29-16.18.27:109][393]LogModuleManager: Shutting down and abandoning module EditorLiveStreaming (416)
[2017.03.29-16.18.27:109][393]LogModuleManager: Shutting down and abandoning module IOSPlatformEditor (414)
[2017.03.29-16.18.27:109][393]LogModuleManager: Shutting down and abandoning module HTML5PlatformEditor (412)
[2017.03.29-16.18.27:109][393]LogModuleManager: Shutting down and abandoning module AndroidPlatformEditor (410)
[2017.03.29-16.18.27:109][393]LogModuleManager: Shutting down and abandoning module AndroidDeviceDetection (409)
[2017.03.29-16.18.27:306][393]LogModuleManager: Shutting down and abandoning module IOSRuntimeSettings (406)
[2017.03.29-16.18.27:306][393]LogModuleManager: Shutting down and abandoning module AndroidRuntimeSettings (404)
[2017.03.29-16.18.27:306][393]LogModuleManager: Shutting down and abandoning module InputBindingEditor (402)
[2017.03.29-16.18.27:306][393]LogModuleManager: Shutting down and abandoning module NiagaraEditor (400)
[2017.03.29-16.18.27:306][393]LogModuleManager: Shutting down and abandoning module MergeActors (398)
[2017.03.29-16.18.27:306][393]LogModuleManager: Shutting down and abandoning module SizeMap (396)
[2017.03.29-16.18.27:306][393]LogModuleManager: Shutting down and abandoning module TreeMap (394)
[2017.03.29-16.18.27:306][393]LogModuleManager: Shutting down and abandoning module ReferenceViewer (392)
[2017.03.29-16.18.27:306][393]LogModuleManager: Shutting down and abandoning module LocalizationDashboard (390)
[2017.03.29-16.18.27:306][393]LogModuleManager: Shutting down and abandoning module LocalizationService (389)
[2017.03.29-16.18.27:306][393]LogModuleManager: Shutting down and abandoning module HardwareTargeting (386)
[2017.03.29-16.18.27:306][393]LogModuleManager: Shutting down and abandoning module DeviceProfileEditor (384)
[2017.03.29-16.18.27:306][393]LogModuleManager: Shutting down and abandoning module UndoHistory (382)
[2017.03.29-16.18.27:306][393]LogModuleManager: Shutting down and abandoning module UserFeedback (380)
[2017.03.29-16.18.27:306][393]LogModuleManager: Shutting down and abandoning module XmlParser (378)
[2017.03.29-16.18.27:306][393]LogModuleManager: Shutting down and abandoning module Blutility (376)
[2017.03.29-16.18.27:306][393]LogModuleManager: Shutting down and abandoning module ProjectSettingsViewer (374)
[2017.03.29-16.18.27:306][393]LogModuleManager: Shutting down and abandoning module ProjectTargetPlatformEditor (373)
[2017.03.29-16.18.27:306][393]LogModuleManager: Shutting down and abandoning module EditorSettingsViewer (370)
[2017.03.29-16.18.27:306][393]LogModuleManager: Shutting down and abandoning module SettingsEditor (368)
[2017.03.29-16.18.27:307][393]LogModuleManager: Shutting down and abandoning module ProjectLauncher (366)
[2017.03.29-16.18.27:307][393]LogModuleManager: Shutting down and abandoning module SessionFrontend (364)
[2017.03.29-16.18.27:307][393]LogModuleManager: Shutting down and abandoning module ProfilerClient (362)
[2017.03.29-16.18.27:307][393]LogModuleManager: Shutting down and abandoning module DeviceManager (360)
[2017.03.29-16.18.27:307][393]LogModuleManager: Shutting down and abandoning module TargetDeviceServices (359)
[2017.03.29-16.18.27:359][393]LogModuleManager: Shutting down and abandoning module AutomationController (356)
[2017.03.29-16.18.27:359][393]LogModuleManager: Shutting down and abandoning module AutomationWindow (354)
[2017.03.29-16.18.27:359][393]LogModuleManager: Shutting down and abandoning module Layers (352)
[2017.03.29-16.18.27:359][393]LogModuleManager: Shutting down and abandoning module ComponentVisualizers (350)
[2017.03.29-16.18.27:359][393]LogModuleManager: Shutting down and abandoning module DetailCustomizations (348)
[2017.03.29-16.18.27:359][393]LogModuleManager: Shutting down and abandoning module PackagesDialog (346)
[2017.03.29-16.18.27:359][393]LogModuleManager: Shutting down and abandoning module Persona (344)
[2017.03.29-16.18.27:359][393]LogModuleManager: Shutting down and abandoning module AnimGraph (343)
[2017.03.29-16.18.27:359][393]LogModuleManager: Shutting down and abandoning module Kismet (340)
[2017.03.29-16.18.27:372][393]LogModuleManager: Shutting down and abandoning module GraphEditor (338)
[2017.03.29-16.18.27:372][393]LogModuleManager: Shutting down and abandoning module ClassViewer (336)
[2017.03.29-16.18.27:372][393]LogModuleManager: Shutting down and abandoning module Toolbox (334)
[2017.03.29-16.18.27:372][393]LogModuleManager: Shutting down and abandoning module ModuleUI (332)
[2017.03.29-16.18.27:372][393]LogModuleManager: Shutting down and abandoning module MovieSceneTools (330)
[2017.03.29-16.18.27:372][393]LogModuleManager: Shutting down and abandoning module OutputLog (328)
[2017.03.29-16.18.27:372][393]LogModuleManager: Shutting down and abandoning module GammaUI (326)
[2017.03.29-16.18.27:372][393]LogModuleManager: Shutting down and abandoning module Documentation (324)
[2017.03.29-16.18.27:372][393]LogModuleManager: Shutting down and abandoning module Niagara (322)
[2017.03.29-16.18.27:372][393]LogModuleManager: Shutting down and abandoning module StreamingPauseRendering (320)
[2017.03.29-16.18.27:372][393]LogModuleManager: Shutting down and abandoning module AnalyticsET (318)
[2017.03.29-16.18.27:373][393]LogModuleManager: Shutting down and abandoning module PortalServices (316)
[2017.03.29-16.18.27:373][393]LogModuleManager: Shutting down and abandoning module PortalRpc (314)
[2017.03.29-16.18.27:373][393]LogModuleManager: Shutting down and abandoning module MessagingRpc (312)
[2017.03.29-16.18.27:373][393]LogModuleManager: Shutting down and abandoning module AIModule (310)
[2017.03.29-16.18.27:373][393]LogModuleManager: Shutting down and abandoning module GameplayDebugger (309)
[2017.03.29-16.18.27:373][393]LogModuleManager: Shutting down and abandoning module AITestSuite (307)
[2017.03.29-16.18.27:373][393]LogModuleManager: Shutting down and abandoning module ProfilerService (304)
[2017.03.29-16.18.27:613][393]LogModuleManager: Shutting down and abandoning module TaskGraph (302)
[2017.03.29-16.18.27:613][393]LogModuleManager: Shutting down and abandoning module SteamVRController (300)
[2017.03.29-16.18.27:613][393]LogModuleManager: Shutting down and abandoning module SteamVR (298)
[2017.03.29-16.18.27:613][393]LogModuleManager: Shutting down and abandoning module ProceduralMeshComponentEditor (296)
[2017.03.29-16.18.27:613][393]LogModuleManager: Shutting down and abandoning module ProceduralMeshComponent (294)
[2017.03.29-16.18.27:613][393]LogModuleManager: Shutting down and abandoning module OculusLibrary (292)
[2017.03.29-16.18.27:613][393]LogModuleManager: Shutting down and abandoning module OculusInput (290)
[2017.03.29-16.18.27:613][393]LogModuleManager: Shutting down and abandoning module MobilePatchingUtils (288)
[2017.03.29-16.18.27:613][393]LogModuleManager: Shutting down and abandoning module CustomMeshComponent (286)
[2017.03.29-16.18.27:613][393]LogModuleManager: Shutting down and abandoning module CableComponent (284)
[2017.03.29-16.18.27:613][393]LogModuleManager: Shutting down and abandoning module ArchVisCharacter (282)
[2017.03.29-16.18.27:613][393]LogModuleManager: Shutting down and abandoning module MediaPlayerEditor (278)
[2017.03.29-16.18.27:613][393]LogModuleManager: Shutting down and abandoning module HTML5Networking (276)
[2017.03.29-16.18.27:613][393]LogModuleManager: Shutting down and abandoning module AlembicImporter (274)
[2017.03.29-16.18.27:613][393]LogModuleManager: Shutting down and abandoning module AlembicLibrary (273)
[2017.03.29-16.18.27:613][393]LogModuleManager: Shutting down and abandoning module GeometryCache (272)
[2017.03.29-16.18.27:613][393]LogModuleManager: Shutting down and abandoning module GeometryCacheEd (271)
[2017.03.29-16.18.27:613][393]LogModuleManager: Shutting down and abandoning module SuperSearchEditor (266)
[2017.03.29-16.18.27:613][393]LogModuleManager: Shutting down and abandoning module SuperSearch (265)
[2017.03.29-16.18.27:613][393]LogModuleManager: Shutting down and abandoning module SpeedTreeImporter (262)
[2017.03.29-16.18.27:613][393]LogModuleManager: Shutting down and abandoning module PluginBrowser (260)
[2017.03.29-16.18.27:613][393]LogModuleManager: Shutting down and abandoning module MobileLauncherProfileWizard (258)
[2017.03.29-16.18.27:613][393]LogModuleManager: Shutting down and abandoning module EpicSurvey (256)
[2017.03.29-16.18.27:613][393]LogModuleManager: Shutting down and abandoning module VisualStudioSourceCodeAccess (254)
[2017.03.29-16.18.27:613][393]LogModuleManager: Shutting down and abandoning module DesktopPlatform (253)
[2017.03.29-16.18.27:613][393]LogModuleManager: Shutting down and abandoning module UObjectPlugin (250)
[2017.03.29-16.18.27:614][393]LogModuleManager: Shutting down and abandoning module SubversionSourceControl (248)
[2017.03.29-16.18.27:614][393]LogModuleManager: Shutting down and abandoning module PerforceSourceControl (246)
[2017.03.29-16.18.27:614][393]LogModuleManager: Shutting down and abandoning module GitSourceControl (244)
[2017.03.29-16.18.27:614][393]LogModuleManager: Shutting down and abandoning module SourceControl (243)
[2017.03.29-16.18.27:614][393]LogModuleManager: Shutting down and abandoning module LightPropagationVolumeEditor (240)
[2017.03.29-16.18.27:614][393]LogModuleManager: Shutting down and abandoning module PaperTiledImporter (238)
[2017.03.29-16.18.27:614][393]LogModuleManager: Shutting down and abandoning module PaperSpriteSheetImporter (236)
[2017.03.29-16.18.27:614][393]LogModuleManager: Shutting down and abandoning module Paper2DEditor (234)
[2017.03.29-16.18.27:614][393]LogModuleManager: Shutting down and abandoning module MeshPaint (233)
[2017.03.29-16.18.27:614][393]LogModuleManager: Shutting down and abandoning module LevelEditor (231)
[2017.03.29-16.18.27:615][393]LogModuleManager: Shutting down and abandoning module PixelInspectorModule (230)
[2017.03.29-16.18.27:615][393]LogModuleManager: Shutting down and abandoning module MainFrame (228)
[2017.03.29-16.18.27:615][393]LogModuleManager: Shutting down and abandoning module HotReload (227)
[2017.03.29-16.18.27:616][393]LogModuleManager: Shutting down and abandoning module ContentBrowser (223)
[2017.03.29-16.18.27:618][393]LogModuleManager: Shutting down and abandoning module PhysXVehiclesEditor (220)
[2017.03.29-16.18.27:618][393]LogModuleManager: Shutting down and abandoning module PhysXVehicles (218)
[2017.03.29-16.18.27:618][393]LogModuleManager: Shutting down and abandoning module LocationServicesBPLibrary (216)
[2017.03.29-16.18.27:618][393]LogModuleManager: Shutting down and abandoning module UdpMessaging (214)
[2017.03.29-16.18.27:718][393]LogModuleManager: Shutting down and abandoning module TcpMessaging (212)
[2017.03.29-16.18.27:819][393]LogModuleManager: Shutting down and abandoning module GameplayTagsEditor (210)
[2017.03.29-16.18.27:819][393]LogModuleManager: Shutting down and abandoning module FacialAnimationEditor (208)
[2017.03.29-16.18.27:819][393]LogModuleManager: Shutting down and abandoning module FacialAnimation (206)
[2017.03.29-16.18.27:819][393]LogModuleManager: Shutting down and abandoning module LightPropagationVolumeRuntime (204)
[2017.03.29-16.18.27:819][393]LogModuleManager: Shutting down and abandoning module Paper2D (202)
[2017.03.29-16.18.27:819][393]LogModuleManager: Shutting down and abandoning module WindowsMoviePlayer (200)
[2017.03.29-16.18.27:819][393]LogModuleManager: Shutting down and abandoning module WmfMedia (198)
[2017.03.29-16.18.27:820][393]LogModuleManager: Shutting down and abandoning module MfMedia (196)
[2017.03.29-16.18.27:820][393]LogModuleManager: Shutting down and abandoning module MediaAssets (194)
[2017.03.29-16.18.27:820][393]LogModuleManager: Shutting down and abandoning module GameLiveStreaming (192)
[2017.03.29-16.18.27:820][393]LogModuleManager: Shutting down and abandoning module VREditor (190)
[2017.03.29-16.18.27:820][393]LogModuleManager: Shutting down and abandoning module GameplayTasksEditor (188)
[2017.03.29-16.18.27:820][393]LogModuleManager: Shutting down and abandoning module BehaviorTreeEditor (186)
[2017.03.29-16.18.27:820][393]LogModuleManager: Shutting down and abandoning module FunctionalTesting (184)
[2017.03.29-16.18.27:820][393]LogModuleManager: Shutting down and abandoning module CollisionAnalyzer (182)
[2017.03.29-16.18.27:820][393]LogModuleManager: Shutting down and abandoning module UMG (180)
[2017.03.29-16.18.27:820][393]LogModuleManager: Shutting down and abandoning module UMGEditor (179)
[2017.03.29-16.18.27:820][393]LogModuleManager: Shutting down and abandoning module Sequencer (178)
[2017.03.29-16.18.27:820][393]LogModuleManager: Shutting down and abandoning module AssetTools (176)
[2017.03.29-16.18.27:820][393]LogModuleManager: Shutting down and abandoning module MessageLog (175)
[2017.03.29-16.18.27:820][393]LogModuleManager: Shutting down and abandoning module WorkspaceMenuStructure (174)
[2017.03.29-16.18.27:820][393]LogModuleManager: Shutting down and abandoning module SlateReflector (168)
[2017.03.29-16.18.27:820][393]LogModuleManager: Shutting down and abandoning module Slate (166)
[2017.03.29-16.18.27:820][393]LogModuleManager: Shutting down and abandoning module EditorStyle (164)
[2017.03.29-16.18.27:824][393]LogModuleManager: Shutting down and abandoning module SourceCodeAccess (162)
[2017.03.29-16.18.27:825][393]LogModuleManager: Shutting down and abandoning module HeadMountedDisplay (160)
[2017.03.29-16.18.27:825][393]LogModuleManager: Shutting down and abandoning module XAudio2 (158)
[2017.03.29-16.18.27:825][393]LogModuleManager: Shutting down and abandoning module Networking (156)
[2017.03.29-16.18.27:825][393]LogModuleManager: Shutting down and abandoning module Core (152)
[2017.03.29-16.18.27:825][393]LogModuleManager: Shutting down and abandoning module AssetRegistry (150)
[2017.03.29-16.18.28:025][393]LogDirectoryWatcher: A directory notification for '../../../Engine/Content/' was aborted.
[2017.03.29-16.18.28:025][393]LogDirectoryWatcher: A directory notification for '../../../../../../Users/User/Documents/repos/AI2/Content/' was aborted.
[2017.03.29-16.18.28:025][393]LogDirectoryWatcher: A directory notification for '../../../Engine/Plugins/2D/Paper2D/Content/' was aborted.
[2017.03.29-16.18.28:025][393]LogModuleManager: Shutting down and abandoning module DirectoryWatcher (149)
[2017.03.29-16.18.28:025][393]LogModuleManager: Shutting down and abandoning module KismetCompiler (146)
[2017.03.29-16.18.28:025][393]LogModuleManager: Shutting down and abandoning module PhysXFormats (144)
[2017.03.29-16.18.28:025][393]LogModuleManager: Shutting down and abandoning module MeshUtilities (142)
[2017.03.29-16.18.28:025][393]LogModuleManager: Shutting down and abandoning module SimplygonSwarm (141)
[2017.03.29-16.18.28:025][393]LogModuleManager: Shutting down and abandoning module SimplygonMeshReduction (139)
[2017.03.29-16.18.28:026][393]LogModuleManager: Shutting down and abandoning module QuadricMeshReduction (137)
[2017.03.29-16.18.28:026][393]LogModuleManager: Shutting down and abandoning module PropertyEditor (135)
[2017.03.29-16.18.28:026][393]LogModuleManager: Shutting down and abandoning module DerivedDataCache (132)
[2017.03.29-16.18.28:075][393]LogDerivedDataCache: Shutdown
[2017.03.29-16.18.28:075][393]LogModuleManager: Shutting down and abandoning module TargetPlatform (130)
[2017.03.29-16.18.28:075][393]LogModuleManager: Shutting down and abandoning module VulkanShaderFormat (129)
[2017.03.29-16.18.28:075][393]LogModuleManager: Shutting down and abandoning module ShaderFormatOpenGL (127)
[2017.03.29-16.18.28:075][393]LogModuleManager: Shutting down and abandoning module ShaderFormatD3D (125)
[2017.03.29-16.18.28:075][393]LogModuleManager: Shutting down and abandoning module MetalShaderFormat (123)
[2017.03.29-16.18.28:075][393]LogModuleManager: Shutting down and abandoning module TextureFormatUncompressed (121)
[2017.03.29-16.18.28:075][393]LogModuleManager: Shutting down and abandoning module TextureFormatPVR (119)
[2017.03.29-16.18.28:075][393]LogModuleManager: Shutting down and abandoning module TextureFormatDXT (117)
[2017.03.29-16.18.28:075][393]LogModuleManager: Shutting down and abandoning module TextureFormatIntelISPCTexComp (115)
[2017.03.29-16.18.28:075][393]LogModuleManager: Shutting down and abandoning module TextureFormatASTC (113)
[2017.03.29-16.18.28:075][393]LogModuleManager: Shutting down and abandoning module ImageWrapper (112)
[2017.03.29-16.18.28:075][393]LogModuleManager: Shutting down and abandoning module TextureFormatAndroid (109)
[2017.03.29-16.18.28:075][393]LogModuleManager: Shutting down and abandoning module AudioFormatOpus (107)
[2017.03.29-16.18.28:075][393]LogModuleManager: Shutting down and abandoning module AudioFormatOgg (105)
[2017.03.29-16.18.28:075][393]LogModuleManager: Shutting down and abandoning module AudioFormatADPCM (103)
[2017.03.29-16.18.28:075][393]LogModuleManager: Shutting down and abandoning module LinuxTargetPlatform (101)
[2017.03.29-16.18.28:075][393]LogModuleManager: Shutting down and abandoning module LinuxServerTargetPlatform (99)
[2017.03.29-16.18.28:075][393]LogModuleManager: Shutting down and abandoning module LinuxNoEditorTargetPlatform (97)
[2017.03.29-16.18.28:075][393]LogModuleManager: Shutting down and abandoning module LinuxClientTargetPlatform (95)
[2017.03.29-16.18.28:075][393]LogModuleManager: Shutting down and abandoning module TVOSTargetPlatform (93)
[2017.03.29-16.18.28:075][393]LogModuleManager: Shutting down and abandoning module Messaging (91)
[2017.03.29-16.18.28:075][393]LogModuleManager: Shutting down and abandoning module IOSTargetPlatform (89)
[2017.03.29-16.18.28:075][393]LogModuleManager: Shutting down and abandoning module HTML5TargetPlatform (87)
[2017.03.29-16.18.28:075][393]LogModuleManager: Shutting down and abandoning module Android_PVRTCTargetPlatform (85)
[2017.03.29-16.18.28:075][393]LogModuleManager: Shutting down and abandoning module Android_MultiTargetPlatform (83)
[2017.03.29-16.18.28:075][393]LogModuleManager: Shutting down and abandoning module Android_ETC2TargetPlatform (81)
[2017.03.29-16.18.28:075][393]LogModuleManager: Shutting down and abandoning module Android_ETC1TargetPlatform (79)
[2017.03.29-16.18.28:075][393]LogModuleManager: Shutting down and abandoning module Android_DXTTargetPlatform (77)
[2017.03.29-16.18.28:075][393]LogModuleManager: Shutting down and abandoning module Android_ATCTargetPlatform (75)
[2017.03.29-16.18.28:075][393]LogModuleManager: Shutting down and abandoning module Android_ASTCTargetPlatform (73)
[2017.03.29-16.18.28:076][393]LogModuleManager: Shutting down and abandoning module AndroidTargetPlatform (71)
[2017.03.29-16.18.28:076][393]LogModuleManager: Shutting down and abandoning module WindowsTargetPlatform (69)
[2017.03.29-16.18.28:076][393]LogModuleManager: Shutting down and abandoning module WindowsServerTargetPlatform (67)
[2017.03.29-16.18.28:076][393]LogModuleManager: Shutting down and abandoning module WindowsNoEditorTargetPlatform (65)
[2017.03.29-16.18.28:076][393]LogModuleManager: Shutting down and abandoning module WindowsClientTargetPlatform (63)
[2017.03.29-16.18.28:076][393]LogModuleManager: Shutting down and abandoning module MacTargetPlatform (61)
[2017.03.29-16.18.28:076][393]LogModuleManager: Shutting down and abandoning module MacServerTargetPlatform (59)
[2017.03.29-16.18.28:076][393]LogModuleManager: Shutting down and abandoning module MacNoEditorTargetPlatform (57)
[2017.03.29-16.18.28:076][393]LogModuleManager: Shutting down and abandoning module MacClientTargetPlatform (55)
[2017.03.29-16.18.28:076][393]LogModuleManager: Shutting down and abandoning module AllDesktopTargetPlatform (53)
[2017.03.29-16.18.28:076][393]LogModuleManager: Shutting down and abandoning module InputCore (50)
[2017.03.29-16.18.28:076][393]LogModuleManager: Shutting down and abandoning module Settings (48)
[2017.03.29-16.18.28:076][393]LogModuleManager: Shutting down and abandoning module OculusRift (46)
[2017.03.29-16.18.28:076][393]LogModuleManager: Shutting down and abandoning module ExampleDeviceProfileSelector (44)
[2017.03.29-16.18.28:076][393]LogModuleManager: Shutting down and abandoning module OnlineBlueprintSupport (42)
[2017.03.29-16.18.28:076][393]LogModuleManager: Shutting down and abandoning module OnlineSubsystem (38)
[2017.03.29-16.18.28:076][393]LogOnline:Display: Unloading online subsystem: NULL
[2017.03.29-16.18.28:076][393]LogModuleManager: Shutting down and abandoning module XMPP (37)
[2017.03.29-16.18.28:076][393]LogModuleManager: Shutting down and abandoning module HTTP (35)
[2017.03.29-16.18.28:076][393]LogHttp:Display: Http module shutting down, but needs to wait on 1 outstanding Http requests:
[2017.03.29-16.18.28:076][393]LogHttp:Display: 	verb=[POST] url=[https://datarouter.ol.epicgames.com/datarouter/api/v1/public/data?SessionID=%7B7F0E2A18-47DB-349D-FC3D-ABBCF558F7B1%7D&AppID=UEEditor.Rocket.Release&AppVersion=4.15.0-3299760%2B%2B%2BUE4%2BRelease-4.15&UserID=5e7d6ca74690510ca46c909825d52de5%7Cd6a339825f2e49b5942ba366a5857e29%7C0177c4a1-aeeb-4aec-8485-bd60c2a35847&AppEnvironment=datacollector-binary&UploadType=eteventstream] status=Processing
[2017.03.29-16.18.28:083][393]LogModuleManager: Shutting down and abandoning module SSL (34)
[2017.03.29-16.18.28:086][393]LogModuleManager: Shutting down and abandoning module AudioEditor (30)
[2017.03.29-16.18.28:086][393]LogModuleManager: Shutting down and abandoning module TextureCompressor (28)
[2017.03.29-16.18.28:086][393]LogModuleManager: Shutting down and abandoning module ShaderCore (26)
[2017.03.29-16.18.28:086][393]LogModuleManager: Shutting down and abandoning module Landscape (24)
[2017.03.29-16.18.28:086][393]LogModuleManager: Shutting down and abandoning module SlateRHIRenderer (22)
[2017.03.29-16.18.28:090][393]LogModuleManager: Shutting down and abandoning module OpenGLDrv (20)
[2017.03.29-16.18.28:090][393]LogModuleManager: Shutting down and abandoning module D3D11RHI (18)
[2017.03.29-16.18.28:090][393]LogModuleManager: Shutting down and abandoning module AnimGraphRuntime (16)
[2017.03.29-16.18.28:090][393]LogModuleManager: Shutting down and abandoning module Renderer (14)
[2017.03.29-16.18.28:090][393]LogModuleManager: Shutting down and abandoning module Engine (12)
[2017.03.29-16.18.28:090][393]LogModuleManager: Shutting down and abandoning module CoreUObject (10)
[2017.03.29-16.18.28:090][393]LogModuleManager: Shutting down and abandoning module NetworkFile (8)
[2017.03.29-16.18.28:090][393]LogModuleManager: Shutting down and abandoning module StreamingFile (6)
[2017.03.29-16.18.28:090][393]LogModuleManager: Shutting down and abandoning module SandboxFile (4)
[2017.03.29-16.18.28:090][393]LogModuleManager: Shutting down and abandoning module PakFile (2)
[2017.03.29-16.18.28:094][393]LogExit: Exiting.
[2017.03.29-16.18.28:096][393]Log file closed, 03/29/17 19:18:28
