Log file open, 03/23/17 13:08:10
LogInit:Display: Running engine for game: AI2
LogPlatformFile: Not using cached read wrapper
LogInit:Display: RandInit(434219499) SRandInit(434219499).
LogTaskGraph: Started task graph with 5 named threads and 8 total threads with 1 sets of task threads.
LogStats: Stats thread started at 0.497821
LogInit: Using libcurl 7.47.1
LogInit:  - built for x86_64-pc-win32
LogInit:  - supports SSL with OpenSSL/1.0.2g
LogInit:  - supports HTTP deflate (compression) using libz 1.2.8
LogInit:  - other features:
LogInit:      CURL_VERSION_SSL
LogInit:      CURL_VERSION_LIBZ
LogInit:      CURL_VERSION_IPV6
LogInit:      CURL_VERSION_ASYNCHDNS
LogInit:      CURL_VERSION_LARGEFILE
LogInit:      CURL_VERSION_IDN
LogInit:  CurlRequestOptions (configurable via config and command line):
LogInit:  - bVerifyPeer = false  - Libcurl will NOT verify peer certificate
LogInit:  - bUseHttpProxy = false  - Libcurl will NOT use HTTP proxy
LogInit:  - bDontReuseConnections = false  - Libcurl will reuse connections
LogInit:  - CertBundlePath = nullptr  - Libcurl will use whatever was configured at build time.
LogInit: Build: ++UE4+Release-4.15-CL-3299760
LogInit: Engine Version: 4.15.0-3299760+++UE4+Release-4.15
LogInit: Compatible Engine Version: 4.15.0-3299760+++UE4+Release-4.15
LogInit: Net CL: 3299760
LogDevObjectVersion: Number of dev versions registered: 14
LogDevObjectVersion:   Dev-Blueprints (B0D832E4-1F89-4F0D-ACCF-7EB736FD4AA2): 8
LogDevObjectVersion:   Dev-Build (E1C64328-A22C-4D53-A36C-8E866417BD8C): 0
LogDevObjectVersion:   Dev-Core (375EC13C-06E4-48FB-B500-84F0262A717E): 2
LogDevObjectVersion:   Dev-Editor (E4B068ED-F494-42E9-A231-DA0B2E46BB41): 14
LogDevObjectVersion:   Dev-Framework (CFFC743F-43B0-4480-9391-14DF171D2073): 22
LogDevObjectVersion:   Dev-Mobile (B02B49B5-BB20-44E9-A304-32B752E40360): 0
LogDevObjectVersion:   Dev-Networking (A4E4105C-59A1-49B5-A7C5-40C4547EDFEE): 0
LogDevObjectVersion:   Dev-Online (39C831C9-5AE6-47DC-9A44-9C173E1C8E7C): 0
LogDevObjectVersion:   Dev-Physics (78F01B33-EBEA-4F98-B9B4-84EACCB95AA2): 0
LogDevObjectVersion:   Dev-Platform (6631380F-2D4D-43E0-8009-CF276956A95A): 0
LogDevObjectVersion:   Dev-Rendering (12F88B9F-8875-4AFC-A67C-D90C383ABD29): 12
LogDevObjectVersion:   Dev-Sequencer (7B5AE74C-D270-4C10-A958-57980B212A5A): 3
LogDevObjectVersion:   Dev-VR (D7296918-1DD6-4BDD-9DE2-64A83CC13884): 0
LogDevObjectVersion:   Dev-LoadTimes (C2A15278-BFE7-4AFE-6C17-90FF531DF755): 1
LogInit: Compiled (64-bit): Feb 14 2017 02:04:14
LogInit: Compiled with Visual C++: 19.00.23026.00
LogInit: Build Configuration: Development
LogInit: Branch Name: ++UE4+Release-4.15
LogInit: Command line:  
LogInit: Base directory: C:/Program Files/Epic Games/UE_4.15/Engine/Binaries/Win64/
LogInit: Installed Engine Build: 1
LogInit: Presizing for max 8388607 objects, including 0 objects not considered by GC, pre-allocating 0 bytes for permanent pool.
LogInit: Object subsystem initialized
[2017.03.23-11.08.11:264][  0]LogInit: Selected Device Profile: [Windows]
[2017.03.23-11.08.11:264][  0]LogInit: Applying CVar settings loaded from the selected device profile: [Windows]
[2017.03.23-11.08.11:297][  0]LogInit: Computer: TEO
[2017.03.23-11.08.11:297][  0]LogInit: User: User
[2017.03.23-11.08.11:297][  0]LogInit: CPU Page size=65536, Cores=4
[2017.03.23-11.08.11:297][  0]LogInit: High frequency timer resolution =3.421867 MHz
[2017.03.23-11.08.11:297][  0]LogMemory: Memory total: Physical=15.9GB (16GB approx)
[2017.03.23-11.08.11:297][  0]LogMemory: Platform Memory Stats for Windows
[2017.03.23-11.08.11:297][  0]LogMemory: Process Physical Memory: 261.71 MB used, 261.71 MB peak
[2017.03.23-11.08.11:297][  0]LogMemory: Process Virtual Memory: 262.46 MB used, 262.46 MB peak
[2017.03.23-11.08.11:297][  0]LogMemory: Physical Memory: 7139.67 MB used,  9172.64 MB free, 16312.32 MB total
[2017.03.23-11.08.11:297][  0]LogMemory: Virtual Memory: 643.64 MB used,  9172.64 MB free, 134217728.00 MB total
[2017.03.23-11.08.11:662][  0]LogTextLocalizationManager: No translations for ('uk-UA') exist, falling back to 'en' for localization and internationalization data.
[2017.03.23-11.08.14:387][  0]LogD3D11RHI: D3D11 adapters:
[2017.03.23-11.08.14:930][  0]LogD3D11RHI:    0. 'NVIDIA GeForce GTX 970' (Feature Level 11_0)
[2017.03.23-11.08.14:930][  0]LogD3D11RHI:       4059/0/8156 MB DedicatedVideo/DedicatedSystem/SharedSystem, Outputs:1, VendorId:0x10de
[2017.03.23-11.08.14:931][  0]LogD3D11RHI:    1. 'Microsoft Basic Render Driver' (Feature Level 11_0)
[2017.03.23-11.08.14:931][  0]LogD3D11RHI:       0/0/8156 MB DedicatedVideo/DedicatedSystem/SharedSystem, Outputs:0, VendorId:0x1414
[2017.03.23-11.08.14:931][  0]LogD3D11RHI: Chosen D3D11 Adapter: 0
[2017.03.23-11.08.14:938][  0]LogD3D11RHI: Creating new Direct3DDevice
[2017.03.23-11.08.14:938][  0]LogD3D11RHI:     GPU DeviceId: 0x13c2 (for the marketing name, search the web for "GPU Device Id")
[2017.03.23-11.08.14:938][  0]LogWindows: EnumDisplayDevices:
[2017.03.23-11.08.14:938][  0]LogWindows:    0. 'NVIDIA GeForce GTX 970' (P:1 D:1)
[2017.03.23-11.08.14:938][  0]LogWindows:    1. 'NVIDIA GeForce GTX 970' (P:0 D:0)
[2017.03.23-11.08.14:938][  0]LogWindows:    2. 'NVIDIA GeForce GTX 970' (P:0 D:0)
[2017.03.23-11.08.14:938][  0]LogWindows:    3. 'NVIDIA GeForce GTX 970' (P:0 D:0)
[2017.03.23-11.08.14:938][  0]LogWindows: DebugString: FoundDriverCount:4 
[2017.03.23-11.08.14:938][  0]LogD3D11RHI:     Adapter Name: NVIDIA GeForce GTX 970
[2017.03.23-11.08.14:939][  0]LogD3D11RHI:   Driver Version: 378.92 (internal:21.21.13.7892, unified:378.92)
[2017.03.23-11.08.14:939][  0]LogD3D11RHI:      Driver Date: 3-16-2017
[2017.03.23-11.08.14:939][  0]LogRHI: Texture pool is 1361 MB (70% of 1945 MB)
[2017.03.23-11.08.15:429][  0]LogD3D11RHI: Async texture creation enabled
[2017.03.23-11.08.15:482][  0]LogD3D11RHI: GPU Timing Frequency: 1000.000000 (Debug: 2 1)
[2017.03.23-11.08.15:533][  0]LogShaderCompilers: Guid format shader working directory is -3 characters bigger than the processId version (../../../../../../Users/User/Documents/repos/AI2/Intermediate/Shaders/WorkingDirectory/8952/).
[2017.03.23-11.08.15:533][  0]LogShaderCompilers: Cleaned the shader compiler working directory 'C:/Users/User/AppData/Local/Temp/UnrealShaderWorkingDir/1ABC8E514422962C67D1DA9BC3EBE9DF/'.
[2017.03.23-11.08.15:534][  0]LogShaderCompilers:Display: Using Local Shader Compiler.
[2017.03.23-11.08.18:001][  0]LogTemp:Display: Loaded TP AllDesktopTargetPlatform
[2017.03.23-11.08.18:063][  0]LogTemp:Display: Loaded TP MacClientTargetPlatform
[2017.03.23-11.08.18:127][  0]LogTemp:Display: Loaded TP MacNoEditorTargetPlatform
[2017.03.23-11.08.18:189][  0]LogTemp:Display: Loaded TP MacServerTargetPlatform
[2017.03.23-11.08.18:249][  0]LogTemp:Display: Loaded TP MacTargetPlatform
[2017.03.23-11.08.18:305][  0]LogTemp:Display: Loaded TP WindowsClientTargetPlatform
[2017.03.23-11.08.18:359][  0]LogTemp:Display: Loaded TP WindowsNoEditorTargetPlatform
[2017.03.23-11.08.18:413][  0]LogTemp:Display: Loaded TP WindowsServerTargetPlatform
[2017.03.23-11.08.18:459][  0]LogTemp:Display: Loaded TP WindowsTargetPlatform
[2017.03.23-11.08.18:515][  0]LogTemp:Display: Loaded TP AndroidTargetPlatform
[2017.03.23-11.08.18:569][  0]LogTemp:Display: Loaded TP Android_ASTCTargetPlatform
[2017.03.23-11.08.18:623][  0]LogTemp:Display: Loaded TP Android_ATCTargetPlatform
[2017.03.23-11.08.18:678][  0]LogTemp:Display: Loaded TP Android_DXTTargetPlatform
[2017.03.23-11.08.18:731][  0]LogTemp:Display: Loaded TP Android_ETC1TargetPlatform
[2017.03.23-11.08.18:783][  0]LogTemp:Display: Loaded TP Android_ETC2TargetPlatform
[2017.03.23-11.08.18:888][  0]LogTemp:Display: Loaded TP Android_MultiTargetPlatform
[2017.03.23-11.08.18:888][  0]LogTemp:Display: Loaded TP Android_PVRTCTargetPlatform
[2017.03.23-11.08.18:925][  0]LogTemp:Display: Loaded TP HTML5TargetPlatform
[2017.03.23-11.08.19:051][  0]LogTemp:Display: Loaded TP IOSTargetPlatform
[2017.03.23-11.08.19:086][  0]LogTemp:Display: Loaded TP TVOSTargetPlatform
[2017.03.23-11.08.19:140][  0]LogTemp:Display: Loaded TP LinuxClientTargetPlatform
[2017.03.23-11.08.19:196][  0]LogTemp:Display: Loaded TP LinuxNoEditorTargetPlatform
[2017.03.23-11.08.19:254][  0]LogTemp:Display: Loaded TP LinuxServerTargetPlatform
[2017.03.23-11.08.19:310][  0]LogTemp:Display: Loaded TP LinuxTargetPlatform
[2017.03.23-11.08.19:310][  0]LogTargetPlatformManager:Display: Building Assets For Windows
[2017.03.23-11.08.20:047][  0]LogDerivedDataCache:Display: Max Cache Size: 512 MB
[2017.03.23-11.08.20:362][  0]LogDerivedDataCache: Loaded boot cache 0.31s 50MB C:/Users/User/AppData/Local/UnrealEngine/4.15/DerivedDataCache/Boot.ddc.
[2017.03.23-11.08.20:363][  0]LogDerivedDataCache:Display: Loaded Boot cache: C:/Users/User/AppData/Local/UnrealEngine/4.15/DerivedDataCache/Boot.ddc
[2017.03.23-11.08.20:363][  0]LogDerivedDataCache: FDerivedDataBackendGraph:  Pak pak cache file ../../../../../../Users/User/Documents/repos/AI2/DerivedDataCache/DDC.ddp not found, will not use a pak cache.
[2017.03.23-11.08.20:363][  0]LogDerivedDataCache: Unable to find inner node Pak for hierarchical cache Hierarchy.
[2017.03.23-11.08.20:363][  0]LogDerivedDataCache: FDerivedDataBackendGraph:  CompressedPak pak cache file ../../../../../../Users/User/Documents/repos/AI2/DerivedDataCache/Compressed.ddp not found, will not use a pak cache.
[2017.03.23-11.08.20:363][  0]LogDerivedDataCache: Unable to find inner node CompressedPak for hierarchical cache Hierarchy.
[2017.03.23-11.08.20:391][  0]LogDerivedDataCache:Display: Pak cache opened for reading ../../../Engine/DerivedDataCache/Compressed.ddp.
[2017.03.23-11.08.20:405][  0]LogDerivedDataCache: Using Local data cache path C:/Users/User/AppData/Local/UnrealEngine/Common/DerivedDataCache: Writable
[2017.03.23-11.08.20:424][  0]LogSlate: Using Freetype 2.6.0
[2017.03.23-11.08.20:436][  0]LogSlate: SlateFontCache - WITH_FREETYPE: 1, WITH_HARFBUZZ: 1
[2017.03.23-11.08.20:436][  0]LogSlate: SlateFontCache - WITH_FREETYPE: 1, WITH_HARFBUZZ: 1
[2017.03.23-11.08.23:732][  0]LogInit: Selected Device Profile: [Windows]
[2017.03.23-11.08.23:741][  0]LogContentStreaming: Texture pool size is 0.00 MB
[2017.03.23-11.08.24:016][  0]LogMeshUtilities: Using QuadricMeshReduction for automatic static mesh reduction
[2017.03.23-11.08.24:072][  0]LogSimplygon: Simplygon DLL not present - disabling.
[2017.03.23-11.08.24:118][  0]LogMeshUtilities: Using SimplygonSwarm for distributed automatic mesh merging
[2017.03.23-11.08.24:118][  0]LogMeshUtilities: No automatic skeletal mesh reduction module available
[2017.03.23-11.08.24:118][  0]LogMeshUtilities: No automatic mesh merging module available
[2017.03.23-11.08.25:620][  0]LogNetVersion: GetLocalNetworkVersion: CL: 3299760, ProjectName: ai2, ProjectVersion: , EngineNetworkVersion: 2, GameNetworkVersion: 0, NetworkChecksum: 2085093951
[2017.03.23-11.08.25:675][  0]LogAssetRegistry: FAssetRegistry took 0.0242 seconds to start up
[2017.03.23-11.08.25:730][  0]LogPackageLocalizationCache: Processed 3 localized package path(s) for 1 prioritized culture(s) in 0.029777 seconds
[2017.03.23-11.08.25:739][  0]LogUObjectArray: 32475 objects as part of root set at end of initial load.
[2017.03.23-11.08.25:739][  0]LogUObjectAllocator: 7073360 out of 0 bytes used by permanent object pool.
[2017.03.23-11.08.25:739][  0]LogUObjectArray: CloseDisregardForGC: 0/0 objects in disregard for GC pool
[2017.03.23-11.08.25:811][  0]LogInit: WinSock: version 1.1 (2.2), MaxSocks=32767, MaxUdp=65467
[2017.03.23-11.08.29:084][  0]LogTcpMessaging: Initializing TcpMessaging bridge
[2017.03.23-11.08.29:124][  0]LogUdpMessaging: Initializing bridge on interface 0.0.0.0:0 to multicast group 230.0.0.1:6666.
[2017.03.23-11.08.29:745][  0]LogMaterial: Uniform references updated for custom material expression Custom.
[2017.03.23-11.08.30:248][  0]SourceControl: Info Source control is disabled
[2017.03.23-11.08.30:303][  0]SourceControl: Info Source control is disabled
[2017.03.23-11.08.30:354][  0]SourceControl: Info Source control is disabled
[2017.03.23-11.08.30:399][  0]SourceControl: Info Source control is disabled
[2017.03.23-11.08.31:816][  0]LogEngine: Initializing Engine...
[2017.03.23-11.08.32:299][  0]LogHMD: Failed to initialize OpenVR with code 108
[2017.03.23-11.08.32:789][  0]LogAIModule: Creating AISystem for world Untitled
[2017.03.23-11.08.32:813][  0]LogInit: XAudio2 using 'Speakers (3- High Definition Audio Device)' : 2 channels at 44.1 kHz using 16 bits per sample (channel mask 0x3)
[2017.03.23-11.08.32:833][  0]LogInit: FAudioDevice initialized.
[2017.03.23-11.08.32:879][  0]LogDerivedDataCache: Saved boot cache 0.05s 50MB C:/Users/User/AppData/Local/UnrealEngine/4.15/DerivedDataCache/Boot.ddc.
[2017.03.23-11.08.32:891][  0]LogInit: Texture streaming: Enabled
[2017.03.23-11.08.33:011][  0]LogEngineSessionManager: EngineSessionManager initialized
[2017.03.23-11.08.33:117][  0]LogInit: Transaction tracking system initialized
[2017.03.23-11.08.33:534][  0]BlueprintLog: New page: Editor Load
[2017.03.23-11.08.34:570][  0]LocalizationService: Info Localization service is disabled
[2017.03.23-11.08.35:315][  0]LogConsoleResponse:Display: 
[2017.03.23-11.08.35:698][  0]LogCook:Display: Max memory allowance for cook 16384mb min free memory 0mb
[2017.03.23-11.08.35:698][  0]LogCook:Display: Mobile HDR setting 1
[2017.03.23-11.08.35:842][  0]LogFileCache: Scanning file cache for directory 'C:/Users/User/Documents/repos/AI2/Content/' took 0.02s
[2017.03.23-11.08.36:893][  0]SourceControl: Info Source control is disabled
[2017.03.23-11.08.36:895][  0]Cmd: MAP LOAD FILE="../../../../../../Users/User/Documents/repos/AI2/Content/TopDownBP/Maps/TopDownExampleMap.umap" TEMPLATE=0 SHOWPROGRESS=1 FEATURELEVEL=3
[2017.03.23-11.08.36:897][  0]LightingResults: New page: Lighting Build
[2017.03.23-11.08.36:945][  0]MapCheck: New page: Map Check
[2017.03.23-11.08.36:945][  0]LightingResults: New page: Lighting Build
[2017.03.23-11.08.38:029][  0]LogAIModule: Creating AISystem for world TopDownExampleMap
[2017.03.23-11.08.38:066][  0]LogEditorServer: Finished looking for orphan Actors (0.000 secs)
[2017.03.23-11.08.38:069][  0]Cmd: MAP CHECKDEP NOCLEARLOG
[2017.03.23-11.08.38:112][  0]MapCheck: Info Map check complete: 0 Error(s), 0 Warning(s), took 43.296ms to complete.
[2017.03.23-11.08.38:112][  0]LogFileHelpers: Loading map 'TopDownExampleMap' took 1.218
[2017.03.23-11.08.38:194][  0]LogWindowsTextInputMethodSystem:Display: IME system now deactivated.
[2017.03.23-11.08.38:379][  0]LogCollectionManager: Loaded 0 collections in 0.001607 seconds
[2017.03.23-11.08.38:480][  0]LogFileCache: Scanning file cache for directory 'C:/Users/User/Documents/repos/AI2/Saved/Collections/' took 0.01s
[2017.03.23-11.08.38:480][  0]LogFileCache: Scanning file cache for directory 'C:/Users/User/Documents/repos/AI2/Content/Developers/User/Collections/' took 0.01s
[2017.03.23-11.08.38:480][  0]LogFileCache: Scanning file cache for directory 'C:/Users/User/Documents/repos/AI2/Content/Collections/' took 0.01s
[2017.03.23-11.08.38:480][  0]LogCollectionManager: Rebuilt the GUID cache for 0 collections in 0.000002 seconds
[2017.03.23-11.08.38:493][  0]LogContentBrowser: Native class hierarchy populated in 0.0103 seconds. Added 2244 classes and 450 folders.
[2017.03.23-11.08.38:501][  0]LogStats: UGameplayTagsManager::ConstructGameplayTagTree: Construct from data asset -  0.000 s
[2017.03.23-11.08.38:501][  0]LogStats: UGameplayTagsManager::ConstructGameplayTagTree: GameplayTagTreeChangedEvent.Broadcast -  0.000 s
[2017.03.23-11.08.38:565][  0]LogContentBrowser: Native class hierarchy updated for 'WidgetCarousel' in 0.0005 seconds. Added 0 classes and 0 folders.
[2017.03.23-11.08.38:942][  0]LogContentBrowser: Native class hierarchy updated for 'AddContentDialog' in 0.0005 seconds. Added 0 classes and 0 folders.
[2017.03.23-11.08.38:995][  0]LogContentBrowser: Native class hierarchy updated for 'SceneOutliner' in 0.0007 seconds. Added 1 classes and 2 folders.
[2017.03.23-11.08.39:089][  0]LogCrashTracker: Crashtracker disabled due to settings.
[2017.03.23-11.08.39:102][  0]LogUObjectGlobals:Warning: Failed to find object 'Class None.'
[2017.03.23-11.08.39:179][  0]LogContentBrowser: Native class hierarchy updated for 'HierarchicalLODOutliner' in 0.0006 seconds. Added 1 classes and 2 folders.
[2017.03.23-11.08.39:180][  0]LogLoad: (Engine Initialization) Total time: 31.94 seconds
[2017.03.23-11.08.39:180][  0]LogLoad: (Engine Initialization) Total Blueprint compile time: 0.33 seconds
[2017.03.23-11.08.39:180][  0]LogExternalProfiler: Found external profiler: VSPerf
[2017.03.23-11.08.39:180][  0]LogExternalProfiler: Using external profiler: VSPerf
[2017.03.23-11.08.39:190][  0]LogOcInput: OculusInput pre-init called
[2017.03.23-11.08.39:214][  0]LogContentStreaming: Texture pool size now 1000 MB
[2017.03.23-11.08.39:224][  0]LogSlate: Took 0.006727 seconds to synchronously load lazily loaded font '../../../Engine/Content/Slate/Fonts/Roboto-Regular.ttf' (155K)
[2017.03.23-11.08.39:233][  0]LogSlate: Took 0.005430 seconds to synchronously load lazily loaded font '../../../Engine/Content/Slate/Fonts/Roboto-Bold.ttf' (160K)
[2017.03.23-11.08.39:245][  0]LogSlate: Took 0.005574 seconds to synchronously load lazily loaded font '../../../Engine/Content/Editor/Slate/Fonts/FontAwesome.ttf' (139K)
[2017.03.23-11.08.39:445][  0]LogSlate: Took 0.005303 seconds to synchronously load lazily loaded font '../../../Engine/Content/Slate/Fonts/Roboto-Light.ttf' (159K)
[2017.03.23-11.08.39:489][  0]LogRenderer: Reallocating scene render targets to support 1104x672 NumSamples 1 (Frame:2).
[2017.03.23-11.08.39:636][  1]LogAssetRegistry: Asset discovery search completed in 13.9828 seconds
[2017.03.23-11.08.39:636][  1]LogCollectionManager: Rebuilt the object cache for 0 collections in 0.000018 seconds (found 0 objects)
[2017.03.23-11.08.39:636][  1]LogCollectionManager: Fixed up redirectors for 0 collections in 0.000035 seconds (updated 0 objects)
[2017.03.23-11.08.40:220][ 45]LogSlate: Took 0.000247 seconds to synchronously load lazily loaded font '../../../Engine/Content/Slate/Fonts/Roboto-Light.ttf' (159K)
[2017.03.23-11.08.40:862][ 45]LogContentBrowser: Native class hierarchy updated for 'BlueprintGraph' in 0.0009 seconds. Added 112 classes and 0 folders.
[2017.03.23-11.08.41:943][ 45]LogSlate: Took 0.004646 seconds to synchronously load lazily loaded font '../../../Engine/Content/Editor/Slate/Fonts/Roboto-BoldCondensed.ttf' (158K)
[2017.03.23-11.08.42:174][ 46]LogSlate: Took 0.005576 seconds to synchronously load lazily loaded font '../../../Engine/Content/Editor/Slate/Fonts/Roboto-Italic.ttf' (157K)
[2017.03.23-11.09.22:095][135]LogSlate: Took 0.000160 seconds to synchronously load lazily loaded font '../../../Engine/Content/Slate/Fonts/Roboto-Light.ttf' (159K)
[2017.03.23-11.09.28:567][823]LogEditorViewport: Clicking on Actor (LMB): StaticMeshActor (Floor)
[2017.03.23-11.09.29:511][895]Cmd: SELECT NONE
[2017.03.23-11.09.30:456][  3]LogEditorViewport: Clicking on Actor (LMB): StaticMeshActor (Floor)
[2017.03.23-11.12.48:772][436]LogScript:Warning: Accessed None trying to read property CallFunc_GetPlayerController_ReturnValue
	LanternBP_C /Engine/Transient.World_7:PersistentLevel.LanternBP_C_1
	Function /Game/MyMechanics/LanternBP.LanternBP_C:ExecuteUbergraph_LanternBP:00BF
[2017.03.23-11.14.05:828][439]BlueprintLog: New page: Compile LanternBP
[2017.03.23-11.14.06:379][439]Cmd: OBJ SAVEPACKAGE PACKAGE="/Game/MyMechanics/LanternBP" FILE="../../../../../../Users/User/Documents/repos/AI2/Content/MyMechanics/LanternBP.uasset" SILENT=true
[2017.03.23-11.14.06:435][439]LogSavePackage: Save=34.34ms
[2017.03.23-11.14.06:435][439]LogSavePackage: Moving '../../../../../../Users/User/Documents/repos/AI2/Saved/LanternBP0A7A8C814CFD8DECA3CA62973F407978.tmp' to '../../../../../../Users/User/Documents/repos/AI2/Content/MyMechanics/LanternBP.uasset'
[2017.03.23-11.14.06:444][439]LogSavePackage:Display: Finished SavePackage ../../../../../../Users/User/Documents/repos/AI2/Content/MyMechanics/LanternBP.uasset
[2017.03.23-11.14.07:461][555]Cmd: OBJ SAVEPACKAGE PACKAGE="/Game/MyMechanics/LanternBP" FILE="../../../../../../Users/User/Documents/repos/AI2/Content/MyMechanics/LanternBP.uasset" SILENT=true
[2017.03.23-11.14.07:486][555]LogSavePackage: Save=18.89ms
[2017.03.23-11.14.07:486][555]LogSavePackage: Moving '../../../../../../Users/User/Documents/repos/AI2/Saved/LanternBPC597EB134C62DE96BE9440BB82E98B4A.tmp' to '../../../../../../Users/User/Documents/repos/AI2/Content/MyMechanics/LanternBP.uasset'
[2017.03.23-11.14.07:488][555]LogSavePackage:Display: Finished SavePackage ../../../../../../Users/User/Documents/repos/AI2/Content/MyMechanics/LanternBP.uasset
[2017.03.23-11.14.10:538][861]LogEditorViewport: Clicking on Actor (LMB): StaticMeshActor (Floor)
[2017.03.23-11.14.12:129][  8]LogEditorViewport: Clicking on Actor (LMB): LanternBP_C (LanternBP)
[2017.03.23-11.14.20:611][758]LogTemp: Repeting last play command: Selected Viewport
[2017.03.23-11.14.20:640][758]LogBlueprintUserMessages: Early PlayInEditor Detection: Level '/Game/TopDownBP/Maps/TopDownExampleMap.TopDownExampleMap:PersistentLevel' has LevelScriptBlueprint '/Game/TopDownBP/Maps/TopDownExampleMap.TopDownExampleMap:PersistentLevel.TopDownExampleMap' with GeneratedClass '/Game/TopDownBP/Maps/TopDownExampleMap.TopDownExampleMap_C' with ClassGeneratedBy '/Game/TopDownBP/Maps/TopDownExampleMap.TopDownExampleMap:PersistentLevel.TopDownExampleMap'
[2017.03.23-11.14.20:650][758]BlueprintLog: New page: Pre-Play auto-recompile
[2017.03.23-11.14.20:650][758]LogPlayLevel: [PlayLevel] Compiling DoorBP before play...
[2017.03.23-11.14.21:024][758]LogPlayLevel: PlayLevel: Blueprint regeneration took 373 ms (1 blueprints)
[2017.03.23-11.14.21:027][758]PIE: New page: PIE session: TopDownExampleMap (Mar 23, 2017, 3:14:21 PM)
[2017.03.23-11.14.21:028][758]LogPlayLevel: Creating play world package: /Game/TopDownBP/Maps/UEDPIE_0_TopDownExampleMap
[2017.03.23-11.14.21:062][758]LogPlayLevel: PIE: StaticDuplicateObject took: (0.034526s)
[2017.03.23-11.14.21:064][758]LogAIModule: Creating AISystem for world TopDownExampleMap
[2017.03.23-11.14.21:064][758]LogPlayLevel: PIE: World Init took: (0.001601s)
[2017.03.23-11.14.21:064][758]LogPlayLevel: PIE: Created PIE world by copying editor world from /Game/TopDownBP/Maps/TopDownExampleMap.TopDownExampleMap to /Game/TopDownBP/Maps/UEDPIE_0_TopDownExampleMap.TopDownExampleMap (0.036844s)
[2017.03.23-11.14.21:110][758]LogInit: XAudio2 using 'Speakers (3- High Definition Audio Device)' : 2 channels at 44.1 kHz using 16 bits per sample (channel mask 0x3)
[2017.03.23-11.14.21:120][758]LogInit: FAudioDevice initialized.
[2017.03.23-11.14.21:191][758]LogLoad: Game class is 'TopDownGameMode_C'
[2017.03.23-11.14.21:203][758]LogWorld: Bringing World /Game/TopDownBP/Maps/UEDPIE_0_TopDownExampleMap.TopDownExampleMap up for play (max tick rate 0) at 2017.03.23-13.14.21
[2017.03.23-11.14.21:216][758]LogWorld: Bringing up level for play took: 0.016786
[2017.03.23-11.14.21:267][758]LogContentBrowser: Native class hierarchy updated for 'MovieSceneCapture' in 0.0007 seconds. Added 11 classes and 0 folders.
[2017.03.23-11.14.21:274][758]PIE: Info Play in editor start time for /Game/TopDownBP/Maps/UEDPIE_0_TopDownExampleMap 0.113
[2017.03.23-11.14.21:275][758]LogBlueprintUserMessages: Late PlayInEditor Detection: Level '/Game/TopDownBP/Maps/TopDownExampleMap.TopDownExampleMap:PersistentLevel' has LevelScriptBlueprint '/Game/TopDownBP/Maps/TopDownExampleMap.TopDownExampleMap:PersistentLevel.TopDownExampleMap' with GeneratedClass '/Game/TopDownBP/Maps/TopDownExampleMap.TopDownExampleMap_C' with ClassGeneratedBy '/Game/TopDownBP/Maps/TopDownExampleMap.TopDownExampleMap:PersistentLevel.TopDownExampleMap'
[2017.03.23-11.14.29:931][622]LogEditorViewport: Clicking on Actor (LMB): LanternBP_C (LanternBP)
[2017.03.23-11.14.53:288][766]LogBlueprintUserMessages: Early EndPlayMap Detection: Level '/Game/TopDownBP/Maps/TopDownExampleMap.TopDownExampleMap:PersistentLevel' has LevelScriptBlueprint '/Game/TopDownBP/Maps/TopDownExampleMap.TopDownExampleMap:PersistentLevel.TopDownExampleMap' with GeneratedClass '/Game/TopDownBP/Maps/TopDownExampleMap.TopDownExampleMap_C' with ClassGeneratedBy '/Game/TopDownBP/Maps/TopDownExampleMap.TopDownExampleMap:PersistentLevel.TopDownExampleMap'
[2017.03.23-11.14.53:364][766]LogBlueprintUserMessages: Late EndPlayMap Detection: Level '/Game/TopDownBP/Maps/TopDownExampleMap.TopDownExampleMap:PersistentLevel' has LevelScriptBlueprint '/Game/TopDownBP/Maps/TopDownExampleMap.TopDownExampleMap:PersistentLevel.TopDownExampleMap' with GeneratedClass '/Game/TopDownBP/Maps/TopDownExampleMap.TopDownExampleMap_C' with ClassGeneratedBy '/Game/TopDownBP/Maps/TopDownExampleMap.TopDownExampleMap:PersistentLevel.TopDownExampleMap'
[2017.03.23-11.14.59:039][278]LogEditorViewport: Clicking on Actor (LMB): StaticMeshActor (Floor)
[2017.03.23-11.15.00:059][363]Cmd: SELECT NONE
[2017.03.23-11.15.00:553][417]LogEditorViewport: Clicking on Actor (LMB): StaticMeshActor (Floor)
[2017.03.23-11.15.00:784][428]LogEditorViewport: Clicking on Actor (context menu): StaticMeshActor (Floor)
[2017.03.23-11.15.01:660][500]LogEditorViewport: Clicking on Actor (LMB): StaticMeshActor (Floor)
[2017.03.23-11.15.02:125][541]Cmd: SELECT NONE
[2017.03.23-11.15.03:021][642]LogEditorViewport: Clicking on Actor (LMB): StaticMeshActor (Floor)
[2017.03.23-11.15.05:000][817]LogEditorViewport: Clicking on Actor (LMB): LanternBP_C (LanternBP)
[2017.03.23-11.15.05:362][843]LogEditorViewport: Clicking on Actor (LMB): LanternBP_C (LanternBP)
[2017.03.23-11.15.22:882][414]LogEditorViewport: Clicking on Actor (LMB): LanternBP_C (LanternBP)
[2017.03.23-11.15.55:989][405]Cmd: OBJ SAVEPACKAGE PACKAGE="/Game/MyMechanics/DoorBP" FILE="../../../../../../Users/User/Documents/repos/AI2/Content/MyMechanics/DoorBP.uasset" SILENT=true
[2017.03.23-11.15.56:030][405]LogSavePackage: Save=30.28ms
[2017.03.23-11.15.56:030][405]LogSavePackage: Moving '../../../../../../Users/User/Documents/repos/AI2/Saved/DoorBPF6ED82684A15855CF1EC49A92CBBE793.tmp' to '../../../../../../Users/User/Documents/repos/AI2/Content/MyMechanics/DoorBP.uasset'
[2017.03.23-11.15.56:034][405]LogSavePackage:Display: Finished SavePackage ../../../../../../Users/User/Documents/repos/AI2/Content/MyMechanics/DoorBP.uasset
[2017.03.23-11.15.59:759][833]LogTemp: Repeting last play command: Selected Viewport
[2017.03.23-11.15.59:784][833]LogBlueprintUserMessages: Early PlayInEditor Detection: Level '/Game/TopDownBP/Maps/TopDownExampleMap.TopDownExampleMap:PersistentLevel' has LevelScriptBlueprint '/Game/TopDownBP/Maps/TopDownExampleMap.TopDownExampleMap:PersistentLevel.TopDownExampleMap' with GeneratedClass '/Game/TopDownBP/Maps/TopDownExampleMap.TopDownExampleMap_C' with ClassGeneratedBy '/Game/TopDownBP/Maps/TopDownExampleMap.TopDownExampleMap:PersistentLevel.TopDownExampleMap'
[2017.03.23-11.15.59:791][833]LogPlayLevel: PlayLevel: No blueprints needed recompiling
[2017.03.23-11.15.59:791][833]PIE: New page: PIE session: TopDownExampleMap (Mar 23, 2017, 3:15:59 PM)
[2017.03.23-11.15.59:791][833]LogPlayLevel: Creating play world package: /Game/TopDownBP/Maps/UEDPIE_0_TopDownExampleMap
[2017.03.23-11.15.59:826][833]LogPlayLevel: PIE: StaticDuplicateObject took: (0.034383s)
[2017.03.23-11.15.59:828][833]LogAIModule: Creating AISystem for world TopDownExampleMap
[2017.03.23-11.15.59:828][833]LogPlayLevel: PIE: World Init took: (0.001741s)
[2017.03.23-11.15.59:828][833]LogPlayLevel: PIE: Created PIE world by copying editor world from /Game/TopDownBP/Maps/TopDownExampleMap.TopDownExampleMap to /Game/TopDownBP/Maps/UEDPIE_0_TopDownExampleMap.TopDownExampleMap (0.036559s)
[2017.03.23-11.15.59:871][833]LogInit: XAudio2 using 'Speakers (3- High Definition Audio Device)' : 2 channels at 44.1 kHz using 16 bits per sample (channel mask 0x3)
[2017.03.23-11.15.59:880][833]LogInit: FAudioDevice initialized.
[2017.03.23-11.15.59:923][833]LogLoad: Game class is 'TopDownGameMode_C'
[2017.03.23-11.15.59:928][833]LogWorld: Bringing World /Game/TopDownBP/Maps/UEDPIE_0_TopDownExampleMap.TopDownExampleMap up for play (max tick rate 0) at 2017.03.23-13.15.59
[2017.03.23-11.15.59:929][833]LogWorld: Bringing up level for play took: 0.004772
[2017.03.23-11.15.59:933][833]PIE: Info Play in editor start time for /Game/TopDownBP/Maps/UEDPIE_0_TopDownExampleMap 0.771
[2017.03.23-11.15.59:934][833]LogBlueprintUserMessages: Late PlayInEditor Detection: Level '/Game/TopDownBP/Maps/TopDownExampleMap.TopDownExampleMap:PersistentLevel' has LevelScriptBlueprint '/Game/TopDownBP/Maps/TopDownExampleMap.TopDownExampleMap:PersistentLevel.TopDownExampleMap' with GeneratedClass '/Game/TopDownBP/Maps/TopDownExampleMap.TopDownExampleMap_C' with ClassGeneratedBy '/Game/TopDownBP/Maps/TopDownExampleMap.TopDownExampleMap:PersistentLevel.TopDownExampleMap'
[2017.03.23-11.15.59:962][833]LogRenderer: Reallocating scene render targets to support 1292x756 NumSamples 1 (Frame:14877).
[2017.03.23-11.16.27:105][497]LogBlueprintUserMessages: Early EndPlayMap Detection: Level '/Game/TopDownBP/Maps/TopDownExampleMap.TopDownExampleMap:PersistentLevel' has LevelScriptBlueprint '/Game/TopDownBP/Maps/TopDownExampleMap.TopDownExampleMap:PersistentLevel.TopDownExampleMap' with GeneratedClass '/Game/TopDownBP/Maps/TopDownExampleMap.TopDownExampleMap_C' with ClassGeneratedBy '/Game/TopDownBP/Maps/TopDownExampleMap.TopDownExampleMap:PersistentLevel.TopDownExampleMap'
[2017.03.23-11.16.27:186][497]LogBlueprintUserMessages: Late EndPlayMap Detection: Level '/Game/TopDownBP/Maps/TopDownExampleMap.TopDownExampleMap:PersistentLevel' has LevelScriptBlueprint '/Game/TopDownBP/Maps/TopDownExampleMap.TopDownExampleMap:PersistentLevel.TopDownExampleMap' with GeneratedClass '/Game/TopDownBP/Maps/TopDownExampleMap.TopDownExampleMap_C' with ClassGeneratedBy '/Game/TopDownBP/Maps/TopDownExampleMap.TopDownExampleMap:PersistentLevel.TopDownExampleMap'
[2017.03.23-11.19.05:223][939]BlueprintLog: New page: Compile LanternBP
[2017.03.23-11.19.06:008][  7]Cmd: OBJ SAVEPACKAGE PACKAGE="/Game/MyMechanics/LanternBP" FILE="../../../../../../Users/User/Documents/repos/AI2/Content/MyMechanics/LanternBP.uasset" SILENT=true
[2017.03.23-11.19.06:053][  7]LogSavePackage: Save=29.65ms
[2017.03.23-11.19.06:054][  7]LogSavePackage: Moving '../../../../../../Users/User/Documents/repos/AI2/Saved/LanternBP0951144B4942F5589678A08B4BCDDC6C.tmp' to '../../../../../../Users/User/Documents/repos/AI2/Content/MyMechanics/LanternBP.uasset'
[2017.03.23-11.19.06:057][  7]LogSavePackage:Display: Finished SavePackage ../../../../../../Users/User/Documents/repos/AI2/Content/MyMechanics/LanternBP.uasset
[2017.03.23-11.19.41:469][864]LogSavePackage: Save=171.63ms
[2017.03.23-11.19.41:469][864]LogSavePackage: Moving '../../../../../../Users/User/Documents/repos/AI2/Saved/TopDownExampleMap_Auto120D0208642D3BF3832E9B58D2C9C9E1F.tmp' to '../../../../../../Users/User/Documents/repos/AI2/Saved/Autosaves/Game/TopDownBP/Maps/TopDownExampleMap_Auto1.umap'
[2017.03.23-11.19.41:471][864]LogSavePackage:Display: Finished SavePackage ../../../../../../Users/User/Documents/repos/AI2/Saved/Autosaves/Game/TopDownBP/Maps/TopDownExampleMap_Auto1.umap
[2017.03.23-11.19.41:474][864]LogFileHelpers: Editor autosave (incl. sublevels) for '/Game/TopDownBP/Maps/TopDownExampleMap' took 0.227
[2017.03.23-11.19.41:474][864]LogFileHelpers: Editor autosave (incl. sublevels) for all levels took 0.227
[2017.03.23-11.20.55:739][428]LogPackageName: SearchForPackageOnDisk took   0.000s, but failed to resolve /Game/MyMechanics/UsableThingInterface.
[2017.03.23-11.21.23:073][620]BlueprintLog: New page: Compile UsableThingInterface
[2017.03.23-11.25.37:731][ 67]Cmd: TRANSACTION UNDO
[2017.03.23-11.25.37:731][ 67]LogEditorTransaction: Undo Add Out Parameter
[2017.03.23-11.25.58:698][568]LogSlate: Took 0.006549 seconds to synchronously load lazily loaded font '../../../Engine/Content/Editor/Slate/Fonts/Roboto-BoldCondensedItalic.ttf' (160K)
[2017.03.23-11.26.24:789][683]BlueprintLog: New page: Compile UsableThingInterface
[2017.03.23-11.26.25:380][735]Cmd: OBJ SAVEPACKAGE PACKAGE="/Game/MyMechanics/UsableThingInterface" FILE="../../../../../../Users/User/Documents/repos/AI2/Content/MyMechanics/UsableThingInterface.uasset" SILENT=true
[2017.03.23-11.26.25:390][735]LogSavePackage: Save=7.86ms
[2017.03.23-11.26.25:390][735]LogSavePackage: Moving '../../../../../../Users/User/Documents/repos/AI2/Saved/UsableThingInterfaceB1AE024243837655E6D1E1AED405D639.tmp' to '../../../../../../Users/User/Documents/repos/AI2/Content/MyMechanics/UsableThingInterface.uasset'
[2017.03.23-11.26.25:394][735]LogSavePackage:Display: Finished SavePackage ../../../../../../Users/User/Documents/repos/AI2/Content/MyMechanics/UsableThingInterface.uasset
[2017.03.23-11.26.25:464][743]LogPackageName: SearchForPackageOnDisk took   0.000s to resolve /Game/MyMechanics/UsableThingInterface.
[2017.03.23-11.27.06:087][560]BlueprintLog: New page: Compile UsableThingInterface
[2017.03.23-11.27.06:586][602]Cmd: OBJ SAVEPACKAGE PACKAGE="/Game/MyMechanics/UsableThingInterface" FILE="../../../../../../Users/User/Documents/repos/AI2/Content/MyMechanics/UsableThingInterface.uasset" SILENT=true
[2017.03.23-11.27.06:607][602]LogSavePackage: Save=7.22ms
[2017.03.23-11.27.06:607][602]LogSavePackage: Moving '../../../../../../Users/User/Documents/repos/AI2/Saved/UsableThingInterface72AA37CA4B5A589CF5317B92B144FDF4.tmp' to '../../../../../../Users/User/Documents/repos/AI2/Content/MyMechanics/UsableThingInterface.uasset'
[2017.03.23-11.27.06:611][602]LogSavePackage:Display: Finished SavePackage ../../../../../../Users/User/Documents/repos/AI2/Content/MyMechanics/UsableThingInterface.uasset
[2017.03.23-11.29.07:783][435]BlueprintLog: New page: Compile UsableThingInterface
[2017.03.23-11.29.08:211][468]Cmd: OBJ SAVEPACKAGE PACKAGE="/Game/MyMechanics/UsableThingInterface" FILE="../../../../../../Users/User/Documents/repos/AI2/Content/MyMechanics/UsableThingInterface.uasset" SILENT=true
[2017.03.23-11.29.08:231][468]LogSavePackage: Save=10.43ms
[2017.03.23-11.29.08:232][468]LogSavePackage: Moving '../../../../../../Users/User/Documents/repos/AI2/Saved/UsableThingInterface5C040D054BA09F1ADE90378C73180CFD.tmp' to '../../../../../../Users/User/Documents/repos/AI2/Content/MyMechanics/UsableThingInterface.uasset'
[2017.03.23-11.29.08:234][468]LogSavePackage:Display: Finished SavePackage ../../../../../../Users/User/Documents/repos/AI2/Content/MyMechanics/UsableThingInterface.uasset
[2017.03.23-11.32.57:015][546]Cmd: OBJ SAVEPACKAGE PACKAGE="/Game/MyMechanics/UsableThingInterface" FILE="../../../../../../Users/User/Documents/repos/AI2/Content/MyMechanics/UsableThingInterface.uasset" SILENT=true
[2017.03.23-11.32.57:048][546]LogSavePackage: Save=9.21ms
[2017.03.23-11.32.57:048][546]LogSavePackage: Moving '../../../../../../Users/User/Documents/repos/AI2/Saved/UsableThingInterface1ED5810846073F5A6B56AEABC20A99AA.tmp' to '../../../../../../Users/User/Documents/repos/AI2/Content/MyMechanics/UsableThingInterface.uasset'
[2017.03.23-11.32.57:049][546]LogSavePackage:Display: Finished SavePackage ../../../../../../Users/User/Documents/repos/AI2/Content/MyMechanics/UsableThingInterface.uasset
[2017.03.23-11.33.54:829][365]BlueprintLog: New page: Compile LanternBP
[2017.03.23-11.34.02:085][202]LogTemp: Repeting last play command: Selected Viewport
[2017.03.23-11.34.02:114][202]LogBlueprintUserMessages: Early PlayInEditor Detection: Level '/Game/TopDownBP/Maps/TopDownExampleMap.TopDownExampleMap:PersistentLevel' has LevelScriptBlueprint '/Game/TopDownBP/Maps/TopDownExampleMap.TopDownExampleMap:PersistentLevel.TopDownExampleMap' with GeneratedClass '/Game/TopDownBP/Maps/TopDownExampleMap.TopDownExampleMap_C' with ClassGeneratedBy '/Game/TopDownBP/Maps/TopDownExampleMap.TopDownExampleMap:PersistentLevel.TopDownExampleMap'
[2017.03.23-11.34.02:121][202]LogPlayLevel: PlayLevel: No blueprints needed recompiling
[2017.03.23-11.34.02:121][202]PIE: New page: PIE session: TopDownExampleMap (Mar 23, 2017, 3:34:02 PM)
[2017.03.23-11.34.02:121][202]LogPlayLevel: Creating play world package: /Game/TopDownBP/Maps/UEDPIE_0_TopDownExampleMap
[2017.03.23-11.34.02:157][202]LogPlayLevel: PIE: StaticDuplicateObject took: (0.035463s)
[2017.03.23-11.34.02:158][202]LogAIModule: Creating AISystem for world TopDownExampleMap
[2017.03.23-11.34.02:159][202]LogPlayLevel: PIE: World Init took: (0.001947s)
[2017.03.23-11.34.02:159][202]LogPlayLevel: PIE: Created PIE world by copying editor world from /Game/TopDownBP/Maps/TopDownExampleMap.TopDownExampleMap to /Game/TopDownBP/Maps/UEDPIE_0_TopDownExampleMap.TopDownExampleMap (0.037925s)
[2017.03.23-11.34.02:208][202]LogInit: XAudio2 using 'Speakers (3- High Definition Audio Device)' : 2 channels at 44.1 kHz using 16 bits per sample (channel mask 0x3)
[2017.03.23-11.34.02:217][202]LogInit: FAudioDevice initialized.
[2017.03.23-11.34.02:264][202]LogLoad: Game class is 'TopDownGameMode_C'
[2017.03.23-11.34.02:269][202]LogWorld: Bringing World /Game/TopDownBP/Maps/UEDPIE_0_TopDownExampleMap.TopDownExampleMap up for play (max tick rate 0) at 2017.03.23-13.34.02
[2017.03.23-11.34.02:270][202]LogWorld: Bringing up level for play took: 0.004973
[2017.03.23-11.34.02:275][202]PIE: Info Play in editor start time for /Game/TopDownBP/Maps/UEDPIE_0_TopDownExampleMap 1.114
[2017.03.23-11.34.02:276][202]LogBlueprintUserMessages: Late PlayInEditor Detection: Level '/Game/TopDownBP/Maps/TopDownExampleMap.TopDownExampleMap:PersistentLevel' has LevelScriptBlueprint '/Game/TopDownBP/Maps/TopDownExampleMap.TopDownExampleMap:PersistentLevel.TopDownExampleMap' with GeneratedClass '/Game/TopDownBP/Maps/TopDownExampleMap.TopDownExampleMap_C' with ClassGeneratedBy '/Game/TopDownBP/Maps/TopDownExampleMap.TopDownExampleMap:PersistentLevel.TopDownExampleMap'
[2017.03.23-11.34.26:534][ 52]LogEditorViewport: Clicking on Actor (LMB): LanternBP_C (LanternBP)
[2017.03.23-11.35.04:058][727]LogBlueprintUserMessages: Early EndPlayMap Detection: Level '/Game/TopDownBP/Maps/TopDownExampleMap.TopDownExampleMap:PersistentLevel' has LevelScriptBlueprint '/Game/TopDownBP/Maps/TopDownExampleMap.TopDownExampleMap:PersistentLevel.TopDownExampleMap' with GeneratedClass '/Game/TopDownBP/Maps/TopDownExampleMap.TopDownExampleMap_C' with ClassGeneratedBy '/Game/TopDownBP/Maps/TopDownExampleMap.TopDownExampleMap:PersistentLevel.TopDownExampleMap'
[2017.03.23-11.35.04:115][727]LogBlueprintUserMessages: Late EndPlayMap Detection: Level '/Game/TopDownBP/Maps/TopDownExampleMap.TopDownExampleMap:PersistentLevel' has LevelScriptBlueprint '/Game/TopDownBP/Maps/TopDownExampleMap.TopDownExampleMap:PersistentLevel.TopDownExampleMap' with GeneratedClass '/Game/TopDownBP/Maps/TopDownExampleMap.TopDownExampleMap_C' with ClassGeneratedBy '/Game/TopDownBP/Maps/TopDownExampleMap.TopDownExampleMap:PersistentLevel.TopDownExampleMap'
[2017.03.23-11.35.06:776][ 21]LogEditorViewport: Clicking on Actor (LMB): StaticMeshActor (Floor)
[2017.03.23-11.36.38:620][812]LogSavePackage: Save=165.32ms
[2017.03.23-11.36.38:620][812]LogSavePackage: Moving '../../../../../../Users/User/Documents/repos/AI2/Saved/TopDownExampleMap_Auto20C2A4CF54440C4C80E6562A0DEC60F1B.tmp' to '../../../../../../Users/User/Documents/repos/AI2/Saved/Autosaves/Game/TopDownBP/Maps/TopDownExampleMap_Auto2.umap'
[2017.03.23-11.36.38:622][812]LogSavePackage:Display: Finished SavePackage ../../../../../../Users/User/Documents/repos/AI2/Saved/Autosaves/Game/TopDownBP/Maps/TopDownExampleMap_Auto2.umap
[2017.03.23-11.36.38:627][812]LogFileHelpers: Editor autosave (incl. sublevels) for '/Game/TopDownBP/Maps/TopDownExampleMap' took 0.227
[2017.03.23-11.36.38:627][812]LogFileHelpers: Editor autosave (incl. sublevels) for all levels took 0.227
[2017.03.23-11.36.38:631][812]OBJ SavePackage: Generating thumbnails for [1] asset(s) in package [/Game/MyMechanics/LanternBP] ([1] browsable assets)...
[2017.03.23-11.36.38:658][812]OBJ SavePackage:     Rendered thumbnail for [Blueprint /Game/MyMechanics/LanternBP.LanternBP]
[2017.03.23-11.36.38:658][812]OBJ SavePackage: Finished generating thumbnails for package [/Game/MyMechanics/LanternBP]
[2017.03.23-11.36.38:658][812]Cmd: OBJ SAVEPACKAGE PACKAGE="/Game/MyMechanics/LanternBP" FILE="../../../../../../Users/User/Documents/repos/AI2/Saved/Autosaves/Game/MyMechanics/LanternBP_Auto2.uasset" SILENT=false AUTOSAVING=true
[2017.03.23-11.36.38:699][812]LogSavePackage: Save=27.23ms
[2017.03.23-11.36.38:699][812]LogSavePackage: Moving '../../../../../../Users/User/Documents/repos/AI2/Saved/LanternBP_Auto283061C1347BD122DA90C9FBC8802C9CB.tmp' to '../../../../../../Users/User/Documents/repos/AI2/Saved/Autosaves/Game/MyMechanics/LanternBP_Auto2.uasset'
[2017.03.23-11.36.38:700][812]LogSavePackage:Display: Finished SavePackage ../../../../../../Users/User/Documents/repos/AI2/Saved/Autosaves/Game/MyMechanics/LanternBP_Auto2.uasset
[2017.03.23-11.36.38:700][812]LogFileHelpers: Auto-saving content packages took 0.071
[2017.03.23-11.37.16:224][290]BlueprintLog: New page: Compile LanternBP
[2017.03.23-11.39.35:314][390]BlueprintLog: New page: Compile LanternBP
[2017.03.23-11.39.35:879][433]Cmd: OBJ SAVEPACKAGE PACKAGE="/Game/MyMechanics/LanternBP" FILE="../../../../../../Users/User/Documents/repos/AI2/Content/MyMechanics/LanternBP.uasset" SILENT=true
[2017.03.23-11.39.35:915][433]LogSavePackage: Save=27.04ms
[2017.03.23-11.39.35:915][433]LogSavePackage: Moving '../../../../../../Users/User/Documents/repos/AI2/Saved/LanternBP11F9924E4399F9EDC62A6FAE46A78A87.tmp' to '../../../../../../Users/User/Documents/repos/AI2/Content/MyMechanics/LanternBP.uasset'
[2017.03.23-11.39.35:922][433]LogSavePackage:Display: Finished SavePackage ../../../../../../Users/User/Documents/repos/AI2/Content/MyMechanics/LanternBP.uasset
[2017.03.23-11.39.37:436][610]LogTemp: Repeting last play command: Selected Viewport
[2017.03.23-11.39.37:459][610]LogBlueprintUserMessages: Early PlayInEditor Detection: Level '/Game/TopDownBP/Maps/TopDownExampleMap.TopDownExampleMap:PersistentLevel' has LevelScriptBlueprint '/Game/TopDownBP/Maps/TopDownExampleMap.TopDownExampleMap:PersistentLevel.TopDownExampleMap' with GeneratedClass '/Game/TopDownBP/Maps/TopDownExampleMap.TopDownExampleMap_C' with ClassGeneratedBy '/Game/TopDownBP/Maps/TopDownExampleMap.TopDownExampleMap:PersistentLevel.TopDownExampleMap'
[2017.03.23-11.39.37:467][610]LogPlayLevel: PlayLevel: No blueprints needed recompiling
[2017.03.23-11.39.37:467][610]PIE: New page: PIE session: TopDownExampleMap (Mar 23, 2017, 3:39:37 PM)
[2017.03.23-11.39.37:467][610]LogPlayLevel: Creating play world package: /Game/TopDownBP/Maps/UEDPIE_0_TopDownExampleMap
[2017.03.23-11.39.37:500][610]LogPlayLevel: PIE: StaticDuplicateObject took: (0.032496s)
[2017.03.23-11.39.37:501][610]LogAIModule: Creating AISystem for world TopDownExampleMap
[2017.03.23-11.39.37:501][610]LogPlayLevel: PIE: World Init took: (0.001529s)
[2017.03.23-11.39.37:502][610]LogPlayLevel: PIE: Created PIE world by copying editor world from /Game/TopDownBP/Maps/TopDownExampleMap.TopDownExampleMap to /Game/TopDownBP/Maps/UEDPIE_0_TopDownExampleMap.TopDownExampleMap (0.034523s)
[2017.03.23-11.39.37:546][610]LogInit: XAudio2 using 'Speakers (3- High Definition Audio Device)' : 2 channels at 44.1 kHz using 16 bits per sample (channel mask 0x3)
[2017.03.23-11.39.37:554][610]LogInit: FAudioDevice initialized.
[2017.03.23-11.39.37:594][610]LogLoad: Game class is 'TopDownGameMode_C'
[2017.03.23-11.39.37:599][610]LogWorld: Bringing World /Game/TopDownBP/Maps/UEDPIE_0_TopDownExampleMap.TopDownExampleMap up for play (max tick rate 0) at 2017.03.23-13.39.37
[2017.03.23-11.39.37:601][610]LogWorld: Bringing up level for play took: 0.004467
[2017.03.23-11.39.37:605][610]PIE: Info Play in editor start time for /Game/TopDownBP/Maps/UEDPIE_0_TopDownExampleMap 0.443
[2017.03.23-11.39.37:606][610]LogBlueprintUserMessages: Late PlayInEditor Detection: Level '/Game/TopDownBP/Maps/TopDownExampleMap.TopDownExampleMap:PersistentLevel' has LevelScriptBlueprint '/Game/TopDownBP/Maps/TopDownExampleMap.TopDownExampleMap:PersistentLevel.TopDownExampleMap' with GeneratedClass '/Game/TopDownBP/Maps/TopDownExampleMap.TopDownExampleMap_C' with ClassGeneratedBy '/Game/TopDownBP/Maps/TopDownExampleMap.TopDownExampleMap:PersistentLevel.TopDownExampleMap'
[2017.03.23-11.40.42:355][751]LogBlueprintUserMessages: Early EndPlayMap Detection: Level '/Game/TopDownBP/Maps/TopDownExampleMap.TopDownExampleMap:PersistentLevel' has LevelScriptBlueprint '/Game/TopDownBP/Maps/TopDownExampleMap.TopDownExampleMap:PersistentLevel.TopDownExampleMap' with GeneratedClass '/Game/TopDownBP/Maps/TopDownExampleMap.TopDownExampleMap_C' with ClassGeneratedBy '/Game/TopDownBP/Maps/TopDownExampleMap.TopDownExampleMap:PersistentLevel.TopDownExampleMap'
[2017.03.23-11.40.42:459][751]LogBlueprintUserMessages: Late EndPlayMap Detection: Level '/Game/TopDownBP/Maps/TopDownExampleMap.TopDownExampleMap:PersistentLevel' has LevelScriptBlueprint '/Game/TopDownBP/Maps/TopDownExampleMap.TopDownExampleMap:PersistentLevel.TopDownExampleMap' with GeneratedClass '/Game/TopDownBP/Maps/TopDownExampleMap.TopDownExampleMap_C' with ClassGeneratedBy '/Game/TopDownBP/Maps/TopDownExampleMap.TopDownExampleMap:PersistentLevel.TopDownExampleMap'
[2017.03.23-11.40.52:271][597]LogEditorViewport: Clicking on Actor (LMB): StaticMeshActor (Floor)
[2017.03.23-11.40.52:945][655]LogEditorViewport: Clicking on Actor (LMB): StaticMeshActor (Floor)
[2017.03.23-11.40.53:492][701]Cmd: SELECT NONE
[2017.03.23-11.40.57:246][129]LogEditorViewport: Clicking on Actor (LMB): LanternBP_C (LanternBP)
[2017.03.23-11.41.04:121][724]LogEditorViewport: Clicking on Actor (LMB): StaticMeshActor (Floor)
[2017.03.23-11.41.07:203][992]Cmd: TRANSACTION UNDO
[2017.03.23-11.41.07:204][992]LogEditorTransaction: Undo Move Actors
[2017.03.23-11.41.08:199][ 66]LogEditorViewport: Clicking on Actor (LMB): LanternBP_C (LanternBP)
[2017.03.23-11.41.10:844][286]LogEditorViewport: Clicking on Actor (LMB): StaticMeshActor (Floor)
[2017.03.23-11.41.16:081][728]Cmd: SELECT NONE
[2017.03.23-11.41.16:736][803]LogEditorViewport: Clicking on Actor (LMB): StaticMeshActor (Floor)
[2017.03.23-11.41.17:345][851]LogEditorViewport: Clicking on Actor (LMB): DoorBP_C (DoorBP)
[2017.03.23-11.43.33:693][664]LogEditorViewport: Clicking on Actor (LMB): StaticMeshActor (Floor)
[2017.03.23-11.45.19:128][525]LogEditorViewport: Clicking on Actor (LMB): StaticMeshActor (Floor)
[2017.03.23-11.47.19:366][913]BlueprintLog: New page: Compile DoorBP
[2017.03.23-11.47.20:290][957]Cmd: OBJ SAVEPACKAGE PACKAGE="/Game/MyMechanics/DoorBP" FILE="../../../../../../Users/User/Documents/repos/AI2/Content/MyMechanics/DoorBP.uasset" SILENT=true
[2017.03.23-11.47.20:344][957]LogSavePackage: Save=32.63ms
[2017.03.23-11.47.20:344][957]LogSavePackage: Moving '../../../../../../Users/User/Documents/repos/AI2/Saved/DoorBPCB58D56E40C361B378D3D1B9BD4905E7.tmp' to '../../../../../../Users/User/Documents/repos/AI2/Content/MyMechanics/DoorBP.uasset'
[2017.03.23-11.47.20:348][957]LogSavePackage:Display: Finished SavePackage ../../../../../../Users/User/Documents/repos/AI2/Content/MyMechanics/DoorBP.uasset
[2017.03.23-11.49.30:791][988]LogEditorViewport: Clicking on Actor (LMB): LanternBP_C (LanternBP)
[2017.03.23-11.50.47:760][558]BlueprintLog: New page: Compile DoorBP
[2017.03.23-11.50.48:756][619]Cmd: OBJ SAVEPACKAGE PACKAGE="/Game/MyMechanics/DoorBP" FILE="../../../../../../Users/User/Documents/repos/AI2/Content/MyMechanics/DoorBP.uasset" SILENT=true
[2017.03.23-11.50.48:795][619]LogSavePackage: Save=31.53ms
[2017.03.23-11.50.48:795][619]LogSavePackage: Moving '../../../../../../Users/User/Documents/repos/AI2/Saved/DoorBPEB307E0349219C4FB47D00940457E4FF.tmp' to '../../../../../../Users/User/Documents/repos/AI2/Content/MyMechanics/DoorBP.uasset'
[2017.03.23-11.50.48:799][619]LogSavePackage:Display: Finished SavePackage ../../../../../../Users/User/Documents/repos/AI2/Content/MyMechanics/DoorBP.uasset
[2017.03.23-11.51.28:041][489]LogSavePackage: Save=205.87ms
[2017.03.23-11.51.28:042][489]LogSavePackage: Moving '../../../../../../Users/User/Documents/repos/AI2/Saved/TopDownExampleMap_Auto3DFB1666944478C7DB497A48C428A5CE1.tmp' to '../../../../../../Users/User/Documents/repos/AI2/Saved/Autosaves/Game/TopDownBP/Maps/TopDownExampleMap_Auto3.umap'
[2017.03.23-11.51.28:044][489]LogSavePackage:Display: Finished SavePackage ../../../../../../Users/User/Documents/repos/AI2/Saved/Autosaves/Game/TopDownBP/Maps/TopDownExampleMap_Auto3.umap
[2017.03.23-11.51.28:046][489]LogFileHelpers: Editor autosave (incl. sublevels) for '/Game/TopDownBP/Maps/TopDownExampleMap' took 0.272
[2017.03.23-11.51.28:046][489]LogFileHelpers: Editor autosave (incl. sublevels) for all levels took 0.272
[2017.03.23-11.59.19:537][799]BlueprintLog: New page: Compile LanternBP
[2017.03.23-11.59.19:547][799]LogBlueprint:Error: [Compiler LanternBP] Error The type of  Object  is undetermined.  Connect something to  Cast To DoorBP  to imply a specific type.
[2017.03.23-11.59.19:548][799]LogBlueprint:Error: [Compiler LanternBP] Error The current value of the ' Object ' pin is invalid: Unsupported type Object Wildcard on pin Object
[2017.03.23-11.59.19:791][799]BlueprintEditorCompileResults:Error: Error The type of  Object  is undetermined.  Connect something to  Cast To DoorBP  to imply a specific type.
[2017.03.23-11.59.19:791][799]BlueprintEditorCompileResults:Error: Error The current value of the ' Object ' pin is invalid: Unsupported type Object Wildcard on pin Object
[2017.03.23-11.59.19:792][799]LogBlueprint:Warning: [Compiler LanternBP] Warning [3072.55] Compile of LanternBP failed. 2 Fatal Issue(s) 0 Warning(s) [in 254 ms] (/Game/MyMechanics/LanternBP.LanternBP)
[2017.03.23-11.59.20:233][841]Cmd: OBJ SAVEPACKAGE PACKAGE="/Game/MyMechanics/LanternBP" FILE="../../../../../../Users/User/Documents/repos/AI2/Content/MyMechanics/LanternBP.uasset" SILENT=true
[2017.03.23-11.59.20:277][841]LogSavePackage: Save=29.55ms
[2017.03.23-11.59.20:277][841]LogSavePackage: Moving '../../../../../../Users/User/Documents/repos/AI2/Saved/LanternBP441330714342588428D1198A4737E338.tmp' to '../../../../../../Users/User/Documents/repos/AI2/Content/MyMechanics/LanternBP.uasset'
[2017.03.23-11.59.20:281][841]LogSavePackage:Display: Finished SavePackage ../../../../../../Users/User/Documents/repos/AI2/Content/MyMechanics/LanternBP.uasset
[2017.03.23-11.59.51:238][529]BlueprintLog: New page: Compile LanternBP
[2017.03.23-11.59.51:246][529]LogBlueprint:Warning: [Compiler LanternBP] Warning 'Door BP' does not inherit from 'Point Light Component' ( Cast To DoorBP  would always fail).
[2017.03.23-11.59.51:385][529]BlueprintEditorCompileResults:Warning: Warning 'Door BP' does not inherit from 'Point Light Component' ( Cast To DoorBP  would always fail).
[2017.03.23-11.59.51:385][529]LogBlueprint:Warning: [Compiler LanternBP] Warning [3104.15] Compile of LanternBP successful, but with 1 Warning(s) [in 146 ms] (/Game/MyMechanics/LanternBP.LanternBP)
[2017.03.23-12.00.04:116][ 39]Cmd: OBJ SAVEPACKAGE PACKAGE="/Game/MyMechanics/LanternBP" FILE="../../../../../../Users/User/Documents/repos/AI2/Content/MyMechanics/LanternBP.uasset" SILENT=true
[2017.03.23-12.00.04:150][ 39]LogSavePackage: Save=27.39ms
[2017.03.23-12.00.04:150][ 39]LogSavePackage: Moving '../../../../../../Users/User/Documents/repos/AI2/Saved/LanternBP4BC02AEC45C925DC198644AFDA83969E.tmp' to '../../../../../../Users/User/Documents/repos/AI2/Content/MyMechanics/LanternBP.uasset'
[2017.03.23-12.00.04:153][ 39]LogSavePackage:Display: Finished SavePackage ../../../../../../Users/User/Documents/repos/AI2/Content/MyMechanics/LanternBP.uasset
[2017.03.23-12.00.12:490][384]LogSavePackage: Save=169.41ms
[2017.03.23-12.00.12:490][384]LogSavePackage: Moving '../../../../../../Users/User/Documents/repos/AI2/Saved/TopDownExampleMap1FDA8391401997DE7ADAD3AB84A69467.tmp' to '../../../../../../Users/User/Documents/repos/AI2/Content/TopDownBP/Maps/TopDownExampleMap.umap'
[2017.03.23-12.00.12:497][384]LogSavePackage:Display: Finished SavePackage ../../../../../../Users/User/Documents/repos/AI2/Content/TopDownBP/Maps/TopDownExampleMap.umap
[2017.03.23-12.00.12:534][384]LogFileHelpers: Saving map 'TopDownExampleMap' took 1.711
[2017.03.23-12.00.12:688][384]LogActorComponent: UnregisterComponent: (/Engine/Transient.EditorFloorComp) Not registered. Aborting.
[2017.03.23-12.00.12:751][384]LogActorComponent: UnregisterComponent: (/Engine/Transient.EditorFloorComp) Not registered. Aborting.
[2017.03.23-12.00.12:814][384]LogActorComponent: UnregisterComponent: (/Engine/Transient.EditorFloorComp) Not registered. Aborting.
[2017.03.23-12.00.12:870][384]LogWindowsTextInputMethodSystem:Display: IME system now deactivated.
[2017.03.23-12.00.13:089][385]Cmd: QUIT_EDITOR
[2017.03.23-12.00.13:363][385]LogExit: Preparing to exit.
[2017.03.23-12.00.14:140][385]LogDirectoryWatcher: A directory notification for 'C:/Users/User/Documents/repos/AI2/Content/' was aborted.
[2017.03.23-12.00.14:196][385]LogExit: Editor shut down
[2017.03.23-12.00.14:197][385]LogExit: Transaction tracking system shut down
[2017.03.23-12.00.14:382][385]LogObj: Freed 0b from 0 cluster array pools.
[2017.03.23-12.00.14:383][385]LogExit: Object subsystem successfully closed.
[2017.03.23-12.00.14:414][385]LogD3D11RHI: Shutdown
[2017.03.23-12.00.14:414][385]LogD3D11RHI: CleanupD3DDevice
[2017.03.23-12.00.14:569][385]LogD3D11RHI: ~FD3D11DynamicRHI
[2017.03.23-12.00.14:602][385]LogModuleManager: Shutting down and abandoning module MovieSceneCapture (502)
[2017.03.23-12.00.14:602][385]LogModuleManager: Shutting down and abandoning module BlueprintGraph (500)
[2017.03.23-12.00.14:603][385]LogModuleManager: Shutting down and abandoning module BlueprintProfiler (498)
[2017.03.23-12.00.14:604][385]LogModuleManager: Shutting down and abandoning module HierarchicalLODOutliner (496)
[2017.03.23-12.00.14:604][385]LogModuleManager: Shutting down and abandoning module CrashTracker (494)
[2017.03.23-12.00.14:605][385]LogModuleManager: Shutting down and abandoning module SceneOutliner (492)
[2017.03.23-12.00.14:605][385]LogModuleManager: Shutting down and abandoning module AddContentDialog (490)
[2017.03.23-12.00.14:605][385]LogDirectoryWatcher: A directory notification for 'C:/Program Files/Epic Games/UE_4.15/FeaturePacks/' was aborted.
[2017.03.23-12.00.14:606][385]LogModuleManager: Shutting down and abandoning module WidgetCarousel (489)
[2017.03.23-12.00.14:606][385]LogModuleManager: Shutting down and abandoning module EditorWidgets (486)
[2017.03.23-12.00.14:606][385]LogModuleManager: Shutting down and abandoning module CollectionManager (484)
[2017.03.23-12.00.14:607][385]LogDirectoryWatcher: A directory notification for 'C:/Users/User/Documents/repos/AI2/Content/Collections/' was aborted.
[2017.03.23-12.00.14:607][385]LogDirectoryWatcher: A directory notification for 'C:/Users/User/Documents/repos/AI2/Content/Developers/User/Collections/' was aborted.
[2017.03.23-12.00.14:607][385]LogDirectoryWatcher: A directory notification for 'C:/Users/User/Documents/repos/AI2/Saved/Collections/' was aborted.
[2017.03.23-12.00.14:607][385]LogModuleManager: Shutting down and abandoning module StatsViewer (482)
[2017.03.23-12.00.14:608][385]LogModuleManager: Shutting down and abandoning module FoliageEdit (480)
[2017.03.23-12.00.14:608][385]LogModuleManager: Shutting down and abandoning module LandscapeEditor (478)
[2017.03.23-12.00.14:608][385]LogModuleManager: Shutting down and abandoning module SceneDepthPickerMode (476)
[2017.03.23-12.00.14:608][385]LogModuleManager: Shutting down and abandoning module ActorPickerMode (474)
[2017.03.23-12.00.14:608][385]LogModuleManager: Shutting down and abandoning module GeometryMode (472)
[2017.03.23-12.00.14:608][385]LogModuleManager: Shutting down and abandoning module TextureAlignMode (470)
[2017.03.23-12.00.14:608][385]LogModuleManager: Shutting down and abandoning module BspMode (468)
[2017.03.23-12.00.14:608][385]LogModuleManager: Shutting down and abandoning module HardwareSurvey (466)
[2017.03.23-12.00.14:608][385]LogModuleManager: Shutting down and abandoning module SequenceRecorderSections (464)
[2017.03.23-12.00.14:608][385]LogModuleManager: Shutting down and abandoning module AutomationWorker (462)
[2017.03.23-12.00.14:609][385]LogModuleManager: Shutting down and abandoning module MatineeToLevelSequence (460)
[2017.03.23-12.00.14:609][385]LogModuleManager: Shutting down and abandoning module LevelSequenceEditor (458)
[2017.03.23-12.00.14:611][385]LogModuleManager: Shutting down and abandoning module PlacementMode (457)
[2017.03.23-12.00.14:611][385]LogModuleManager: Shutting down and abandoning module WmfMediaFactory (454)
[2017.03.23-12.00.14:611][385]LogModuleManager: Shutting down and abandoning module WmfMediaEditor (452)
[2017.03.23-12.00.14:611][385]LogModuleManager: Shutting down and abandoning module MfMediaFactory (450)
[2017.03.23-12.00.14:611][385]LogModuleManager: Shutting down and abandoning module MfMediaEditor (448)
[2017.03.23-12.00.14:611][385]LogModuleManager: Shutting down and abandoning module AvfMediaFactory (446)
[2017.03.23-12.00.14:611][385]LogModuleManager: Shutting down and abandoning module AvfMediaEditor (444)
[2017.03.23-12.00.14:611][385]LogModuleManager: Shutting down and abandoning module AndroidMediaFactory (442)
[2017.03.23-12.00.14:611][385]LogModuleManager: Shutting down and abandoning module Media (441)
[2017.03.23-12.00.14:611][385]LogModuleManager: Shutting down and abandoning module AndroidMediaEditor (438)
[2017.03.23-12.00.14:611][385]LogModuleManager: Shutting down and abandoning module CharacterAI (436)
[2017.03.23-12.00.14:611][385]LogModuleManager: Shutting down and abandoning module AudioCapture (434)
[2017.03.23-12.00.14:611][385]LogModuleManager: Shutting down and abandoning module SequenceRecorder (433)
[2017.03.23-12.00.14:612][385]LogModuleManager: Shutting down and abandoning module SmartSnapping (430)
[2017.03.23-12.00.14:612][385]LogModuleManager: Shutting down and abandoning module SessionServices (428)
[2017.03.23-12.00.14:612][385]LogModuleManager: Shutting down and abandoning module ViewportSnapping (426)
[2017.03.23-12.00.14:612][385]LogModuleManager: Shutting down and abandoning module ViewportInteraction (424)
[2017.03.23-12.00.14:612][385]LogModuleManager: Shutting down and abandoning module LogVisualizer (422)
[2017.03.23-12.00.14:613][385]LogModuleManager: Shutting down and abandoning module IntroTutorials (420)
[2017.03.23-12.00.14:613][385]LogModuleManager: Shutting down and abandoning module GameProjectGeneration (419)
[2017.03.23-12.00.14:614][385]LogModuleManager: Shutting down and abandoning module EditorLiveStreaming (416)
[2017.03.23-12.00.14:614][385]LogModuleManager: Shutting down and abandoning module IOSPlatformEditor (414)
[2017.03.23-12.00.14:614][385]LogModuleManager: Shutting down and abandoning module HTML5PlatformEditor (412)
[2017.03.23-12.00.14:614][385]LogModuleManager: Shutting down and abandoning module AndroidPlatformEditor (410)
[2017.03.23-12.00.14:615][385]LogModuleManager: Shutting down and abandoning module AndroidDeviceDetection (409)
[2017.03.23-12.00.14:945][385]LogModuleManager: Shutting down and abandoning module IOSRuntimeSettings (406)
[2017.03.23-12.00.14:945][385]LogModuleManager: Shutting down and abandoning module AndroidRuntimeSettings (404)
[2017.03.23-12.00.14:945][385]LogModuleManager: Shutting down and abandoning module InputBindingEditor (402)
[2017.03.23-12.00.14:946][385]LogModuleManager: Shutting down and abandoning module NiagaraEditor (400)
[2017.03.23-12.00.14:948][385]LogModuleManager: Shutting down and abandoning module MergeActors (398)
[2017.03.23-12.00.14:949][385]LogModuleManager: Shutting down and abandoning module SizeMap (396)
[2017.03.23-12.00.14:949][385]LogModuleManager: Shutting down and abandoning module TreeMap (394)
[2017.03.23-12.00.14:950][385]LogModuleManager: Shutting down and abandoning module ReferenceViewer (392)
[2017.03.23-12.00.14:950][385]LogModuleManager: Shutting down and abandoning module LocalizationDashboard (390)
[2017.03.23-12.00.14:951][385]LogModuleManager: Shutting down and abandoning module LocalizationService (389)
[2017.03.23-12.00.14:951][385]LogModuleManager: Shutting down and abandoning module HardwareTargeting (386)
[2017.03.23-12.00.14:952][385]LogModuleManager: Shutting down and abandoning module DeviceProfileEditor (384)
[2017.03.23-12.00.14:953][385]LogModuleManager: Shutting down and abandoning module UndoHistory (382)
[2017.03.23-12.00.14:953][385]LogModuleManager: Shutting down and abandoning module UserFeedback (380)
[2017.03.23-12.00.14:953][385]LogModuleManager: Shutting down and abandoning module XmlParser (378)
[2017.03.23-12.00.14:953][385]LogModuleManager: Shutting down and abandoning module Blutility (376)
[2017.03.23-12.00.14:954][385]LogModuleManager: Shutting down and abandoning module ProjectSettingsViewer (374)
[2017.03.23-12.00.14:954][385]LogModuleManager: Shutting down and abandoning module ProjectTargetPlatformEditor (373)
[2017.03.23-12.00.14:954][385]LogModuleManager: Shutting down and abandoning module EditorSettingsViewer (370)
[2017.03.23-12.00.14:954][385]LogModuleManager: Shutting down and abandoning module SettingsEditor (368)
[2017.03.23-12.00.14:955][385]LogModuleManager: Shutting down and abandoning module ProjectLauncher (366)
[2017.03.23-12.00.14:955][385]LogModuleManager: Shutting down and abandoning module SessionFrontend (364)
[2017.03.23-12.00.14:956][385]LogModuleManager: Shutting down and abandoning module ProfilerClient (362)
[2017.03.23-12.00.14:956][385]LogModuleManager: Shutting down and abandoning module DeviceManager (360)
[2017.03.23-12.00.14:957][385]LogModuleManager: Shutting down and abandoning module TargetDeviceServices (359)
[2017.03.23-12.00.15:010][385]LogModuleManager: Shutting down and abandoning module AutomationController (356)
[2017.03.23-12.00.15:012][385]LogModuleManager: Shutting down and abandoning module AutomationWindow (354)
[2017.03.23-12.00.15:013][385]LogModuleManager: Shutting down and abandoning module Layers (352)
[2017.03.23-12.00.15:015][385]LogModuleManager: Shutting down and abandoning module ComponentVisualizers (350)
[2017.03.23-12.00.15:015][385]LogModuleManager: Shutting down and abandoning module DetailCustomizations (348)
[2017.03.23-12.00.15:016][385]LogModuleManager: Shutting down and abandoning module PackagesDialog (346)
[2017.03.23-12.00.15:016][385]LogModuleManager: Shutting down and abandoning module Persona (344)
[2017.03.23-12.00.15:017][385]LogModuleManager: Shutting down and abandoning module AnimGraph (343)
[2017.03.23-12.00.15:017][385]LogModuleManager: Shutting down and abandoning module Kismet (340)
[2017.03.23-12.00.15:026][385]LogModuleManager: Shutting down and abandoning module GraphEditor (338)
[2017.03.23-12.00.15:027][385]LogModuleManager: Shutting down and abandoning module ClassViewer (336)
[2017.03.23-12.00.15:028][385]LogModuleManager: Shutting down and abandoning module Toolbox (334)
[2017.03.23-12.00.15:028][385]LogModuleManager: Shutting down and abandoning module ModuleUI (332)
[2017.03.23-12.00.15:029][385]LogModuleManager: Shutting down and abandoning module MovieSceneTools (330)
[2017.03.23-12.00.15:029][385]LogModuleManager: Shutting down and abandoning module OutputLog (328)
[2017.03.23-12.00.15:030][385]LogModuleManager: Shutting down and abandoning module GammaUI (326)
[2017.03.23-12.00.15:030][385]LogModuleManager: Shutting down and abandoning module Documentation (324)
[2017.03.23-12.00.15:030][385]LogModuleManager: Shutting down and abandoning module Niagara (322)
[2017.03.23-12.00.15:030][385]LogModuleManager: Shutting down and abandoning module StreamingPauseRendering (320)
[2017.03.23-12.00.15:030][385]LogModuleManager: Shutting down and abandoning module AnalyticsET (318)
[2017.03.23-12.00.15:030][385]LogModuleManager: Shutting down and abandoning module PortalServices (316)
[2017.03.23-12.00.15:030][385]LogModuleManager: Shutting down and abandoning module PortalRpc (314)
[2017.03.23-12.00.15:030][385]LogModuleManager: Shutting down and abandoning module MessagingRpc (312)
[2017.03.23-12.00.15:030][385]LogModuleManager: Shutting down and abandoning module AIModule (310)
[2017.03.23-12.00.15:030][385]LogModuleManager: Shutting down and abandoning module GameplayDebugger (309)
[2017.03.23-12.00.15:031][385]LogModuleManager: Shutting down and abandoning module AITestSuite (307)
[2017.03.23-12.00.15:031][385]LogModuleManager: Shutting down and abandoning module ProfilerService (304)
[2017.03.23-12.00.15:039][385]LogModuleManager: Shutting down and abandoning module TaskGraph (302)
[2017.03.23-12.00.15:041][385]LogModuleManager: Shutting down and abandoning module SteamVRController (300)
[2017.03.23-12.00.15:041][385]LogModuleManager: Shutting down and abandoning module SteamVR (298)
[2017.03.23-12.00.15:041][385]LogModuleManager: Shutting down and abandoning module ProceduralMeshComponentEditor (296)
[2017.03.23-12.00.15:041][385]LogModuleManager: Shutting down and abandoning module ProceduralMeshComponent (294)
[2017.03.23-12.00.15:041][385]LogModuleManager: Shutting down and abandoning module OculusLibrary (292)
[2017.03.23-12.00.15:041][385]LogModuleManager: Shutting down and abandoning module OculusInput (290)
[2017.03.23-12.00.15:041][385]LogModuleManager: Shutting down and abandoning module MobilePatchingUtils (288)
[2017.03.23-12.00.15:041][385]LogModuleManager: Shutting down and abandoning module CustomMeshComponent (286)
[2017.03.23-12.00.15:041][385]LogModuleManager: Shutting down and abandoning module CableComponent (284)
[2017.03.23-12.00.15:041][385]LogModuleManager: Shutting down and abandoning module ArchVisCharacter (282)
[2017.03.23-12.00.15:041][385]LogModuleManager: Shutting down and abandoning module MediaPlayerEditor (278)
[2017.03.23-12.00.15:044][385]LogModuleManager: Shutting down and abandoning module HTML5Networking (276)
[2017.03.23-12.00.15:044][385]LogModuleManager: Shutting down and abandoning module AlembicImporter (274)
[2017.03.23-12.00.15:044][385]LogModuleManager: Shutting down and abandoning module AlembicLibrary (273)
[2017.03.23-12.00.15:044][385]LogModuleManager: Shutting down and abandoning module GeometryCache (272)
[2017.03.23-12.00.15:044][385]LogModuleManager: Shutting down and abandoning module GeometryCacheEd (271)
[2017.03.23-12.00.15:044][385]LogModuleManager: Shutting down and abandoning module SuperSearchEditor (266)
[2017.03.23-12.00.15:044][385]LogModuleManager: Shutting down and abandoning module SuperSearch (265)
[2017.03.23-12.00.15:044][385]LogModuleManager: Shutting down and abandoning module SpeedTreeImporter (262)
[2017.03.23-12.00.15:044][385]LogModuleManager: Shutting down and abandoning module PluginBrowser (260)
[2017.03.23-12.00.15:046][385]LogModuleManager: Shutting down and abandoning module MobileLauncherProfileWizard (258)
[2017.03.23-12.00.15:047][385]LogModuleManager: Shutting down and abandoning module EpicSurvey (256)
[2017.03.23-12.00.15:047][385]LogModuleManager: Shutting down and abandoning module VisualStudioSourceCodeAccess (254)
[2017.03.23-12.00.15:047][385]LogModuleManager: Shutting down and abandoning module DesktopPlatform (253)
[2017.03.23-12.00.15:047][385]LogModuleManager: Shutting down and abandoning module UObjectPlugin (250)
[2017.03.23-12.00.15:047][385]LogModuleManager: Shutting down and abandoning module SubversionSourceControl (248)
[2017.03.23-12.00.15:048][385]LogModuleManager: Shutting down and abandoning module PerforceSourceControl (246)
[2017.03.23-12.00.15:050][385]LogModuleManager: Shutting down and abandoning module GitSourceControl (244)
[2017.03.23-12.00.15:050][385]LogModuleManager: Shutting down and abandoning module SourceControl (243)
[2017.03.23-12.00.15:050][385]LogModuleManager: Shutting down and abandoning module LightPropagationVolumeEditor (240)
[2017.03.23-12.00.15:050][385]LogModuleManager: Shutting down and abandoning module PaperTiledImporter (238)
[2017.03.23-12.00.15:050][385]LogModuleManager: Shutting down and abandoning module PaperSpriteSheetImporter (236)
[2017.03.23-12.00.15:050][385]LogModuleManager: Shutting down and abandoning module Paper2DEditor (234)
[2017.03.23-12.00.15:051][385]LogModuleManager: Shutting down and abandoning module MeshPaint (233)
[2017.03.23-12.00.15:052][385]LogModuleManager: Shutting down and abandoning module LevelEditor (231)
[2017.03.23-12.00.15:053][385]LogModuleManager: Shutting down and abandoning module PixelInspectorModule (230)
[2017.03.23-12.00.15:054][385]LogModuleManager: Shutting down and abandoning module MainFrame (228)
[2017.03.23-12.00.15:054][385]LogModuleManager: Shutting down and abandoning module HotReload (227)
[2017.03.23-12.00.15:055][385]LogModuleManager: Shutting down and abandoning module ContentBrowser (223)
[2017.03.23-12.00.15:057][385]LogModuleManager: Shutting down and abandoning module PhysXVehiclesEditor (220)
[2017.03.23-12.00.15:057][385]LogModuleManager: Shutting down and abandoning module PhysXVehicles (218)
[2017.03.23-12.00.15:057][385]LogModuleManager: Shutting down and abandoning module LocationServicesBPLibrary (216)
[2017.03.23-12.00.15:057][385]LogModuleManager: Shutting down and abandoning module UdpMessaging (214)
[2017.03.23-12.00.15:157][385]LogModuleManager: Shutting down and abandoning module TcpMessaging (212)
[2017.03.23-12.00.15:258][385]LogModuleManager: Shutting down and abandoning module GameplayTagsEditor (210)
[2017.03.23-12.00.15:259][385]LogModuleManager: Shutting down and abandoning module FacialAnimationEditor (208)
[2017.03.23-12.00.15:259][385]LogModuleManager: Shutting down and abandoning module FacialAnimation (206)
[2017.03.23-12.00.15:259][385]LogModuleManager: Shutting down and abandoning module LightPropagationVolumeRuntime (204)
[2017.03.23-12.00.15:259][385]LogModuleManager: Shutting down and abandoning module Paper2D (202)
[2017.03.23-12.00.15:259][385]LogModuleManager: Shutting down and abandoning module WindowsMoviePlayer (200)
[2017.03.23-12.00.15:259][385]LogModuleManager: Shutting down and abandoning module WmfMedia (198)
[2017.03.23-12.00.15:260][385]LogModuleManager: Shutting down and abandoning module MfMedia (196)
[2017.03.23-12.00.15:260][385]LogModuleManager: Shutting down and abandoning module MediaAssets (194)
[2017.03.23-12.00.15:260][385]LogModuleManager: Shutting down and abandoning module GameLiveStreaming (192)
[2017.03.23-12.00.15:260][385]LogModuleManager: Shutting down and abandoning module VREditor (190)
[2017.03.23-12.00.15:260][385]LogModuleManager: Shutting down and abandoning module GameplayTasksEditor (188)
[2017.03.23-12.00.15:260][385]LogModuleManager: Shutting down and abandoning module BehaviorTreeEditor (186)
[2017.03.23-12.00.15:260][385]LogModuleManager: Shutting down and abandoning module FunctionalTesting (184)
[2017.03.23-12.00.15:260][385]LogModuleManager: Shutting down and abandoning module CollisionAnalyzer (182)
[2017.03.23-12.00.15:262][385]LogModuleManager: Shutting down and abandoning module UMG (180)
[2017.03.23-12.00.15:262][385]LogModuleManager: Shutting down and abandoning module UMGEditor (179)
[2017.03.23-12.00.15:264][385]LogModuleManager: Shutting down and abandoning module Sequencer (178)
[2017.03.23-12.00.15:265][385]LogModuleManager: Shutting down and abandoning module AssetTools (176)
[2017.03.23-12.00.15:267][385]LogModuleManager: Shutting down and abandoning module MessageLog (175)
[2017.03.23-12.00.15:267][385]LogModuleManager: Shutting down and abandoning module WorkspaceMenuStructure (174)
[2017.03.23-12.00.15:267][385]LogModuleManager: Shutting down and abandoning module SlateReflector (168)
[2017.03.23-12.00.15:269][385]LogModuleManager: Shutting down and abandoning module Slate (166)
[2017.03.23-12.00.15:269][385]LogModuleManager: Shutting down and abandoning module EditorStyle (164)
[2017.03.23-12.00.15:271][385]LogModuleManager: Shutting down and abandoning module SourceCodeAccess (162)
[2017.03.23-12.00.15:271][385]LogModuleManager: Shutting down and abandoning module HeadMountedDisplay (160)
[2017.03.23-12.00.15:271][385]LogModuleManager: Shutting down and abandoning module XAudio2 (158)
[2017.03.23-12.00.15:271][385]LogModuleManager: Shutting down and abandoning module Networking (156)
[2017.03.23-12.00.15:271][385]LogModuleManager: Shutting down and abandoning module Core (152)
[2017.03.23-12.00.15:271][385]LogModuleManager: Shutting down and abandoning module AssetRegistry (150)
[2017.03.23-12.00.15:426][385]LogDirectoryWatcher: A directory notification for '../../../Engine/Content/' was aborted.
[2017.03.23-12.00.15:426][385]LogDirectoryWatcher: A directory notification for '../../../../../../Users/User/Documents/repos/AI2/Content/' was aborted.
[2017.03.23-12.00.15:426][385]LogDirectoryWatcher: A directory notification for '../../../Engine/Plugins/2D/Paper2D/Content/' was aborted.
[2017.03.23-12.00.15:427][385]LogModuleManager: Shutting down and abandoning module DirectoryWatcher (149)
[2017.03.23-12.00.15:427][385]LogModuleManager: Shutting down and abandoning module KismetCompiler (146)
[2017.03.23-12.00.15:427][385]LogModuleManager: Shutting down and abandoning module PhysXFormats (144)
[2017.03.23-12.00.15:427][385]LogModuleManager: Shutting down and abandoning module MeshUtilities (142)
[2017.03.23-12.00.15:428][385]LogModuleManager: Shutting down and abandoning module SimplygonSwarm (141)
[2017.03.23-12.00.15:429][385]LogModuleManager: Shutting down and abandoning module SimplygonMeshReduction (139)
[2017.03.23-12.00.15:429][385]LogModuleManager: Shutting down and abandoning module QuadricMeshReduction (137)
[2017.03.23-12.00.15:429][385]LogModuleManager: Shutting down and abandoning module PropertyEditor (135)
[2017.03.23-12.00.15:429][385]LogModuleManager: Shutting down and abandoning module DerivedDataCache (132)
[2017.03.23-12.00.15:523][385]LogDerivedDataCache: Shutdown
[2017.03.23-12.00.15:523][385]LogModuleManager: Shutting down and abandoning module TargetPlatform (130)
[2017.03.23-12.00.15:523][385]LogModuleManager: Shutting down and abandoning module VulkanShaderFormat (129)
[2017.03.23-12.00.15:523][385]LogModuleManager: Shutting down and abandoning module ShaderFormatOpenGL (127)
[2017.03.23-12.00.15:524][385]LogModuleManager: Shutting down and abandoning module ShaderFormatD3D (125)
[2017.03.23-12.00.15:524][385]LogModuleManager: Shutting down and abandoning module MetalShaderFormat (123)
[2017.03.23-12.00.15:525][385]LogModuleManager: Shutting down and abandoning module TextureFormatUncompressed (121)
[2017.03.23-12.00.15:525][385]LogModuleManager: Shutting down and abandoning module TextureFormatPVR (119)
[2017.03.23-12.00.15:525][385]LogModuleManager: Shutting down and abandoning module TextureFormatDXT (117)
[2017.03.23-12.00.15:525][385]LogModuleManager: Shutting down and abandoning module TextureFormatIntelISPCTexComp (115)
[2017.03.23-12.00.15:525][385]LogModuleManager: Shutting down and abandoning module TextureFormatASTC (113)
[2017.03.23-12.00.15:525][385]LogModuleManager: Shutting down and abandoning module ImageWrapper (112)
[2017.03.23-12.00.15:525][385]LogModuleManager: Shutting down and abandoning module TextureFormatAndroid (109)
[2017.03.23-12.00.15:525][385]LogModuleManager: Shutting down and abandoning module AudioFormatOpus (107)
[2017.03.23-12.00.15:526][385]LogModuleManager: Shutting down and abandoning module AudioFormatOgg (105)
[2017.03.23-12.00.15:526][385]LogModuleManager: Shutting down and abandoning module AudioFormatADPCM (103)
[2017.03.23-12.00.15:526][385]LogModuleManager: Shutting down and abandoning module LinuxTargetPlatform (101)
[2017.03.23-12.00.15:526][385]LogModuleManager: Shutting down and abandoning module LinuxServerTargetPlatform (99)
[2017.03.23-12.00.15:526][385]LogModuleManager: Shutting down and abandoning module LinuxNoEditorTargetPlatform (97)
[2017.03.23-12.00.15:526][385]LogModuleManager: Shutting down and abandoning module LinuxClientTargetPlatform (95)
[2017.03.23-12.00.15:526][385]LogModuleManager: Shutting down and abandoning module TVOSTargetPlatform (93)
[2017.03.23-12.00.15:526][385]LogModuleManager: Shutting down and abandoning module Messaging (91)
[2017.03.23-12.00.15:526][385]LogModuleManager: Shutting down and abandoning module IOSTargetPlatform (89)
[2017.03.23-12.00.15:526][385]LogModuleManager: Shutting down and abandoning module HTML5TargetPlatform (87)
[2017.03.23-12.00.15:526][385]LogModuleManager: Shutting down and abandoning module Android_PVRTCTargetPlatform (85)
[2017.03.23-12.00.15:526][385]LogModuleManager: Shutting down and abandoning module Android_MultiTargetPlatform (83)
[2017.03.23-12.00.15:526][385]LogModuleManager: Shutting down and abandoning module Android_ETC2TargetPlatform (81)
[2017.03.23-12.00.15:526][385]LogModuleManager: Shutting down and abandoning module Android_ETC1TargetPlatform (79)
[2017.03.23-12.00.15:526][385]LogModuleManager: Shutting down and abandoning module Android_DXTTargetPlatform (77)
[2017.03.23-12.00.15:526][385]LogModuleManager: Shutting down and abandoning module Android_ATCTargetPlatform (75)
[2017.03.23-12.00.15:526][385]LogModuleManager: Shutting down and abandoning module Android_ASTCTargetPlatform (73)
[2017.03.23-12.00.15:526][385]LogModuleManager: Shutting down and abandoning module AndroidTargetPlatform (71)
[2017.03.23-12.00.15:526][385]LogModuleManager: Shutting down and abandoning module WindowsTargetPlatform (69)
[2017.03.23-12.00.15:526][385]LogModuleManager: Shutting down and abandoning module WindowsServerTargetPlatform (67)
[2017.03.23-12.00.15:526][385]LogModuleManager: Shutting down and abandoning module WindowsNoEditorTargetPlatform (65)
[2017.03.23-12.00.15:526][385]LogModuleManager: Shutting down and abandoning module WindowsClientTargetPlatform (63)
[2017.03.23-12.00.15:526][385]LogModuleManager: Shutting down and abandoning module MacTargetPlatform (61)
[2017.03.23-12.00.15:526][385]LogModuleManager: Shutting down and abandoning module MacServerTargetPlatform (59)
[2017.03.23-12.00.15:526][385]LogModuleManager: Shutting down and abandoning module MacNoEditorTargetPlatform (57)
[2017.03.23-12.00.15:526][385]LogModuleManager: Shutting down and abandoning module MacClientTargetPlatform (55)
[2017.03.23-12.00.15:526][385]LogModuleManager: Shutting down and abandoning module AllDesktopTargetPlatform (53)
[2017.03.23-12.00.15:526][385]LogModuleManager: Shutting down and abandoning module InputCore (50)
[2017.03.23-12.00.15:526][385]LogModuleManager: Shutting down and abandoning module Settings (48)
[2017.03.23-12.00.15:526][385]LogModuleManager: Shutting down and abandoning module OculusRift (46)
[2017.03.23-12.00.15:526][385]LogModuleManager: Shutting down and abandoning module ExampleDeviceProfileSelector (44)
[2017.03.23-12.00.15:526][385]LogModuleManager: Shutting down and abandoning module OnlineBlueprintSupport (42)
[2017.03.23-12.00.15:526][385]LogModuleManager: Shutting down and abandoning module OnlineSubsystem (38)
[2017.03.23-12.00.15:526][385]LogOnline:Display: Unloading online subsystem: NULL
[2017.03.23-12.00.15:528][385]LogModuleManager: Shutting down and abandoning module XMPP (37)
[2017.03.23-12.00.15:529][385]LogModuleManager: Shutting down and abandoning module HTTP (35)
[2017.03.23-12.00.15:529][385]LogHttp:Display: Http module shutting down, but needs to wait on 1 outstanding Http requests:
[2017.03.23-12.00.15:529][385]LogHttp:Display: 	verb=[POST] url=[https://datarouter.ol.epicgames.com/datarouter/api/v1/public/data?SessionID=%7B0FC0459E-46E7-1495-7ED4-7DBBE1C51256%7D&AppID=UEEditor.Rocket.Release&AppVersion=4.15.0-3299760%2B%2B%2BUE4%2BRelease-4.15&UserID=5e7d6ca74690510ca46c909825d52de5%7Cd6a339825f2e49b5942ba366a5857e29%7C0177c4a1-aeeb-4aec-8485-bd60c2a35847&AppEnvironment=datacollector-binary&UploadType=eteventstream] status=Processing
[2017.03.23-12.00.15:543][385]LogModuleManager: Shutting down and abandoning module SSL (34)
[2017.03.23-12.00.15:545][385]LogModuleManager: Shutting down and abandoning module AudioEditor (30)
[2017.03.23-12.00.15:546][385]LogModuleManager: Shutting down and abandoning module TextureCompressor (28)
[2017.03.23-12.00.15:546][385]LogModuleManager: Shutting down and abandoning module ShaderCore (26)
[2017.03.23-12.00.15:546][385]LogModuleManager: Shutting down and abandoning module Landscape (24)
[2017.03.23-12.00.15:546][385]LogModuleManager: Shutting down and abandoning module SlateRHIRenderer (22)
[2017.03.23-12.00.15:550][385]LogModuleManager: Shutting down and abandoning module OpenGLDrv (20)
[2017.03.23-12.00.15:551][385]LogModuleManager: Shutting down and abandoning module D3D11RHI (18)
[2017.03.23-12.00.15:551][385]LogModuleManager: Shutting down and abandoning module AnimGraphRuntime (16)
[2017.03.23-12.00.15:552][385]LogModuleManager: Shutting down and abandoning module Renderer (14)
[2017.03.23-12.00.15:552][385]LogModuleManager: Shutting down and abandoning module Engine (12)
[2017.03.23-12.00.15:552][385]LogModuleManager: Shutting down and abandoning module CoreUObject (10)
[2017.03.23-12.00.15:552][385]LogModuleManager: Shutting down and abandoning module NetworkFile (8)
[2017.03.23-12.00.15:552][385]LogModuleManager: Shutting down and abandoning module StreamingFile (6)
[2017.03.23-12.00.15:552][385]LogModuleManager: Shutting down and abandoning module SandboxFile (4)
[2017.03.23-12.00.15:552][385]LogModuleManager: Shutting down and abandoning module PakFile (2)
[2017.03.23-12.00.15:556][385]LogExit: Exiting.
[2017.03.23-12.00.15:559][385]Log file closed, 03/23/17 14:00:15
