Log file open, 04/11/17 13:09:58
LogInit:Display: Running engine for game: AI2
LogPlatformFile: Not using cached read wrapper
LogInit:Display: RandInit(1660965804) SRandInit(1660965804).
LogTaskGraph: Started task graph with 5 named threads and 8 total threads with 1 sets of task threads.
LogStats: Stats thread started at 0.506813
LogInit: Using libcurl 7.47.1
LogInit:  - built for x86_64-pc-win32
LogInit:  - supports SSL with OpenSSL/1.0.2g
LogInit:  - supports HTTP deflate (compression) using libz 1.2.8
LogInit:  - other features:
LogInit:      CURL_VERSION_SSL
LogInit:      CURL_VERSION_LIBZ
LogInit:      CURL_VERSION_IPV6
LogInit:      CURL_VERSION_ASYNCHDNS
LogInit:      CURL_VERSION_LARGEFILE
LogInit:      CURL_VERSION_IDN
LogInit:  CurlRequestOptions (configurable via config and command line):
LogInit:  - bVerifyPeer = false  - Libcurl will NOT verify peer certificate
LogInit:  - bUseHttpProxy = false  - Libcurl will NOT use HTTP proxy
LogInit:  - bDontReuseConnections = false  - Libcurl will reuse connections
LogInit:  - CertBundlePath = nullptr  - Libcurl will use whatever was configured at build time.
LogInit: Build: ++UE4+Release-4.15-CL-3299760
LogInit: Engine Version: 4.15.0-3299760+++UE4+Release-4.15
LogInit: Compatible Engine Version: 4.15.0-3299760+++UE4+Release-4.15
LogInit: Net CL: 3299760
LogDevObjectVersion: Number of dev versions registered: 14
LogDevObjectVersion:   Dev-Blueprints (B0D832E4-1F89-4F0D-ACCF-7EB736FD4AA2): 8
LogDevObjectVersion:   Dev-Build (E1C64328-A22C-4D53-A36C-8E866417BD8C): 0
LogDevObjectVersion:   Dev-Core (375EC13C-06E4-48FB-B500-84F0262A717E): 2
LogDevObjectVersion:   Dev-Editor (E4B068ED-F494-42E9-A231-DA0B2E46BB41): 14
LogDevObjectVersion:   Dev-Framework (CFFC743F-43B0-4480-9391-14DF171D2073): 22
LogDevObjectVersion:   Dev-Mobile (B02B49B5-BB20-44E9-A304-32B752E40360): 0
LogDevObjectVersion:   Dev-Networking (A4E4105C-59A1-49B5-A7C5-40C4547EDFEE): 0
LogDevObjectVersion:   Dev-Online (39C831C9-5AE6-47DC-9A44-9C173E1C8E7C): 0
LogDevObjectVersion:   Dev-Physics (78F01B33-EBEA-4F98-B9B4-84EACCB95AA2): 0
LogDevObjectVersion:   Dev-Platform (6631380F-2D4D-43E0-8009-CF276956A95A): 0
LogDevObjectVersion:   Dev-Rendering (12F88B9F-8875-4AFC-A67C-D90C383ABD29): 12
LogDevObjectVersion:   Dev-Sequencer (7B5AE74C-D270-4C10-A958-57980B212A5A): 3
LogDevObjectVersion:   Dev-VR (D7296918-1DD6-4BDD-9DE2-64A83CC13884): 0
LogDevObjectVersion:   Dev-LoadTimes (C2A15278-BFE7-4AFE-6C17-90FF531DF755): 1
LogInit: Compiled (64-bit): Feb 14 2017 02:04:14
LogInit: Compiled with Visual C++: 19.00.23026.00
LogInit: Build Configuration: Development
LogInit: Branch Name: ++UE4+Release-4.15
LogInit: Command line:  
LogInit: Base directory: C:/Program Files/Epic Games/UE_4.15/Engine/Binaries/Win64/
LogInit: Installed Engine Build: 1
LogInit: Presizing for max 8388607 objects, including 0 objects not considered by GC, pre-allocating 0 bytes for permanent pool.
LogInit: Object subsystem initialized
[2017.04.11-10.09.58:947][  0]LogInit: Selected Device Profile: [Windows]
[2017.04.11-10.09.58:947][  0]LogInit: Applying CVar settings loaded from the selected device profile: [Windows]
[2017.04.11-10.09.58:980][  0]LogInit: Computer: TEO
[2017.04.11-10.09.58:980][  0]LogInit: User: User
[2017.04.11-10.09.58:980][  0]LogInit: CPU Page size=65536, Cores=4
[2017.04.11-10.09.58:980][  0]LogInit: High frequency timer resolution =3.421875 MHz
[2017.04.11-10.09.58:981][  0]LogMemory: Memory total: Physical=15.9GB (16GB approx)
[2017.04.11-10.09.58:981][  0]LogMemory: Platform Memory Stats for Windows
[2017.04.11-10.09.58:981][  0]LogMemory: Process Physical Memory: 263.70 MB used, 263.70 MB peak
[2017.04.11-10.09.58:981][  0]LogMemory: Process Virtual Memory: 262.39 MB used, 262.39 MB peak
[2017.04.11-10.09.58:981][  0]LogMemory: Physical Memory: 7442.41 MB used,  8869.90 MB free, 16312.32 MB total
[2017.04.11-10.09.58:981][  0]LogMemory: Virtual Memory: 643.64 MB used,  8869.90 MB free, 134217728.00 MB total
[2017.04.11-10.09.59:364][  0]LogTextLocalizationManager: No translations for ('uk-UA') exist, falling back to 'en' for localization and internationalization data.
[2017.04.11-10.10.01:574][  0]LogD3D11RHI: D3D11 adapters:
[2017.04.11-10.10.02:105][  0]LogD3D11RHI:    0. 'NVIDIA GeForce GTX 970' (Feature Level 11_0)
[2017.04.11-10.10.02:105][  0]LogD3D11RHI:       4059/0/8156 MB DedicatedVideo/DedicatedSystem/SharedSystem, Outputs:1, VendorId:0x10de
[2017.04.11-10.10.02:107][  0]LogD3D11RHI:    1. 'Microsoft Basic Render Driver' (Feature Level 11_0)
[2017.04.11-10.10.02:107][  0]LogD3D11RHI:       0/0/8156 MB DedicatedVideo/DedicatedSystem/SharedSystem, Outputs:0, VendorId:0x1414
[2017.04.11-10.10.02:107][  0]LogD3D11RHI: Chosen D3D11 Adapter: 0
[2017.04.11-10.10.02:115][  0]LogD3D11RHI: Creating new Direct3DDevice
[2017.04.11-10.10.02:115][  0]LogD3D11RHI:     GPU DeviceId: 0x13c2 (for the marketing name, search the web for "GPU Device Id")
[2017.04.11-10.10.02:115][  0]LogWindows: EnumDisplayDevices:
[2017.04.11-10.10.02:115][  0]LogWindows:    0. 'NVIDIA GeForce GTX 970' (P:1 D:1)
[2017.04.11-10.10.02:115][  0]LogWindows:    1. 'NVIDIA GeForce GTX 970' (P:0 D:0)
[2017.04.11-10.10.02:115][  0]LogWindows:    2. 'NVIDIA GeForce GTX 970' (P:0 D:0)
[2017.04.11-10.10.02:115][  0]LogWindows:    3. 'NVIDIA GeForce GTX 970' (P:0 D:0)
[2017.04.11-10.10.02:115][  0]LogWindows: DebugString: FoundDriverCount:4 
[2017.04.11-10.10.02:115][  0]LogD3D11RHI:     Adapter Name: NVIDIA GeForce GTX 970
[2017.04.11-10.10.02:115][  0]LogD3D11RHI:   Driver Version: 378.92 (internal:21.21.13.7892, unified:378.92)
[2017.04.11-10.10.02:115][  0]LogD3D11RHI:      Driver Date: 3-16-2017
[2017.04.11-10.10.02:115][  0]LogRHI: Texture pool is 1361 MB (70% of 1945 MB)
[2017.04.11-10.10.02:627][  0]LogD3D11RHI: Async texture creation enabled
[2017.04.11-10.10.02:685][  0]LogD3D11RHI: GPU Timing Frequency: 1000.000000 (Debug: 2 1)
[2017.04.11-10.10.02:737][  0]LogShaderCompilers: Guid format shader working directory is -4 characters bigger than the processId version (../../../../../../Users/User/Documents/repos/AI2/Intermediate/Shaders/WorkingDirectory/11372/).
[2017.04.11-10.10.02:737][  0]LogShaderCompilers: Cleaned the shader compiler working directory 'C:/Users/User/AppData/Local/Temp/UnrealShaderWorkingDir/33EC57EF401F3B876A543188E5CC50F7/'.
[2017.04.11-10.10.02:737][  0]LogShaderCompilers:Display: Using Local Shader Compiler.
[2017.04.11-10.10.05:296][  0]LogTemp:Display: Loaded TP AllDesktopTargetPlatform
[2017.04.11-10.10.05:348][  0]LogTemp:Display: Loaded TP MacClientTargetPlatform
[2017.04.11-10.10.05:401][  0]LogTemp:Display: Loaded TP MacNoEditorTargetPlatform
[2017.04.11-10.10.05:452][  0]LogTemp:Display: Loaded TP MacServerTargetPlatform
[2017.04.11-10.10.05:511][  0]LogTemp:Display: Loaded TP MacTargetPlatform
[2017.04.11-10.10.05:564][  0]LogTemp:Display: Loaded TP WindowsClientTargetPlatform
[2017.04.11-10.10.05:616][  0]LogTemp:Display: Loaded TP WindowsNoEditorTargetPlatform
[2017.04.11-10.10.05:667][  0]LogTemp:Display: Loaded TP WindowsServerTargetPlatform
[2017.04.11-10.10.05:711][  0]LogTemp:Display: Loaded TP WindowsTargetPlatform
[2017.04.11-10.10.05:771][  0]LogTemp:Display: Loaded TP AndroidTargetPlatform
[2017.04.11-10.10.05:825][  0]LogTemp:Display: Loaded TP Android_ASTCTargetPlatform
[2017.04.11-10.10.05:877][  0]LogTemp:Display: Loaded TP Android_ATCTargetPlatform
[2017.04.11-10.10.05:930][  0]LogTemp:Display: Loaded TP Android_DXTTargetPlatform
[2017.04.11-10.10.05:980][  0]LogTemp:Display: Loaded TP Android_ETC1TargetPlatform
[2017.04.11-10.10.06:033][  0]LogTemp:Display: Loaded TP Android_ETC2TargetPlatform
[2017.04.11-10.10.06:132][  0]LogTemp:Display: Loaded TP Android_MultiTargetPlatform
[2017.04.11-10.10.06:133][  0]LogTemp:Display: Loaded TP Android_PVRTCTargetPlatform
[2017.04.11-10.10.06:172][  0]LogTemp:Display: Loaded TP HTML5TargetPlatform
[2017.04.11-10.10.06:293][  0]LogTemp:Display: Loaded TP IOSTargetPlatform
[2017.04.11-10.10.06:327][  0]LogTemp:Display: Loaded TP TVOSTargetPlatform
[2017.04.11-10.10.06:379][  0]LogTemp:Display: Loaded TP LinuxClientTargetPlatform
[2017.04.11-10.10.06:431][  0]LogTemp:Display: Loaded TP LinuxNoEditorTargetPlatform
[2017.04.11-10.10.06:481][  0]LogTemp:Display: Loaded TP LinuxServerTargetPlatform
[2017.04.11-10.10.06:538][  0]LogTemp:Display: Loaded TP LinuxTargetPlatform
[2017.04.11-10.10.06:538][  0]LogTargetPlatformManager:Display: Building Assets For Windows
[2017.04.11-10.10.07:258][  0]LogDerivedDataCache:Display: Max Cache Size: 512 MB
[2017.04.11-10.10.07:664][  0]LogDerivedDataCache: Loaded boot cache 0.41s 50MB C:/Users/User/AppData/Local/UnrealEngine/4.15/DerivedDataCache/Boot.ddc.
[2017.04.11-10.10.07:664][  0]LogDerivedDataCache:Display: Loaded Boot cache: C:/Users/User/AppData/Local/UnrealEngine/4.15/DerivedDataCache/Boot.ddc
[2017.04.11-10.10.07:664][  0]LogDerivedDataCache: FDerivedDataBackendGraph:  Pak pak cache file ../../../../../../Users/User/Documents/repos/AI2/DerivedDataCache/DDC.ddp not found, will not use a pak cache.
[2017.04.11-10.10.07:664][  0]LogDerivedDataCache: Unable to find inner node Pak for hierarchical cache Hierarchy.
[2017.04.11-10.10.07:665][  0]LogDerivedDataCache: FDerivedDataBackendGraph:  CompressedPak pak cache file ../../../../../../Users/User/Documents/repos/AI2/DerivedDataCache/Compressed.ddp not found, will not use a pak cache.
[2017.04.11-10.10.07:665][  0]LogDerivedDataCache: Unable to find inner node CompressedPak for hierarchical cache Hierarchy.
[2017.04.11-10.10.07:692][  0]LogDerivedDataCache:Display: Pak cache opened for reading ../../../Engine/DerivedDataCache/Compressed.ddp.
[2017.04.11-10.10.07:705][  0]LogDerivedDataCache: Using Local data cache path C:/Users/User/AppData/Local/UnrealEngine/Common/DerivedDataCache: Writable
[2017.04.11-10.10.07:727][  0]LogSlate: Using Freetype 2.6.0
[2017.04.11-10.10.07:741][  0]LogSlate: SlateFontCache - WITH_FREETYPE: 1, WITH_HARFBUZZ: 1
[2017.04.11-10.10.07:741][  0]LogSlate: SlateFontCache - WITH_FREETYPE: 1, WITH_HARFBUZZ: 1
[2017.04.11-10.10.11:196][  0]LogInit: Selected Device Profile: [Windows]
[2017.04.11-10.10.11:210][  0]LogContentStreaming: Texture pool size is 0.00 MB
[2017.04.11-10.10.11:498][  0]LogMeshUtilities: Using QuadricMeshReduction for automatic static mesh reduction
[2017.04.11-10.10.11:553][  0]LogSimplygon: Simplygon DLL not present - disabling.
[2017.04.11-10.10.11:600][  0]LogMeshUtilities: Using SimplygonSwarm for distributed automatic mesh merging
[2017.04.11-10.10.11:600][  0]LogMeshUtilities: No automatic skeletal mesh reduction module available
[2017.04.11-10.10.11:600][  0]LogMeshUtilities: No automatic mesh merging module available
[2017.04.11-10.10.13:260][  0]LogNetVersion: GetLocalNetworkVersion: CL: 3299760, ProjectName: ai2, ProjectVersion: , EngineNetworkVersion: 2, GameNetworkVersion: 0, NetworkChecksum: 2085093951
[2017.04.11-10.10.13:320][  0]LogAssetRegistry: FAssetRegistry took 0.0248 seconds to start up
[2017.04.11-10.10.13:383][  0]LogPackageLocalizationCache: Processed 3 localized package path(s) for 1 prioritized culture(s) in 0.030314 seconds
[2017.04.11-10.10.13:392][  0]LogUObjectArray: 32475 objects as part of root set at end of initial load.
[2017.04.11-10.10.13:392][  0]LogUObjectAllocator: 7073368 out of 0 bytes used by permanent object pool.
[2017.04.11-10.10.13:392][  0]LogUObjectArray: CloseDisregardForGC: 0/0 objects in disregard for GC pool
[2017.04.11-10.10.13:457][  0]LogInit: WinSock: version 1.1 (2.2), MaxSocks=32767, MaxUdp=65467
[2017.04.11-10.10.16:766][  0]LogTcpMessaging: Initializing TcpMessaging bridge
[2017.04.11-10.10.16:809][  0]LogUdpMessaging: Initializing bridge on interface 0.0.0.0:0 to multicast group 230.0.0.1:6666.
[2017.04.11-10.10.17:494][  0]LogMaterial: Uniform references updated for custom material expression Custom.
[2017.04.11-10.10.18:039][  0]SourceControl: Info Source control is disabled
[2017.04.11-10.10.18:158][  0]SourceControl: Info Source control is disabled
[2017.04.11-10.10.18:214][  0]SourceControl: Info Source control is disabled
[2017.04.11-10.10.18:262][  0]SourceControl: Info Source control is disabled
[2017.04.11-10.10.19:817][  0]LogEngine: Initializing Engine...
[2017.04.11-10.10.20:268][  0]LogHMD: Failed to initialize OpenVR with code 108
[2017.04.11-10.10.20:835][  0]LogAIModule: Creating AISystem for world Untitled
[2017.04.11-10.10.20:871][  0]LogInit: XAudio2 using 'Speakers (3- High Definition Audio Device)' : 2 channels at 44.1 kHz using 16 bits per sample (channel mask 0x3)
[2017.04.11-10.10.20:890][  0]LogInit: FAudioDevice initialized.
[2017.04.11-10.10.20:934][  0]LogDerivedDataCache: Saved boot cache 0.04s 50MB C:/Users/User/AppData/Local/UnrealEngine/4.15/DerivedDataCache/Boot.ddc.
[2017.04.11-10.10.20:949][  0]LogInit: Texture streaming: Enabled
[2017.04.11-10.10.21:170][  0]LogEngineSessionManager: EngineSessionManager initialized
[2017.04.11-10.10.21:290][  0]LogInit: Transaction tracking system initialized
[2017.04.11-10.10.21:731][  0]BlueprintLog: New page: Editor Load
[2017.04.11-10.10.22:949][  0]LocalizationService: Info Localization service is disabled
[2017.04.11-10.10.23:723][  0]LogConsoleResponse:Display: 
[2017.04.11-10.10.24:230][  0]LogCook:Display: Max memory allowance for cook 16384mb min free memory 0mb
[2017.04.11-10.10.24:230][  0]LogCook:Display: Mobile HDR setting 1
[2017.04.11-10.10.24:714][  0]LogFileCache: Scanning file cache for directory 'C:/Users/User/Documents/repos/AI2/Content/' took 0.02s
[2017.04.11-10.10.25:468][  0]SourceControl: Info Source control is disabled
[2017.04.11-10.10.25:471][  0]Cmd: MAP LOAD FILE="../../../../../../Users/User/Documents/repos/AI2/Content/TopDownBP/Maps/TopDownExampleMap.umap" TEMPLATE=0 SHOWPROGRESS=1 FEATURELEVEL=3
[2017.04.11-10.10.25:473][  0]LightingResults: New page: Lighting Build
[2017.04.11-10.10.25:527][  0]MapCheck: New page: Map Check
[2017.04.11-10.10.25:527][  0]LightingResults: New page: Lighting Build
[2017.04.11-10.10.26:989][  0]LogAIModule: Creating AISystem for world TopDownExampleMap
[2017.04.11-10.10.27:047][  0]LogEditorServer: Finished looking for orphan Actors (0.000 secs)
[2017.04.11-10.10.27:051][  0]Cmd: MAP CHECKDEP NOCLEARLOG
[2017.04.11-10.10.27:105][  0]MapCheck: Info Map check complete: 0 Error(s), 0 Warning(s), took 53.217ms to complete.
[2017.04.11-10.10.27:105][  0]LogFileHelpers: Loading map 'TopDownExampleMap' took 1.635
[2017.04.11-10.10.27:199][  0]LogWindowsTextInputMethodSystem:Display: IME system now deactivated.
[2017.04.11-10.10.27:411][  0]LogCollectionManager: Loaded 0 collections in 0.001514 seconds
[2017.04.11-10.10.27:509][  0]LogFileCache: Scanning file cache for directory 'C:/Users/User/Documents/repos/AI2/Saved/Collections/' took 0.01s
[2017.04.11-10.10.27:509][  0]LogFileCache: Scanning file cache for directory 'C:/Users/User/Documents/repos/AI2/Content/Developers/User/Collections/' took 0.01s
[2017.04.11-10.10.27:509][  0]LogFileCache: Scanning file cache for directory 'C:/Users/User/Documents/repos/AI2/Content/Collections/' took 0.01s
[2017.04.11-10.10.27:509][  0]LogCollectionManager: Rebuilt the GUID cache for 0 collections in 0.000002 seconds
[2017.04.11-10.10.27:523][  0]LogContentBrowser: Native class hierarchy populated in 0.0109 seconds. Added 2244 classes and 450 folders.
[2017.04.11-10.10.27:532][  0]LogStats: UGameplayTagsManager::ConstructGameplayTagTree: Construct from data asset -  0.000 s
[2017.04.11-10.10.27:533][  0]LogStats: UGameplayTagsManager::ConstructGameplayTagTree: GameplayTagTreeChangedEvent.Broadcast -  0.000 s
[2017.04.11-10.10.27:600][  0]LogContentBrowser: Native class hierarchy updated for 'WidgetCarousel' in 0.0007 seconds. Added 0 classes and 0 folders.
[2017.04.11-10.10.27:944][  0]LogContentBrowser: Native class hierarchy updated for 'AddContentDialog' in 0.0005 seconds. Added 0 classes and 0 folders.
[2017.04.11-10.10.28:046][  0]LogContentBrowser: Native class hierarchy updated for 'SceneOutliner' in 0.0005 seconds. Added 1 classes and 2 folders.
[2017.04.11-10.10.28:153][  0]LogCrashTracker: Crashtracker disabled due to settings.
[2017.04.11-10.10.28:175][  0]LogUObjectGlobals:Warning: Failed to find object 'Class None.'
[2017.04.11-10.10.28:251][  0]LogContentBrowser: Native class hierarchy updated for 'HierarchicalLODOutliner' in 0.0006 seconds. Added 1 classes and 2 folders.
[2017.04.11-10.10.28:252][  0]LogLoad: (Engine Initialization) Total time: 33.45 seconds
[2017.04.11-10.10.28:252][  0]LogLoad: (Engine Initialization) Total Blueprint compile time: 0.39 seconds
[2017.04.11-10.10.28:252][  0]LogExternalProfiler: Found external profiler: VSPerf
[2017.04.11-10.10.28:252][  0]LogExternalProfiler: Using external profiler: VSPerf
[2017.04.11-10.10.28:263][  0]LogOcInput: OculusInput pre-init called
[2017.04.11-10.10.28:295][  0]LogContentStreaming: Texture pool size now 1000 MB
[2017.04.11-10.10.28:308][  0]LogSlate: Took 0.005543 seconds to synchronously load lazily loaded font '../../../Engine/Content/Slate/Fonts/Roboto-Regular.ttf' (155K)
[2017.04.11-10.10.28:319][  0]LogSlate: Took 0.006191 seconds to synchronously load lazily loaded font '../../../Engine/Content/Slate/Fonts/Roboto-Bold.ttf' (160K)
[2017.04.11-10.10.28:332][  0]LogSlate: Took 0.006031 seconds to synchronously load lazily loaded font '../../../Engine/Content/Editor/Slate/Fonts/FontAwesome.ttf' (139K)
[2017.04.11-10.10.28:557][  0]LogSlate: Took 0.005955 seconds to synchronously load lazily loaded font '../../../Engine/Content/Slate/Fonts/Roboto-Light.ttf' (159K)
[2017.04.11-10.10.28:595][  0]LogRenderer: Reallocating scene render targets to support 1092x672 NumSamples 1 (Frame:2).
[2017.04.11-10.10.28:792][  1]LogAssetRegistry: Asset discovery search completed in 15.4948 seconds
[2017.04.11-10.10.28:793][  1]LogCollectionManager: Rebuilt the object cache for 0 collections in 0.000011 seconds (found 0 objects)
[2017.04.11-10.10.28:793][  1]LogCollectionManager: Fixed up redirectors for 0 collections in 0.000028 seconds (updated 0 objects)
[2017.04.11-10.10.29:334][ 23]LogSlate: Took 0.000183 seconds to synchronously load lazily loaded font '../../../Engine/Content/Slate/Fonts/Roboto-Light.ttf' (159K)
[2017.04.11-10.10.29:890][ 23]LogContentBrowser: Native class hierarchy updated for 'BlueprintGraph' in 0.0009 seconds. Added 112 classes and 0 folders.
[2017.04.11-10.10.38:941][756]LogSlate: Took 0.000187 seconds to synchronously load lazily loaded font '../../../Engine/Content/Slate/Fonts/Roboto-Light.ttf' (159K)
[2017.04.11-10.10.41:587][ 12]LogSlate: Took 0.005398 seconds to synchronously load lazily loaded font '../../../Engine/Content/Editor/Slate/Fonts/Roboto-BoldCondensed.ttf' (158K)
[2017.04.11-10.10.41:708][ 13]LogSlate: Took 0.005425 seconds to synchronously load lazily loaded font '../../../Engine/Content/Editor/Slate/Fonts/Roboto-Italic.ttf' (157K)
[2017.04.11-10.12.47:976][862]LogEditorViewport: Clicking on Actor (LMB): StaticMeshActor (Floor)
[2017.04.11-10.14.02:475][129]LogWindowsTextInputMethodSystem:Display: IME system now deactivated.
[2017.04.11-10.14.02:475][129]LogWindowsTextInputMethodSystem:Display: IME system now deactivated.
[2017.04.11-10.14.03:061][190]LogWindowsTextInputMethodSystem:Display: IME system now deactivated.
[2017.04.11-10.14.03:061][190]LogWindowsTextInputMethodSystem:Display: IME system now deactivated.
[2017.04.11-10.14.11:118][951]LogEditorViewport: Clicking on Actor (LMB): StaticMeshActor (Floor)
[2017.04.11-10.14.13:598][132]LogSavePackage: Save=203.76ms
[2017.04.11-10.14.13:598][132]LogSavePackage: Moving '../../../../../../Users/User/Documents/repos/AI2/Saved/TopDownExampleMap11394A1D42B3F0795683448650EB4986.tmp' to '../../../../../../Users/User/Documents/repos/AI2/Content/TopDownBP/Maps/TopDownExampleMap.umap'
[2017.04.11-10.14.13:608][132]LogSavePackage:Display: Finished SavePackage ../../../../../../Users/User/Documents/repos/AI2/Content/TopDownBP/Maps/TopDownExampleMap.umap
[2017.04.11-10.14.13:808][132]LogSavePackage: Save=140.06ms
[2017.04.11-10.14.13:809][132]LogSavePackage: Moving '../../../../../../Users/User/Documents/repos/AI2/Saved/TopDownExampleMap_BuiltData1DEE1C70400901968D8E6396CF00E3C2.tmp' to '../../../../../../Users/User/Documents/repos/AI2/Content/TopDownBP/Maps/TopDownExampleMap_BuiltData.uasset'
[2017.04.11-10.14.13:811][132]LogSavePackage:Display: Finished SavePackage ../../../../../../Users/User/Documents/repos/AI2/Content/TopDownBP/Maps/TopDownExampleMap_BuiltData.uasset
[2017.04.11-10.14.16:754][385]LogTemp: Repeting last play command: Selected Viewport
[2017.04.11-10.14.16:791][385]LogBlueprintUserMessages: Early PlayInEditor Detection: Level '/Game/TopDownBP/Maps/TopDownExampleMap.TopDownExampleMap:PersistentLevel' has LevelScriptBlueprint '/Game/TopDownBP/Maps/TopDownExampleMap.TopDownExampleMap:PersistentLevel.TopDownExampleMap' with GeneratedClass '/Game/TopDownBP/Maps/TopDownExampleMap.TopDownExampleMap_C' with ClassGeneratedBy '/Game/TopDownBP/Maps/TopDownExampleMap.TopDownExampleMap:PersistentLevel.TopDownExampleMap'
[2017.04.11-10.14.16:807][385]LogPlayLevel: PlayLevel: No blueprints needed recompiling
[2017.04.11-10.14.16:811][385]PIE: New page: PIE session: TopDownExampleMap (Apr 11, 2017, 4:14:16 PM)
[2017.04.11-10.14.16:811][385]LogPlayLevel: Creating play world package: /Game/TopDownBP/Maps/UEDPIE_0_TopDownExampleMap
[2017.04.11-10.14.16:851][385]LogPlayLevel: PIE: StaticDuplicateObject took: (0.040024s)
[2017.04.11-10.14.16:853][385]LogAIModule: Creating AISystem for world TopDownExampleMap
[2017.04.11-10.14.16:854][385]LogPlayLevel: PIE: World Init took: (0.002061s)
[2017.04.11-10.14.16:855][385]LogPlayLevel: PIE: Created PIE world by copying editor world from /Game/TopDownBP/Maps/TopDownExampleMap.TopDownExampleMap to /Game/TopDownBP/Maps/UEDPIE_0_TopDownExampleMap.TopDownExampleMap (0.043659s)
[2017.04.11-10.14.16:893][385]LogInit: XAudio2 using 'Speakers (3- High Definition Audio Device)' : 2 channels at 44.1 kHz using 16 bits per sample (channel mask 0x3)
[2017.04.11-10.14.16:902][385]LogInit: FAudioDevice initialized.
[2017.04.11-10.14.16:970][385]LogLoad: Game class is 'TopDownGameMode_C'
[2017.04.11-10.14.16:982][385]LogWorld: Bringing World /Game/TopDownBP/Maps/UEDPIE_0_TopDownExampleMap.TopDownExampleMap up for play (max tick rate 0) at 2017.04.11-13.14.16
[2017.04.11-10.14.17:001][385]LogWorld: Bringing up level for play took: 0.023229
[2017.04.11-10.14.17:050][385]LogContentBrowser: Native class hierarchy updated for 'MovieSceneCapture' in 0.0006 seconds. Added 11 classes and 0 folders.
[2017.04.11-10.14.17:058][385]PIE: Info Play in editor start time for /Game/TopDownBP/Maps/UEDPIE_0_TopDownExampleMap -0.102
[2017.04.11-10.14.17:058][385]LogBlueprintUserMessages: Late PlayInEditor Detection: Level '/Game/TopDownBP/Maps/TopDownExampleMap.TopDownExampleMap:PersistentLevel' has LevelScriptBlueprint '/Game/TopDownBP/Maps/TopDownExampleMap.TopDownExampleMap:PersistentLevel.TopDownExampleMap' with GeneratedClass '/Game/TopDownBP/Maps/TopDownExampleMap.TopDownExampleMap_C' with ClassGeneratedBy '/Game/TopDownBP/Maps/TopDownExampleMap.TopDownExampleMap:PersistentLevel.TopDownExampleMap'
[2017.04.11-10.17.28:260][288]LogBlueprintUserMessages: Early EndPlayMap Detection: Level '/Game/TopDownBP/Maps/TopDownExampleMap.TopDownExampleMap:PersistentLevel' has LevelScriptBlueprint '/Game/TopDownBP/Maps/TopDownExampleMap.TopDownExampleMap:PersistentLevel.TopDownExampleMap' with GeneratedClass '/Game/TopDownBP/Maps/TopDownExampleMap.TopDownExampleMap_C' with ClassGeneratedBy '/Game/TopDownBP/Maps/TopDownExampleMap.TopDownExampleMap:PersistentLevel.TopDownExampleMap'
[2017.04.11-10.17.28:356][288]LogBlueprintUserMessages: Late EndPlayMap Detection: Level '/Game/TopDownBP/Maps/TopDownExampleMap.TopDownExampleMap:PersistentLevel' has LevelScriptBlueprint '/Game/TopDownBP/Maps/TopDownExampleMap.TopDownExampleMap:PersistentLevel.TopDownExampleMap' with GeneratedClass '/Game/TopDownBP/Maps/TopDownExampleMap.TopDownExampleMap_C' with ClassGeneratedBy '/Game/TopDownBP/Maps/TopDownExampleMap.TopDownExampleMap:PersistentLevel.TopDownExampleMap'
[2017.04.11-10.17.33:835][744]LogSavePackage: Save=191.33ms
[2017.04.11-10.17.33:835][744]LogSavePackage: Moving '../../../../../../Users/User/Documents/repos/AI2/Saved/TopDownExampleMap1D7D130442BA6FD9673E85A815DD9544.tmp' to '../../../../../../Users/User/Documents/repos/AI2/Content/TopDownBP/Maps/TopDownExampleMap.umap'
[2017.04.11-10.17.33:838][744]LogSavePackage:Display: Finished SavePackage ../../../../../../Users/User/Documents/repos/AI2/Content/TopDownBP/Maps/TopDownExampleMap.umap
[2017.04.11-10.17.33:985][744]LogSavePackage: Save=98.04ms
[2017.04.11-10.17.33:985][744]LogSavePackage: Moving '../../../../../../Users/User/Documents/repos/AI2/Saved/TopDownExampleMap_BuiltData4403C2264A39ECA117CA3DA584845132.tmp' to '../../../../../../Users/User/Documents/repos/AI2/Content/TopDownBP/Maps/TopDownExampleMap_BuiltData.uasset'
[2017.04.11-10.17.33:986][744]LogSavePackage:Display: Finished SavePackage ../../../../../../Users/User/Documents/repos/AI2/Content/TopDownBP/Maps/TopDownExampleMap_BuiltData.uasset
[2017.04.11-10.39.56:704][107]BlueprintLog: New page: Compile RunAwayDecor
[2017.04.11-10.39.56:825][107]BlueprintEditorCompileResults: Info The execution path doesn't end with a return node.  Cast Failed
[2017.04.11-10.40.16:307][392]BlueprintLog: New page: Compile RunAwayDecor
[2017.04.11-10.40.16:421][392]BlueprintEditorCompileResults: Info The execution path doesn't end with a return node.  Cast Failed
[2017.04.11-10.40.42:302][608]LogFileHelpers: Editor autosave (incl. sublevels) for '/Game/TopDownBP/Maps/TopDownExampleMap' took 0.027
[2017.04.11-10.40.42:305][608]OBJ SavePackage: Generating thumbnails for [0] asset(s) in package [/Game/AI/Wanderer/RunAwayDecor] ([1] browsable assets)...
[2017.04.11-10.40.42:305][608]OBJ SavePackage: Finished generating thumbnails for package [/Game/AI/Wanderer/RunAwayDecor]
[2017.04.11-10.40.42:340][608]LogSavePackage: Save=14.96ms
[2017.04.11-10.40.42:340][608]LogSavePackage: Moving '../../../../../../Users/User/Documents/repos/AI2/Saved/RunAwayDecor_Auto13E7C5CDB49FB6E89C55794B93BB8B278.tmp' to '../../../../../../Users/User/Documents/repos/AI2/Saved/Autosaves/Game/AI/Wanderer/RunAwayDecor_Auto1.uasset'
[2017.04.11-10.40.42:341][608]LogSavePackage:Display: Finished SavePackage ../../../../../../Users/User/Documents/repos/AI2/Saved/Autosaves/Game/AI/Wanderer/RunAwayDecor_Auto1.uasset
[2017.04.11-10.40.42:341][608]LogFileHelpers: Auto-saving content packages took 0.038
[2017.04.11-10.44.13:510][326]BlueprintLog: New page: Compile RunAwayDecor
[2017.04.11-10.44.13:516][326]LogBlueprint:Error: [Compiler RunAwayDecor] Error Cannot order parameters ReturnValue in function PerformConditionCheck.
[2017.04.11-10.44.13:516][326]LogBlueprint:Error: [Compiler RunAwayDecor] Error Cannot override 'BTDecorator_BlueprintBase::PerformConditionCheck' at  Perform Condition Check  which was declared in a parent with a different signature
[2017.04.11-10.44.13:723][326]BlueprintEditorCompileResults:Error: Error Cannot order parameters ReturnValue in function PerformConditionCheck.
[2017.04.11-10.44.13:723][326]BlueprintEditorCompileResults:Error: Error Cannot override 'BTDecorator_BlueprintBase::PerformConditionCheck' at  Perform Condition Check  which was declared in a parent with a different signature
[2017.04.11-10.44.13:724][326]LogBlueprint:Warning: [Compiler RunAwayDecor] Warning [2058.92] Compile of RunAwayDecor failed. 2 Fatal Issue(s) 0 Warning(s) [in 213 ms] (/Game/AI/Wanderer/RunAwayDecor.RunAwayDecor)
[2017.04.11-10.46.03:120][158]BlueprintLog: New page: Compile RunAwayDecor
[2017.04.11-10.46.32:904][642]BlueprintLog: New page: Compile RunAwayDecor
[2017.04.11-10.46.33:392][683]Cmd: OBJ SAVEPACKAGE PACKAGE="/Game/AI/Wanderer/RunAwayDecor" FILE="../../../../../../Users/User/Documents/repos/AI2/Content/AI/Wanderer/RunAwayDecor.uasset" SILENT=true
[2017.04.11-10.46.33:424][683]LogSavePackage: Save=8.79ms
[2017.04.11-10.46.33:424][683]LogSavePackage: Moving '../../../../../../Users/User/Documents/repos/AI2/Saved/RunAwayDecor1DB604E64473CA99C993AB936C58FC53.tmp' to '../../../../../../Users/User/Documents/repos/AI2/Content/AI/Wanderer/RunAwayDecor.uasset'
[2017.04.11-10.46.33:429][683]LogSavePackage:Display: Finished SavePackage ../../../../../../Users/User/Documents/repos/AI2/Content/AI/Wanderer/RunAwayDecor.uasset
[2017.04.11-10.52.08:491][137]BlueprintLog: New page: Compile RunAwayDecor
[2017.04.11-10.52.08:500][137]LogBlueprint:Error: [Compiler RunAwayDecor] Error This blueprint (self) is not a BTTask_BlueprintBase, therefore ' Target ' must have a connection.
[2017.04.11-10.52.08:714][137]BlueprintEditorCompileResults:Error: Error This blueprint (self) is not a BTTask_BlueprintBase, therefore ' Target ' must have a connection.
[2017.04.11-10.52.08:714][137]LogBlueprint:Warning: [Compiler RunAwayDecor] Warning [2533.91] Compile of RunAwayDecor failed. 1 Fatal Issue(s) 0 Warning(s) [in 223 ms] (/Game/AI/Wanderer/RunAwayDecor.RunAwayDecor)
[2017.04.11-10.52.09:118][182]Cmd: OBJ SAVEPACKAGE PACKAGE="/Game/AI/Wanderer/RunAwayDecor" FILE="../../../../../../Users/User/Documents/repos/AI2/Content/AI/Wanderer/RunAwayDecor.uasset" SILENT=true
[2017.04.11-10.52.09:149][182]LogSavePackage: Save=16.29ms
[2017.04.11-10.52.09:149][182]LogSavePackage: Moving '../../../../../../Users/User/Documents/repos/AI2/Saved/RunAwayDecorA53A78FD461B06D89D16FFB9A13460C1.tmp' to '../../../../../../Users/User/Documents/repos/AI2/Content/AI/Wanderer/RunAwayDecor.uasset'
[2017.04.11-10.52.09:152][182]LogSavePackage:Display: Finished SavePackage ../../../../../../Users/User/Documents/repos/AI2/Content/AI/Wanderer/RunAwayDecor.uasset
[2017.04.11-10.54.04:163][485]BlueprintLog: New page: Compile RunAwayDecor
[2017.04.11-10.54.04:174][485]LogBlueprint:Error: [Compiler RunAwayDecor] Error This blueprint (self) is not a BTTask_BlueprintBase, therefore ' Target ' must have a connection.
[2017.04.11-10.54.04:383][485]BlueprintEditorCompileResults:Error: Error This blueprint (self) is not a BTTask_BlueprintBase, therefore ' Target ' must have a connection.
[2017.04.11-10.54.04:383][485]LogBlueprint:Warning: [Compiler RunAwayDecor] Warning [2649.58] Compile of RunAwayDecor failed. 1 Fatal Issue(s) 0 Warning(s) [in 220 ms] (/Game/AI/Wanderer/RunAwayDecor.RunAwayDecor)
[2017.04.11-10.54.10:390][198]BlueprintLog: New page: Compile RunAwayDecor
[2017.04.11-10.54.10:399][198]LogBlueprint:Error: [Compiler RunAwayDecor] Error This blueprint (self) is not a BTTask_BlueprintBase, therefore ' Target ' must have a connection.
[2017.04.11-10.54.10:607][198]BlueprintEditorCompileResults:Error: Error This blueprint (self) is not a BTTask_BlueprintBase, therefore ' Target ' must have a connection.
[2017.04.11-10.54.10:607][198]LogBlueprint:Warning: [Compiler RunAwayDecor] Warning [2655.80] Compile of RunAwayDecor failed. 1 Fatal Issue(s) 0 Warning(s) [in 217 ms] (/Game/AI/Wanderer/RunAwayDecor.RunAwayDecor)
[2017.04.11-10.54.11:604][308]LogFileHelpers: Editor autosave (incl. sublevels) for '/Game/TopDownBP/Maps/TopDownExampleMap' took 0.029
[2017.04.11-10.54.11:607][308]OBJ SavePackage: Generating thumbnails for [0] asset(s) in package [/Game/AI/Wanderer/RunAwayDecor] ([1] browsable assets)...
[2017.04.11-10.54.11:607][308]OBJ SavePackage: Finished generating thumbnails for package [/Game/AI/Wanderer/RunAwayDecor]
[2017.04.11-10.54.11:631][308]LogSavePackage: Save=14.40ms
[2017.04.11-10.54.11:631][308]LogSavePackage: Moving '../../../../../../Users/User/Documents/repos/AI2/Saved/RunAwayDecor_Auto2FAF9DC464002B4EA4089899FD8AA7473.tmp' to '../../../../../../Users/User/Documents/repos/AI2/Saved/Autosaves/Game/AI/Wanderer/RunAwayDecor_Auto2.uasset'
[2017.04.11-10.54.11:632][308]LogSavePackage:Display: Finished SavePackage ../../../../../../Users/User/Documents/repos/AI2/Saved/Autosaves/Game/AI/Wanderer/RunAwayDecor_Auto2.uasset
[2017.04.11-10.54.11:632][308]LogFileHelpers: Auto-saving content packages took 0.026
[2017.04.11-10.56.10:411][ 72]Cmd: OBJ SAVEPACKAGE PACKAGE="/Game/AI/Wanderer/RunAwayDecor" FILE="../../../../../../Users/User/Documents/repos/AI2/Content/AI/Wanderer/RunAwayDecor.uasset" SILENT=true
[2017.04.11-10.56.10:438][ 72]LogSavePackage: Save=15.04ms
[2017.04.11-10.56.10:438][ 72]LogSavePackage: Moving '../../../../../../Users/User/Documents/repos/AI2/Saved/RunAwayDecor5A63F47147BA5E3A76557794EBEEAC32.tmp' to '../../../../../../Users/User/Documents/repos/AI2/Content/AI/Wanderer/RunAwayDecor.uasset'
[2017.04.11-10.56.10:440][ 72]LogSavePackage:Display: Finished SavePackage ../../../../../../Users/User/Documents/repos/AI2/Content/AI/Wanderer/RunAwayDecor.uasset
[2017.04.11-11.01.08:128][702]BlueprintLog: New page: Compile RunAwayDecor
[2017.04.11-11.01.08:137][702]LogBlueprint:Error: [Compiler RunAwayDecor] Error This blueprint (self) is not a BTTask_BlueprintBase, therefore ' Target ' must have a connection.
[2017.04.11-11.01.08:350][702]BlueprintEditorCompileResults:Error: Error This blueprint (self) is not a BTTask_BlueprintBase, therefore ' Target ' must have a connection.
[2017.04.11-11.01.08:350][702]LogBlueprint:Warning: [Compiler RunAwayDecor] Warning [3073.55] Compile of RunAwayDecor failed. 1 Fatal Issue(s) 0 Warning(s) [in 221 ms] (/Game/AI/Wanderer/RunAwayDecor.RunAwayDecor)
[2017.04.11-11.01.10:522][957]Cmd: OBJ SAVEPACKAGE PACKAGE="/Game/AI/Wanderer/RunAwayDecor" FILE="../../../../../../Users/User/Documents/repos/AI2/Content/AI/Wanderer/RunAwayDecor.uasset" SILENT=true
[2017.04.11-11.01.10:553][957]LogSavePackage: Save=14.98ms
[2017.04.11-11.01.10:553][957]LogSavePackage: Moving '../../../../../../Users/User/Documents/repos/AI2/Saved/RunAwayDecor5EC616D743B599E011F45B8602A3940B.tmp' to '../../../../../../Users/User/Documents/repos/AI2/Content/AI/Wanderer/RunAwayDecor.uasset'
[2017.04.11-11.01.10:557][957]LogSavePackage:Display: Finished SavePackage ../../../../../../Users/User/Documents/repos/AI2/Content/AI/Wanderer/RunAwayDecor.uasset
[2017.04.11-11.01.49:455][446]LogEditorViewport: Clicking on Actor (LMB): BP_Wanderer_C (BP_Wanderer)
[2017.04.11-11.01.57:658][ 64]LogEditorViewport: Clicking on Actor (LMB): StaticMeshActor (Floor)
[2017.04.11-11.02.10:190][925]Cmd: OBJ SAVEPACKAGE PACKAGE="/Game/AI/Wanderer/BT_Wanderer" FILE="../../../../../../Users/User/Documents/repos/AI2/Content/AI/Wanderer/BT_Wanderer.uasset" SILENT=true
[2017.04.11-11.02.10:214][925]LogSavePackage: Save=9.45ms
[2017.04.11-11.02.10:214][925]LogSavePackage: Moving '../../../../../../Users/User/Documents/repos/AI2/Saved/BT_Wanderer01E79B7E4BF1285C7DE5FBA756F39DE6.tmp' to '../../../../../../Users/User/Documents/repos/AI2/Content/AI/Wanderer/BT_Wanderer.uasset'
[2017.04.11-11.02.10:217][925]LogSavePackage:Display: Finished SavePackage ../../../../../../Users/User/Documents/repos/AI2/Content/AI/Wanderer/BT_Wanderer.uasset
[2017.04.11-11.02.10:606][926]Cmd: QUIT_EDITOR
[2017.04.11-11.02.11:421][926]LogWindowsTextInputMethodSystem:Display: IME system now deactivated.
[2017.04.11-11.02.11:451][926]LogExit: Preparing to exit.
[2017.04.11-11.02.12:059][926]LogDirectoryWatcher: A directory notification for 'C:/Users/User/Documents/repos/AI2/Content/' was aborted.
[2017.04.11-11.02.12:195][926]LogExit: Editor shut down
[2017.04.11-11.02.12:197][926]LogExit: Transaction tracking system shut down
[2017.04.11-11.02.12:432][926]LogObj: Freed 0b from 0 cluster array pools.
[2017.04.11-11.02.12:432][926]LogExit: Object subsystem successfully closed.
[2017.04.11-11.02.12:467][926]LogD3D11RHI: Shutdown
[2017.04.11-11.02.12:467][926]LogD3D11RHI: CleanupD3DDevice
[2017.04.11-11.02.12:624][926]LogD3D11RHI: ~FD3D11DynamicRHI
[2017.04.11-11.02.12:657][926]LogModuleManager: Shutting down and abandoning module MovieSceneCapture (502)
[2017.04.11-11.02.12:657][926]LogModuleManager: Shutting down and abandoning module BlueprintGraph (500)
[2017.04.11-11.02.12:657][926]LogModuleManager: Shutting down and abandoning module BlueprintProfiler (498)
[2017.04.11-11.02.12:658][926]LogModuleManager: Shutting down and abandoning module HierarchicalLODOutliner (496)
[2017.04.11-11.02.12:659][926]LogModuleManager: Shutting down and abandoning module CrashTracker (494)
[2017.04.11-11.02.12:659][926]LogModuleManager: Shutting down and abandoning module SceneOutliner (492)
[2017.04.11-11.02.12:659][926]LogModuleManager: Shutting down and abandoning module AddContentDialog (490)
[2017.04.11-11.02.12:659][926]LogDirectoryWatcher: A directory notification for 'C:/Program Files/Epic Games/UE_4.15/FeaturePacks/' was aborted.
[2017.04.11-11.02.12:671][926]LogModuleManager: Shutting down and abandoning module WidgetCarousel (489)
[2017.04.11-11.02.12:671][926]LogModuleManager: Shutting down and abandoning module EditorWidgets (486)
[2017.04.11-11.02.12:671][926]LogModuleManager: Shutting down and abandoning module CollectionManager (484)
[2017.04.11-11.02.12:673][926]LogDirectoryWatcher: A directory notification for 'C:/Users/User/Documents/repos/AI2/Content/Collections/' was aborted.
[2017.04.11-11.02.12:673][926]LogDirectoryWatcher: A directory notification for 'C:/Users/User/Documents/repos/AI2/Content/Developers/User/Collections/' was aborted.
[2017.04.11-11.02.12:673][926]LogDirectoryWatcher: A directory notification for 'C:/Users/User/Documents/repos/AI2/Saved/Collections/' was aborted.
[2017.04.11-11.02.12:673][926]LogModuleManager: Shutting down and abandoning module StatsViewer (482)
[2017.04.11-11.02.12:673][926]LogModuleManager: Shutting down and abandoning module FoliageEdit (480)
[2017.04.11-11.02.12:673][926]LogModuleManager: Shutting down and abandoning module LandscapeEditor (478)
[2017.04.11-11.02.12:674][926]LogModuleManager: Shutting down and abandoning module SceneDepthPickerMode (476)
[2017.04.11-11.02.12:674][926]LogModuleManager: Shutting down and abandoning module ActorPickerMode (474)
[2017.04.11-11.02.12:674][926]LogModuleManager: Shutting down and abandoning module GeometryMode (472)
[2017.04.11-11.02.12:674][926]LogModuleManager: Shutting down and abandoning module TextureAlignMode (470)
[2017.04.11-11.02.12:674][926]LogModuleManager: Shutting down and abandoning module BspMode (468)
[2017.04.11-11.02.12:676][926]LogModuleManager: Shutting down and abandoning module HardwareSurvey (466)
[2017.04.11-11.02.12:676][926]LogModuleManager: Shutting down and abandoning module SequenceRecorderSections (464)
[2017.04.11-11.02.12:676][926]LogModuleManager: Shutting down and abandoning module AutomationWorker (462)
[2017.04.11-11.02.12:676][926]LogModuleManager: Shutting down and abandoning module MatineeToLevelSequence (460)
[2017.04.11-11.02.12:676][926]LogModuleManager: Shutting down and abandoning module LevelSequenceEditor (458)
[2017.04.11-11.02.12:680][926]LogModuleManager: Shutting down and abandoning module PlacementMode (457)
[2017.04.11-11.02.12:680][926]LogModuleManager: Shutting down and abandoning module WmfMediaFactory (454)
[2017.04.11-11.02.12:680][926]LogModuleManager: Shutting down and abandoning module WmfMediaEditor (452)
[2017.04.11-11.02.12:680][926]LogModuleManager: Shutting down and abandoning module MfMediaFactory (450)
[2017.04.11-11.02.12:680][926]LogModuleManager: Shutting down and abandoning module MfMediaEditor (448)
[2017.04.11-11.02.12:680][926]LogModuleManager: Shutting down and abandoning module AvfMediaFactory (446)
[2017.04.11-11.02.12:680][926]LogModuleManager: Shutting down and abandoning module AvfMediaEditor (444)
[2017.04.11-11.02.12:680][926]LogModuleManager: Shutting down and abandoning module AndroidMediaFactory (442)
[2017.04.11-11.02.12:680][926]LogModuleManager: Shutting down and abandoning module Media (441)
[2017.04.11-11.02.12:680][926]LogModuleManager: Shutting down and abandoning module AndroidMediaEditor (438)
[2017.04.11-11.02.12:680][926]LogModuleManager: Shutting down and abandoning module CharacterAI (436)
[2017.04.11-11.02.12:680][926]LogModuleManager: Shutting down and abandoning module AudioCapture (434)
[2017.04.11-11.02.12:680][926]LogModuleManager: Shutting down and abandoning module SequenceRecorder (433)
[2017.04.11-11.02.12:681][926]LogModuleManager: Shutting down and abandoning module SmartSnapping (430)
[2017.04.11-11.02.12:681][926]LogModuleManager: Shutting down and abandoning module SessionServices (428)
[2017.04.11-11.02.12:681][926]LogModuleManager: Shutting down and abandoning module ViewportSnapping (426)
[2017.04.11-11.02.12:681][926]LogModuleManager: Shutting down and abandoning module ViewportInteraction (424)
[2017.04.11-11.02.12:681][926]LogModuleManager: Shutting down and abandoning module LogVisualizer (422)
[2017.04.11-11.02.12:682][926]LogModuleManager: Shutting down and abandoning module IntroTutorials (420)
[2017.04.11-11.02.12:683][926]LogModuleManager: Shutting down and abandoning module GameProjectGeneration (419)
[2017.04.11-11.02.12:684][926]LogModuleManager: Shutting down and abandoning module EditorLiveStreaming (416)
[2017.04.11-11.02.12:684][926]LogModuleManager: Shutting down and abandoning module IOSPlatformEditor (414)
[2017.04.11-11.02.12:684][926]LogModuleManager: Shutting down and abandoning module HTML5PlatformEditor (412)
[2017.04.11-11.02.12:684][926]LogModuleManager: Shutting down and abandoning module AndroidPlatformEditor (410)
[2017.04.11-11.02.12:684][926]LogModuleManager: Shutting down and abandoning module AndroidDeviceDetection (409)
[2017.04.11-11.02.13:537][926]LogModuleManager: Shutting down and abandoning module IOSRuntimeSettings (406)
[2017.04.11-11.02.13:537][926]LogModuleManager: Shutting down and abandoning module AndroidRuntimeSettings (404)
[2017.04.11-11.02.13:537][926]LogModuleManager: Shutting down and abandoning module InputBindingEditor (402)
[2017.04.11-11.02.13:538][926]LogModuleManager: Shutting down and abandoning module NiagaraEditor (400)
[2017.04.11-11.02.13:540][926]LogModuleManager: Shutting down and abandoning module MergeActors (398)
[2017.04.11-11.02.13:541][926]LogModuleManager: Shutting down and abandoning module SizeMap (396)
[2017.04.11-11.02.13:541][926]LogModuleManager: Shutting down and abandoning module TreeMap (394)
[2017.04.11-11.02.13:542][926]LogModuleManager: Shutting down and abandoning module ReferenceViewer (392)
[2017.04.11-11.02.13:542][926]LogModuleManager: Shutting down and abandoning module LocalizationDashboard (390)
[2017.04.11-11.02.13:543][926]LogModuleManager: Shutting down and abandoning module LocalizationService (389)
[2017.04.11-11.02.13:543][926]LogModuleManager: Shutting down and abandoning module HardwareTargeting (386)
[2017.04.11-11.02.13:544][926]LogModuleManager: Shutting down and abandoning module DeviceProfileEditor (384)
[2017.04.11-11.02.13:544][926]LogModuleManager: Shutting down and abandoning module UndoHistory (382)
[2017.04.11-11.02.13:545][926]LogModuleManager: Shutting down and abandoning module UserFeedback (380)
[2017.04.11-11.02.13:545][926]LogModuleManager: Shutting down and abandoning module XmlParser (378)
[2017.04.11-11.02.13:545][926]LogModuleManager: Shutting down and abandoning module Blutility (376)
[2017.04.11-11.02.13:545][926]LogModuleManager: Shutting down and abandoning module ProjectSettingsViewer (374)
[2017.04.11-11.02.13:545][926]LogModuleManager: Shutting down and abandoning module ProjectTargetPlatformEditor (373)
[2017.04.11-11.02.13:546][926]LogModuleManager: Shutting down and abandoning module EditorSettingsViewer (370)
[2017.04.11-11.02.13:546][926]LogModuleManager: Shutting down and abandoning module SettingsEditor (368)
[2017.04.11-11.02.13:547][926]LogModuleManager: Shutting down and abandoning module ProjectLauncher (366)
[2017.04.11-11.02.13:547][926]LogModuleManager: Shutting down and abandoning module SessionFrontend (364)
[2017.04.11-11.02.13:548][926]LogModuleManager: Shutting down and abandoning module ProfilerClient (362)
[2017.04.11-11.02.13:549][926]LogModuleManager: Shutting down and abandoning module DeviceManager (360)
[2017.04.11-11.02.13:550][926]LogModuleManager: Shutting down and abandoning module TargetDeviceServices (359)
[2017.04.11-11.02.13:603][926]LogModuleManager: Shutting down and abandoning module AutomationController (356)
[2017.04.11-11.02.13:608][926]LogModuleManager: Shutting down and abandoning module AutomationWindow (354)
[2017.04.11-11.02.13:609][926]LogModuleManager: Shutting down and abandoning module Layers (352)
[2017.04.11-11.02.13:610][926]LogModuleManager: Shutting down and abandoning module ComponentVisualizers (350)
[2017.04.11-11.02.13:610][926]LogModuleManager: Shutting down and abandoning module DetailCustomizations (348)
[2017.04.11-11.02.13:611][926]LogModuleManager: Shutting down and abandoning module PackagesDialog (346)
[2017.04.11-11.02.13:611][926]LogModuleManager: Shutting down and abandoning module Persona (344)
[2017.04.11-11.02.13:612][926]LogModuleManager: Shutting down and abandoning module AnimGraph (343)
[2017.04.11-11.02.13:612][926]LogModuleManager: Shutting down and abandoning module Kismet (340)
[2017.04.11-11.02.13:625][926]LogModuleManager: Shutting down and abandoning module GraphEditor (338)
[2017.04.11-11.02.13:625][926]LogModuleManager: Shutting down and abandoning module ClassViewer (336)
[2017.04.11-11.02.13:630][926]LogModuleManager: Shutting down and abandoning module Toolbox (334)
[2017.04.11-11.02.13:630][926]LogModuleManager: Shutting down and abandoning module ModuleUI (332)
[2017.04.11-11.02.13:631][926]LogModuleManager: Shutting down and abandoning module MovieSceneTools (330)
[2017.04.11-11.02.13:631][926]LogModuleManager: Shutting down and abandoning module OutputLog (328)
[2017.04.11-11.02.13:632][926]LogModuleManager: Shutting down and abandoning module GammaUI (326)
[2017.04.11-11.02.13:632][926]LogModuleManager: Shutting down and abandoning module Documentation (324)
[2017.04.11-11.02.13:632][926]LogModuleManager: Shutting down and abandoning module Niagara (322)
[2017.04.11-11.02.13:632][926]LogModuleManager: Shutting down and abandoning module StreamingPauseRendering (320)
[2017.04.11-11.02.13:632][926]LogModuleManager: Shutting down and abandoning module AnalyticsET (318)
[2017.04.11-11.02.13:632][926]LogModuleManager: Shutting down and abandoning module PortalServices (316)
[2017.04.11-11.02.13:632][926]LogModuleManager: Shutting down and abandoning module PortalRpc (314)
[2017.04.11-11.02.13:632][926]LogModuleManager: Shutting down and abandoning module MessagingRpc (312)
[2017.04.11-11.02.13:632][926]LogModuleManager: Shutting down and abandoning module AIModule (310)
[2017.04.11-11.02.13:632][926]LogModuleManager: Shutting down and abandoning module GameplayDebugger (309)
[2017.04.11-11.02.13:632][926]LogModuleManager: Shutting down and abandoning module AITestSuite (307)
[2017.04.11-11.02.13:632][926]LogModuleManager: Shutting down and abandoning module ProfilerService (304)
[2017.04.11-11.02.13:648][926]LogModuleManager: Shutting down and abandoning module TaskGraph (302)
[2017.04.11-11.02.13:650][926]LogModuleManager: Shutting down and abandoning module SteamVRController (300)
[2017.04.11-11.02.13:650][926]LogModuleManager: Shutting down and abandoning module SteamVR (298)
[2017.04.11-11.02.13:650][926]LogModuleManager: Shutting down and abandoning module ProceduralMeshComponentEditor (296)
[2017.04.11-11.02.13:650][926]LogModuleManager: Shutting down and abandoning module ProceduralMeshComponent (294)
[2017.04.11-11.02.13:650][926]LogModuleManager: Shutting down and abandoning module OculusLibrary (292)
[2017.04.11-11.02.13:650][926]LogModuleManager: Shutting down and abandoning module OculusInput (290)
[2017.04.11-11.02.13:650][926]LogModuleManager: Shutting down and abandoning module MobilePatchingUtils (288)
[2017.04.11-11.02.13:650][926]LogModuleManager: Shutting down and abandoning module CustomMeshComponent (286)
[2017.04.11-11.02.13:650][926]LogModuleManager: Shutting down and abandoning module CableComponent (284)
[2017.04.11-11.02.13:650][926]LogModuleManager: Shutting down and abandoning module ArchVisCharacter (282)
[2017.04.11-11.02.13:650][926]LogModuleManager: Shutting down and abandoning module MediaPlayerEditor (278)
[2017.04.11-11.02.13:653][926]LogModuleManager: Shutting down and abandoning module HTML5Networking (276)
[2017.04.11-11.02.13:653][926]LogModuleManager: Shutting down and abandoning module AlembicImporter (274)
[2017.04.11-11.02.13:653][926]LogModuleManager: Shutting down and abandoning module AlembicLibrary (273)
[2017.04.11-11.02.13:653][926]LogModuleManager: Shutting down and abandoning module GeometryCache (272)
[2017.04.11-11.02.13:653][926]LogModuleManager: Shutting down and abandoning module GeometryCacheEd (271)
[2017.04.11-11.02.13:653][926]LogModuleManager: Shutting down and abandoning module SuperSearchEditor (266)
[2017.04.11-11.02.13:653][926]LogModuleManager: Shutting down and abandoning module SuperSearch (265)
[2017.04.11-11.02.13:653][926]LogModuleManager: Shutting down and abandoning module SpeedTreeImporter (262)
[2017.04.11-11.02.13:653][926]LogModuleManager: Shutting down and abandoning module PluginBrowser (260)
[2017.04.11-11.02.13:655][926]LogModuleManager: Shutting down and abandoning module MobileLauncherProfileWizard (258)
[2017.04.11-11.02.13:656][926]LogModuleManager: Shutting down and abandoning module EpicSurvey (256)
[2017.04.11-11.02.13:656][926]LogModuleManager: Shutting down and abandoning module VisualStudioSourceCodeAccess (254)
[2017.04.11-11.02.13:656][926]LogModuleManager: Shutting down and abandoning module DesktopPlatform (253)
[2017.04.11-11.02.13:656][926]LogModuleManager: Shutting down and abandoning module UObjectPlugin (250)
[2017.04.11-11.02.13:656][926]LogModuleManager: Shutting down and abandoning module SubversionSourceControl (248)
[2017.04.11-11.02.13:656][926]LogModuleManager: Shutting down and abandoning module PerforceSourceControl (246)
[2017.04.11-11.02.13:657][926]LogModuleManager: Shutting down and abandoning module GitSourceControl (244)
[2017.04.11-11.02.13:658][926]LogModuleManager: Shutting down and abandoning module SourceControl (243)
[2017.04.11-11.02.13:658][926]LogModuleManager: Shutting down and abandoning module LightPropagationVolumeEditor (240)
[2017.04.11-11.02.13:658][926]LogModuleManager: Shutting down and abandoning module PaperTiledImporter (238)
[2017.04.11-11.02.13:658][926]LogModuleManager: Shutting down and abandoning module PaperSpriteSheetImporter (236)
[2017.04.11-11.02.13:658][926]LogModuleManager: Shutting down and abandoning module Paper2DEditor (234)
[2017.04.11-11.02.13:659][926]LogModuleManager: Shutting down and abandoning module MeshPaint (233)
[2017.04.11-11.02.13:659][926]LogModuleManager: Shutting down and abandoning module LevelEditor (231)
[2017.04.11-11.02.13:661][926]LogModuleManager: Shutting down and abandoning module PixelInspectorModule (230)
[2017.04.11-11.02.13:662][926]LogModuleManager: Shutting down and abandoning module MainFrame (228)
[2017.04.11-11.02.13:662][926]LogModuleManager: Shutting down and abandoning module HotReload (227)
[2017.04.11-11.02.13:663][926]LogModuleManager: Shutting down and abandoning module ContentBrowser (223)
[2017.04.11-11.02.13:666][926]LogModuleManager: Shutting down and abandoning module PhysXVehiclesEditor (220)
[2017.04.11-11.02.13:666][926]LogModuleManager: Shutting down and abandoning module PhysXVehicles (218)
[2017.04.11-11.02.13:666][926]LogModuleManager: Shutting down and abandoning module LocationServicesBPLibrary (216)
[2017.04.11-11.02.13:666][926]LogModuleManager: Shutting down and abandoning module UdpMessaging (214)
[2017.04.11-11.02.13:767][926]LogModuleManager: Shutting down and abandoning module TcpMessaging (212)
[2017.04.11-11.02.13:867][926]LogModuleManager: Shutting down and abandoning module GameplayTagsEditor (210)
[2017.04.11-11.02.13:868][926]LogModuleManager: Shutting down and abandoning module FacialAnimationEditor (208)
[2017.04.11-11.02.13:868][926]LogModuleManager: Shutting down and abandoning module FacialAnimation (206)
[2017.04.11-11.02.13:868][926]LogModuleManager: Shutting down and abandoning module LightPropagationVolumeRuntime (204)
[2017.04.11-11.02.13:868][926]LogModuleManager: Shutting down and abandoning module Paper2D (202)
[2017.04.11-11.02.13:869][926]LogModuleManager: Shutting down and abandoning module WindowsMoviePlayer (200)
[2017.04.11-11.02.13:869][926]LogModuleManager: Shutting down and abandoning module WmfMedia (198)
[2017.04.11-11.02.13:869][926]LogModuleManager: Shutting down and abandoning module MfMedia (196)
[2017.04.11-11.02.13:869][926]LogModuleManager: Shutting down and abandoning module MediaAssets (194)
[2017.04.11-11.02.13:869][926]LogModuleManager: Shutting down and abandoning module GameLiveStreaming (192)
[2017.04.11-11.02.13:869][926]LogModuleManager: Shutting down and abandoning module VREditor (190)
[2017.04.11-11.02.13:869][926]LogModuleManager: Shutting down and abandoning module GameplayTasksEditor (188)
[2017.04.11-11.02.13:869][926]LogModuleManager: Shutting down and abandoning module BehaviorTreeEditor (186)
[2017.04.11-11.02.13:869][926]LogModuleManager: Shutting down and abandoning module FunctionalTesting (184)
[2017.04.11-11.02.13:869][926]LogModuleManager: Shutting down and abandoning module CollisionAnalyzer (182)
[2017.04.11-11.02.13:870][926]LogModuleManager: Shutting down and abandoning module UMG (180)
[2017.04.11-11.02.13:871][926]LogModuleManager: Shutting down and abandoning module UMGEditor (179)
[2017.04.11-11.02.13:873][926]LogModuleManager: Shutting down and abandoning module Sequencer (178)
[2017.04.11-11.02.13:875][926]LogModuleManager: Shutting down and abandoning module AssetTools (176)
[2017.04.11-11.02.13:877][926]LogModuleManager: Shutting down and abandoning module MessageLog (175)
[2017.04.11-11.02.13:877][926]LogModuleManager: Shutting down and abandoning module WorkspaceMenuStructure (174)
[2017.04.11-11.02.13:877][926]LogModuleManager: Shutting down and abandoning module SlateReflector (168)
[2017.04.11-11.02.13:879][926]LogModuleManager: Shutting down and abandoning module Slate (166)
[2017.04.11-11.02.13:879][926]LogModuleManager: Shutting down and abandoning module EditorStyle (164)
[2017.04.11-11.02.13:882][926]LogModuleManager: Shutting down and abandoning module SourceCodeAccess (162)
[2017.04.11-11.02.13:883][926]LogModuleManager: Shutting down and abandoning module HeadMountedDisplay (160)
[2017.04.11-11.02.13:883][926]LogModuleManager: Shutting down and abandoning module XAudio2 (158)
[2017.04.11-11.02.13:883][926]LogModuleManager: Shutting down and abandoning module Networking (156)
[2017.04.11-11.02.13:883][926]LogModuleManager: Shutting down and abandoning module Core (152)
[2017.04.11-11.02.13:883][926]LogModuleManager: Shutting down and abandoning module AssetRegistry (150)
[2017.04.11-11.02.14:071][926]LogDirectoryWatcher: A directory notification for '../../../Engine/Content/' was aborted.
[2017.04.11-11.02.14:071][926]LogDirectoryWatcher: A directory notification for '../../../../../../Users/User/Documents/repos/AI2/Content/' was aborted.
[2017.04.11-11.02.14:071][926]LogDirectoryWatcher: A directory notification for '../../../Engine/Plugins/2D/Paper2D/Content/' was aborted.
[2017.04.11-11.02.14:073][926]LogModuleManager: Shutting down and abandoning module DirectoryWatcher (149)
[2017.04.11-11.02.14:077][926]LogModuleManager: Shutting down and abandoning module KismetCompiler (146)
[2017.04.11-11.02.14:077][926]LogModuleManager: Shutting down and abandoning module PhysXFormats (144)
[2017.04.11-11.02.14:077][926]LogModuleManager: Shutting down and abandoning module MeshUtilities (142)
[2017.04.11-11.02.14:077][926]LogModuleManager: Shutting down and abandoning module SimplygonSwarm (141)
[2017.04.11-11.02.14:078][926]LogModuleManager: Shutting down and abandoning module SimplygonMeshReduction (139)
[2017.04.11-11.02.14:078][926]LogModuleManager: Shutting down and abandoning module QuadricMeshReduction (137)
[2017.04.11-11.02.14:078][926]LogModuleManager: Shutting down and abandoning module PropertyEditor (135)
[2017.04.11-11.02.14:078][926]LogModuleManager: Shutting down and abandoning module DerivedDataCache (132)
[2017.04.11-11.02.14:127][926]LogDerivedDataCache: Shutdown
[2017.04.11-11.02.14:127][926]LogModuleManager: Shutting down and abandoning module TargetPlatform (130)
[2017.04.11-11.02.14:127][926]LogModuleManager: Shutting down and abandoning module VulkanShaderFormat (129)
[2017.04.11-11.02.14:128][926]LogModuleManager: Shutting down and abandoning module ShaderFormatOpenGL (127)
[2017.04.11-11.02.14:128][926]LogModuleManager: Shutting down and abandoning module ShaderFormatD3D (125)
[2017.04.11-11.02.14:129][926]LogModuleManager: Shutting down and abandoning module MetalShaderFormat (123)
[2017.04.11-11.02.14:129][926]LogModuleManager: Shutting down and abandoning module TextureFormatUncompressed (121)
[2017.04.11-11.02.14:129][926]LogModuleManager: Shutting down and abandoning module TextureFormatPVR (119)
[2017.04.11-11.02.14:129][926]LogModuleManager: Shutting down and abandoning module TextureFormatDXT (117)
[2017.04.11-11.02.14:129][926]LogModuleManager: Shutting down and abandoning module TextureFormatIntelISPCTexComp (115)
[2017.04.11-11.02.14:130][926]LogModuleManager: Shutting down and abandoning module TextureFormatASTC (113)
[2017.04.11-11.02.14:130][926]LogModuleManager: Shutting down and abandoning module ImageWrapper (112)
[2017.04.11-11.02.14:130][926]LogModuleManager: Shutting down and abandoning module TextureFormatAndroid (109)
[2017.04.11-11.02.14:130][926]LogModuleManager: Shutting down and abandoning module AudioFormatOpus (107)
[2017.04.11-11.02.14:130][926]LogModuleManager: Shutting down and abandoning module AudioFormatOgg (105)
[2017.04.11-11.02.14:130][926]LogModuleManager: Shutting down and abandoning module AudioFormatADPCM (103)
[2017.04.11-11.02.14:130][926]LogModuleManager: Shutting down and abandoning module LinuxTargetPlatform (101)
[2017.04.11-11.02.14:130][926]LogModuleManager: Shutting down and abandoning module LinuxServerTargetPlatform (99)
[2017.04.11-11.02.14:130][926]LogModuleManager: Shutting down and abandoning module LinuxNoEditorTargetPlatform (97)
[2017.04.11-11.02.14:130][926]LogModuleManager: Shutting down and abandoning module LinuxClientTargetPlatform (95)
[2017.04.11-11.02.14:130][926]LogModuleManager: Shutting down and abandoning module TVOSTargetPlatform (93)
[2017.04.11-11.02.14:130][926]LogModuleManager: Shutting down and abandoning module Messaging (91)
[2017.04.11-11.02.14:130][926]LogModuleManager: Shutting down and abandoning module IOSTargetPlatform (89)
[2017.04.11-11.02.14:130][926]LogModuleManager: Shutting down and abandoning module HTML5TargetPlatform (87)
[2017.04.11-11.02.14:130][926]LogModuleManager: Shutting down and abandoning module Android_PVRTCTargetPlatform (85)
[2017.04.11-11.02.14:130][926]LogModuleManager: Shutting down and abandoning module Android_MultiTargetPlatform (83)
[2017.04.11-11.02.14:130][926]LogModuleManager: Shutting down and abandoning module Android_ETC2TargetPlatform (81)
[2017.04.11-11.02.14:130][926]LogModuleManager: Shutting down and abandoning module Android_ETC1TargetPlatform (79)
[2017.04.11-11.02.14:130][926]LogModuleManager: Shutting down and abandoning module Android_DXTTargetPlatform (77)
[2017.04.11-11.02.14:130][926]LogModuleManager: Shutting down and abandoning module Android_ATCTargetPlatform (75)
[2017.04.11-11.02.14:130][926]LogModuleManager: Shutting down and abandoning module Android_ASTCTargetPlatform (73)
[2017.04.11-11.02.14:130][926]LogModuleManager: Shutting down and abandoning module AndroidTargetPlatform (71)
[2017.04.11-11.02.14:130][926]LogModuleManager: Shutting down and abandoning module WindowsTargetPlatform (69)
[2017.04.11-11.02.14:130][926]LogModuleManager: Shutting down and abandoning module WindowsServerTargetPlatform (67)
[2017.04.11-11.02.14:130][926]LogModuleManager: Shutting down and abandoning module WindowsNoEditorTargetPlatform (65)
[2017.04.11-11.02.14:131][926]LogModuleManager: Shutting down and abandoning module WindowsClientTargetPlatform (63)
[2017.04.11-11.02.14:131][926]LogModuleManager: Shutting down and abandoning module MacTargetPlatform (61)
[2017.04.11-11.02.14:131][926]LogModuleManager: Shutting down and abandoning module MacServerTargetPlatform (59)
[2017.04.11-11.02.14:131][926]LogModuleManager: Shutting down and abandoning module MacNoEditorTargetPlatform (57)
[2017.04.11-11.02.14:131][926]LogModuleManager: Shutting down and abandoning module MacClientTargetPlatform (55)
[2017.04.11-11.02.14:131][926]LogModuleManager: Shutting down and abandoning module AllDesktopTargetPlatform (53)
[2017.04.11-11.02.14:131][926]LogModuleManager: Shutting down and abandoning module InputCore (50)
[2017.04.11-11.02.14:131][926]LogModuleManager: Shutting down and abandoning module Settings (48)
[2017.04.11-11.02.14:131][926]LogModuleManager: Shutting down and abandoning module OculusRift (46)
[2017.04.11-11.02.14:131][926]LogModuleManager: Shutting down and abandoning module ExampleDeviceProfileSelector (44)
[2017.04.11-11.02.14:131][926]LogModuleManager: Shutting down and abandoning module OnlineBlueprintSupport (42)
[2017.04.11-11.02.14:131][926]LogModuleManager: Shutting down and abandoning module OnlineSubsystem (38)
[2017.04.11-11.02.14:131][926]LogOnline:Display: Unloading online subsystem: NULL
[2017.04.11-11.02.14:132][926]LogModuleManager: Shutting down and abandoning module XMPP (37)
[2017.04.11-11.02.14:133][926]LogModuleManager: Shutting down and abandoning module HTTP (35)
[2017.04.11-11.02.14:133][926]LogHttp:Display: Http module shutting down, but needs to wait on 2 outstanding Http requests:
[2017.04.11-11.02.14:133][926]LogHttp:Display: 	verb=[POST] url=[https://datarouter.ol.epicgames.com/datarouter/api/v1/public/data?SessionID=%7BEBF508FE-4A71-E2D8-E869-3F90BC82AB11%7D&AppID=UEEditor.Rocket.Release&AppVersion=4.15.0-3299760%2B%2B%2BUE4%2BRelease-4.15&UserID=5e7d6ca74690510ca46c909825d52de5%7Cd6a339825f2e49b5942ba366a5857e29%7C0177c4a1-aeeb-4aec-8485-bd60c2a35847&AppEnvironment=datacollector-binary&UploadType=eteventstream] status=Processing
[2017.04.11-11.02.14:133][926]LogHttp:Display: 	verb=[POST] url=[https://datarouter.ol.epicgames.com/datarouter/api/v1/public/data?SessionID=%7BEBF508FE-4A71-E2D8-E869-3F90BC82AB11%7D&AppID=UEEditor.Rocket.Release&AppVersion=4.15.0-3299760%2B%2B%2BUE4%2BRelease-4.15&UserID=5e7d6ca74690510ca46c909825d52de5%7Cd6a339825f2e49b5942ba366a5857e29%7C0177c4a1-aeeb-4aec-8485-bd60c2a35847&AppEnvironment=datacollector-binary&UploadType=eteventstream] status=Processing
[2017.04.11-11.02.14:150][926]LogModuleManager: Shutting down and abandoning module SSL (34)
[2017.04.11-11.02.14:151][926]LogModuleManager: Shutting down and abandoning module AudioEditor (30)
[2017.04.11-11.02.14:152][926]LogModuleManager: Shutting down and abandoning module TextureCompressor (28)
[2017.04.11-11.02.14:152][926]LogModuleManager: Shutting down and abandoning module ShaderCore (26)
[2017.04.11-11.02.14:152][926]LogModuleManager: Shutting down and abandoning module Landscape (24)
[2017.04.11-11.02.14:152][926]LogModuleManager: Shutting down and abandoning module SlateRHIRenderer (22)
[2017.04.11-11.02.14:172][926]LogModuleManager: Shutting down and abandoning module OpenGLDrv (20)
[2017.04.11-11.02.14:172][926]LogModuleManager: Shutting down and abandoning module D3D11RHI (18)
[2017.04.11-11.02.14:172][926]LogModuleManager: Shutting down and abandoning module AnimGraphRuntime (16)
[2017.04.11-11.02.14:173][926]LogModuleManager: Shutting down and abandoning module Renderer (14)
[2017.04.11-11.02.14:173][926]LogModuleManager: Shutting down and abandoning module Engine (12)
[2017.04.11-11.02.14:173][926]LogModuleManager: Shutting down and abandoning module CoreUObject (10)
[2017.04.11-11.02.14:173][926]LogModuleManager: Shutting down and abandoning module NetworkFile (8)
[2017.04.11-11.02.14:173][926]LogModuleManager: Shutting down and abandoning module StreamingFile (6)
[2017.04.11-11.02.14:173][926]LogModuleManager: Shutting down and abandoning module SandboxFile (4)
[2017.04.11-11.02.14:173][926]LogModuleManager: Shutting down and abandoning module PakFile (2)
[2017.04.11-11.02.14:178][926]LogExit: Exiting.
[2017.04.11-11.02.14:186][926]Log file closed, 04/11/17 14:02:14
